/Users/geniustarigan/Library/Python/3.9/lib/python/site-packages/urllib3/__init__.py:35: NotOpenSSLWarning: urllib3 v2 only supports OpenSSL 1.1.1+, currently the 'ssl' module is compiled with 'LibreSSL 2.8.3'. See: https://github.com/urllib3/urllib3/issues/3020
  warnings.warn(
[PEC-DEBUG] __init__: signals_master_path = /Users/geniustarigan/.openclaw/workspace/COMPLETE_SIGNALS.jsonl
[2026-06-18 14:52:56] [START] PEC Persistent Executor started
[2026-06-18 14:52:56] [START] Workspace: /Users/geniustarigan/.openclaw/workspace
[2026-06-18 14:52:56] [START] Update interval: 300s (5 minutes)
[2026-06-18 14:52:56] [START] Source: /Users/geniustarigan/.openclaw/workspace/COMPLETE_SIGNALS.jsonl
[2026-06-18 14:52:56] [START] Stop with: pkill -f pec_executor_persistent.py
[2026-06-18 14:52:56] [INFO] Running update cycle...
[PEC-DEBUG] Reading from: /Users/geniustarigan/.openclaw/workspace/COMPLETE_SIGNALS.jsonl
[PEC-DEBUG] Loaded 1021 total signals from file
[PEC-DEBUG] Processing 1021 total records, checking OPEN signals...
[PEC-TIMEOUT-HIT] TUT-USDT 1h: 5 bars >= 5 max, actual_timeout=2026-06-18T07:20:36.381528 [CHAMPION]
[PEC-TIMEOUT-HIT] ATOM-USDT 1h: 5 bars >= 5 max, actual_timeout=2026-06-18T07:33:30.878268 [CHAMPION]
[PEC-TIMEOUT-HIT] XLM-USDT 4h: 1 bars >= 1 max, actual_timeout=2026-06-18T07:12:13.659038 [CHALLENGER]
[PEC-TIMEOUT-HIT] ROAM-USDT 2h: 4 bars >= 4 max, actual_timeout=2026-06-18T07:13:38.429130 [CHAMPION]
[PEC-TIMEOUT-HIT] ATOM-USDT 2h: 4 bars >= 4 max, actual_timeout=2026-06-18T07:16:12.931581 [CHAMPION]
[PEC-TIMEOUT-HIT] PORTAL-USDT 4h: 1 bars >= 1 max, actual_timeout=2026-06-18T07:19:46.378185 [CHALLENGER]
[PEC-TIMEOUT-HIT] BTC-USDT 4h: 1 bars >= 1 max, actual_timeout=2026-06-18T07:23:25.008931 [CHALLENGER]
[PEC-TIMEOUT-HIT] BTC-USDT 2h: 4 bars >= 4 max, actual_timeout=2026-06-18T07:23:45.894120 [CHAMPION]
[PEC-TIMEOUT-HIT] BTC-USDT 2h: 4 bars >= 4 max, actual_timeout=2026-06-18T07:23:50.221836 [CHAMPION]
[PEC-TIMEOUT-HIT] BTC-USDT 4h: 1 bars >= 1 max, actual_timeout=2026-06-18T07:24:03.075091 [CHALLENGER]
[PEC-TIMEOUT-HIT] LQTY-USDT 2h: 4 bars >= 4 max, actual_timeout=2026-06-18T07:25:33.047790 [CHAMPION]
[PEC-TIMEOUT-HIT] CVX-USDT 4h: 1 bars >= 1 max, actual_timeout=2026-06-18T07:27:40.598623 [CHALLENGER]
[PEC-TIMEOUT-HIT] TURBO-USDT 2h: 4 bars >= 4 max, actual_timeout=2026-06-18T07:27:52.335981 [CHAMPION]
[PEC-TIMEOUT-HIT] BTC-USDT 2h: 4 bars >= 4 max, actual_timeout=2026-06-18T07:33:49.068745 [CHAMPION]
[PEC-TIMEOUT-HIT] XLM-USDT 4h: 1 bars >= 1 max, actual_timeout=2026-06-18T07:35:29.952363 [CHALLENGER]
[PEC-TIMEOUT-HIT] LINK-USDT 2h: 4 bars >= 4 max, actual_timeout=2026-06-18T07:35:58.914665 [CHAMPION]
[PEC-TIMEOUT-HIT] SPK-USDT 4h: 1 bars >= 1 max, actual_timeout=2026-06-18T07:36:08.212858 [CHALLENGER]
[PEC-TIMEOUT-HIT] PORTAL-USDT 2h: 4 bars >= 4 max, actual_timeout=2026-06-18T07:37:31.593734 [CHAMPION]
[PEC-TIMEOUT-HIT] PORTAL-USDT 4h: 1 bars >= 1 max, actual_timeout=2026-06-18T07:37:35.869200 [CHALLENGER]
[PEC-TIMEOUT-HIT] KAS-USDT 2h: 4 bars >= 4 max, actual_timeout=2026-06-18T07:40:08.421799 [CHAMPION]
[PEC-TIMEOUT-HIT] BTC-USDT 4h: 1 bars >= 1 max, actual_timeout=2026-06-18T07:43:38.301791 [CHALLENGER]
[PEC-TIMEOUT-HIT] PORTAL-USDT 4h: 1 bars >= 1 max, actual_timeout=2026-06-18T07:45:46.344868 [CHALLENGER]
[PEC-TIMEOUT-HIT] ROAM-USDT 2h: 4 bars >= 4 max, actual_timeout=2026-06-18T07:46:26.029615 [CHAMPION]
[PEC-TIMEOUT-HIT] PORTAL-USDT 2h: 4 bars >= 4 max, actual_timeout=2026-06-18T07:52:30.423036 [CHAMPION]
[PEC-TIMEOUT-HIT] CFX-USDT 30min: 7 bars >= 6 max, actual_timeout=2026-06-18T07:09:38.309356 [CHAMPION]
[PEC-TIMEOUT-HIT] CFX-USDT 30min: 7 bars >= 6 max, actual_timeout=2026-06-18T07:09:41.401082 [CHAMPION]
[PEC-TIMEOUT-HIT] BTC-USDT 30min: 7 bars >= 6 max, actual_timeout=2026-06-18T07:13:04.104538 [CHAMPION]
[PEC-TIMEOUT-HIT] ETH-USDT 30min: 7 bars >= 6 max, actual_timeout=2026-06-18T07:13:09.185770 [CHAMPION]
[PEC-TIMEOUT-HIT] ETH-USDT 30min: 7 bars >= 6 max, actual_timeout=2026-06-18T07:13:31.971666 [CHAMPION]
[PEC-TIMEOUT-HIT] KNC-USDT 30min: 7 bars >= 6 max, actual_timeout=2026-06-18T07:15:13.854812 [CHAMPION]
[PEC-TIMEOUT-HIT] AVNT-USDT 30min: 7 bars >= 6 max, actual_timeout=2026-06-18T07:19:35.521467 [CHAMPION]
[PEC-TIMEOUT-HIT] CRV-USDT 30min: 7 bars >= 6 max, actual_timeout=2026-06-18T07:21:02.839719 [CHAMPION]
[PEC-TIMEOUT-HIT] CRV-USDT 30min: 7 bars >= 6 max, actual_timeout=2026-06-18T07:21:38.814481 [CHAMPION]
[PEC-TIMEOUT-HIT] STRK-USDT 30min: 6 bars >= 6 max, actual_timeout=2026-06-18T07:27:32.527819 [CHAMPION]
[PEC-TIMEOUT-HIT] NEAR-USDT 30min: 6 bars >= 6 max, actual_timeout=2026-06-18T07:27:37.133464 [CHAMPION]
[PEC-TIMEOUT-HIT] NEAR-USDT 30min: 6 bars >= 6 max, actual_timeout=2026-06-18T07:27:57.198622 [CHAMPION]
[PEC-DEBUG] Writing 1021 records back to /Users/geniustarigan/.openclaw/workspace/COMPLETE_SIGNALS.jsonl
[PEC-DEBUG] ✅ Atomic write complete: 1021 records written to /Users/geniustarigan/.openclaw/workspace/COMPLETE_SIGNALS.jsonl
[2026-06-18 14:54:43] [UPDATE] Update complete: 0x TP, 33x SL, 36x TIMEOUT, 0x STALE
[2026-06-18 14:54:43] [DEBUG] Sleeping for 300s until next cycle...
[2026-06-18 14:59:43] [INFO] Running update cycle...
[PEC-DEBUG] Reading from: /Users/geniustarigan/.openclaw/workspace/COMPLETE_SIGNALS.jsonl
[PEC-DEBUG] Loaded 1054 total signals from file
[PEC-DEBUG] Processing 1054 total records, checking OPEN signals...
[PEC-TIMEOUT-HIT] XLM-USDT 4h: 1 bars >= 1 max, actual_timeout=2026-06-18T07:12:13.659038 [CHALLENGER]
[PEC-TIMEOUT-HIT] ROAM-USDT 2h: 4 bars >= 4 max, actual_timeout=2026-06-18T07:13:38.429130 [CHAMPION]
[PEC-TIMEOUT-HIT] PORTAL-USDT 2h: 4 bars >= 4 max, actual_timeout=2026-06-18T07:19:45.765290 [CHAMPION]
[PEC-TIMEOUT-HIT] BTC-USDT 2h: 4 bars >= 4 max, actual_timeout=2026-06-18T07:23:50.221836 [CHAMPION]
[PEC-TIMEOUT-HIT] BTC-USDT 4h: 1 bars >= 1 max, actual_timeout=2026-06-18T07:24:03.075091 [CHALLENGER]
[PEC-TIMEOUT-HIT] TURBO-USDT 2h: 4 bars >= 4 max, actual_timeout=2026-06-18T07:27:52.335981 [CHAMPION]
[PEC-TIMEOUT-HIT] LINK-USDT 2h: 4 bars >= 4 max, actual_timeout=2026-06-18T07:35:58.914665 [CHAMPION]
[PEC-TIMEOUT-HIT] SPK-USDT 4h: 1 bars >= 1 max, actual_timeout=2026-06-18T07:36:08.212858 [CHALLENGER]
[PEC-TIMEOUT-HIT] PORTAL-USDT 2h: 4 bars >= 4 max, actual_timeout=2026-06-18T07:37:22.794196 [CHAMPION]
[PEC-TIMEOUT-HIT] PORTAL-USDT 4h: 1 bars >= 1 max, actual_timeout=2026-06-18T07:37:35.869200 [CHALLENGER]
[PEC-TIMEOUT-HIT] XLM-USDT 4h: 1 bars >= 1 max, actual_timeout=2026-06-18T07:44:09.259527 [CHALLENGER]
[PEC-TIMEOUT-HIT] PORTAL-USDT 4h: 1 bars >= 1 max, actual_timeout=2026-06-18T07:46:17.185178 [CHALLENGER]
[PEC-TIMEOUT-HIT] PORTAL-USDT 2h: 4 bars >= 4 max, actual_timeout=2026-06-18T07:52:40.738769 [CHAMPION]
[PEC-TIMEOUT-HIT] ATOM-USDT 2h: 4 bars >= 4 max, actual_timeout=2026-06-18T07:56:37.890532 [CHAMPION]
[PEC-TIMEOUT-HIT] ATOM-USDT 2h: 4 bars >= 4 max, actual_timeout=2026-06-18T07:56:49.756530 [CHAMPION]
[PEC-TIMEOUT-HIT] ATOM-USDT 4h: 1 bars >= 1 max, actual_timeout=2026-06-18T07:56:50.845522 [CHALLENGER]
[PEC-TIMEOUT-HIT] XLM-USDT 4h: 1 bars >= 1 max, actual_timeout=2026-06-18T07:58:34.545867 [CHALLENGER]
[PEC-DEBUG] Writing 1054 records back to /Users/geniustarigan/.openclaw/workspace/COMPLETE_SIGNALS.jsonl
[PEC-DEBUG] ✅ Atomic write complete: 1054 records written to /Users/geniustarigan/.openclaw/workspace/COMPLETE_SIGNALS.jsonl
[2026-06-18 15:01:14] [UPDATE] Update complete: 0x TP, 7x SL, 17x TIMEOUT, 0x STALE
[2026-06-18 15:01:14] [DEBUG] Sleeping for 300s until next cycle...
[2026-06-18 15:06:14] [INFO] Running update cycle...
[PEC-DEBUG] Reading from: /Users/geniustarigan/.openclaw/workspace/COMPLETE_SIGNALS.jsonl
[PEC-DEBUG] Loaded 1065 total signals from file
[PEC-DEBUG] Processing 1065 total records, checking OPEN signals...
[PEC-WARN] API circuit breaker triggered (>10 failures)
[PEC-DEBUG] Writing 1065 records back to /Users/geniustarigan/.openclaw/workspace/COMPLETE_SIGNALS.jsonl
[PEC-DEBUG] ✅ Atomic write complete: 1065 records written to /Users/geniustarigan/.openclaw/workspace/COMPLETE_SIGNALS.jsonl
[2026-06-18 15:06:14] [UPDATE] Update complete: no status changes
[2026-06-18 15:06:14] [DEBUG] Sleeping for 300s until next cycle...
[2026-06-18 15:11:14] [INFO] Running update cycle...
[PEC-DEBUG] Reading from: /Users/geniustarigan/.openclaw/workspace/COMPLETE_SIGNALS.jsonl
[PEC-DEBUG] Loaded 1073 total signals from file
[PEC-DEBUG] Processing 1073 total records, checking OPEN signals...
[PEC-DEBUG] Writing 1073 records back to /Users/geniustarigan/.openclaw/workspace/COMPLETE_SIGNALS.jsonl
[PEC-DEBUG] ✅ Atomic write complete: 1073 records written to /Users/geniustarigan/.openclaw/workspace/COMPLETE_SIGNALS.jsonl
[2026-06-18 15:11:15] [UPDATE] Update complete: no status changes
[2026-06-18 15:11:15] [DEBUG] Sleeping for 300s until next cycle...
[2026-06-18 15:16:15] [INFO] Running update cycle...
[PEC-DEBUG] Reading from: /Users/geniustarigan/.openclaw/workspace/COMPLETE_SIGNALS.jsonl
[PEC-DEBUG] Loaded 1093 total signals from file
[PEC-DEBUG] Processing 1093 total records, checking OPEN signals...
[PEC-DEBUG] Writing 1093 records back to /Users/geniustarigan/.openclaw/workspace/COMPLETE_SIGNALS.jsonl
[PEC-DEBUG] ✅ Atomic write complete: 1093 records written to /Users/geniustarigan/.openclaw/workspace/COMPLETE_SIGNALS.jsonl
[2026-06-18 15:16:15] [UPDATE] Update complete: no status changes
[2026-06-18 15:16:15] [DEBUG] Sleeping for 300s until next cycle...
[2026-06-18 15:21:15] [INFO] Running update cycle...
[PEC-DEBUG] Reading from: /Users/geniustarigan/.openclaw/workspace/COMPLETE_SIGNALS.jsonl
[PEC-DEBUG] Loaded 1104 total signals from file
[PEC-DEBUG] Processing 1104 total records, checking OPEN signals...
[PEC-DEBUG] Writing 1104 records back to /Users/geniustarigan/.openclaw/workspace/COMPLETE_SIGNALS.jsonl
[PEC-DEBUG] ✅ Atomic write complete: 1104 records written to /Users/geniustarigan/.openclaw/workspace/COMPLETE_SIGNALS.jsonl
[2026-06-18 15:21:15] [UPDATE] Update complete: no status changes
[2026-06-18 15:21:15] [DEBUG] Sleeping for 300s until next cycle...
[2026-06-18 15:26:15] [INFO] Running update cycle...
[PEC-DEBUG] Reading from: /Users/geniustarigan/.openclaw/workspace/COMPLETE_SIGNALS.jsonl
[PEC-DEBUG] Loaded 1116 total signals from file
[PEC-DEBUG] Processing 1116 total records, checking OPEN signals...
[PEC-DEBUG] Writing 1116 records back to /Users/geniustarigan/.openclaw/workspace/COMPLETE_SIGNALS.jsonl
[PEC-DEBUG] ✅ Atomic write complete: 1116 records written to /Users/geniustarigan/.openclaw/workspace/COMPLETE_SIGNALS.jsonl
[2026-06-18 15:26:15] [UPDATE] Update complete: no status changes
[2026-06-18 15:26:15] [DEBUG] Sleeping for 300s until next cycle...
[2026-06-18 15:31:15] [INFO] Running update cycle...
[PEC-DEBUG] Reading from: /Users/geniustarigan/.openclaw/workspace/COMPLETE_SIGNALS.jsonl
[PEC-DEBUG] Loaded 1133 total signals from file
[PEC-DEBUG] Processing 1133 total records, checking OPEN signals...
[PEC-DEBUG] Writing 1133 records back to /Users/geniustarigan/.openclaw/workspace/COMPLETE_SIGNALS.jsonl
[PEC-DEBUG] ✅ Atomic write complete: 1133 records written to /Users/geniustarigan/.openclaw/workspace/COMPLETE_SIGNALS.jsonl
[2026-06-18 15:31:15] [UPDATE] Update complete: no status changes
[2026-06-18 15:31:15] [DEBUG] Sleeping for 300s until next cycle...
[2026-06-18 15:36:15] [INFO] Running update cycle...
[PEC-DEBUG] Reading from: /Users/geniustarigan/.openclaw/workspace/COMPLETE_SIGNALS.jsonl
[PEC-DEBUG] Loaded 1138 total signals from file
[PEC-DEBUG] Processing 1138 total records, checking OPEN signals...
[PEC-DEBUG] Writing 1138 records back to /Users/geniustarigan/.openclaw/workspace/COMPLETE_SIGNALS.jsonl
[PEC-DEBUG] ✅ Atomic write complete: 1138 records written to /Users/geniustarigan/.openclaw/workspace/COMPLETE_SIGNALS.jsonl
[2026-06-18 15:36:15] [UPDATE] Update complete: no status changes
[2026-06-18 15:36:15] [DEBUG] Sleeping for 300s until next cycle...
[2026-06-18 15:41:15] [INFO] Running update cycle...
[PEC-DEBUG] Reading from: /Users/geniustarigan/.openclaw/workspace/COMPLETE_SIGNALS.jsonl
[PEC-DEBUG] Loaded 1145 total signals from file
[PEC-DEBUG] Processing 1145 total records, checking OPEN signals...
[PEC-DEBUG] Writing 1145 records back to /Users/geniustarigan/.openclaw/workspace/COMPLETE_SIGNALS.jsonl
[PEC-DEBUG] ✅ Atomic write complete: 1145 records written to /Users/geniustarigan/.openclaw/workspace/COMPLETE_SIGNALS.jsonl
[2026-06-18 15:41:15] [UPDATE] Update complete: no status changes
[2026-06-18 15:41:15] [DEBUG] Sleeping for 300s until next cycle...
[2026-06-18 15:46:15] [INFO] Running update cycle...
[PEC-DEBUG] Reading from: /Users/geniustarigan/.openclaw/workspace/COMPLETE_SIGNALS.jsonl
[PEC-DEBUG] Loaded 1170 total signals from file
[PEC-DEBUG] Processing 1170 total records, checking OPEN signals...
[PEC-DEBUG] Writing 1170 records back to /Users/geniustarigan/.openclaw/workspace/COMPLETE_SIGNALS.jsonl
[PEC-DEBUG] ✅ Atomic write complete: 1170 records written to /Users/geniustarigan/.openclaw/workspace/COMPLETE_SIGNALS.jsonl
[2026-06-18 15:46:15] [UPDATE] Update complete: no status changes
[2026-06-18 15:46:15] [DEBUG] Sleeping for 300s until next cycle...
[2026-06-18 15:51:15] [INFO] Running update cycle...
[PEC-DEBUG] Reading from: /Users/geniustarigan/.openclaw/workspace/COMPLETE_SIGNALS.jsonl
[PEC-DEBUG] Loaded 1193 total signals from file
[PEC-DEBUG] Processing 1193 total records, checking OPEN signals...
[PEC-DEBUG] Writing 1193 records back to /Users/geniustarigan/.openclaw/workspace/COMPLETE_SIGNALS.jsonl
[PEC-DEBUG] ✅ Atomic write complete: 1193 records written to /Users/geniustarigan/.openclaw/workspace/COMPLETE_SIGNALS.jsonl
[2026-06-18 15:51:15] [UPDATE] Update complete: no status changes
[2026-06-18 15:51:15] [DEBUG] Sleeping for 300s until next cycle...
[2026-06-18 15:56:16] [INFO] Running update cycle...
[PEC-DEBUG] Reading from: /Users/geniustarigan/.openclaw/workspace/COMPLETE_SIGNALS.jsonl
[PEC-DEBUG] Loaded 1207 total signals from file
[PEC-DEBUG] Processing 1207 total records, checking OPEN signals...
[PEC-DEBUG] Writing 1207 records back to /Users/geniustarigan/.openclaw/workspace/COMPLETE_SIGNALS.jsonl
[PEC-DEBUG] ✅ Atomic write complete: 1207 records written to /Users/geniustarigan/.openclaw/workspace/COMPLETE_SIGNALS.jsonl
[2026-06-18 15:56:16] [UPDATE] Update complete: no status changes
[2026-06-18 15:56:16] [DEBUG] Sleeping for 300s until next cycle...
[2026-06-18 16:01:16] [INFO] Running update cycle...
[PEC-DEBUG] Reading from: /Users/geniustarigan/.openclaw/workspace/COMPLETE_SIGNALS.jsonl
[PEC-DEBUG] Loaded 1221 total signals from file
[PEC-DEBUG] Processing 1221 total records, checking OPEN signals...
[PEC-DEBUG] Writing 1221 records back to /Users/geniustarigan/.openclaw/workspace/COMPLETE_SIGNALS.jsonl
[PEC-DEBUG] ✅ Atomic write complete: 1221 records written to /Users/geniustarigan/.openclaw/workspace/COMPLETE_SIGNALS.jsonl
[2026-06-18 16:01:16] [UPDATE] Update complete: no status changes
[2026-06-18 16:01:16] [DEBUG] Sleeping for 300s until next cycle...
[2026-06-18 16:06:16] [INFO] Running update cycle...
[PEC-DEBUG] Reading from: /Users/geniustarigan/.openclaw/workspace/COMPLETE_SIGNALS.jsonl
[PEC-DEBUG] Loaded 1241 total signals from file
[PEC-DEBUG] Processing 1241 total records, checking OPEN signals...
[PEC-DEBUG] Writing 1241 records back to /Users/geniustarigan/.openclaw/workspace/COMPLETE_SIGNALS.jsonl
[PEC-DEBUG] ✅ Atomic write complete: 1241 records written to /Users/geniustarigan/.openclaw/workspace/COMPLETE_SIGNALS.jsonl
[2026-06-18 16:06:16] [UPDATE] Update complete: no status changes
[2026-06-18 16:06:16] [DEBUG] Sleeping for 300s until next cycle...
[2026-06-18 16:11:16] [INFO] Running update cycle...
[PEC-DEBUG] Reading from: /Users/geniustarigan/.openclaw/workspace/COMPLETE_SIGNALS.jsonl
[PEC-DEBUG] Loaded 1252 total signals from file
[PEC-DEBUG] Processing 1252 total records, checking OPEN signals...
[PEC-DEBUG] Writing 1252 records back to /Users/geniustarigan/.openclaw/workspace/COMPLETE_SIGNALS.jsonl
[PEC-DEBUG] ✅ Atomic write complete: 1252 records written to /Users/geniustarigan/.openclaw/workspace/COMPLETE_SIGNALS.jsonl
[2026-06-18 16:11:16] [UPDATE] Update complete: no status changes
[2026-06-18 16:11:16] [DEBUG] Sleeping for 300s until next cycle...
[2026-06-18 16:16:16] [INFO] Running update cycle...
[PEC-DEBUG] Reading from: /Users/geniustarigan/.openclaw/workspace/COMPLETE_SIGNALS.jsonl
[PEC-DEBUG] Loaded 1275 total signals from file
[PEC-DEBUG] Processing 1275 total records, checking OPEN signals...
[PEC-DEBUG] Writing 1275 records back to /Users/geniustarigan/.openclaw/workspace/COMPLETE_SIGNALS.jsonl
[PEC-DEBUG] ✅ Atomic write complete: 1275 records written to /Users/geniustarigan/.openclaw/workspace/COMPLETE_SIGNALS.jsonl
[2026-06-18 16:16:16] [UPDATE] Update complete: no status changes
[2026-06-18 16:16:16] [DEBUG] Sleeping for 300s until next cycle...
[2026-06-18 16:21:16] [INFO] Running update cycle...
[PEC-DEBUG] Reading from: /Users/geniustarigan/.openclaw/workspace/COMPLETE_SIGNALS.jsonl
[PEC-DEBUG] Loaded 1297 total signals from file
[PEC-DEBUG] Processing 1297 total records, checking OPEN signals...
[PEC-DEBUG] Writing 1297 records back to /Users/geniustarigan/.openclaw/workspace/COMPLETE_SIGNALS.jsonl
[PEC-DEBUG] ✅ Atomic write complete: 1297 records written to /Users/geniustarigan/.openclaw/workspace/COMPLETE_SIGNALS.jsonl
[2026-06-18 16:21:16] [UPDATE] Update complete: no status changes
[2026-06-18 16:21:16] [DEBUG] Sleeping for 300s until next cycle...
[2026-06-18 16:26:17] [INFO] Running update cycle...
[PEC-DEBUG] Reading from: /Users/geniustarigan/.openclaw/workspace/COMPLETE_SIGNALS.jsonl
[PEC-DEBUG] Loaded 1328 total signals from file
[PEC-DEBUG] Processing 1328 total records, checking OPEN signals...
[PEC-DEBUG] Writing 1328 records back to /Users/geniustarigan/.openclaw/workspace/COMPLETE_SIGNALS.jsonl
[PEC-DEBUG] ✅ Atomic write complete: 1328 records written to /Users/geniustarigan/.openclaw/workspace/COMPLETE_SIGNALS.jsonl
[2026-06-18 16:26:17] [UPDATE] Update complete: no status changes
[2026-06-18 16:26:17] [DEBUG] Sleeping for 300s until next cycle...
[2026-06-18 16:31:17] [INFO] Running update cycle...
[PEC-DEBUG] Reading from: /Users/geniustarigan/.openclaw/workspace/COMPLETE_SIGNALS.jsonl
[PEC-DEBUG] Loaded 1366 total signals from file
[PEC-DEBUG] Processing 1366 total records, checking OPEN signals...
[PEC-DEBUG] Writing 1366 records back to /Users/geniustarigan/.openclaw/workspace/COMPLETE_SIGNALS.jsonl
[PEC-DEBUG] ✅ Atomic write complete: 1366 records written to /Users/geniustarigan/.openclaw/workspace/COMPLETE_SIGNALS.jsonl
[2026-06-18 16:31:17] [UPDATE] Update complete: no status changes
[2026-06-18 16:31:17] [DEBUG] Sleeping for 300s until next cycle...
[2026-06-18 16:36:17] [INFO] Running update cycle...
[PEC-DEBUG] Reading from: /Users/geniustarigan/.openclaw/workspace/COMPLETE_SIGNALS.jsonl
[PEC-DEBUG] Loaded 1390 total signals from file
[PEC-DEBUG] Processing 1390 total records, checking OPEN signals...
[PEC-DEBUG] Writing 1390 records back to /Users/geniustarigan/.openclaw/workspace/COMPLETE_SIGNALS.jsonl
[PEC-DEBUG] ✅ Atomic write complete: 1390 records written to /Users/geniustarigan/.openclaw/workspace/COMPLETE_SIGNALS.jsonl
[2026-06-18 16:36:17] [UPDATE] Update complete: no status changes
[2026-06-18 16:36:17] [DEBUG] Sleeping for 300s until next cycle...
[2026-06-18 16:41:17] [INFO] Running update cycle...
[PEC-DEBUG] Reading from: /Users/geniustarigan/.openclaw/workspace/COMPLETE_SIGNALS.jsonl
[PEC-DEBUG] Loaded 1402 total signals from file
[PEC-DEBUG] Processing 1402 total records, checking OPEN signals...
[PEC-DEBUG] Writing 1402 records back to /Users/geniustarigan/.openclaw/workspace/COMPLETE_SIGNALS.jsonl
[PEC-DEBUG] ✅ Atomic write complete: 1402 records written to /Users/geniustarigan/.openclaw/workspace/COMPLETE_SIGNALS.jsonl
[2026-06-18 16:41:17] [UPDATE] Update complete: no status changes
[2026-06-18 16:41:17] [DEBUG] Sleeping for 300s until next cycle...
[2026-06-18 16:46:17] [INFO] Running update cycle...
[PEC-DEBUG] Reading from: /Users/geniustarigan/.openclaw/workspace/COMPLETE_SIGNALS.jsonl
[PEC-DEBUG] Loaded 1428 total signals from file
[PEC-DEBUG] Processing 1428 total records, checking OPEN signals...
[PEC-DEBUG] Writing 1428 records back to /Users/geniustarigan/.openclaw/workspace/COMPLETE_SIGNALS.jsonl
[PEC-DEBUG] ✅ Atomic write complete: 1428 records written to /Users/geniustarigan/.openclaw/workspace/COMPLETE_SIGNALS.jsonl
[2026-06-18 16:46:17] [UPDATE] Update complete: no status changes
[2026-06-18 16:46:17] [DEBUG] Sleeping for 300s until next cycle...
[2026-06-18 16:51:18] [INFO] Running update cycle...
[PEC-DEBUG] Reading from: /Users/geniustarigan/.openclaw/workspace/COMPLETE_SIGNALS.jsonl
[PEC-DEBUG] Loaded 1461 total signals from file
[PEC-DEBUG] Processing 1461 total records, checking OPEN signals...
[PEC-DEBUG] Writing 1461 records back to /Users/geniustarigan/.openclaw/workspace/COMPLETE_SIGNALS.jsonl
[PEC-DEBUG] ✅ Atomic write complete: 1461 records written to /Users/geniustarigan/.openclaw/workspace/COMPLETE_SIGNALS.jsonl
[2026-06-18 16:51:18] [UPDATE] Update complete: no status changes
[2026-06-18 16:51:18] [DEBUG] Sleeping for 300s until next cycle...
[2026-06-18 16:56:18] [INFO] Running update cycle...
[PEC-DEBUG] Reading from: /Users/geniustarigan/.openclaw/workspace/COMPLETE_SIGNALS.jsonl
[PEC-DEBUG] Loaded 1477 total signals from file
[PEC-DEBUG] Processing 1477 total records, checking OPEN signals...
[PEC-DEBUG] Writing 1477 records back to /Users/geniustarigan/.openclaw/workspace/COMPLETE_SIGNALS.jsonl
[PEC-DEBUG] ✅ Atomic write complete: 1477 records written to /Users/geniustarigan/.openclaw/workspace/COMPLETE_SIGNALS.jsonl
[2026-06-18 16:56:18] [UPDATE] Update complete: no status changes
[2026-06-18 16:56:18] [DEBUG] Sleeping for 300s until next cycle...
[2026-06-18 17:01:18] [INFO] Running update cycle...
[PEC-DEBUG] Reading from: /Users/geniustarigan/.openclaw/workspace/COMPLETE_SIGNALS.jsonl
[PEC-DEBUG] Loaded 1507 total signals from file
[PEC-DEBUG] Processing 1507 total records, checking OPEN signals...
[PEC-DEBUG] Writing 1507 records back to /Users/geniustarigan/.openclaw/workspace/COMPLETE_SIGNALS.jsonl
[PEC-DEBUG] ✅ Atomic write complete: 1507 records written to /Users/geniustarigan/.openclaw/workspace/COMPLETE_SIGNALS.jsonl
[2026-06-18 17:01:18] [UPDATE] Update complete: no status changes
[2026-06-18 17:01:18] [DEBUG] Sleeping for 300s until next cycle...
[2026-06-18 17:06:18] [INFO] Running update cycle...
[PEC-DEBUG] Reading from: /Users/geniustarigan/.openclaw/workspace/COMPLETE_SIGNALS.jsonl
[PEC-DEBUG] Loaded 1526 total signals from file
[PEC-DEBUG] Processing 1526 total records, checking OPEN signals...
[PEC-DEBUG] Writing 1526 records back to /Users/geniustarigan/.openclaw/workspace/COMPLETE_SIGNALS.jsonl
[PEC-DEBUG] ✅ Atomic write complete: 1526 records written to /Users/geniustarigan/.openclaw/workspace/COMPLETE_SIGNALS.jsonl
[2026-06-18 17:06:18] [UPDATE] Update complete: no status changes
[2026-06-18 17:06:18] [DEBUG] Sleeping for 300s until next cycle...
[2026-06-18 17:11:18] [INFO] Running update cycle...
[PEC-DEBUG] Reading from: /Users/geniustarigan/.openclaw/workspace/COMPLETE_SIGNALS.jsonl
[PEC-DEBUG] Loaded 1555 total signals from file
[PEC-DEBUG] Processing 1555 total records, checking OPEN signals...
[PEC-DEBUG] Writing 1555 records back to /Users/geniustarigan/.openclaw/workspace/COMPLETE_SIGNALS.jsonl
[PEC-DEBUG] ✅ Atomic write complete: 1555 records written to /Users/geniustarigan/.openclaw/workspace/COMPLETE_SIGNALS.jsonl
[2026-06-18 17:11:19] [UPDATE] Update complete: no status changes
[2026-06-18 17:11:19] [DEBUG] Sleeping for 300s until next cycle...
[2026-06-18 17:16:19] [INFO] Running update cycle...
[PEC-DEBUG] Reading from: /Users/geniustarigan/.openclaw/workspace/COMPLETE_SIGNALS.jsonl
[PEC-DEBUG] Loaded 1588 total signals from file
[PEC-DEBUG] Processing 1588 total records, checking OPEN signals...
[PEC-DEBUG] Writing 1588 records back to /Users/geniustarigan/.openclaw/workspace/COMPLETE_SIGNALS.jsonl
[PEC-DEBUG] ✅ Atomic write complete: 1588 records written to /Users/geniustarigan/.openclaw/workspace/COMPLETE_SIGNALS.jsonl
[2026-06-18 17:16:19] [UPDATE] Update complete: no status changes
[2026-06-18 17:16:19] [DEBUG] Sleeping for 300s until next cycle...
[2026-06-18 17:21:19] [INFO] Running update cycle...
[PEC-DEBUG] Reading from: /Users/geniustarigan/.openclaw/workspace/COMPLETE_SIGNALS.jsonl
[PEC-DEBUG] Loaded 1636 total signals from file
[PEC-DEBUG] Processing 1636 total records, checking OPEN signals...
[PEC-DEBUG] Writing 1636 records back to /Users/geniustarigan/.openclaw/workspace/COMPLETE_SIGNALS.jsonl
[PEC-DEBUG] ✅ Atomic write complete: 1636 records written to /Users/geniustarigan/.openclaw/workspace/COMPLETE_SIGNALS.jsonl
[2026-06-18 17:21:19] [UPDATE] Update complete: no status changes
[2026-06-18 17:21:19] [DEBUG] Sleeping for 300s until next cycle...
[2026-06-18 17:26:19] [INFO] Running update cycle...
[PEC-DEBUG] Reading from: /Users/geniustarigan/.openclaw/workspace/COMPLETE_SIGNALS.jsonl
[PEC-DEBUG] Loaded 1681 total signals from file
[PEC-DEBUG] Processing 1681 total records, checking OPEN signals...
[PEC-DEBUG] Writing 1681 records back to /Users/geniustarigan/.openclaw/workspace/COMPLETE_SIGNALS.jsonl
[PEC-DEBUG] ✅ Atomic write complete: 1681 records written to /Users/geniustarigan/.openclaw/workspace/COMPLETE_SIGNALS.jsonl
[2026-06-18 17:26:19] [UPDATE] Update complete: no status changes
[2026-06-18 17:26:19] [DEBUG] Sleeping for 300s until next cycle...
[2026-06-18 17:31:19] [INFO] Running update cycle...
[PEC-DEBUG] Reading from: /Users/geniustarigan/.openclaw/workspace/COMPLETE_SIGNALS.jsonl
[PEC-DEBUG] Loaded 1731 total signals from file
[PEC-DEBUG] Processing 1731 total records, checking OPEN signals...
[PEC-DEBUG] Writing 1731 records back to /Users/geniustarigan/.openclaw/workspace/COMPLETE_SIGNALS.jsonl
[PEC-DEBUG] ✅ Atomic write complete: 1731 records written to /Users/geniustarigan/.openclaw/workspace/COMPLETE_SIGNALS.jsonl
[2026-06-18 17:31:19] [UPDATE] Update complete: no status changes
[2026-06-18 17:31:19] [DEBUG] Sleeping for 300s until next cycle...
[2026-06-18 17:36:19] [INFO] Running update cycle...
[PEC-DEBUG] Reading from: /Users/geniustarigan/.openclaw/workspace/COMPLETE_SIGNALS.jsonl
[PEC-DEBUG] Loaded 1773 total signals from file
[PEC-DEBUG] Processing 1773 total records, checking OPEN signals...
[PEC-DEBUG] Writing 1773 records back to /Users/geniustarigan/.openclaw/workspace/COMPLETE_SIGNALS.jsonl
[PEC-DEBUG] ✅ Atomic write complete: 1773 records written to /Users/geniustarigan/.openclaw/workspace/COMPLETE_SIGNALS.jsonl
[2026-06-18 17:36:20] [UPDATE] Update complete: no status changes
[2026-06-18 17:36:20] [DEBUG] Sleeping for 300s until next cycle...
[2026-06-18 17:41:20] [INFO] Running update cycle...
[PEC-DEBUG] Reading from: /Users/geniustarigan/.openclaw/workspace/COMPLETE_SIGNALS.jsonl
[PEC-DEBUG] Loaded 1809 total signals from file
[PEC-DEBUG] Processing 1809 total records, checking OPEN signals...
[PEC-DEBUG] Writing 1809 records back to /Users/geniustarigan/.openclaw/workspace/COMPLETE_SIGNALS.jsonl
[PEC-DEBUG] ✅ Atomic write complete: 1809 records written to /Users/geniustarigan/.openclaw/workspace/COMPLETE_SIGNALS.jsonl
[2026-06-18 17:41:20] [UPDATE] Update complete: no status changes
[2026-06-18 17:41:20] [DEBUG] Sleeping for 300s until next cycle...
[2026-06-18 17:46:20] [INFO] Running update cycle...
[PEC-DEBUG] Reading from: /Users/geniustarigan/.openclaw/workspace/COMPLETE_SIGNALS.jsonl
[PEC-DEBUG] Loaded 1859 total signals from file
[PEC-DEBUG] Processing 1859 total records, checking OPEN signals...
[PEC-DEBUG] Writing 1859 records back to /Users/geniustarigan/.openclaw/workspace/COMPLETE_SIGNALS.jsonl
[PEC-DEBUG] ✅ Atomic write complete: 1859 records written to /Users/geniustarigan/.openclaw/workspace/COMPLETE_SIGNALS.jsonl
[2026-06-18 17:46:20] [UPDATE] Update complete: no status changes
[2026-06-18 17:46:20] [DEBUG] Sleeping for 300s until next cycle...
[2026-06-18 17:51:20] [INFO] Running update cycle...
[PEC-DEBUG] Reading from: /Users/geniustarigan/.openclaw/workspace/COMPLETE_SIGNALS.jsonl
[PEC-DEBUG] Loaded 1910 total signals from file
[PEC-DEBUG] Processing 1910 total records, checking OPEN signals...
[PEC-DEBUG] Writing 1910 records back to /Users/geniustarigan/.openclaw/workspace/COMPLETE_SIGNALS.jsonl
[PEC-DEBUG] ✅ Atomic write complete: 1910 records written to /Users/geniustarigan/.openclaw/workspace/COMPLETE_SIGNALS.jsonl
[2026-06-18 17:51:20] [UPDATE] Update complete: no status changes
[2026-06-18 17:51:20] [DEBUG] Sleeping for 300s until next cycle...
[2026-06-18 17:56:20] [INFO] Running update cycle...
[PEC-DEBUG] Reading from: /Users/geniustarigan/.openclaw/workspace/COMPLETE_SIGNALS.jsonl
[PEC-DEBUG] Loaded 1961 total signals from file
[PEC-DEBUG] Processing 1961 total records, checking OPEN signals...
[PEC-DEBUG] Writing 1961 records back to /Users/geniustarigan/.openclaw/workspace/COMPLETE_SIGNALS.jsonl
[PEC-DEBUG] ✅ Atomic write complete: 1961 records written to /Users/geniustarigan/.openclaw/workspace/COMPLETE_SIGNALS.jsonl
[2026-06-18 17:56:20] [UPDATE] Update complete: no status changes
[2026-06-18 17:56:20] [DEBUG] Sleeping for 300s until next cycle...
[2026-06-18 18:01:20] [INFO] Running update cycle...
[PEC-DEBUG] Reading from: /Users/geniustarigan/.openclaw/workspace/COMPLETE_SIGNALS.jsonl
[PEC-DEBUG] Loaded 2014 total signals from file
[PEC-DEBUG] Processing 2014 total records, checking OPEN signals...
[PEC-DEBUG] Writing 2014 records back to /Users/geniustarigan/.openclaw/workspace/COMPLETE_SIGNALS.jsonl
[PEC-DEBUG] ✅ Atomic write complete: 2014 records written to /Users/geniustarigan/.openclaw/workspace/COMPLETE_SIGNALS.jsonl
[2026-06-18 18:01:20] [UPDATE] Update complete: no status changes
[2026-06-18 18:01:20] [DEBUG] Sleeping for 300s until next cycle...
[2026-06-18 18:06:20] [INFO] Running update cycle...
[PEC-DEBUG] Reading from: /Users/geniustarigan/.openclaw/workspace/COMPLETE_SIGNALS.jsonl
[PEC-DEBUG] Loaded 2048 total signals from file
[PEC-DEBUG] Processing 2048 total records, checking OPEN signals...
[PEC-DEBUG] Writing 2048 records back to /Users/geniustarigan/.openclaw/workspace/COMPLETE_SIGNALS.jsonl
[PEC-DEBUG] ✅ Atomic write complete: 2048 records written to /Users/geniustarigan/.openclaw/workspace/COMPLETE_SIGNALS.jsonl
[2026-06-18 18:06:20] [UPDATE] Update complete: no status changes
[2026-06-18 18:06:20] [DEBUG] Sleeping for 300s until next cycle...
[2026-06-18 18:11:20] [INFO] Running update cycle...
[PEC-DEBUG] Reading from: /Users/geniustarigan/.openclaw/workspace/COMPLETE_SIGNALS.jsonl
[PEC-DEBUG] Loaded 2063 total signals from file
[PEC-DEBUG] Processing 2063 total records, checking OPEN signals...
[PEC-DEBUG] Writing 2063 records back to /Users/geniustarigan/.openclaw/workspace/COMPLETE_SIGNALS.jsonl
[PEC-DEBUG] ✅ Atomic write complete: 2063 records written to /Users/geniustarigan/.openclaw/workspace/COMPLETE_SIGNALS.jsonl
[2026-06-18 18:11:20] [UPDATE] Update complete: no status changes
[2026-06-18 18:11:20] [DEBUG] Sleeping for 300s until next cycle...
[2026-06-18 18:16:20] [INFO] Running update cycle...
[PEC-DEBUG] Reading from: /Users/geniustarigan/.openclaw/workspace/COMPLETE_SIGNALS.jsonl
[PEC-DEBUG] Loaded 2083 total signals from file
[PEC-DEBUG] Processing 2083 total records, checking OPEN signals...
[PEC-DEBUG] Writing 2083 records back to /Users/geniustarigan/.openclaw/workspace/COMPLETE_SIGNALS.jsonl
[PEC-DEBUG] ✅ Atomic write complete: 2083 records written to /Users/geniustarigan/.openclaw/workspace/COMPLETE_SIGNALS.jsonl
[2026-06-18 18:16:20] [UPDATE] Update complete: no status changes
[2026-06-18 18:16:20] [DEBUG] Sleeping for 300s until next cycle...
[2026-06-18 18:21:20] [INFO] Running update cycle...
[PEC-DEBUG] Reading from: /Users/geniustarigan/.openclaw/workspace/COMPLETE_SIGNALS.jsonl
[PEC-DEBUG] Loaded 2105 total signals from file
[PEC-DEBUG] Processing 2105 total records, checking OPEN signals...
[PEC-DEBUG] Writing 2105 records back to /Users/geniustarigan/.openclaw/workspace/COMPLETE_SIGNALS.jsonl
[PEC-DEBUG] ✅ Atomic write complete: 2105 records written to /Users/geniustarigan/.openclaw/workspace/COMPLETE_SIGNALS.jsonl
[2026-06-18 18:21:20] [UPDATE] Update complete: no status changes
[2026-06-18 18:21:20] [DEBUG] Sleeping for 300s until next cycle...
[2026-06-18 18:26:21] [INFO] Running update cycle...
[PEC-DEBUG] Reading from: /Users/geniustarigan/.openclaw/workspace/COMPLETE_SIGNALS.jsonl
[PEC-DEBUG] Loaded 2129 total signals from file
[PEC-DEBUG] Processing 2129 total records, checking OPEN signals...
[PEC-DEBUG] Writing 2129 records back to /Users/geniustarigan/.openclaw/workspace/COMPLETE_SIGNALS.jsonl
[PEC-DEBUG] ✅ Atomic write complete: 2129 records written to /Users/geniustarigan/.openclaw/workspace/COMPLETE_SIGNALS.jsonl
[2026-06-18 18:26:21] [UPDATE] Update complete: no status changes
[2026-06-18 18:26:21] [DEBUG] Sleeping for 300s until next cycle...
[2026-06-18 18:31:21] [INFO] Running update cycle...
[PEC-DEBUG] Reading from: /Users/geniustarigan/.openclaw/workspace/COMPLETE_SIGNALS.jsonl
[PEC-DEBUG] Loaded 2155 total signals from file
[PEC-DEBUG] Processing 2155 total records, checking OPEN signals...
[PEC-DEBUG] Writing 2155 records back to /Users/geniustarigan/.openclaw/workspace/COMPLETE_SIGNALS.jsonl
[PEC-DEBUG] ✅ Atomic write complete: 2155 records written to /Users/geniustarigan/.openclaw/workspace/COMPLETE_SIGNALS.jsonl
[2026-06-18 18:31:21] [UPDATE] Update complete: no status changes
[2026-06-18 18:31:21] [DEBUG] Sleeping for 300s until next cycle...
[2026-06-18 18:36:21] [INFO] Running update cycle...
[PEC-DEBUG] Reading from: /Users/geniustarigan/.openclaw/workspace/COMPLETE_SIGNALS.jsonl
[PEC-DEBUG] Loaded 2182 total signals from file
[PEC-DEBUG] Processing 2182 total records, checking OPEN signals...
[PEC-DEBUG] Writing 2182 records back to /Users/geniustarigan/.openclaw/workspace/COMPLETE_SIGNALS.jsonl
[PEC-DEBUG] ✅ Atomic write complete: 2182 records written to /Users/geniustarigan/.openclaw/workspace/COMPLETE_SIGNALS.jsonl
[2026-06-18 18:36:21] [UPDATE] Update complete: no status changes
[2026-06-18 18:36:21] [DEBUG] Sleeping for 300s until next cycle...
[2026-06-18 18:41:21] [INFO] Running update cycle...
[PEC-DEBUG] Reading from: /Users/geniustarigan/.openclaw/workspace/COMPLETE_SIGNALS.jsonl
[PEC-DEBUG] Loaded 2194 total signals from file
[PEC-DEBUG] Processing 2194 total records, checking OPEN signals...
[PEC-DEBUG] Writing 2194 records back to /Users/geniustarigan/.openclaw/workspace/COMPLETE_SIGNALS.jsonl
[PEC-DEBUG] ✅ Atomic write complete: 2194 records written to /Users/geniustarigan/.openclaw/workspace/COMPLETE_SIGNALS.jsonl
[2026-06-18 18:41:21] [UPDATE] Update complete: no status changes
[2026-06-18 18:41:21] [DEBUG] Sleeping for 300s until next cycle...
[2026-06-18 18:46:21] [INFO] Running update cycle...
[PEC-DEBUG] Reading from: /Users/geniustarigan/.openclaw/workspace/COMPLETE_SIGNALS.jsonl
[PEC-DEBUG] Loaded 2227 total signals from file
[PEC-DEBUG] Processing 2227 total records, checking OPEN signals...
[PEC-DEBUG] Writing 2227 records back to /Users/geniustarigan/.openclaw/workspace/COMPLETE_SIGNALS.jsonl
[PEC-DEBUG] ✅ Atomic write complete: 2227 records written to /Users/geniustarigan/.openclaw/workspace/COMPLETE_SIGNALS.jsonl
[2026-06-18 18:46:21] [UPDATE] Update complete: no status changes
[2026-06-18 18:46:21] [DEBUG] Sleeping for 300s until next cycle...
[2026-06-18 18:51:22] [INFO] Running update cycle...
[PEC-DEBUG] Reading from: /Users/geniustarigan/.openclaw/workspace/COMPLETE_SIGNALS.jsonl
[PEC-DEBUG] Loaded 2266 total signals from file
[PEC-DEBUG] Processing 2266 total records, checking OPEN signals...
[PEC-DEBUG] Writing 2266 records back to /Users/geniustarigan/.openclaw/workspace/COMPLETE_SIGNALS.jsonl
[PEC-DEBUG] ✅ Atomic write complete: 2266 records written to /Users/geniustarigan/.openclaw/workspace/COMPLETE_SIGNALS.jsonl
[2026-06-18 18:51:22] [UPDATE] Update complete: no status changes
[2026-06-18 18:51:22] [DEBUG] Sleeping for 300s until next cycle...
[2026-06-18 18:56:22] [INFO] Running update cycle...
[PEC-DEBUG] Reading from: /Users/geniustarigan/.openclaw/workspace/COMPLETE_SIGNALS.jsonl
[PEC-DEBUG] Loaded 2311 total signals from file
[PEC-DEBUG] Processing 2311 total records, checking OPEN signals...
[PEC-DEBUG] Writing 2311 records back to /Users/geniustarigan/.openclaw/workspace/COMPLETE_SIGNALS.jsonl
[PEC-DEBUG] ✅ Atomic write complete: 2311 records written to /Users/geniustarigan/.openclaw/workspace/COMPLETE_SIGNALS.jsonl
[2026-06-18 18:56:22] [UPDATE] Update complete: no status changes
[2026-06-18 18:56:22] [DEBUG] Sleeping for 300s until next cycle...
[2026-06-18 19:01:22] [INFO] Running update cycle...
[PEC-DEBUG] Reading from: /Users/geniustarigan/.openclaw/workspace/COMPLETE_SIGNALS.jsonl
[PEC-DEBUG] Loaded 2349 total signals from file
[PEC-DEBUG] Processing 2349 total records, checking OPEN signals...
[PEC-DEBUG] Writing 2349 records back to /Users/geniustarigan/.openclaw/workspace/COMPLETE_SIGNALS.jsonl
[PEC-DEBUG] ✅ Atomic write complete: 2349 records written to /Users/geniustarigan/.openclaw/workspace/COMPLETE_SIGNALS.jsonl
[2026-06-18 19:01:22] [UPDATE] Update complete: no status changes
[2026-06-18 19:01:22] [DEBUG] Sleeping for 300s until next cycle...
[2026-06-18 19:06:22] [INFO] Running update cycle...
[PEC-DEBUG] Reading from: /Users/geniustarigan/.openclaw/workspace/COMPLETE_SIGNALS.jsonl
[PEC-DEBUG] Loaded 2366 total signals from file
[PEC-DEBUG] Processing 2366 total records, checking OPEN signals...
[PEC-DEBUG] Writing 2366 records back to /Users/geniustarigan/.openclaw/workspace/COMPLETE_SIGNALS.jsonl
[PEC-DEBUG] ✅ Atomic write complete: 2366 records written to /Users/geniustarigan/.openclaw/workspace/COMPLETE_SIGNALS.jsonl
[2026-06-18 19:06:22] [UPDATE] Update complete: no status changes
[2026-06-18 19:06:22] [DEBUG] Sleeping for 300s until next cycle...
[2026-06-18 19:11:22] [INFO] Running update cycle...
[PEC-DEBUG] Reading from: /Users/geniustarigan/.openclaw/workspace/COMPLETE_SIGNALS.jsonl
[PEC-DEBUG] Loaded 2381 total signals from file
[PEC-DEBUG] Processing 2381 total records, checking OPEN signals...
[PEC-DEBUG] Writing 2381 records back to /Users/geniustarigan/.openclaw/workspace/COMPLETE_SIGNALS.jsonl
[PEC-ERROR] Atomic write failed: Expecting value: line 1 column 1 (char 0)
[2026-06-18 19:11:22] [UPDATE] Update complete: no status changes
[2026-06-18 19:11:22] [DEBUG] Sleeping for 300s until next cycle...
[2026-06-18 19:16:22] [INFO] Running update cycle...
[PEC-DEBUG] Reading from: /Users/geniustarigan/.openclaw/workspace/COMPLETE_SIGNALS.jsonl
[PEC-DEBUG] Loaded 2389 total signals from file
[PEC-DEBUG] Processing 2389 total records, checking OPEN signals...
[PEC-DEBUG] Writing 2389 records back to /Users/geniustarigan/.openclaw/workspace/COMPLETE_SIGNALS.jsonl
[PEC-DEBUG] ✅ Atomic write complete: 2389 records written to /Users/geniustarigan/.openclaw/workspace/COMPLETE_SIGNALS.jsonl
[2026-06-18 19:16:22] [UPDATE] Update complete: no status changes
[2026-06-18 19:16:22] [DEBUG] Sleeping for 300s until next cycle...
[2026-06-18 19:21:22] [INFO] Running update cycle...
[PEC-DEBUG] Reading from: /Users/geniustarigan/.openclaw/workspace/COMPLETE_SIGNALS.jsonl
[PEC-DEBUG] Loaded 2406 total signals from file
[PEC-DEBUG] Processing 2406 total records, checking OPEN signals...
[PEC-DEBUG] Writing 2406 records back to /Users/geniustarigan/.openclaw/workspace/COMPLETE_SIGNALS.jsonl
[PEC-DEBUG] ✅ Atomic write complete: 2406 records written to /Users/geniustarigan/.openclaw/workspace/COMPLETE_SIGNALS.jsonl
[2026-06-18 19:21:23] [UPDATE] Update complete: no status changes
[2026-06-18 19:21:23] [DEBUG] Sleeping for 300s until next cycle...
[2026-06-18 19:26:23] [INFO] Running update cycle...
[PEC-DEBUG] Reading from: /Users/geniustarigan/.openclaw/workspace/COMPLETE_SIGNALS.jsonl
[PEC-DEBUG] Loaded 2420 total signals from file
[PEC-DEBUG] Processing 2420 total records, checking OPEN signals...
[PEC-DEBUG] Writing 2420 records back to /Users/geniustarigan/.openclaw/workspace/COMPLETE_SIGNALS.jsonl
[PEC-DEBUG] ✅ Atomic write complete: 2420 records written to /Users/geniustarigan/.openclaw/workspace/COMPLETE_SIGNALS.jsonl
[2026-06-18 19:26:23] [UPDATE] Update complete: no status changes
[2026-06-18 19:26:23] [DEBUG] Sleeping for 300s until next cycle...
[2026-06-18 19:31:23] [INFO] Running update cycle...
[PEC-DEBUG] Reading from: /Users/geniustarigan/.openclaw/workspace/COMPLETE_SIGNALS.jsonl
[PEC-DEBUG] Loaded 2433 total signals from file
[PEC-DEBUG] Processing 2433 total records, checking OPEN signals...
[PEC-DEBUG] Writing 2433 records back to /Users/geniustarigan/.openclaw/workspace/COMPLETE_SIGNALS.jsonl
[PEC-DEBUG] ✅ Atomic write complete: 2433 records written to /Users/geniustarigan/.openclaw/workspace/COMPLETE_SIGNALS.jsonl
[2026-06-18 19:31:23] [UPDATE] Update complete: no status changes
[2026-06-18 19:31:23] [DEBUG] Sleeping for 300s until next cycle...
[2026-06-18 19:36:23] [INFO] Running update cycle...
[PEC-DEBUG] Reading from: /Users/geniustarigan/.openclaw/workspace/COMPLETE_SIGNALS.jsonl
[PEC-DEBUG] Loaded 2441 total signals from file
[PEC-DEBUG] Processing 2441 total records, checking OPEN signals...
[PEC-DEBUG] Writing 2441 records back to /Users/geniustarigan/.openclaw/workspace/COMPLETE_SIGNALS.jsonl
[PEC-DEBUG] ✅ Atomic write complete: 2441 records written to /Users/geniustarigan/.openclaw/workspace/COMPLETE_SIGNALS.jsonl
[2026-06-18 19:36:23] [UPDATE] Update complete: no status changes
[2026-06-18 19:36:23] [DEBUG] Sleeping for 300s until next cycle...
[2026-06-18 19:41:23] [INFO] Running update cycle...
[PEC-DEBUG] Reading from: /Users/geniustarigan/.openclaw/workspace/COMPLETE_SIGNALS.jsonl
[PEC-DEBUG] Loaded 2448 total signals from file
[PEC-DEBUG] Processing 2448 total records, checking OPEN signals...
[PEC-DEBUG] Writing 2448 records back to /Users/geniustarigan/.openclaw/workspace/COMPLETE_SIGNALS.jsonl
[PEC-DEBUG] ✅ Atomic write complete: 2448 records written to /Users/geniustarigan/.openclaw/workspace/COMPLETE_SIGNALS.jsonl
[2026-06-18 19:41:23] [UPDATE] Update complete: no status changes
[2026-06-18 19:41:23] [DEBUG] Sleeping for 300s until next cycle...
[2026-06-18 19:46:23] [INFO] Running update cycle...
[PEC-DEBUG] Reading from: /Users/geniustarigan/.openclaw/workspace/COMPLETE_SIGNALS.jsonl
[PEC-DEBUG] Loaded 2455 total signals from file
[PEC-DEBUG] Processing 2455 total records, checking OPEN signals...
[PEC-DEBUG] Writing 2455 records back to /Users/geniustarigan/.openclaw/workspace/COMPLETE_SIGNALS.jsonl
[PEC-DEBUG] ✅ Atomic write complete: 2455 records written to /Users/geniustarigan/.openclaw/workspace/COMPLETE_SIGNALS.jsonl
[2026-06-18 19:46:24] [UPDATE] Update complete: no status changes
[2026-06-18 19:46:24] [DEBUG] Sleeping for 300s until next cycle...
[2026-06-18 19:51:24] [INFO] Running update cycle...
[PEC-DEBUG] Reading from: /Users/geniustarigan/.openclaw/workspace/COMPLETE_SIGNALS.jsonl
[PEC-DEBUG] Loaded 2467 total signals from file
[PEC-DEBUG] Processing 2467 total records, checking OPEN signals...
[PEC-DEBUG] Writing 2467 records back to /Users/geniustarigan/.openclaw/workspace/COMPLETE_SIGNALS.jsonl
[PEC-DEBUG] ✅ Atomic write complete: 2467 records written to /Users/geniustarigan/.openclaw/workspace/COMPLETE_SIGNALS.jsonl
[2026-06-18 19:51:24] [UPDATE] Update complete: no status changes
[2026-06-18 19:51:24] [DEBUG] Sleeping for 300s until next cycle...
[2026-06-18 19:56:24] [INFO] Running update cycle...
[PEC-DEBUG] Reading from: /Users/geniustarigan/.openclaw/workspace/COMPLETE_SIGNALS.jsonl
[PEC-DEBUG] Loaded 2483 total signals from file
[PEC-DEBUG] Processing 2483 total records, checking OPEN signals...
[PEC-DEBUG] Writing 2483 records back to /Users/geniustarigan/.openclaw/workspace/COMPLETE_SIGNALS.jsonl
[PEC-DEBUG] ✅ Atomic write complete: 2483 records written to /Users/geniustarigan/.openclaw/workspace/COMPLETE_SIGNALS.jsonl
[2026-06-18 19:56:24] [UPDATE] Update complete: no status changes
[2026-06-18 19:56:24] [DEBUG] Sleeping for 300s until next cycle...
[2026-06-18 20:01:24] [INFO] Running update cycle...
[PEC-DEBUG] Reading from: /Users/geniustarigan/.openclaw/workspace/COMPLETE_SIGNALS.jsonl
[PEC-DEBUG] Loaded 2493 total signals from file
[PEC-DEBUG] Processing 2493 total records, checking OPEN signals...
[PEC-DEBUG] Writing 2493 records back to /Users/geniustarigan/.openclaw/workspace/COMPLETE_SIGNALS.jsonl
[PEC-DEBUG] ✅ Atomic write complete: 2493 records written to /Users/geniustarigan/.openclaw/workspace/COMPLETE_SIGNALS.jsonl
[2026-06-18 20:01:24] [UPDATE] Update complete: no status changes
[2026-06-18 20:01:24] [DEBUG] Sleeping for 300s until next cycle...
[2026-06-18 20:06:24] [INFO] Running update cycle...
[PEC-DEBUG] Reading from: /Users/geniustarigan/.openclaw/workspace/COMPLETE_SIGNALS.jsonl
[PEC-DEBUG] Loaded 2500 total signals from file
[PEC-DEBUG] Processing 2500 total records, checking OPEN signals...
[PEC-DEBUG] Writing 2500 records back to /Users/geniustarigan/.openclaw/workspace/COMPLETE_SIGNALS.jsonl
[PEC-DEBUG] ✅ Atomic write complete: 2500 records written to /Users/geniustarigan/.openclaw/workspace/COMPLETE_SIGNALS.jsonl
[2026-06-18 20:06:24] [UPDATE] Update complete: no status changes
[2026-06-18 20:06:24] [DEBUG] Sleeping for 300s until next cycle...
[2026-06-18 20:11:24] [INFO] Running update cycle...
[PEC-DEBUG] Reading from: /Users/geniustarigan/.openclaw/workspace/COMPLETE_SIGNALS.jsonl
[PEC-DEBUG] Loaded 2510 total signals from file
[PEC-DEBUG] Processing 2510 total records, checking OPEN signals...
[PEC-DEBUG] Writing 2510 records back to /Users/geniustarigan/.openclaw/workspace/COMPLETE_SIGNALS.jsonl
[PEC-DEBUG] ✅ Atomic write complete: 2510 records written to /Users/geniustarigan/.openclaw/workspace/COMPLETE_SIGNALS.jsonl
[2026-06-18 20:11:25] [UPDATE] Update complete: no status changes
[2026-06-18 20:11:25] [DEBUG] Sleeping for 300s until next cycle...
[2026-06-18 20:16:25] [INFO] Running update cycle...
[PEC-DEBUG] Reading from: /Users/geniustarigan/.openclaw/workspace/COMPLETE_SIGNALS.jsonl
[PEC-DEBUG] Loaded 2523 total signals from file
[PEC-DEBUG] Processing 2523 total records, checking OPEN signals...
[PEC-DEBUG] Writing 2523 records back to /Users/geniustarigan/.openclaw/workspace/COMPLETE_SIGNALS.jsonl
[PEC-DEBUG] ✅ Atomic write complete: 2523 records written to /Users/geniustarigan/.openclaw/workspace/COMPLETE_SIGNALS.jsonl
[2026-06-18 20:16:25] [UPDATE] Update complete: no status changes
[2026-06-18 20:16:25] [DEBUG] Sleeping for 300s until next cycle...
[2026-06-18 20:21:25] [INFO] Running update cycle...
[PEC-DEBUG] Reading from: /Users/geniustarigan/.openclaw/workspace/COMPLETE_SIGNALS.jsonl
[PEC-DEBUG] Loaded 2534 total signals from file
[PEC-DEBUG] Processing 2534 total records, checking OPEN signals...
[PEC-DEBUG] Writing 2534 records back to /Users/geniustarigan/.openclaw/workspace/COMPLETE_SIGNALS.jsonl
[PEC-DEBUG] ✅ Atomic write complete: 2534 records written to /Users/geniustarigan/.openclaw/workspace/COMPLETE_SIGNALS.jsonl
[2026-06-18 20:21:25] [UPDATE] Update complete: no status changes
[2026-06-18 20:21:25] [DEBUG] Sleeping for 300s until next cycle...
[2026-06-18 20:26:25] [INFO] Running update cycle...
[PEC-DEBUG] Reading from: /Users/geniustarigan/.openclaw/workspace/COMPLETE_SIGNALS.jsonl
[PEC-DEBUG] Loaded 2551 total signals from file
[PEC-DEBUG] Processing 2551 total records, checking OPEN signals...
[PEC-DEBUG] Writing 2551 records back to /Users/geniustarigan/.openclaw/workspace/COMPLETE_SIGNALS.jsonl
[PEC-DEBUG] ✅ Atomic write complete: 2551 records written to /Users/geniustarigan/.openclaw/workspace/COMPLETE_SIGNALS.jsonl
[2026-06-18 20:26:25] [UPDATE] Update complete: no status changes
[2026-06-18 20:26:25] [DEBUG] Sleeping for 300s until next cycle...
[2026-06-18 20:31:25] [INFO] Running update cycle...
[PEC-DEBUG] Reading from: /Users/geniustarigan/.openclaw/workspace/COMPLETE_SIGNALS.jsonl
[PEC-DEBUG] Loaded 2565 total signals from file
[PEC-DEBUG] Processing 2565 total records, checking OPEN signals...
[PEC-DEBUG] Writing 2565 records back to /Users/geniustarigan/.openclaw/workspace/COMPLETE_SIGNALS.jsonl
[PEC-DEBUG] ✅ Atomic write complete: 2565 records written to /Users/geniustarigan/.openclaw/workspace/COMPLETE_SIGNALS.jsonl
[2026-06-18 20:31:25] [UPDATE] Update complete: no status changes
[2026-06-18 20:31:25] [DEBUG] Sleeping for 300s until next cycle...
[2026-06-18 20:36:25] [INFO] Running update cycle...
[PEC-DEBUG] Reading from: /Users/geniustarigan/.openclaw/workspace/COMPLETE_SIGNALS.jsonl
[PEC-DEBUG] Loaded 2579 total signals from file
[PEC-DEBUG] Processing 2579 total records, checking OPEN signals...
[PEC-DEBUG] Writing 2579 records back to /Users/geniustarigan/.openclaw/workspace/COMPLETE_SIGNALS.jsonl
[PEC-DEBUG] ✅ Atomic write complete: 2579 records written to /Users/geniustarigan/.openclaw/workspace/COMPLETE_SIGNALS.jsonl
[2026-06-18 20:36:25] [UPDATE] Update complete: no status changes
[2026-06-18 20:36:25] [DEBUG] Sleeping for 300s until next cycle...
[2026-06-18 20:41:25] [INFO] Running update cycle...
[PEC-DEBUG] Reading from: /Users/geniustarigan/.openclaw/workspace/COMPLETE_SIGNALS.jsonl
[PEC-DEBUG] Loaded 2606 total signals from file
[PEC-DEBUG] Processing 2606 total records, checking OPEN signals...
[PEC-DEBUG] Writing 2606 records back to /Users/geniustarigan/.openclaw/workspace/COMPLETE_SIGNALS.jsonl
[PEC-DEBUG] ✅ Atomic write complete: 2606 records written to /Users/geniustarigan/.openclaw/workspace/COMPLETE_SIGNALS.jsonl
[2026-06-18 20:41:26] [UPDATE] Update complete: no status changes
[2026-06-18 20:41:26] [DEBUG] Sleeping for 300s until next cycle...
[2026-06-18 20:46:26] [INFO] Running update cycle...
[PEC-DEBUG] Reading from: /Users/geniustarigan/.openclaw/workspace/COMPLETE_SIGNALS.jsonl
[PEC-DEBUG] Loaded 2639 total signals from file
[PEC-DEBUG] Processing 2639 total records, checking OPEN signals...
[PEC-DEBUG] Writing 2639 records back to /Users/geniustarigan/.openclaw/workspace/COMPLETE_SIGNALS.jsonl
[PEC-DEBUG] ✅ Atomic write complete: 2639 records written to /Users/geniustarigan/.openclaw/workspace/COMPLETE_SIGNALS.jsonl
[2026-06-18 20:46:26] [UPDATE] Update complete: no status changes
[2026-06-18 20:46:26] [DEBUG] Sleeping for 300s until next cycle...
[2026-06-18 20:51:26] [INFO] Running update cycle...
[PEC-DEBUG] Reading from: /Users/geniustarigan/.openclaw/workspace/COMPLETE_SIGNALS.jsonl
[PEC-DEBUG] Loaded 2675 total signals from file
[PEC-DEBUG] Processing 2675 total records, checking OPEN signals...
[PEC-DEBUG] Writing 2675 records back to /Users/geniustarigan/.openclaw/workspace/COMPLETE_SIGNALS.jsonl
[PEC-DEBUG] ✅ Atomic write complete: 2675 records written to /Users/geniustarigan/.openclaw/workspace/COMPLETE_SIGNALS.jsonl
[2026-06-18 20:51:26] [UPDATE] Update complete: no status changes
[2026-06-18 20:51:26] [DEBUG] Sleeping for 300s until next cycle...
[2026-06-18 20:56:26] [INFO] Running update cycle...
[PEC-DEBUG] Reading from: /Users/geniustarigan/.openclaw/workspace/COMPLETE_SIGNALS.jsonl
[PEC-DEBUG] Loaded 2712 total signals from file
[PEC-DEBUG] Processing 2712 total records, checking OPEN signals...
[PEC-DEBUG] Writing 2712 records back to /Users/geniustarigan/.openclaw/workspace/COMPLETE_SIGNALS.jsonl
[PEC-DEBUG] ✅ Atomic write complete: 2712 records written to /Users/geniustarigan/.openclaw/workspace/COMPLETE_SIGNALS.jsonl
[2026-06-18 20:56:26] [UPDATE] Update complete: no status changes
[2026-06-18 20:56:26] [DEBUG] Sleeping for 300s until next cycle...
[2026-06-18 21:01:26] [INFO] Running update cycle...
[PEC-DEBUG] Reading from: /Users/geniustarigan/.openclaw/workspace/COMPLETE_SIGNALS.jsonl
[PEC-DEBUG] Loaded 2748 total signals from file
[PEC-DEBUG] Processing 2748 total records, checking OPEN signals...
[PEC-DEBUG] Writing 2748 records back to /Users/geniustarigan/.openclaw/workspace/COMPLETE_SIGNALS.jsonl
[PEC-DEBUG] ✅ Atomic write complete: 2748 records written to /Users/geniustarigan/.openclaw/workspace/COMPLETE_SIGNALS.jsonl
[2026-06-18 21:01:26] [UPDATE] Update complete: no status changes
[2026-06-18 21:01:26] [DEBUG] Sleeping for 300s until next cycle...
[2026-06-18 21:06:26] [INFO] Running update cycle...
[PEC-DEBUG] Reading from: /Users/geniustarigan/.openclaw/workspace/COMPLETE_SIGNALS.jsonl
[PEC-DEBUG] Loaded 2769 total signals from file
[PEC-DEBUG] Processing 2769 total records, checking OPEN signals...
[PEC-DEBUG] Writing 2769 records back to /Users/geniustarigan/.openclaw/workspace/COMPLETE_SIGNALS.jsonl
[PEC-DEBUG] ✅ Atomic write complete: 2769 records written to /Users/geniustarigan/.openclaw/workspace/COMPLETE_SIGNALS.jsonl
[2026-06-18 21:06:27] [UPDATE] Update complete: no status changes
[2026-06-18 21:06:27] [DEBUG] Sleeping for 300s until next cycle...
[2026-06-18 21:11:27] [INFO] Running update cycle...
[PEC-DEBUG] Reading from: /Users/geniustarigan/.openclaw/workspace/COMPLETE_SIGNALS.jsonl
[PEC-DEBUG] Loaded 2782 total signals from file
[PEC-DEBUG] Processing 2782 total records, checking OPEN signals...
[PEC-DEBUG] Writing 2782 records back to /Users/geniustarigan/.openclaw/workspace/COMPLETE_SIGNALS.jsonl
[PEC-DEBUG] ✅ Atomic write complete: 2782 records written to /Users/geniustarigan/.openclaw/workspace/COMPLETE_SIGNALS.jsonl
[2026-06-18 21:11:27] [UPDATE] Update complete: no status changes
[2026-06-18 21:11:27] [DEBUG] Sleeping for 300s until next cycle...
[2026-06-18 21:16:27] [INFO] Running update cycle...
[PEC-DEBUG] Reading from: /Users/geniustarigan/.openclaw/workspace/COMPLETE_SIGNALS.jsonl
[PEC-DEBUG] Loaded 2795 total signals from file
[PEC-DEBUG] Processing 2795 total records, checking OPEN signals...
[PEC-DEBUG] Writing 2795 records back to /Users/geniustarigan/.openclaw/workspace/COMPLETE_SIGNALS.jsonl
[PEC-DEBUG] ✅ Atomic write complete: 2795 records written to /Users/geniustarigan/.openclaw/workspace/COMPLETE_SIGNALS.jsonl
[2026-06-18 21:16:27] [UPDATE] Update complete: no status changes
[2026-06-18 21:16:27] [DEBUG] Sleeping for 300s until next cycle...
[2026-06-18 21:21:27] [INFO] Running update cycle...
[PEC-DEBUG] Reading from: /Users/geniustarigan/.openclaw/workspace/COMPLETE_SIGNALS.jsonl
[PEC-DEBUG] Loaded 2812 total signals from file
[PEC-DEBUG] Processing 2812 total records, checking OPEN signals...
[PEC-DEBUG] Writing 2812 records back to /Users/geniustarigan/.openclaw/workspace/COMPLETE_SIGNALS.jsonl
[PEC-DEBUG] ✅ Atomic write complete: 2812 records written to /Users/geniustarigan/.openclaw/workspace/COMPLETE_SIGNALS.jsonl
[2026-06-18 21:21:27] [UPDATE] Update complete: no status changes
[2026-06-18 21:21:27] [DEBUG] Sleeping for 300s until next cycle...
[2026-06-18 21:26:27] [INFO] Running update cycle...
[PEC-DEBUG] Reading from: /Users/geniustarigan/.openclaw/workspace/COMPLETE_SIGNALS.jsonl
[PEC-DEBUG] Loaded 2832 total signals from file
[PEC-DEBUG] Processing 2832 total records, checking OPEN signals...
[PEC-DEBUG] Writing 2832 records back to /Users/geniustarigan/.openclaw/workspace/COMPLETE_SIGNALS.jsonl
[PEC-DEBUG] ✅ Atomic write complete: 2832 records written to /Users/geniustarigan/.openclaw/workspace/COMPLETE_SIGNALS.jsonl
[2026-06-18 21:26:27] [UPDATE] Update complete: no status changes
[2026-06-18 21:26:27] [DEBUG] Sleeping for 300s until next cycle...
[2026-06-18 21:31:28] [INFO] Running update cycle...
[PEC-DEBUG] Reading from: /Users/geniustarigan/.openclaw/workspace/COMPLETE_SIGNALS.jsonl
[PEC-DEBUG] Loaded 2852 total signals from file
[PEC-DEBUG] Processing 2852 total records, checking OPEN signals...
[PEC-DEBUG] Writing 2852 records back to /Users/geniustarigan/.openclaw/workspace/COMPLETE_SIGNALS.jsonl
[PEC-DEBUG] ✅ Atomic write complete: 2852 records written to /Users/geniustarigan/.openclaw/workspace/COMPLETE_SIGNALS.jsonl
[2026-06-18 21:31:28] [UPDATE] Update complete: no status changes
[2026-06-18 21:31:28] [DEBUG] Sleeping for 300s until next cycle...
[2026-06-18 21:36:28] [INFO] Running update cycle...
[PEC-DEBUG] Reading from: /Users/geniustarigan/.openclaw/workspace/COMPLETE_SIGNALS.jsonl
[PEC-DEBUG] Loaded 2873 total signals from file
[PEC-DEBUG] Processing 2873 total records, checking OPEN signals...
[PEC-DEBUG] Writing 2873 records back to /Users/geniustarigan/.openclaw/workspace/COMPLETE_SIGNALS.jsonl
[PEC-DEBUG] ✅ Atomic write complete: 2873 records written to /Users/geniustarigan/.openclaw/workspace/COMPLETE_SIGNALS.jsonl
[2026-06-18 21:36:28] [UPDATE] Update complete: no status changes
[2026-06-18 21:36:28] [DEBUG] Sleeping for 300s until next cycle...
[2026-06-18 21:41:28] [INFO] Running update cycle...
[PEC-DEBUG] Reading from: /Users/geniustarigan/.openclaw/workspace/COMPLETE_SIGNALS.jsonl
[PEC-DEBUG] Loaded 2893 total signals from file
[PEC-DEBUG] Processing 2893 total records, checking OPEN signals...
[PEC-DEBUG] Writing 2893 records back to /Users/geniustarigan/.openclaw/workspace/COMPLETE_SIGNALS.jsonl
[PEC-DEBUG] ✅ Atomic write complete: 2893 records written to /Users/geniustarigan/.openclaw/workspace/COMPLETE_SIGNALS.jsonl
[2026-06-18 21:41:28] [UPDATE] Update complete: no status changes
[2026-06-18 21:41:28] [DEBUG] Sleeping for 300s until next cycle...
[2026-06-18 21:46:28] [INFO] Running update cycle...
[PEC-DEBUG] Reading from: /Users/geniustarigan/.openclaw/workspace/COMPLETE_SIGNALS.jsonl
[PEC-DEBUG] Loaded 2912 total signals from file
[PEC-DEBUG] Processing 2912 total records, checking OPEN signals...
[PEC-DEBUG] Writing 2912 records back to /Users/geniustarigan/.openclaw/workspace/COMPLETE_SIGNALS.jsonl
[PEC-DEBUG] ✅ Atomic write complete: 2912 records written to /Users/geniustarigan/.openclaw/workspace/COMPLETE_SIGNALS.jsonl
[2026-06-18 21:46:28] [UPDATE] Update complete: no status changes
[2026-06-18 21:46:28] [DEBUG] Sleeping for 300s until next cycle...
[2026-06-18 21:51:29] [INFO] Running update cycle...
[PEC-DEBUG] Reading from: /Users/geniustarigan/.openclaw/workspace/COMPLETE_SIGNALS.jsonl
[PEC-DEBUG] Loaded 2926 total signals from file
[PEC-DEBUG] Processing 2926 total records, checking OPEN signals...
[PEC-DEBUG] Writing 2926 records back to /Users/geniustarigan/.openclaw/workspace/COMPLETE_SIGNALS.jsonl
[PEC-DEBUG] ✅ Atomic write complete: 2926 records written to /Users/geniustarigan/.openclaw/workspace/COMPLETE_SIGNALS.jsonl
[2026-06-18 21:51:29] [UPDATE] Update complete: no status changes
[2026-06-18 21:51:29] [DEBUG] Sleeping for 300s until next cycle...
[2026-06-18 21:56:29] [INFO] Running update cycle...
[PEC-DEBUG] Reading from: /Users/geniustarigan/.openclaw/workspace/COMPLETE_SIGNALS.jsonl
[PEC-DEBUG] Loaded 2951 total signals from file
[PEC-DEBUG] Processing 2951 total records, checking OPEN signals...
[PEC-DEBUG] Writing 2951 records back to /Users/geniustarigan/.openclaw/workspace/COMPLETE_SIGNALS.jsonl
[PEC-DEBUG] ✅ Atomic write complete: 2951 records written to /Users/geniustarigan/.openclaw/workspace/COMPLETE_SIGNALS.jsonl
[2026-06-18 21:56:29] [UPDATE] Update complete: no status changes
[2026-06-18 21:56:29] [DEBUG] Sleeping for 300s until next cycle...
[2026-06-18 22:01:29] [INFO] Running update cycle...
[PEC-DEBUG] Reading from: /Users/geniustarigan/.openclaw/workspace/COMPLETE_SIGNALS.jsonl
[PEC-DEBUG] Loaded 2973 total signals from file
[PEC-DEBUG] Processing 2973 total records, checking OPEN signals...
[PEC-DEBUG] Writing 2973 records back to /Users/geniustarigan/.openclaw/workspace/COMPLETE_SIGNALS.jsonl
[PEC-DEBUG] ✅ Atomic write complete: 2973 records written to /Users/geniustarigan/.openclaw/workspace/COMPLETE_SIGNALS.jsonl
[2026-06-18 22:01:29] [UPDATE] Update complete: no status changes
[2026-06-18 22:01:29] [DEBUG] Sleeping for 300s until next cycle...
[2026-06-18 22:06:29] [INFO] Running update cycle...
[PEC-DEBUG] Reading from: /Users/geniustarigan/.openclaw/workspace/COMPLETE_SIGNALS.jsonl
[PEC-DEBUG] Loaded 2991 total signals from file
[PEC-DEBUG] Processing 2991 total records, checking OPEN signals...
[PEC-DEBUG] Writing 2991 records back to /Users/geniustarigan/.openclaw/workspace/COMPLETE_SIGNALS.jsonl
[PEC-DEBUG] ✅ Atomic write complete: 2991 records written to /Users/geniustarigan/.openclaw/workspace/COMPLETE_SIGNALS.jsonl
[2026-06-18 22:06:29] [UPDATE] Update complete: no status changes
[2026-06-18 22:06:29] [DEBUG] Sleeping for 300s until next cycle...
[2026-06-18 22:11:29] [INFO] Running update cycle...
[PEC-DEBUG] Reading from: /Users/geniustarigan/.openclaw/workspace/COMPLETE_SIGNALS.jsonl
[PEC-DEBUG] Loaded 3012 total signals from file
[PEC-DEBUG] Processing 3012 total records, checking OPEN signals...
[PEC-DEBUG] Writing 3012 records back to /Users/geniustarigan/.openclaw/workspace/COMPLETE_SIGNALS.jsonl
[PEC-DEBUG] ✅ Atomic write complete: 3012 records written to /Users/geniustarigan/.openclaw/workspace/COMPLETE_SIGNALS.jsonl
[2026-06-18 22:11:30] [UPDATE] Update complete: no status changes
[2026-06-18 22:11:30] [DEBUG] Sleeping for 300s until next cycle...
[2026-06-18 22:16:30] [INFO] Running update cycle...
[PEC-DEBUG] Reading from: /Users/geniustarigan/.openclaw/workspace/COMPLETE_SIGNALS.jsonl
[PEC-DEBUG] Loaded 3029 total signals from file
[PEC-DEBUG] Processing 3029 total records, checking OPEN signals...
[PEC-DEBUG] Writing 3029 records back to /Users/geniustarigan/.openclaw/workspace/COMPLETE_SIGNALS.jsonl
[PEC-DEBUG] ✅ Atomic write complete: 3029 records written to /Users/geniustarigan/.openclaw/workspace/COMPLETE_SIGNALS.jsonl
[2026-06-18 22:16:30] [UPDATE] Update complete: no status changes
[2026-06-18 22:16:30] [DEBUG] Sleeping for 300s until next cycle...
[2026-06-18 22:21:30] [INFO] Running update cycle...
[PEC-DEBUG] Reading from: /Users/geniustarigan/.openclaw/workspace/COMPLETE_SIGNALS.jsonl
[PEC-DEBUG] Loaded 3056 total signals from file
[PEC-DEBUG] Processing 3056 total records, checking OPEN signals...
[PEC-DEBUG] Writing 3056 records back to /Users/geniustarigan/.openclaw/workspace/COMPLETE_SIGNALS.jsonl
[PEC-DEBUG] ✅ Atomic write complete: 3056 records written to /Users/geniustarigan/.openclaw/workspace/COMPLETE_SIGNALS.jsonl
[2026-06-18 22:21:30] [UPDATE] Update complete: no status changes
[2026-06-18 22:21:30] [DEBUG] Sleeping for 300s until next cycle...
[2026-06-18 22:26:30] [INFO] Running update cycle...
[PEC-DEBUG] Reading from: /Users/geniustarigan/.openclaw/workspace/COMPLETE_SIGNALS.jsonl
[PEC-DEBUG] Loaded 3091 total signals from file
[PEC-DEBUG] Processing 3091 total records, checking OPEN signals...
[PEC-DEBUG] Writing 3091 records back to /Users/geniustarigan/.openclaw/workspace/COMPLETE_SIGNALS.jsonl
[PEC-DEBUG] ✅ Atomic write complete: 3091 records written to /Users/geniustarigan/.openclaw/workspace/COMPLETE_SIGNALS.jsonl
[2026-06-18 22:26:30] [UPDATE] Update complete: no status changes
[2026-06-18 22:26:30] [DEBUG] Sleeping for 300s until next cycle...
[2026-06-18 22:31:30] [INFO] Running update cycle...
[PEC-DEBUG] Reading from: /Users/geniustarigan/.openclaw/workspace/COMPLETE_SIGNALS.jsonl
[PEC-DEBUG] Loaded 3135 total signals from file
[PEC-DEBUG] Processing 3135 total records, checking OPEN signals...
[PEC-DEBUG] Writing 3135 records back to /Users/geniustarigan/.openclaw/workspace/COMPLETE_SIGNALS.jsonl
[PEC-DEBUG] ✅ Atomic write complete: 3135 records written to /Users/geniustarigan/.openclaw/workspace/COMPLETE_SIGNALS.jsonl
[2026-06-18 22:31:30] [UPDATE] Update complete: no status changes
[2026-06-18 22:31:30] [DEBUG] Sleeping for 300s until next cycle...
[2026-06-18 22:36:30] [INFO] Running update cycle...
[PEC-DEBUG] Reading from: /Users/geniustarigan/.openclaw/workspace/COMPLETE_SIGNALS.jsonl
[PEC-DEBUG] Loaded 3163 total signals from file
[PEC-DEBUG] Processing 3163 total records, checking OPEN signals...
[PEC-DEBUG] Writing 3163 records back to /Users/geniustarigan/.openclaw/workspace/COMPLETE_SIGNALS.jsonl
[PEC-DEBUG] ✅ Atomic write complete: 3163 records written to /Users/geniustarigan/.openclaw/workspace/COMPLETE_SIGNALS.jsonl
[2026-06-18 22:36:31] [UPDATE] Update complete: no status changes
[2026-06-18 22:36:31] [DEBUG] Sleeping for 300s until next cycle...
[2026-06-18 22:41:31] [INFO] Running update cycle...
[PEC-DEBUG] Reading from: /Users/geniustarigan/.openclaw/workspace/COMPLETE_SIGNALS.jsonl
[PEC-DEBUG] Loaded 3199 total signals from file
[PEC-DEBUG] Processing 3199 total records, checking OPEN signals...
[PEC-DEBUG] Writing 3199 records back to /Users/geniustarigan/.openclaw/workspace/COMPLETE_SIGNALS.jsonl
[PEC-DEBUG] ✅ Atomic write complete: 3199 records written to /Users/geniustarigan/.openclaw/workspace/COMPLETE_SIGNALS.jsonl
[2026-06-18 22:41:31] [UPDATE] Update complete: no status changes
[2026-06-18 22:41:31] [DEBUG] Sleeping for 300s until next cycle...
[2026-06-18 22:46:31] [INFO] Running update cycle...
[PEC-DEBUG] Reading from: /Users/geniustarigan/.openclaw/workspace/COMPLETE_SIGNALS.jsonl
[PEC-DEBUG] Loaded 3233 total signals from file
[PEC-DEBUG] Processing 3233 total records, checking OPEN signals...
[PEC-DEBUG] Writing 3233 records back to /Users/geniustarigan/.openclaw/workspace/COMPLETE_SIGNALS.jsonl
[PEC-DEBUG] ✅ Atomic write complete: 3233 records written to /Users/geniustarigan/.openclaw/workspace/COMPLETE_SIGNALS.jsonl
[2026-06-18 22:46:31] [UPDATE] Update complete: no status changes
[2026-06-18 22:46:31] [DEBUG] Sleeping for 300s until next cycle...
[2026-06-18 22:51:31] [INFO] Running update cycle...
[PEC-DEBUG] Reading from: /Users/geniustarigan/.openclaw/workspace/COMPLETE_SIGNALS.jsonl
[PEC-DEBUG] Loaded 3277 total signals from file
[PEC-DEBUG] Processing 3277 total records, checking OPEN signals...
[PEC-DEBUG] Writing 3277 records back to /Users/geniustarigan/.openclaw/workspace/COMPLETE_SIGNALS.jsonl
[PEC-DEBUG] ✅ Atomic write complete: 3277 records written to /Users/geniustarigan/.openclaw/workspace/COMPLETE_SIGNALS.jsonl
[2026-06-18 22:51:31] [UPDATE] Update complete: no status changes
[2026-06-18 22:51:31] [DEBUG] Sleeping for 300s until next cycle...
[2026-06-18 22:56:31] [INFO] Running update cycle...
[PEC-DEBUG] Reading from: /Users/geniustarigan/.openclaw/workspace/COMPLETE_SIGNALS.jsonl
[PEC-DEBUG] Loaded 3318 total signals from file
[PEC-DEBUG] Processing 3318 total records, checking OPEN signals...
[PEC-DEBUG] Writing 3318 records back to /Users/geniustarigan/.openclaw/workspace/COMPLETE_SIGNALS.jsonl
[PEC-DEBUG] ✅ Atomic write complete: 3318 records written to /Users/geniustarigan/.openclaw/workspace/COMPLETE_SIGNALS.jsonl
[2026-06-18 22:56:31] [UPDATE] Update complete: no status changes
[2026-06-18 22:56:31] [DEBUG] Sleeping for 300s until next cycle...
[2026-06-18 23:01:32] [INFO] Running update cycle...
[PEC-DEBUG] Reading from: /Users/geniustarigan/.openclaw/workspace/COMPLETE_SIGNALS.jsonl
[PEC-DEBUG] Loaded 3358 total signals from file
[PEC-DEBUG] Processing 3358 total records, checking OPEN signals...
[PEC-DEBUG] Writing 3358 records back to /Users/geniustarigan/.openclaw/workspace/COMPLETE_SIGNALS.jsonl
[PEC-DEBUG] ✅ Atomic write complete: 3358 records written to /Users/geniustarigan/.openclaw/workspace/COMPLETE_SIGNALS.jsonl
[2026-06-18 23:01:32] [UPDATE] Update complete: no status changes
[2026-06-18 23:01:32] [DEBUG] Sleeping for 300s until next cycle...
[2026-06-18 23:06:32] [INFO] Running update cycle...
[PEC-DEBUG] Reading from: /Users/geniustarigan/.openclaw/workspace/COMPLETE_SIGNALS.jsonl
[PEC-DEBUG] Loaded 3372 total signals from file
[PEC-DEBUG] Processing 3372 total records, checking OPEN signals...
[PEC-DEBUG] Writing 3372 records back to /Users/geniustarigan/.openclaw/workspace/COMPLETE_SIGNALS.jsonl
[PEC-DEBUG] ✅ Atomic write complete: 3372 records written to /Users/geniustarigan/.openclaw/workspace/COMPLETE_SIGNALS.jsonl
[2026-06-18 23:06:32] [UPDATE] Update complete: no status changes
[2026-06-18 23:06:32] [DEBUG] Sleeping for 300s until next cycle...
[2026-06-18 23:11:32] [INFO] Running update cycle...
[PEC-DEBUG] Reading from: /Users/geniustarigan/.openclaw/workspace/COMPLETE_SIGNALS.jsonl
[PEC-DEBUG] Loaded 3378 total signals from file
[PEC-DEBUG] Processing 3378 total records, checking OPEN signals...
[PEC-DEBUG] Writing 3378 records back to /Users/geniustarigan/.openclaw/workspace/COMPLETE_SIGNALS.jsonl
[PEC-DEBUG] ✅ Atomic write complete: 3378 records written to /Users/geniustarigan/.openclaw/workspace/COMPLETE_SIGNALS.jsonl
[2026-06-18 23:11:32] [UPDATE] Update complete: no status changes
[2026-06-18 23:11:32] [DEBUG] Sleeping for 300s until next cycle...
[2026-06-18 23:16:32] [INFO] Running update cycle...
[PEC-DEBUG] Reading from: /Users/geniustarigan/.openclaw/workspace/COMPLETE_SIGNALS.jsonl
[PEC-DEBUG] Loaded 3382 total signals from file
[PEC-DEBUG] Processing 3382 total records, checking OPEN signals...
[PEC-DEBUG] Writing 3382 records back to /Users/geniustarigan/.openclaw/workspace/COMPLETE_SIGNALS.jsonl
[PEC-DEBUG] ✅ Atomic write complete: 3382 records written to /Users/geniustarigan/.openclaw/workspace/COMPLETE_SIGNALS.jsonl
[2026-06-18 23:16:32] [UPDATE] Update complete: no status changes
[2026-06-18 23:16:32] [DEBUG] Sleeping for 300s until next cycle...
[2026-06-18 23:21:32] [INFO] Running update cycle...
[PEC-DEBUG] Reading from: /Users/geniustarigan/.openclaw/workspace/COMPLETE_SIGNALS.jsonl
[PEC-DEBUG] Loaded 3390 total signals from file
[PEC-DEBUG] Processing 3390 total records, checking OPEN signals...
[PEC-DEBUG] Writing 3390 records back to /Users/geniustarigan/.openclaw/workspace/COMPLETE_SIGNALS.jsonl
[PEC-DEBUG] ✅ Atomic write complete: 3390 records written to /Users/geniustarigan/.openclaw/workspace/COMPLETE_SIGNALS.jsonl
[2026-06-18 23:21:33] [UPDATE] Update complete: no status changes
[2026-06-18 23:21:33] [DEBUG] Sleeping for 300s until next cycle...
