🚀 Hourly PEC Reporter Daemon started at Thu Mar  5 19:51:18 WIB 2026
Will capture reports every hour at :00 minutes

⏰ 2026-03-05 20:00:19 - Running hourly reporter...
[HOURLY REPORTER] Running at 2026-03-05 20:00:19 GMT+7
✅ Report saved: /Users/geniustarigan/.openclaw/workspace/REPORTS/pec_report_2026-03-05_20-00.txt
   NEWT-USDT    15min    LONG   TREND CONTINUATION   BULL   82%    LOW_ALTS     SL_HIT     0.069379     0.069280     $-1.4314   Mar-05 05:42:42 Mar-05 05:48:40    00:05:58     ✓ CLEAN
   NEWT-USDT    30min    LONG   NONE                 BULL   76%    LOW_ALTS     TIMEOUT    0.072402     0.069610     $-38.5669  Mar-02 21:55:35 Mar-04 00:46:52    05:00:00     ⚠️  STALE_TIMEOUT_21h_overdue
   NEWT-USDT    30min    LONG   NONE                 BULL   76%    LOW_ALTS     TIMEOUT    0.072402     0.069610     $-38.5669  Mar-02 21:55:35 Mar-04 00:46:52    05:00:00     ⚠️  STALE_TIMEOUT_21h_overdue
   NEWT-USDT    15min    SHORT  TREND CONTINUATION   BEAR   80%    LOW_ALTS     SL_HIT     0.071229     0.072230     $-13.8627  Mar-02 20:03:25 Mar-02 21:48:03    01:44:37     ✓ CLEAN
   NEWT-USDT    15min    SHORT  TREND CONTINUATION   BEAR   80%    LOW_ALTS     SL_HIT     0.071229     0.072230     $-13.8627  Mar-02 20:03:25 Mar-02 21:48:03    01:44:37     ✓ CLEAN
   NEWT-USDT    30min    LONG   TREND CONTINUATION   BULL   76%    LOW_ALTS     SL_HIT     0.074735     0.073200     $-20.5348  Mar-02 18:21:05 Mar-02 19:28:49    01:07:44     ✓ CLEAN
   NEWT-USDT    30min    LONG   TREND CONTINUATION   BULL   76%    LOW_ALTS     SL_HIT     0.074735     0.073200     $-20.5348  Mar-02 18:21:05 Mar-02 19:28:49    01:07:44     ✓ CLEAN
   NEWT-USDT    30min    LONG   TREND CONTINUATION   BULL   77%    LOW_ALTS     SL_HIT     0.073904     0.072600     $-17.6423  Mar-02 17:19:45 Mar-02 19:36:52    02:17:07     ✓ CLEAN
   NEWT-USDT    30min    LONG   TREND CONTINUATION   BULL   77%    LOW_ALTS     SL_HIT     0.073904     0.072600     $-17.6423  Mar-02 17:19:45 Mar-02 19:36:52    02:17:07     ✓ CLEAN
   NEWT-USDT    15min    LONG   TREND CONTINUATION   BULL   83%    LOW_ALTS     TP_HIT     0.073904     0.075770     $+25.2513  Mar-02 17:19:42 Mar-02 18:39:30    01:19:47     ✓ CLEAN
   NEWT-USDT    15min    LONG   TREND CONTINUATION   BULL   83%    LOW_ALTS     TP_HIT     0.073904     0.075770     $+25.2513  Mar-02 17:19:42 Mar-02 18:39:30    01:19:47     ✓ CLEAN
   NEWT-USDT    30min    LONG   NONE                 RANGE  79%    LOW_ALTS     SL_HIT     0.072843     0.071710     $-15.5509  Mar-02 16:38:15 Mar-02 19:59:26    03:21:11     ✓ CLEAN
   NEWT-USDT    30min    LONG   NONE                 RANGE  79%    LOW_ALTS     SL_HIT     0.072843     0.071710     $-15.5509  Mar-02 16:38:15 Mar-02 19:59:26    03:21:11     ✓ CLEAN
   NEWT-USDT    1h       LONG   TREND CONTINUATION   BULL   83%    LOW_ALTS     SL_HIT     0.073994     0.071530     $-33.2990  Mar-02 12:56:17 Mar-02 15:21:40    02:25:23     ✓ CLEAN
   NEWT-USDT    1h       LONG   TREND CONTINUATION   BULL   83%    LOW_ALTS     SL_HIT     0.073994     0.071530     $-33.2990  Mar-02 12:56:17 Mar-02 15:21:40    02:25:23     ✓ CLEAN
   NEWT-USDT    1h       LONG   TREND CONTINUATION   BULL   83%    LOW_ALTS     TIMEOUT    0.073584     0.071400     $-29.6739  Mar-02 01:23:46 Mar-02 15:20:33    05:00:00     ⚠️  STALE_TIMEOUT_8h_overdue
   NEWT-USDT    1h       LONG   TREND CONTINUATION   BULL   83%    LOW_ALTS     TIMEOUT    0.073584     0.071400     $-29.6739  Mar-02 01:23:46 Mar-02 15:20:33    05:00:00     ⚠️  STALE_TIMEOUT_8h_overdue
   NEWT-USDT    30min    LONG   TREND CONTINUATION   BULL   79%    LOW_ALTS     TIMEOUT    0.073163     0.071400     $-24.0981  Mar-02 01:20:45 Mar-02 15:20:33    05:00:00     ⚠️  STALE_TIMEOUT_8h_overdue
   NEWT-USDT    30min    LONG   TREND CONTINUATION   BULL   79%    LOW_ALTS     TIMEOUT    0.073163     0.071400     $-24.0981  Mar-02 01:20:45 Mar-02 15:20:33    05:00:00     ⚠️  STALE_TIMEOUT_8h_overdue
   NEWT-USDT    15min    LONG   TREND CONTINUATION   BULL   86%    LOW_ALTS     SL_HIT     0.074254     0.071700     $-34.3978  Mar-01 22:43:43 Mar-02 01:02:45    02:19:01     ✓ CLEAN
   NEWT-USDT    15min    LONG   TREND CONTINUATION   BULL   86%    LOW_ALTS     SL_HIT     0.074254     0.071700     $-34.3978  Mar-01 22:43:43 Mar-02 01:02:45    02:19:01     ✓ CLEAN
   NEWT-USDT    1h       LONG   TREND CONTINUATION   BULL   80%    LOW_ALTS     SL_HIT     0.075515     0.071700     $-50.5253  Mar-01 20:51:53 Mar-02 01:02:26    04:10:33     ✓ CLEAN
   NEWT-USDT    1h       LONG   TREND CONTINUATION   BULL   80%    LOW_ALTS     SL_HIT     0.075515     0.071700     $-50.5253  Mar-01 20:51:53 Mar-02 01:02:26    04:10:33     ✓ CLEAN
   NEWT-USDT    15min    LONG   TREND CONTINUATION   BULL   83%    LOW_ALTS     TIMEOUT    0.075345     0.071700     $-48.3809  Mar-01 20:51:51 Mar-02 01:02:26    03:45:00     ✓ CLEAN
   NEWT-USDT    15min    LONG   TREND CONTINUATION   BULL   83%    LOW_ALTS     TIMEOUT    0.075345     0.071700     $-48.3809  Mar-01 20:51:51 Mar-02 01:02:26    03:45:00     ✓ CLEAN
   NEWT-USDT    30min    LONG   TREND CONTINUATION   BEAR   87%    LOW_ALTS     SL_HIT     0.073133     0.071700     $-19.5952  Mar-01 20:50:09 Mar-02 01:02:26    04:12:16     ✓ CLEAN
   NEWT-USDT    30min    LONG   TREND CONTINUATION   BEAR   87%    LOW_ALTS     SL_HIT     0.073133     0.071700     $-19.5952  Mar-01 20:50:09 Mar-02 01:02:26    04:12:16     ✓ CLEAN
   NEWT-USDT    30min    LONG   TREND CONTINUATION   BULL   76%    LOW_ALTS     SL_HIT     0.076647     0.073690     $-38.5741  Feb-28 04:54:21 Feb-28 07:13:45    02:19:24     ✓ CLEAN
   NEWT-USDT    30min    LONG   TREND CONTINUATION   BULL   76%    LOW_ALTS     SL_HIT     0.076647     0.073690     $-38.5741  Feb-28 04:54:21 Feb-28 07:13:45    02:19:24     ✓ CLEAN
   NEWT-USDT    1h       LONG   TREND CONTINUATION   BULL   83%    LOW_ALTS     SL_HIT     0.082663     0.076540     $-74.0671  Feb-28 02:27:54 Feb-28 02:35:36    00:07:41     ✓ CLEAN
   NEWT-USDT    1h       LONG   TREND CONTINUATION   BULL   83%    LOW_ALTS     SL_HIT     0.082663     0.076540     $-74.0671  Feb-28 02:27:54 Feb-28 02:35:36    00:07:41     ✓ CLEAN
   NEWT-USDT    30min    LONG   TREND CONTINUATION   BULL   77%    LOW_ALTS     SL_HIT     0.076476     0.074520     $-25.5817  Feb-28 02:22:48 Feb-28 03:36:33    01:13:44     ✓ CLEAN
   NEWT-USDT    30min    LONG   TREND CONTINUATION   BULL   77%    LOW_ALTS     SL_HIT     0.076476     0.074520     $-25.5817  Feb-28 02:22:48 Feb-28 03:36:33    01:13:44     ✓ CLEAN
   NEWT-USDT    15min    LONG   NONE                 BULL   82%    LOW_ALTS     SL_HIT     0.075706     0.074520     $-15.6611  Feb-28 02:21:08 Feb-28 03:36:33    01:15:24     ✓ CLEAN
   NEWT-USDT    15min    LONG   NONE                 BULL   82%    LOW_ALTS     SL_HIT     0.075706     0.074520     $-15.6611  Feb-28 02:21:08 Feb-28 03:36:33    01:15:24     ✓ CLEAN
   🔒 FOUNDATION BASELINE (IMMUTABLE - Locked at commit c535c34)
✅ Reporter completed at 2026-03-05 20:00:19

⏰ 2026-03-05 21:00:22 - Running hourly reporter...
[HOURLY REPORTER] Running at 2026-03-05 21:00:22 GMT+7
✅ Report saved: /Users/geniustarigan/.openclaw/workspace/REPORTS/pec_report_2026-03-05_21-00.txt
   NEWT-USDT    15min    LONG   TREND CONTINUATION   BULL   82%    LOW_ALTS     SL_HIT     0.069379     0.069280     $-1.4314   Mar-05 05:42:42 Mar-05 05:48:40    00:05:58     ✓ CLEAN
   NEWT-USDT    30min    LONG   NONE                 BULL   76%    LOW_ALTS     TIMEOUT    0.072402     0.069610     $-38.5669  Mar-02 21:55:35 Mar-04 00:46:52    05:00:00     ⚠️  STALE_TIMEOUT_21h_overdue
   NEWT-USDT    15min    SHORT  TREND CONTINUATION   BEAR   80%    LOW_ALTS     SL_HIT     0.071229     0.072230     $-13.8627  Mar-02 20:03:25 Mar-02 21:48:03    01:44:37     ✓ CLEAN
   NEWT-USDT    30min    LONG   TREND CONTINUATION   BULL   76%    LOW_ALTS     SL_HIT     0.074735     0.073200     $-20.5348  Mar-02 18:21:05 Mar-02 19:28:49    01:07:44     ✓ CLEAN
   NEWT-USDT    30min    LONG   TREND CONTINUATION   BULL   77%    LOW_ALTS     SL_HIT     0.073904     0.072600     $-17.6423  Mar-02 17:19:45 Mar-02 19:36:52    02:17:07     ✓ CLEAN
   NEWT-USDT    15min    LONG   TREND CONTINUATION   BULL   83%    LOW_ALTS     TP_HIT     0.073904     0.075770     $+25.2513  Mar-02 17:19:42 Mar-02 18:39:30    01:19:47     ✓ CLEAN
   NEWT-USDT    30min    LONG   NONE                 RANGE  79%    LOW_ALTS     SL_HIT     0.072843     0.071710     $-15.5509  Mar-02 16:38:15 Mar-02 19:59:26    03:21:11     ✓ CLEAN
   NEWT-USDT    1h       LONG   TREND CONTINUATION   BULL   83%    LOW_ALTS     SL_HIT     0.073994     0.071530     $-33.2990  Mar-02 12:56:17 Mar-02 15:21:40    02:25:23     ✓ CLEAN
   NEWT-USDT    1h       LONG   TREND CONTINUATION   BULL   83%    LOW_ALTS     TIMEOUT    0.073584     0.071400     $-29.6739  Mar-02 01:23:46 Mar-02 15:20:33    05:00:00     ⚠️  STALE_TIMEOUT_8h_overdue
   NEWT-USDT    30min    LONG   TREND CONTINUATION   BULL   79%    LOW_ALTS     TIMEOUT    0.073163     0.071400     $-24.0981  Mar-02 01:20:45 Mar-02 15:20:33    05:00:00     ⚠️  STALE_TIMEOUT_8h_overdue
   NEWT-USDT    15min    LONG   TREND CONTINUATION   BULL   86%    LOW_ALTS     SL_HIT     0.074254     0.071700     $-34.3978  Mar-01 22:43:43 Mar-02 01:02:45    02:19:01     ✓ CLEAN
   NEWT-USDT    1h       LONG   TREND CONTINUATION   BULL   80%    LOW_ALTS     SL_HIT     0.075515     0.071700     $-50.5253  Mar-01 20:51:53 Mar-02 01:02:26    04:10:33     ✓ CLEAN
   NEWT-USDT    15min    LONG   TREND CONTINUATION   BULL   83%    LOW_ALTS     TIMEOUT    0.075345     0.071700     $-48.3809  Mar-01 20:51:51 Mar-02 01:02:26    03:45:00     ✓ CLEAN
   NEWT-USDT    30min    LONG   TREND CONTINUATION   BEAR   87%    LOW_ALTS     SL_HIT     0.073133     0.071700     $-19.5952  Mar-01 20:50:09 Mar-02 01:02:26    04:12:16     ✓ CLEAN
   NEWT-USDT    30min    LONG   TREND CONTINUATION   BULL   76%    LOW_ALTS     SL_HIT     0.076647     0.073690     $-38.5741  Feb-28 04:54:21 Feb-28 07:13:45    02:19:24     ✓ CLEAN
   NEWT-USDT    1h       LONG   TREND CONTINUATION   BULL   83%    LOW_ALTS     SL_HIT     0.082663     0.076540     $-74.0671  Feb-28 02:27:54 Feb-28 02:35:36    00:07:41     ✓ CLEAN
   NEWT-USDT    30min    LONG   TREND CONTINUATION   BULL   77%    LOW_ALTS     SL_HIT     0.076476     0.074520     $-25.5817  Feb-28 02:22:48 Feb-28 03:36:33    01:13:44     ✓ CLEAN
   NEWT-USDT    15min    LONG   NONE                 BULL   82%    LOW_ALTS     SL_HIT     0.075706     0.074520     $-15.6611  Feb-28 02:21:08 Feb-28 03:36:33    01:15:24     ✓ CLEAN
   🔒 FOUNDATION BASELINE (IMMUTABLE - Locked at commit c535c34)
✅ Reporter completed at 2026-03-05 21:00:22
