[INFO] main.py script started.
/Users/geniustarigan/Library/Python/3.9/lib/python/site-packages/urllib3/__init__.py:35: NotOpenSSLWarning: urllib3 v2 only supports OpenSSL 1.1.1+, currently the 'ssl' module is compiled with 'LibreSSL 2.8.3'. See: https://github.com/urllib3/urllib3/issues/3020
  warnings.warn(
[INFO] main.py script started.
[INFO] main.py script started.
[PEC_CONFIG] MIN_ACCEPTED_RR = 1.25:1
[PEC_CONFIG] WARNING: MAX_BARS for 4h is very low (2)
[PEC_CONFIG] Validation complete
[INIT] Signal store ready: /Users/geniustarigan/.openclaw/workspace/SENT_SIGNALS.jsonl
[INIT] Sent signal tracker ready: /Users/geniustarigan/.openclaw/workspace/SENT_SIGNALS.jsonl
[INIT] Signals Master writer ready: /Users/geniustarigan/.openclaw/workspace/SIGNALS_MASTER.jsonl
[WARN] Dual-write verifier init failed: name 'VERBOSE_LOGGING' is not defined. Verification disabled.
[INIT] Signal tracker ready: /Users/geniustarigan/.openclaw/workspace/signal_status.jsonl
>>> ENTERED main.py - LIVE SIGNAL MODE
>>> For PEC backtesting, run: python3 run_pec_backtest.py
>>> For historical backtest, run: python3 backtest_real.py
[INFO] Starting Smart Filter engine (LIVE MODE)...

[CYCLE] START at 2026-03-25T16:45:29.543529 (wall: 2026-03-25T23:45:29.545003)
[INFO] Starting Smart Filter cycle (single pass)...
[DEDUP] Loaded 19593 signals into cache (instead of reading file 603 times!)
[LOAD] BTC-USDT: df2h loaded - 100 candles
[DEBUG-TF4h] BTC-USDT: df4h loaded - 100 candles
[CRITICAL-DEBUG] SmartFilter.__init__ BTC-USDT 15min: min_score=10 (source of truth for ALL timeframes)
[SUMMARY] Market regime detected: BULL
[BTC-USDT] analyze() start @ 2026-03-25T16:45:31.182779
[SUMMARY] Reversal decision: NONE
[BTC-USDT] [MACD ENHANCED] Signal: LONG | long_met=5/3, short_met=1
[BTC-USDT] [VWAP Divergence ENHANCED] Signal: SHORT | short_met=4/5, vwap_distance=0.0098, divergence_bars=5, crossover=True
[BTC-USDT] [Chop Zone Check] No signal fired | long_met=1, short_met=1, chop_zone=44.92481452278841, ema9=71262.9082578148, ema21=71293.80278072892, adx=19.022425034737005
[BTC-USDT] [Wick Dominance] lower=0.6000 upper=0.0000 ratio=1.30 exhaust_long=1 exhaust_short=4 | SHORT (3/4)
[BTC-USDT] [Absorption] price_low=True vol=False pressure_long=0.0002 pressure_short=-0.0002 | LONG (3/2)
[BTC-USDT] [S/R SIMPLIFIED] Signal: LONG | close=71453.9000 within margin of support=70559.7000
[BTC-USDT] [Smart Money] vol_ratio=0.01 above_vwap=True below_vwap=False | No signal (long=2 short=2, need 1)
[BTC-USDT] [Liquidity Pool] breakout_long=False breakout_short=False vol_ratio=0.01 | SHORT (1/2)
[BTC-USDT] [Spread Filter ENHANCED] Signal: LONG | long_met=3/4, spread_ratio=0.01, spread_pct=0.0001, slippage_ok=True
[BTC-USDT] [Volatility Model SIMPLIFIED] Signal: LONG | atr=337.071429 > ma=303.059286, close=71453.9000 > ema20=71292.2995
[BTC-USDT] [Volatility Squeeze ENHANCED] Signal: SHORT | short_met=2/6, squeeze_bars=0, bb_tightening=0, momentum=0, volume_buildup=False
[BTC-USDT] [Diagnostic] Skipping SuperGK decision inside analyze(); main.py will perform canonical SuperGK.
[SUMMARY] Reversal decision: NONE
[CRITICAL-FILTERS_OK] BTC-USDT: direction=SHORT | score=5>=10? False | passes=1>=0? True | soft_passed=True | route_veto=✓ → filters_ok=False
[BTC-USDT] [FILTERS_OK_DEBUG] direction=True | score_ok=False | passes_ok=True | soft_gk_ok=True | route_veto_ok=True(NONE)
[SUMMARY] Market regime detected: BULL
[CRITICAL-DEBUG] SmartFilter.__init__ BTC-USDT 30min: min_score=10 (source of truth for ALL timeframes)
[SUMMARY] Market regime detected: BULL
[BTC-USDT] analyze() start @ 2026-03-25T16:45:31.257911
[SUMMARY] Reversal decision: NONE
[BTC-USDT] [TREND ENHANCED] Signal: LONG | long_met=10/7, short_met=1
[BTC-USDT] [MACD ENHANCED] Signal: SHORT | short_met=3/3, long_met=2
[TF-PARAMS] BTC-USDT 30min: HIGH REVERSAL FREQUENCY → 5-bar confirmation
[BTC-USDT] [VWAP Divergence ENHANCED] Signal: SHORT | short_met=4/5, vwap_distance=0.0111, divergence_bars=5, crossover=False
[BTC-USDT] [Chop Zone Check] Signal: LONG | long_met=3, short_met=1, chop_zone=49.32148679336341, ema9=71330.50355644365, ema21=71262.19009427544, adx=27.381778790410813
[BTC-USDT] [Wick Dominance] lower=70.3000 upper=142.8000 ratio=1.30 exhaust_long=1 exhaust_short=4 | SHORT (3/4)
[BTC-USDT] [Absorption] price_low=True vol=False pressure_long=0.0007 pressure_short=-0.0007 | LONG (3/2)
[TF-PARAMS] BTC-USDT 30min: HIGH REVERSAL FREQUENCY → 5-bar confirmation
[BTC-USDT] [S/R SIMPLIFIED] Signal: LONG | close=71453.9000 within margin of support=70559.7000
[BTC-USDT] [Smart Money] vol_ratio=0.69 above_vwap=True below_vwap=False | No signal (long=2 short=2, need 1)
[BTC-USDT] [Liquidity Pool] breakout_long=False breakout_short=False vol_ratio=0.78 | SHORT (1/2)
[BTC-USDT] [Spread Filter ENHANCED] Signal: LONG | long_met=3/4, spread_ratio=0.61, spread_pct=0.0037, slippage_ok=True
[BTC-USDT] [Volatility Model SIMPLIFIED] Signal: LONG | atr=485.292857 > ma=347.339286, close=71453.9000 > ema20=71272.4747
[TF-PARAMS] BTC-USDT 30min: HIGH REVERSAL FREQUENCY → 5-bar confirmation
[BTC-USDT] [Volatility Squeeze ENHANCED] Signal: SHORT | short_met=3/6, squeeze_bars=4, bb_tightening=0, momentum=0, volume_buildup=False
[BTC-USDT] [Diagnostic] Skipping SuperGK decision inside analyze(); main.py will perform canonical SuperGK.
[SUMMARY] Reversal decision: NONE
[CRITICAL-FILTERS_OK] BTC-USDT: direction=SHORT | score=6>=10? False | passes=1>=0? True | soft_passed=True | route_veto=✓ → filters_ok=False
[BTC-USDT] [FILTERS_OK_DEBUG] direction=True | score_ok=False | passes_ok=True | soft_gk_ok=True | route_veto_ok=True(TREND CONTINUATION)
[SUMMARY] Market regime detected: BULL
[CRITICAL-DEBUG] SmartFilter.__init__ BTC-USDT 1h: min_score=10 (source of truth for ALL timeframes)
[SUMMARY] Market regime detected: BULL
[BTC-USDT] analyze() start @ 2026-03-25T16:45:31.337841
[SUMMARY] Reversal decision: BULLISH (Detectors: 2)
[BTC-USDT] [TREND ENHANCED] Signal: LONG | long_met=9/7, short_met=0
[BTC-USDT] [MACD ENHANCED] Signal: LONG | long_met=5/3, short_met=0
[BTC-USDT] [Momentum ENHANCED] Signal: LONG | long_met=3/3, short_met=0
[BTC-USDT] [VWAP Divergence ENHANCED] Signal: SHORT | short_met=4/5, vwap_distance=0.0224, divergence_bars=5, crossover=False
[BTC-USDT] [HH/LL Trend] Signal: SHORT | LH=2, LL=2 (lookback=3, range=1.4366%)
[BTC-USDT] [Chop Zone Check] Signal: LONG | long_met=2, short_met=0, chop_zone=53.22235638214727, ema9=71274.1682910097, ema21=71031.24419299721, adx=17.856088821308713
[BTC-USDT] [Wick Dominance] lower=106.8000 upper=292.7000 ratio=1.30 exhaust_long=2 exhaust_short=3 | LONG (3/4)
[BTC-USDT] [Absorption] price_low=False vol=True pressure_long=-0.0088 pressure_short=0.0088 | SHORT (2/4)
[BTC-USDT] [S/R SIMPLIFIED] Signal: LONG | close=71453.9000 within margin of support=69896.8000
[BTC-USDT] [Smart Money] vol_ratio=1.75 above_vwap=True below_vwap=False | LONG (4/2)
[BTC-USDT] [Liquidity Pool] breakout_long=False breakout_short=False vol_ratio=1.87 | LONG (3/2)
[BTC-USDT] [Spread Filter ENHANCED] Signal: SHORT | short_met=3/4, spread_ratio=2.08, spread_pct=0.0144, slippage_ok=True
[BTC-USDT] [Volatility Model SIMPLIFIED] Signal: LONG | atr=512.621429 > ma=505.594643, close=71453.9000 > ema20=71050.0498
[BTC-USDT] [ATR Momentum Burst SIMPLIFIED] Signal: LONG | atr expanding, move=0.008751 (> 0.000145)
[BTC-USDT] [Volatility Squeeze ENHANCED] Signal: LONG | long_met=4/6, squeeze_bars=0, bb_tightening=2, momentum=0, volume_buildup=True
[BTC-USDT] [Diagnostic] Skipping SuperGK decision inside analyze(); main.py will perform canonical SuperGK.
[SUMMARY] Reversal decision: BULLISH (Detectors: 2)
[CRITICAL-FILTERS_OK] BTC-USDT: direction=LONG | score=12>=10? True | passes=1>=0? True | soft_passed=True | route_veto=✓ → filters_ok=True
[BTC-USDT] ✅ FINAL SIGNAL (filters_ok): LONG on BTC-USDT @ 71453.900000 | Score: 12/19 | Passed GK: 1/1 | Confidence: 62.5% (Weighted: 52.8/84.5) | Route: REVERSAL
[SUMMARY] Market regime detected: BULL
[GATEKEEPER-DISABLED] 1h BTC-USDT: DirectionAwareGatekeeper bypassed (code preserved)
[OrderBookDeltaLog] BTC-USDT | ts=2026-03-25T16:45:31.378709 | source=main_log | buy_wall=0.0 | sell_wall=0.0 | wall_delta=0.0 | midprice=71443.95
[RestingOrderDensityLog] BTC-USDT | ts=2026-03-25T16:45:31.378709 | source=main_log | bid_density=2.31% | ask_density=0.36% | bid_top=0.5168153 | ask_top=0.06481775 | bid_total=22.41956003 | ask_total=17.991875579999995
[SuperGK][MAIN] DISABLED (broken) - bypassing SuperGK for ALL signals
[SuperGK][MAIN] Result -> bias=LONG super_gk_ok=True (bypassed)
[LOG] Sending 1h alert for BTC-USDT
[DEBUG] entry_price_final=71515.44400000 analyzer_price=71453.9
[SIGNAL] BTC-USDT        1h     LONG   @     71515.44 (Score: 12/19) | 2026-03-25 23:45:32
[SUMMARY] Market regime detected: BULL
[PHASE3B-RQ] 1h BTC-USDT LONG: detector_consensus=✓, momentum_alignment=✗, trend_strength=✗, direction_regime_match=✓ → Strength=50%
[PHASE3B-FALLBACK] 1h BTC-USDT: REVERSAL rejected (Too many gates failed: RQ2_momentum_alignment, RQ3_trend_strength) → Routed to TREND_CONTINUATION
[PHASE3B-SCORE] 1h BTC-USDT: ✅ TREND_CONT: LONG trend continuation in BULL (favorable) (score: 60.0)
[MARKET_DRIVEN] REJECTED LONG: RR 0.35 outside bounds (0.5-4.0)
[tp_sl_retracement] MARKET_DRIVEN returned None, falling back to ATR (regime=BULL)
[FIX1-ACTIVE] dir=LONG entry=71515.44400000 tp=72156.22078571 sl=71002.82257143 → reward=640.77678571 risk=512.62142857 rr=1.25
[tp_sl_retracement] ATR_FALLBACK_REGIME_AWARE | direction=LONG entry=71515.44400000 atr=512.62142857 tp=72156.22078571 sl=71002.82257143 rr=1.25 regime=BULL
[DEBUG] calculate_tp_sl -> tp=72156.22078571 sl=71002.82257143 chosen_ratio=None achieved_rr=1.25
[DEBUG] tp_sl full dict for BTC-USDT: {'tp': 72156.22078571, 'sl': 71002.82257143, 'achieved_rr': 1.25, 'atr_value': 512.6214285714274, 'source': 'atr_1_25_to_1_long', 'fib_levels': None, 'chosen_ratio': None, 'sl_capped': False}
[FIRED] Logged: 9072c953-9850-4256-805e-4209de19596b, BTC-USDT, 1h, LONG, 2026-03-25T16:45:32.480753, 99, SCORE: 12, MAX SCORE: 19, PASSED: 1, MAX PASSED: 1, WEIGHTS: 52.8, MAX WEIGHTS: 84.5, CONFIDENCE RATE: 62.5%
[RR_FILTER] 1h signal ACCEPTED: BTC-USDT - RR 1.25 >= MIN 1.25
[SignalStore] Signal stored: c91267ae... (BTC-USDT 1h LONG)
[STORED] Signal captured: BTC-USDT 1h LONG UUID=c91267ae...
[PHASE4A-S4] 1h BTC-USDT: [PHASE4A-S4] ✅ Aligned: 30min=LONG, 1h=LONG
[LOAD] ETH-USDT: df2h loaded - 100 candles
[DEBUG-TF4h] ETH-USDT: df4h loaded - 100 candles
[CRITICAL-DEBUG] SmartFilter.__init__ ETH-USDT 15min: min_score=10 (source of truth for ALL timeframes)
[SUMMARY] Market regime detected: BULL
[ETH-USDT] analyze() start @ 2026-03-25T16:45:34.844322
[SUMMARY] Reversal decision: NONE
[ETH-USDT] [MACD ENHANCED] Signal: SHORT | short_met=3/3, long_met=2
[ETH-USDT] [Momentum ENHANCED] Signal: SHORT | short_met=3/3, long_met=0
[ETH-USDT] [VWAP Divergence ENHANCED] Signal: SHORT | short_met=4/5, vwap_distance=0.0079, divergence_bars=5, crossover=True
[ETH-USDT] [Chop Zone Check] No signal fired | long_met=1, short_met=1, chop_zone=45.29101650044691, ema9=2172.3480279639416, ema21=2174.426589455071, adx=19.239041073940214
[ETH-USDT] [Wick Dominance] lower=0.6700 upper=0.0600 ratio=1.30 exhaust_long=2 exhaust_short=3 | LONG (3/4)
[ETH-USDT] [Absorption] price_low=True vol=False pressure_long=0.0006 pressure_short=-0.0006 | LONG (3/2)
[ETH-USDT] [S/R SIMPLIFIED] Signal: LONG | close=2176.7000 within margin of support=2147.6100
[ETH-USDT] [Smart Money] vol_ratio=0.08 above_vwap=True below_vwap=False | No signal (long=2 short=2, need 1)
[ETH-USDT] [Liquidity Pool] breakout_long=False breakout_short=False vol_ratio=0.08 | SHORT (1/2)
[ETH-USDT] [Spread Filter ENHANCED] Signal: LONG | long_met=3/4, spread_ratio=0.14, spread_pct=0.0008, slippage_ok=True
[ETH-USDT] [Volatility Model SIMPLIFIED] Signal: LONG | atr=11.836429 > ma=10.944179, close=2176.7000 > ema20=2174.3107
[ETH-USDT] [Volatility Squeeze ENHANCED] Signal: SHORT | short_met=2/6, squeeze_bars=0, bb_tightening=0, momentum=0, volume_buildup=False
[ETH-USDT] [Diagnostic] Skipping SuperGK decision inside analyze(); main.py will perform canonical SuperGK.
[SUMMARY] Reversal decision: NONE
[CRITICAL-FILTERS_OK] ETH-USDT: direction=SHORT | score=6>=10? False | passes=1>=0? True | soft_passed=True | route_veto=✓ → filters_ok=False
[ETH-USDT] [FILTERS_OK_DEBUG] direction=True | score_ok=False | passes_ok=True | soft_gk_ok=True | route_veto_ok=True(NONE)
[SUMMARY] Market regime detected: BULL
[CRITICAL-DEBUG] SmartFilter.__init__ ETH-USDT 30min: min_score=10 (source of truth for ALL timeframes)
[SUMMARY] Market regime detected: BULL
[ETH-USDT] analyze() start @ 2026-03-25T16:45:35.069074
[SUMMARY] Reversal decision: NONE
[ETH-USDT] [TREND ENHANCED] Signal: LONG | long_met=9/7, short_met=2
[ETH-USDT] [MACD ENHANCED] Signal: SHORT | short_met=4/3, long_met=1
[TF-PARAMS] ETH-USDT 30min: HIGH REVERSAL FREQUENCY → 5-bar confirmation
[ETH-USDT] [VWAP Divergence ENHANCED] Signal: SHORT | short_met=3/5, vwap_distance=0.0123, divergence_bars=5, crossover=False
[ETH-USDT] [Chop Zone Check] Signal: LONG | long_met=3, short_met=1, chop_zone=50.45121983362992, ema9=2175.062602637817, ema21=2174.2203182217627, adx=23.15320697806239
[ETH-USDT] [Wick Dominance] lower=3.6700 upper=5.4000 ratio=1.30 exhaust_long=2 exhaust_short=3 | LONG (3/4)
[ETH-USDT] [Absorption] price_low=True vol=False pressure_long=-0.0004 pressure_short=0.0004 | SHORT (2/3)
[TF-PARAMS] ETH-USDT 30min: HIGH REVERSAL FREQUENCY → 5-bar confirmation
[ETH-USDT] [S/R SIMPLIFIED] Signal: LONG | close=2176.7000 within margin of support=2147.6100
[ETH-USDT] [Smart Money] vol_ratio=0.75 above_vwap=True below_vwap=False | LONG (3/1)
[ETH-USDT] [Liquidity Pool] breakout_long=False breakout_short=False vol_ratio=0.84 | LONG (2/1)
[ETH-USDT] [Spread Filter ENHANCED] Signal: LONG | long_met=4/4, spread_ratio=0.63, spread_pct=0.0045, slippage_ok=True
[ETH-USDT] [Volatility Model SIMPLIFIED] Signal: LONG | atr=16.367857 > ma=12.761714, close=2176.7000 > ema20=2174.4785
[TF-PARAMS] ETH-USDT 30min: HIGH REVERSAL FREQUENCY → 5-bar confirmation
[ETH-USDT] [Volatility Squeeze ENHANCED] Signal: LONG | long_met=3/6, squeeze_bars=4, bb_tightening=0, momentum=1, volume_buildup=False
[ETH-USDT] [Diagnostic] Skipping SuperGK decision inside analyze(); main.py will perform canonical SuperGK.
[SUMMARY] Reversal decision: NONE
[CRITICAL-FILTERS_OK] ETH-USDT: direction=LONG | score=10>=10? True | passes=1>=0? True | soft_passed=True | route_veto=✓ → filters_ok=True
[ETH-USDT] ✅ FINAL SIGNAL (filters_ok): LONG on ETH-USDT @ 2176.700000 | Score: 10/19 | Passed GK: 1/1 | Confidence: 53.7% (Weighted: 45.4/84.5) | Route: TREND CONTINUATION
[SUMMARY] Market regime detected: BULL
[GATEKEEPER-DISABLED] 30min ETH-USDT: DirectionAwareGatekeeper bypassed (code preserved)
[OrderBookDeltaLog] ETH-USDT | ts=2026-03-25T16:45:35.134807 | source=main_log | buy_wall=7.3247694999999995 | sell_wall=9.1638383 | wall_delta=-1.8390688000000006 | midprice=2176.975
[RestingOrderDensityLog] ETH-USDT | ts=2026-03-25T16:45:35.134807 | source=main_log | bid_density=1.19% | ask_density=2.34% | bid_top=5.0733296 | ask_top=9.4990387 | bid_total=425.6701984000001 | ask_total=405.6653597999999
[SuperGK][MAIN] DISABLED (broken) - bypassing SuperGK for ALL signals
[SuperGK][MAIN] Result -> bias=LONG super_gk_ok=True (bypassed)
[LOG] Sending 30min alert for ETH-USDT
[DEBUG] entry_price_final=2176.70000000 analyzer_price=2176.7
[SIGNAL] ETH-USDT        30min  LONG   @      2176.70 (Score: 10/19) | 2026-03-25 23:45:37
[SUMMARY] Market regime detected: BULL
[PHASE3B-SCORE] 30min ETH-USDT: ✅ TREND_CONT: LONG trend continuation in BULL (favorable) (score: 60.0)
[tp_sl_retracement] MARKET_DRIVEN | direction=LONG entry=2176.70000000 tp=2195.47000000 sl=2157.84000000 rr=1.0 source=market_structure_long
[DEBUG] calculate_tp_sl -> tp=2195.47 sl=2157.84 chosen_ratio=None achieved_rr=1.0
[DEBUG] tp_sl full dict for ETH-USDT: {'tp': 2195.47, 'sl': 2157.84, 'achieved_rr': 1.0, 'source': 'market_structure_long', 'reward': 18.859999999999673, 'risk': 18.859999999999673, 'fib_levels': None, 'chosen_ratio': None, 'sl_capped': False}
[FIRED] Logged: 9aa09f3c-7375-4182-af6d-f43a0186e005, ETH-USDT, 30min, LONG, 2026-03-25T16:45:36.855495, 99, SCORE: 10, MAX SCORE: 19, PASSED: 1, MAX PASSED: 1, WEIGHTS: 45.4, MAX WEIGHTS: 84.5, CONFIDENCE RATE: 53.7%
[RR_FILTER] 30min signal REJECTED: ETH-USDT - RR 1.0 < MIN 1.25
[LOAD] SOL-USDT: df2h loaded - 100 candles
[DEBUG-TF4h] SOL-USDT: df4h loaded - 100 candles
[CRITICAL-DEBUG] SmartFilter.__init__ SOL-USDT 15min: min_score=10 (source of truth for ALL timeframes)
[SUMMARY] Market regime detected: BULL
[SOL-USDT] analyze() start @ 2026-03-25T16:45:50.433889
[SUMMARY] Reversal decision: NONE
[SOL-USDT] [TREND ENHANCED] Signal: LONG | long_met=7/7, short_met=3
[SOL-USDT] [MACD ENHANCED] Signal: LONG | long_met=5/3, short_met=1
[SOL-USDT] [VWAP Divergence ENHANCED] Signal: SHORT | short_met=4/5, vwap_distance=0.0201, divergence_bars=5, crossover=False
[SOL-USDT] [Chop Zone Check] No signal fired | long_met=2, short_met=2, chop_zone=40.949062054148506, ema9=92.167626097679, ema21=92.26608317996309, adx=20.843432681109462
[SOL-USDT] [Wick Dominance] lower=0.0000 upper=0.0100 ratio=1.30 exhaust_long=0 exhaust_short=5 | SHORT (4/4)
[SOL-USDT] [Absorption] price_low=True vol=False pressure_long=0.0009 pressure_short=-0.0009 | LONG (3/2)
[SOL-USDT] [S/R SIMPLIFIED] Signal: LONG | close=92.3800 within margin of support=91.0000
[SOL-USDT] [Smart Money] vol_ratio=0.03 above_vwap=True below_vwap=False | No signal (long=2 short=2, need 1)
[SOL-USDT] [Liquidity Pool] breakout_long=False breakout_short=False vol_ratio=0.03 | SHORT (1/2)
[SOL-USDT] [Spread Filter ENHANCED] Signal: LONG | long_met=3/4, spread_ratio=0.20, spread_pct=0.0011, slippage_ok=True
[SOL-USDT] [Volatility Model SIMPLIFIED] Signal: LONG | atr=0.507143 > ma=0.475000, close=92.3800 > ema20=92.2601
[SOL-USDT] [Volatility Squeeze ENHANCED] Signal: SHORT | short_met=2/6, squeeze_bars=0, bb_tightening=0, momentum=0, volume_buildup=False
[SOL-USDT] [Diagnostic] Skipping SuperGK decision inside analyze(); main.py will perform canonical SuperGK.
[SUMMARY] Reversal decision: NONE
[CRITICAL-FILTERS_OK] SOL-USDT: direction=SHORT | score=5>=10? False | passes=1>=0? True | soft_passed=True | route_veto=✓ → filters_ok=False
[SOL-USDT] [FILTERS_OK_DEBUG] direction=True | score_ok=False | passes_ok=True | soft_gk_ok=True | route_veto_ok=True(TREND CONTINUATION)
[SUMMARY] Market regime detected: BULL
[CRITICAL-DEBUG] SmartFilter.__init__ SOL-USDT 30min: min_score=10 (source of truth for ALL timeframes)
[SUMMARY] Market regime detected: BULL
[SOL-USDT] analyze() start @ 2026-03-25T16:45:50.931381
[SUMMARY] Reversal decision: NONE
[SOL-USDT] [TREND ENHANCED] Signal: LONG | long_met=9/7, short_met=2
[SOL-USDT] [MACD ENHANCED] Signal: SHORT | short_met=4/3, long_met=0
[TF-PARAMS] SOL-USDT 30min: HIGH REVERSAL FREQUENCY → 5-bar confirmation
[SOL-USDT] [VWAP Divergence ENHANCED] Signal: SHORT | short_met=4/5, vwap_distance=0.0151, divergence_bars=5, crossover=False
[SOL-USDT] [Chop Zone Check] Signal: LONG | long_met=3, short_met=1, chop_zone=46.0466334099918, ema9=92.28181922915593, ema21=92.23172658444437, adx=25.72780900413115
[SOL-USDT] [Wick Dominance] lower=0.0900 upper=0.2400 ratio=1.30 exhaust_long=1 exhaust_short=4 | SHORT (3/4)
[SOL-USDT] [Absorption] price_low=True vol=False pressure_long=0.0003 pressure_short=-0.0003 | LONG (3/2)
[TF-PARAMS] SOL-USDT 30min: HIGH REVERSAL FREQUENCY → 5-bar confirmation
[SOL-USDT] [S/R SIMPLIFIED] Signal: LONG | close=92.3900 within margin of support=91.0100
[SOL-USDT] [Smart Money] vol_ratio=0.54 above_vwap=True below_vwap=False | No signal (long=2 short=2, need 1)
[SOL-USDT] [Liquidity Pool] breakout_long=False breakout_short=False vol_ratio=0.57 | SHORT (1/2)
[SOL-USDT] [Spread Filter ENHANCED] Signal: LONG | long_met=3/4, spread_ratio=0.54, spread_pct=0.0037, slippage_ok=True
[SOL-USDT] [Volatility Model SIMPLIFIED] Signal: LONG | atr=0.675714 > ma=0.570071, close=92.3900 > ema20=92.2466
[TF-PARAMS] SOL-USDT 30min: HIGH REVERSAL FREQUENCY → 5-bar confirmation
[SOL-USDT] [Volatility Squeeze ENHANCED] Signal: SHORT | short_met=3/6, squeeze_bars=4, bb_tightening=0, momentum=0, volume_buildup=False
[SOL-USDT] [Diagnostic] Skipping SuperGK decision inside analyze(); main.py will perform canonical SuperGK.
[SUMMARY] Reversal decision: NONE
[CRITICAL-FILTERS_OK] SOL-USDT: direction=SHORT | score=6>=10? False | passes=1>=0? True | soft_passed=True | route_veto=✓ → filters_ok=False
[SOL-USDT] [FILTERS_OK_DEBUG] direction=True | score_ok=False | passes_ok=True | soft_gk_ok=True | route_veto_ok=True(TREND CONTINUATION)
[SUMMARY] Market regime detected: BULL
[CRITICAL-DEBUG] SmartFilter.__init__ SOL-USDT 1h: min_score=10 (source of truth for ALL timeframes)
[SUMMARY] Market regime detected: BULL
[SOL-USDT] analyze() start @ 2026-03-25T16:45:51.343219
[SUMMARY] Reversal decision: NONE
[SOL-USDT] [TREND ENHANCED] Signal: LONG | long_met=9/7, short_met=0
[SOL-USDT] [MACD ENHANCED] Signal: SHORT | short_met=5/3, long_met=1
[SOL-USDT] [Momentum ENHANCED] Signal: LONG | long_met=3/3, short_met=0
[SOL-USDT] [VWAP Divergence ENHANCED] Signal: SHORT | short_met=4/5, vwap_distance=0.0336, divergence_bars=5, crossover=False
[SOL-USDT] [HH/LL Trend] Signal: SHORT | LH=2, LL=2 (lookback=3, range=1.2014%)
[SOL-USDT] [Chop Zone Check] Signal: LONG | long_met=2, short_met=0, chop_zone=55.433843166524234, ema9=92.2680678583892, ema21=91.84277841171343, adx=19.58681318444979
[SOL-USDT] [Wick Dominance] lower=0.1900 upper=0.3100 ratio=1.30 exhaust_long=2 exhaust_short=3 | LONG (3/4)
[SOL-USDT] [Absorption] price_low=False vol=False pressure_long=-0.0068 pressure_short=0.0068 | SHORT (1/3)
[SOL-USDT] [S/R SIMPLIFIED] Signal: LONG | close=92.3900 within margin of support=89.7000
[SOL-USDT] [Smart Money] vol_ratio=0.98 above_vwap=True below_vwap=False | LONG (3/1)
[SOL-USDT] [Liquidity Pool] breakout_long=False breakout_short=False vol_ratio=1.04 | LONG (2/1)
[SOL-USDT] [Spread Filter ENHANCED] Signal: SHORT | short_met=3/4, spread_ratio=1.37, spread_pct=0.0120, slippage_ok=True
[SOL-USDT] [ATR Momentum Burst SIMPLIFIED] Signal: LONG | atr expanding, move=0.006756 (> 0.000182)
[SOL-USDT] [Volatility Squeeze ENHANCED] Signal: LONG | long_met=3/6, squeeze_bars=0, bb_tightening=2, momentum=0, volume_buildup=False
[SOL-USDT] [Diagnostic] Skipping SuperGK decision inside analyze(); main.py will perform canonical SuperGK.
[SUMMARY] Reversal decision: NONE
[CRITICAL-FILTERS_OK] SOL-USDT: direction=LONG | score=10>=10? True | passes=1>=0? True | soft_passed=True | route_veto=✓ → filters_ok=True
[SOL-USDT] ✅ FINAL SIGNAL (filters_ok): LONG on SOL-USDT @ 92.390000 | Score: 10/19 | Passed GK: 1/1 | Confidence: 54.7% (Weighted: 46.2/84.5) | Route: TREND CONTINUATION
[SUMMARY] Market regime detected: BULL
[GATEKEEPER-DISABLED] 1h SOL-USDT: DirectionAwareGatekeeper bypassed (code preserved)
[OrderBookDeltaLog] SOL-USDT | ts=2026-03-25T16:45:52.054571 | source=main_log | buy_wall=781.0139999999999 | sell_wall=685.502 | wall_delta=95.51199999999994 | midprice=92.36500000000001
[RestingOrderDensityLog] SOL-USDT | ts=2026-03-25T16:45:52.054571 | source=main_log | bid_density=21.86% | ask_density=10.36% | bid_top=942.226 | ask_top=613.465 | bid_total=4311.166 | ask_total=5922.834000000001
[SuperGK][MAIN] DISABLED (broken) - bypassing SuperGK for ALL signals
[SuperGK][MAIN] Result -> bias=LONG super_gk_ok=True (bypassed)
[LOG] Sending 1h alert for SOL-USDT
[DEBUG] entry_price_final=92.49240000 analyzer_price=92.39
[SIGNAL] SOL-USDT        1h     LONG   @        92.49 (Score: 10/19) | 2026-03-25 23:45:53
[SUMMARY] Market regime detected: BULL
[PHASE3B-SCORE] 1h SOL-USDT: ✅ TREND_CONT: LONG trend continuation in BULL (favorable) (score: 60.0)
[MARKET_DRIVEN] REJECTED LONG: RR 0.41 outside bounds (0.5-4.0)
[tp_sl_retracement] MARKET_DRIVEN returned None, falling back to ATR (regime=BULL)
[FIX1-ACTIVE] dir=LONG entry=92.49240000 tp=93.53704286 sl=91.65668571 → reward=1.04464286 risk=0.83571429 rr=1.25
[tp_sl_retracement] ATR_FALLBACK_REGIME_AWARE | direction=LONG entry=92.49240000 atr=0.83571429 tp=93.53704286 sl=91.65668571 rr=1.25 regime=BULL
[DEBUG] calculate_tp_sl -> tp=93.53704286 sl=91.65668571 chosen_ratio=None achieved_rr=1.25
[DEBUG] tp_sl full dict for SOL-USDT: {'tp': 93.53704286, 'sl': 91.65668571, 'achieved_rr': 1.25, 'atr_value': 0.835714285714286, 'source': 'atr_1_25_to_1_long', 'fib_levels': None, 'chosen_ratio': None, 'sl_capped': False}
[FIRED] Logged: 8368f434-bb80-471f-b44d-ab9ea8cffd72, SOL-USDT, 1h, LONG, 2026-03-25T16:45:53.313803, 99, SCORE: 10, MAX SCORE: 19, PASSED: 1, MAX PASSED: 1, WEIGHTS: 46.2, MAX WEIGHTS: 84.5, CONFIDENCE RATE: 54.7%
[RR_FILTER] 1h signal ACCEPTED: SOL-USDT - RR 1.25 >= MIN 1.25
[SignalStore] Signal stored: 8cdbe496... (SOL-USDT 1h LONG)
[STORED] Signal captured: SOL-USDT 1h LONG UUID=8cdbe496...
[PHASE4A-S4] 1h SOL-USDT: [PHASE4A-S4] ❌ Misaligned: 30min=SHORT, 1h=LONG (FILTERED)
[PHASE4A-S4-FILTERED] 1h SOL-USDT LONG: Rejected by 30min+1h filter
[LOAD] XRP-USDT: df2h loaded - 100 candles
[DEBUG-TF4h] XRP-USDT: df4h loaded - 100 candles
[CRITICAL-DEBUG] SmartFilter.__init__ XRP-USDT 15min: min_score=10 (source of truth for ALL timeframes)
[SUMMARY] Market regime detected: BULL
[XRP-USDT] analyze() start @ 2026-03-25T16:45:55.023121
[SUMMARY] Reversal decision: NONE
[XRP-USDT] [MACD ENHANCED] Signal: LONG | long_met=5/3, short_met=1
[XRP-USDT] [Momentum ENHANCED] Signal: SHORT | short_met=3/3, long_met=0
[XRP-USDT] [VWAP Divergence ENHANCED] Signal: SHORT | short_met=4/5, vwap_distance=0.0034, divergence_bars=3, crossover=True
[XRP-USDT] [Chop Zone Check] No signal fired | long_met=1, short_met=1, chop_zone=44.89944908827591, ema9=1.414921364332883, ema21=1.4165587643641782, adx=17.158389491608716
[XRP-USDT] [Wick Dominance] lower=0.0005 upper=0.0000 ratio=1.30 exhaust_long=2 exhaust_short=3 | LONG (3/4)
[XRP-USDT] [Absorption] price_low=True vol=False pressure_long=0.0006 pressure_short=-0.0006 | LONG (3/2)
[XRP-USDT] [S/R SIMPLIFIED] Signal: LONG | close=1.4180 within margin of support=1.4019
[XRP-USDT] [Smart Money] vol_ratio=0.09 above_vwap=True below_vwap=True | SHORT (2/3)
[XRP-USDT] [Liquidity Pool] breakout_long=False breakout_short=False vol_ratio=0.08 | SHORT (1/2)
[XRP-USDT] [Spread Filter ENHANCED] Signal: LONG | long_met=3/4, spread_ratio=0.21, spread_pct=0.0009, slippage_ok=True
[XRP-USDT] [Volatility Model SIMPLIFIED] Signal: LONG | atr=0.006223 > ma=0.006196, close=1.4180 > ema20=1.4164
[XRP-USDT] [Volatility Squeeze ENHANCED] Signal: SHORT | short_met=3/6, squeeze_bars=0, bb_tightening=2, momentum=0, volume_buildup=False
[XRP-USDT] [Diagnostic] Skipping SuperGK decision inside analyze(); main.py will perform canonical SuperGK.
[SUMMARY] Reversal decision: NONE
[CRITICAL-FILTERS_OK] XRP-USDT: direction=SHORT | score=6>=10? False | passes=1>=0? True | soft_passed=True | route_veto=✓ → filters_ok=False
[XRP-USDT] [FILTERS_OK_DEBUG] direction=True | score_ok=False | passes_ok=True | soft_gk_ok=True | route_veto_ok=True(NONE)
[SUMMARY] Market regime detected: BULL
[CRITICAL-DEBUG] SmartFilter.__init__ XRP-USDT 30min: min_score=10 (source of truth for ALL timeframes)
[SUMMARY] Market regime detected: BEAR
[XRP-USDT] analyze() start @ 2026-03-25T16:45:55.245678
[SUMMARY] Reversal decision: NONE
[TF-PARAMS] XRP-USDT 30min: HIGH REVERSAL FREQUENCY → 5-bar confirmation
[XRP-USDT] [VWAP Divergence ENHANCED] Signal: LONG | long_met=4/5, vwap_distance=0.0021, divergence_bars=5, crossover=True
[XRP-USDT] [Chop Zone Check] No signal fired | long_met=1, short_met=1, chop_zone=43.417819918492775, ema9=1.4166024430470232, ema21=1.4175782779412276, adx=16.361242333680508
[XRP-USDT] [Wick Dominance] lower=0.0024 upper=0.0021 ratio=1.30 exhaust_long=3 exhaust_short=2 | TIED (long=2 short=2)
[XRP-USDT] [Absorption] price_low=True vol=False pressure_long=-0.0001 pressure_short=0.0001 | SHORT (2/3)
[TF-PARAMS] XRP-USDT 30min: HIGH REVERSAL FREQUENCY → 5-bar confirmation
[XRP-USDT] [S/R SIMPLIFIED] Signal: LONG | close=1.4180 within margin of support=1.4019
[XRP-USDT] [Smart Money] vol_ratio=0.41 above_vwap=True below_vwap=True | LONG (3/2)
[XRP-USDT] [Liquidity Pool] breakout_long=False breakout_short=False vol_ratio=0.49 | LONG (2/1)
[XRP-USDT] [Spread Filter ENHANCED] Signal: LONG | long_met=3/4, spread_ratio=0.52, spread_pct=0.0032, slippage_ok=True
[XRP-USDT] [Volatility Model SIMPLIFIED] Signal: LONG | atr=0.009732 > ma=0.007290, close=1.4180 > ema20=1.4176
[TF-PARAMS] XRP-USDT 30min: HIGH REVERSAL FREQUENCY → 5-bar confirmation
[XRP-USDT] [Volatility Squeeze ENHANCED] Signal: LONG | long_met=3/6, squeeze_bars=4, bb_tightening=0, momentum=1, volume_buildup=False
[XRP-USDT] [Diagnostic] Skipping SuperGK decision inside analyze(); main.py will perform canonical SuperGK.
[SUMMARY] Reversal decision: NONE
[CRITICAL-FILTERS_OK] XRP-USDT: direction=LONG | score=8>=10? False | passes=0>=0? True | soft_passed=False | route_veto=✓ → filters_ok=False
[XRP-USDT] [FILTERS_OK_DEBUG] direction=True | score_ok=False | passes_ok=True | soft_gk_ok=False | route_veto_ok=True(NONE)
[SUMMARY] Market regime detected: BEAR
[CRITICAL-DEBUG] SmartFilter.__init__ XRP-USDT 1h: min_score=10 (source of truth for ALL timeframes)
[SUMMARY] Market regime detected: RANGE
[XRP-USDT] analyze() start @ 2026-03-25T16:45:55.512643
[SUMMARY] Reversal decision: NONE
[XRP-USDT] [TREND ENHANCED] Signal: LONG | long_met=9/7, short_met=0
[XRP-USDT] [MACD ENHANCED] Signal: SHORT | short_met=4/3, long_met=1
[XRP-USDT] [Momentum ENHANCED] Signal: LONG | long_met=3/3, short_met=0
[XRP-USDT] [VWAP Divergence ENHANCED] Signal: SHORT | short_met=4/5, vwap_distance=0.0041, divergence_bars=4, crossover=False
[XRP-USDT] [HH/LL Trend] Signal: SHORT | LH=2, LL=2 (lookback=3, range=1.1255%)
[XRP-USDT] [Chop Zone Check] Signal: LONG | long_met=2, short_met=0, chop_zone=48.61687431735521, ema9=1.4171060854911033, ema21=1.4160602572197278, adx=14.59905820987601
[XRP-USDT] [Wick Dominance] lower=0.0024 upper=0.0030 ratio=1.30 exhaust_long=2 exhaust_short=3 | LONG (3/4)
[XRP-USDT] [Absorption] price_low=True vol=True pressure_long=-0.0076 pressure_short=0.0076 | SHORT (3/4)
[XRP-USDT] [S/R SIMPLIFIED] Signal: LONG | close=1.4180 within margin of support=1.4019
[XRP-USDT] [Smart Money] vol_ratio=1.30 above_vwap=True below_vwap=True | LONG (4/3)
[XRP-USDT] [Liquidity Pool] breakout_long=False breakout_short=False vol_ratio=1.26 | LONG (3/2)
[XRP-USDT] [Spread Filter ENHANCED] Signal: SHORT | short_met=3/4, spread_ratio=1.67, spread_pct=0.0113, slippage_ok=True
[XRP-USDT] [Volatility Model SIMPLIFIED] Signal: LONG | atr=0.010185 > ma=0.009770, close=1.4180 > ema20=1.4162
[XRP-USDT] [ATR Momentum Burst SIMPLIFIED] Signal: LONG | atr expanding, move=0.007553 (> 0.000145)
[XRP-USDT] [Volatility Squeeze ENHANCED] Signal: LONG | long_met=3/6, squeeze_bars=2, bb_tightening=2, momentum=0, volume_buildup=False
[XRP-USDT] [Diagnostic] Skipping SuperGK decision inside analyze(); main.py will perform canonical SuperGK.
[SUMMARY] Reversal decision: NONE
[CRITICAL-FILTERS_OK] XRP-USDT: direction=LONG | score=11>=10? True | passes=1>=0? True | soft_passed=True | route_veto=✓ → filters_ok=True
[XRP-USDT] ✅ FINAL SIGNAL (filters_ok): LONG on XRP-USDT @ 1.417990 | Score: 11/19 | Passed GK: 1/1 | Confidence: 56.4% (Weighted: 47.7/84.5) | Route: NO ROUTE
[SUMMARY] Market regime detected: RANGE
[GATEKEEPER-DISABLED] 1h XRP-USDT: DirectionAwareGatekeeper bypassed (code preserved)
[OrderBookDeltaLog] XRP-USDT | ts=2026-03-25T16:45:55.609226 | source=main_log | buy_wall=2563.0075 | sell_wall=4471.4139 | wall_delta=-1908.4063999999994 | midprice=1.418285
[RestingOrderDensityLog] XRP-USDT | ts=2026-03-25T16:45:55.609226 | source=main_log | bid_density=3.65% | ask_density=6.12% | bid_top=5451.0343 | ask_top=7640.8798 | bid_total=149372.5624 | ask_total=124886.16260000003
[SuperGK][MAIN] DISABLED (broken) - bypassing SuperGK for ALL signals
[SuperGK][MAIN] Result -> bias=LONG super_gk_ok=True (bypassed)
[LOG] Sending 1h alert for XRP-USDT
[DEBUG] entry_price_final=1.41967826 analyzer_price=1.41799
[SIGNAL] XRP-USDT        1h     LONG   @         1.42 (Score: 11/19) | 2026-03-25 23:45:57
[SUMMARY] Market regime detected: RANGE
[VETO-POST-3B] 1h XRP-USDT LONG: Route=NONE (changed by Phase 3B). REJECTING signal.
[LOAD] ADA-USDT: df2h loaded - 250 candles
[DEBUG-TF4h] ADA-USDT: df4h loaded - 100 candles
[CRITICAL-DEBUG] SmartFilter.__init__ ADA-USDT 15min: min_score=10 (source of truth for ALL timeframes)
[SUMMARY] Market regime detected: BULL
[ADA-USDT] analyze() start @ 2026-03-25T17:19:18.465586
[SUMMARY] Reversal decision: NONE
[ADA-USDT] [TREND ENHANCED] Signal: LONG | long_met=7/7, short_met=3
[ADA-USDT] [Momentum ENHANCED] Signal: SHORT | short_met=3/3, long_met=0
[ADA-USDT] [VWAP Divergence ENHANCED] Signal: SHORT | short_met=4/5, vwap_distance=0.0160, divergence_bars=5, crossover=False
[ADA-USDT] [Chop Zone Check] No signal fired | long_met=2, short_met=2, chop_zone=51.238118649879574, ema9=0.2715157081441596, ema21=0.27180685162206075, adx=20.261615349531837
[ADA-USDT] [Wick Dominance] lower=0.0000 upper=0.0000 ratio=1.30 exhaust_long=2 exhaust_short=2 | TIED (long=2 short=2)
[ADA-USDT] [Absorption] price_low=True vol=False pressure_long=0.0004 pressure_short=-0.0004 | LONG (3/2)
[ADA-USDT] [S/R SIMPLIFIED] Signal: LONG | close=0.2720 within margin of support=0.2687
[ADA-USDT] [Smart Money] vol_ratio=0.06 above_vwap=True below_vwap=False | No signal (long=2 short=2, need 1)
[ADA-USDT] [Liquidity Pool] breakout_long=False breakout_short=False vol_ratio=0.05 | SHORT (1/2)
[ADA-USDT] [Spread Filter ENHANCED] Signal: LONG | long_met=3/4, spread_ratio=0.00, spread_pct=0.0000, slippage_ok=True
[ADA-USDT] [Volatility Squeeze ENHANCED] Signal: SHORT | short_met=2/6, squeeze_bars=0, bb_tightening=0, momentum=0, volume_buildup=False
[ADA-USDT] [Diagnostic] Skipping SuperGK decision inside analyze(); main.py will perform canonical SuperGK.
[SUMMARY] Reversal decision: NONE
[CRITICAL-FILTERS_OK] ADA-USDT: direction=SHORT | score=5>=10? False | passes=1>=0? True | soft_passed=True | route_veto=✓ → filters_ok=False
[ADA-USDT] [FILTERS_OK_DEBUG] direction=True | score_ok=False | passes_ok=True | soft_gk_ok=True | route_veto_ok=True(TREND CONTINUATION)
[SUMMARY] Market regime detected: BULL
[CRITICAL-DEBUG] SmartFilter.__init__ ADA-USDT 30min: min_score=10 (source of truth for ALL timeframes)
[SUMMARY] Market regime detected: BULL
[ADA-USDT] analyze() start @ 2026-03-25T17:19:19.813291
[SUMMARY] Reversal decision: NONE
[ADA-USDT] [TREND ENHANCED] Signal: LONG | long_met=10/7, short_met=1
[ADA-USDT] [MACD ENHANCED] Signal: SHORT | short_met=3/3, long_met=0
[TF-PARAMS] ADA-USDT 30min: HIGH REVERSAL FREQUENCY → 5-bar confirmation
[ADA-USDT] [VWAP Divergence ENHANCED] Signal: SHORT | short_met=3/5, vwap_distance=0.0267, divergence_bars=5, crossover=False
[ADA-USDT] [Chop Zone Check] Signal: LONG | long_met=3, short_met=1, chop_zone=47.11073728829455, ema9=0.2719505332284051, ema21=0.2714152052632623, adx=32.48670750347298
[ADA-USDT] [Wick Dominance] lower=0.0004 upper=0.0002 ratio=1.30 exhaust_long=5 exhaust_short=0 | LONG (4/4)
[ADA-USDT] [Absorption] price_low=True vol=False pressure_long=0.0000 pressure_short=0.0000 | No signal (long=3 short=3, need 1)
[TF-PARAMS] ADA-USDT 30min: HIGH REVERSAL FREQUENCY → 5-bar confirmation
[ADA-USDT] [S/R SIMPLIFIED] Signal: LONG | close=0.2720 within margin of support=0.2687
[ADA-USDT] [Smart Money] vol_ratio=0.38 above_vwap=True below_vwap=False | LONG (2/1)
[ADA-USDT] [Liquidity Pool] breakout_long=False breakout_short=False vol_ratio=0.23 | No signal (long=2 short=2, need 1)
[ADA-USDT] [Spread Filter ENHANCED] Signal: LONG | long_met=4/4, spread_ratio=0.37, spread_pct=0.0029, slippage_ok=True
[ADA-USDT] [Volatility Model SIMPLIFIED] Signal: LONG | atr=0.002264 > ma=0.001840, close=0.2720 > ema20=0.2715
[TF-PARAMS] ADA-USDT 30min: HIGH REVERSAL FREQUENCY → 5-bar confirmation
[ADA-USDT] [Diagnostic] Skipping SuperGK decision inside analyze(); main.py will perform canonical SuperGK.
[SUMMARY] Reversal decision: NONE
[CRITICAL-FILTERS_OK] ADA-USDT: direction=LONG | score=7>=10? False | passes=1>=0? True | soft_passed=True | route_veto=✓ → filters_ok=False
[ADA-USDT] [FILTERS_OK_DEBUG] direction=True | score_ok=False | passes_ok=True | soft_gk_ok=True | route_veto_ok=True(TREND CONTINUATION)
[SUMMARY] Market regime detected: BULL
[CRITICAL-DEBUG] SmartFilter.__init__ ADA-USDT 1h: min_score=10 (source of truth for ALL timeframes)
[SUMMARY] Market regime detected: BULL
[ADA-USDT] analyze() start @ 2026-03-25T17:19:20.481000
[SUMMARY] Reversal decision: NONE
[ADA-USDT] [TREND ENHANCED] Signal: LONG | long_met=10/7, short_met=1
[ADA-USDT] [MACD ENHANCED] Signal: SHORT | short_met=5/3, long_met=1
[ADA-USDT] [Momentum ENHANCED] Signal: LONG | long_met=4/3, short_met=0
[ADA-USDT] [VWAP Divergence ENHANCED] Signal: SHORT | short_met=3/5, vwap_distance=0.0450, divergence_bars=5, crossover=False
[ADA-USDT] [MTF Volume Agreement ENHANCED] Signal: LONG | long_met=2/4, consensus=0, volume_ratio=0.48, buildup_bars=0, temporal_align=True
[ADA-USDT] [HH/LL Trend] Signal: SHORT | LH=2, LL=2 (lookback=3, range=1.1029%)
[ADA-USDT] [Chop Zone Check] Signal: LONG | long_met=3, short_met=1, chop_zone=42.87938518077316, ema9=0.2715448221964786, ema21=0.2694412485980492, adx=33.01834384363394
[ADA-USDT] [Wick Dominance] lower=0.0008 upper=0.0006 ratio=1.30 exhaust_long=3 exhaust_short=2 | LONG (4/4)
[ADA-USDT] [Absorption] price_low=False vol=False pressure_long=-0.0063 pressure_short=0.0063 | SHORT (1/3)
[ADA-USDT] [S/R SIMPLIFIED] Signal: SHORT | close=0.2720 within margin of resistance=0.2767
[ADA-USDT] [Smart Money] vol_ratio=0.50 above_vwap=True below_vwap=False | LONG (3/1)
[ADA-USDT] [Liquidity Pool] breakout_long=False breakout_short=False vol_ratio=0.53 | LONG (2/1)
[ADA-USDT] [Spread Filter ENHANCED] Signal: LONG | long_met=3/4, spread_ratio=1.19, spread_pct=0.0111, slippage_ok=True
[ADA-USDT] [Liquidity Awareness ENHANCED] Signal: SHORT | short_met=2/4, wall_delta=-1.0000, density_type=ASK_SIDE, spread=N/A, volume_ratio=0.48
[ADA-USDT] [Volatility Model SIMPLIFIED] Signal: LONG | atr=0.002679 > ma=0.002450, close=0.2720 > ema20=0.2696
[ADA-USDT] [ATR Momentum Burst SIMPLIFIED] Signal: LONG | atr expanding, move=0.006289 (> 0.000198)
[ADA-USDT] [Volatility Squeeze ENHANCED] Signal: LONG | long_met=3/6, squeeze_bars=0, bb_tightening=2, momentum=0, volume_buildup=False
[ADA-USDT] [Diagnostic] Skipping SuperGK decision inside analyze(); main.py will perform canonical SuperGK.
[SUMMARY] Reversal decision: NONE
[CRITICAL-FILTERS_OK] ADA-USDT: direction=LONG | score=13>=10? True | passes=1>=0? True | soft_passed=True | route_veto=✓ → filters_ok=True
[ADA-USDT] ✅ FINAL SIGNAL (filters_ok): LONG on ADA-USDT @ 0.272000 | Score: 13/19 | Passed GK: 1/1 | Confidence: 74.4% (Weighted: 62.9/84.5) | Route: TREND CONTINUATION
[SUMMARY] Market regime detected: BULL
[GATEKEEPER-DISABLED] 1h ADA-USDT: DirectionAwareGatekeeper bypassed (code preserved)
[OrderBookDeltaLog] ADA-USDT | ts=2026-03-25T17:19:20.723124 | source=main_log | buy_wall=174685.36 | sell_wall=179186.56 | wall_delta=-4501.200000000012 | midprice=0.27085
[RestingOrderDensityLog] ADA-USDT | ts=2026-03-25T17:19:20.723124 | source=main_log | bid_density=29.53% | ask_density=21.25% | bid_top=170370.88999999998 | ask_top=173287.53 | bid_total=576985.3600000001 | ask_total=815626.13
[SuperGK][MAIN] DISABLED (broken) - bypassing SuperGK for ALL signals
[SuperGK][MAIN] Result -> bias=LONG super_gk_ok=True (bypassed)
[LOG] Sending 1h alert for ADA-USDT
[DEBUG] entry_price_final=0.27117090 analyzer_price=0.272
[SIGNAL] ADA-USDT        1h     LONG   @         0.27 (Score: 13/19) | 2026-03-26 00:19:26
[SUMMARY] Market regime detected: BULL
[PHASE3B-SCORE] 1h ADA-USDT: ✅ TREND_CONT: LONG trend continuation in BULL (favorable) (score: 60.0)
[tp_sl_retracement] MARKET_DRIVEN | direction=LONG entry=0.27117090 tp=0.27470000 sl=0.26520000 rr=0.59 source=market_structure_long
[DEBUG] calculate_tp_sl -> tp=0.2747 sl=0.2652 chosen_ratio=None achieved_rr=0.59
[DEBUG] tp_sl full dict for ADA-USDT: {'tp': 0.2747, 'sl': 0.2652, 'achieved_rr': 0.59, 'source': 'market_structure_long', 'reward': 0.0035228309999999676, 'risk': 0.005970899999999946, 'fib_levels': None, 'chosen_ratio': None, 'sl_capped': False}
[FIRED] Logged: 002a8896-6667-415d-8075-4a4a334b0b19, ADA-USDT, 1h, LONG, 2026-03-25T17:19:26.242057, 99, SCORE: 13, MAX SCORE: 19, PASSED: 1, MAX PASSED: 1, WEIGHTS: 62.9, MAX WEIGHTS: 84.5, CONFIDENCE RATE: 74.4%
[RR_FILTER] 1h signal REJECTED: ADA-USDT - RR 0.59 < MIN 1.25
[LOAD] AVAX-USDT: df2h loaded - 100 candles
[DEBUG-TF4h] AVAX-USDT: df4h loaded - 100 candles
[CRITICAL-DEBUG] SmartFilter.__init__ AVAX-USDT 15min: min_score=10 (source of truth for ALL timeframes)
[SUMMARY] Market regime detected: BULL
[AVAX-USDT] analyze() start @ 2026-03-25T17:19:28.141703
[SUMMARY] Reversal decision: NONE
[AVAX-USDT] [TREND ENHANCED] Signal: SHORT | short_met=7/7, long_met=1
[AVAX-USDT] [MACD ENHANCED] Signal: SHORT | short_met=5/3, long_met=0
[AVAX-USDT] [Momentum ENHANCED] Signal: SHORT | short_met=3/3, long_met=0
[AVAX-USDT] [VWAP Divergence ENHANCED] Signal: SHORT | short_met=4/5, vwap_distance=0.0065, divergence_bars=5, crossover=True
[AVAX-USDT] [Chop Zone Check] Signal: SHORT | long_met=0, short_met=2, chop_zone=50.547496659946454, ema9=9.691288993100702, ema21=9.696015584521392, adx=17.073026433659766
[AVAX-USDT] [Wick Dominance] lower=0.0000 upper=0.0000 ratio=1.30 exhaust_long=2 exhaust_short=2 | SHORT (3/4)
[AVAX-USDT] [Absorption] price_low=True vol=False pressure_long=0.0015 pressure_short=-0.0015 | LONG (3/2)
[AVAX-USDT] [S/R SIMPLIFIED] Signal: LONG | close=9.6730 within margin of support=9.5980
[AVAX-USDT] [Smart Money] vol_ratio=0.15 above_vwap=True below_vwap=False | No signal (long=2 short=2, need 1)
[AVAX-USDT] [Liquidity Pool] breakout_long=False breakout_short=False vol_ratio=0.17 | SHORT (1/2)
[AVAX-USDT] [Spread Filter ENHANCED] Signal: LONG | long_met=3/4, spread_ratio=0.37, spread_pct=0.0015, slippage_ok=True
[AVAX-USDT] [Volatility Squeeze ENHANCED] Signal: SHORT | short_met=3/6, squeeze_bars=0, bb_tightening=1, momentum=-1, volume_buildup=False
[AVAX-USDT] [Diagnostic] Skipping SuperGK decision inside analyze(); main.py will perform canonical SuperGK.
[SUMMARY] Reversal decision: NONE
[CRITICAL-FILTERS_OK] AVAX-USDT: direction=SHORT | score=9>=10? False | passes=1>=0? True | soft_passed=True | route_veto=✓ → filters_ok=False
[AVAX-USDT] [FILTERS_OK_DEBUG] direction=True | score_ok=False | passes_ok=True | soft_gk_ok=True | route_veto_ok=True(TREND CONTINUATION)
[SUMMARY] Market regime detected: BULL
[CRITICAL-DEBUG] SmartFilter.__init__ AVAX-USDT 30min: min_score=10 (source of truth for ALL timeframes)
[SUMMARY] Market regime detected: BULL
[AVAX-USDT] analyze() start @ 2026-03-25T17:19:28.395577
[SUMMARY] Reversal decision: BEARISH (Detectors: 2)
[AVAX-USDT] [MACD ENHANCED] Signal: SHORT | short_met=5/3, long_met=0
[TF-PARAMS] AVAX-USDT 30min: HIGH REVERSAL FREQUENCY → 5-bar confirmation
[AVAX-USDT] [VWAP Divergence ENHANCED] Signal: SHORT | short_met=4/5, vwap_distance=0.0117, divergence_bars=5, crossover=False
[AVAX-USDT] [MTF Volume Agreement ENHANCED] Signal: SHORT | short_met=2/4, consensus=0, volume_ratio=0.43, buildup_bars=0, weakness_detected=True
[AVAX-USDT] [Chop Zone Check] No signal fired | long_met=2, short_met=2, chop_zone=52.35142190037723, ema9=9.697099925387468, ema21=9.688830493593038, adx=23.299680724375776
[AVAX-USDT] [Wick Dominance] lower=0.0000 upper=0.0040 ratio=1.30 exhaust_long=2 exhaust_short=3 | SHORT (4/4)
[AVAX-USDT] [Absorption] price_low=True vol=False pressure_long=0.0031 pressure_short=-0.0031 | LONG (3/2)
[TF-PARAMS] AVAX-USDT 30min: HIGH REVERSAL FREQUENCY → 5-bar confirmation
[AVAX-USDT] [S/R SIMPLIFIED] Signal: LONG | close=9.6730 within margin of support=9.5980
[AVAX-USDT] [Smart Money] vol_ratio=0.45 above_vwap=True below_vwap=False | No signal (long=2 short=2, need 1)
[AVAX-USDT] [Liquidity Pool] breakout_long=False breakout_short=False vol_ratio=0.44 | SHORT (1/2)
[AVAX-USDT] [Spread Filter ENHANCED] Signal: LONG | long_met=3/4, spread_ratio=0.61, spread_pct=0.0036, slippage_ok=True
[AVAX-USDT] [Liquidity Awareness ENHANCED] Signal: SHORT | short_met=2/4, wall_delta=-1.0000, density_type=ASK_SIDE, spread=N/A, volume_ratio=0.43
[AVAX-USDT] [Volatility Model SIMPLIFIED] Signal: SHORT | atr=0.059714 > ma=0.050729, close=9.6730 < ema20=9.6903
[TF-PARAMS] AVAX-USDT 30min: HIGH REVERSAL FREQUENCY → 5-bar confirmation
[AVAX-USDT] [Volatility Squeeze ENHANCED] Signal: SHORT | short_met=4/6, squeeze_bars=4, bb_tightening=1, momentum=0, volume_buildup=False
[AVAX-USDT] [Diagnostic] Skipping SuperGK decision inside analyze(); main.py will perform canonical SuperGK.
[SUMMARY] Reversal decision: BEARISH (Detectors: 2)
[CRITICAL-FILTERS_OK] AVAX-USDT: direction=SHORT | score=10>=10? True | passes=1>=0? True | soft_passed=True | route_veto=✓ → filters_ok=True
[AVAX-USDT] ✅ FINAL SIGNAL (filters_ok): SHORT on AVAX-USDT @ 9.673000 | Score: 10/19 | Passed GK: 1/1 | Confidence: 57.2% (Weighted: 48.3/84.5) | Route: REVERSAL
[SUMMARY] Market regime detected: BULL
[GATEKEEPER-DISABLED] 30min AVAX-USDT: DirectionAwareGatekeeper bypassed (code preserved)
[OrderBookDeltaLog] AVAX-USDT | ts=2026-03-25T17:19:28.476896 | source=main_log | buy_wall=634.8437 | sell_wall=842.3865 | wall_delta=-207.54279999999994 | midprice=9.6745
[RestingOrderDensityLog] AVAX-USDT | ts=2026-03-25T17:19:28.476896 | source=main_log | bid_density=6.45% | ask_density=10.68% | bid_top=634.8437 | ask_top=936.5155 | bid_total=9846.585799999999 | ask_total=8772.889100000002
[SuperGK][MAIN] DISABLED (broken) - bypassing SuperGK for ALL signals
[SuperGK][MAIN] Result -> bias=SHORT super_gk_ok=True (bypassed)
[LOG] Sending 30min alert for AVAX-USDT
[DEBUG] entry_price_final=9.66332700 analyzer_price=9.673
[SIGNAL] AVAX-USDT       30min  SHORT  @         9.66 (Score: 10/19) | 2026-03-26 00:19:29
[SUMMARY] Market regime detected: BULL
[PHASE3B-RQ] 30min AVAX-USDT SHORT: detector_consensus=✓, momentum_alignment=✗, trend_strength=✗, direction_regime_match=✗ → Strength=0%
[PHASE3B-FALLBACK] 30min AVAX-USDT: REVERSAL rejected (Gate RQ4 failed: SHORT reversal in BULL regime is counter-trend) → Routed to TREND_CONTINUATION
[PHASE3B-SCORE] 30min AVAX-USDT: ✅ TREND_CONT: SHORT_BULL (always allowed as fallback) (score: 35.0)
[MARKET_DRIVEN] REJECTED SHORT: RR 0.28 outside bounds (0.5-4.0)
[tp_sl_retracement] MARKET_DRIVEN returned None, falling back to ATR (regime=BULL)
[FIX1-ACTIVE] dir=SHORT entry=9.66332700 tp=9.58868414 sl=9.72304129 → reward=0.07464286 risk=0.05971429 rr=1.25
[tp_sl_retracement] ATR_FALLBACK_REGIME_AWARE | direction=SHORT entry=9.66332700 atr=0.05971429 tp=9.58868414 sl=9.72304129 rr=1.25 regime=BULL
[DEBUG] calculate_tp_sl -> tp=9.58868414 sl=9.72304129 chosen_ratio=None achieved_rr=1.25
[DEBUG] tp_sl full dict for AVAX-USDT: {'tp': 9.58868414, 'sl': 9.72304129, 'achieved_rr': 1.25, 'atr_value': 0.059714285714285734, 'source': 'atr_1_25_to_1_short', 'fib_levels': None, 'chosen_ratio': None, 'sl_capped': False}
[FIRED] Logged: d612f344-78b4-4aab-8653-79bb04f82382, AVAX-USDT, 30min, SHORT, 2026-03-25T17:19:29.697580, 99, SCORE: 10, MAX SCORE: 19, PASSED: 1, MAX PASSED: 1, WEIGHTS: 48.3, MAX WEIGHTS: 84.5, CONFIDENCE RATE: 57.2%
[RR_FILTER] 30min signal ACCEPTED: AVAX-USDT - RR 1.25 >= MIN 1.25
[SignalStore] Signal stored: a7a8cc21... (AVAX-USDT 30min SHORT)
[STORED] Signal captured: AVAX-USDT 30min SHORT UUID=a7a8cc21...
[PHASE4A-S4] 30min AVAX-USDT: [PHASE4A-S4] ❌ Misaligned: 30min=SHORT, 1h=LONG (FILTERED)
[PHASE4A-S4-FILTERED] 30min AVAX-USDT SHORT: Rejected by 30min+1h filter
[LOAD] XLM-USDT: df2h loaded - 100 candles
[DEBUG-TF4h] XLM-USDT: df4h loaded - 100 candles
[CRITICAL-DEBUG] SmartFilter.__init__ XLM-USDT 15min: min_score=10 (source of truth for ALL timeframes)
[SUMMARY] Market regime detected: RANGE
[XLM-USDT] analyze() start @ 2026-03-25T17:19:32.685687
[SUMMARY] Reversal decision: NONE
[XLM-USDT] [TREND ENHANCED] Signal: SHORT | short_met=9/7, long_met=0
[XLM-USDT] [MACD ENHANCED] Signal: LONG | long_met=4/3, short_met=1
[XLM-USDT] [VWAP Divergence ENHANCED] Signal: SHORT | short_met=3/5, vwap_distance=0.0022, divergence_bars=3, crossover=True
[XLM-USDT] [Chop Zone Check] Signal: SHORT | long_met=0, short_met=2, chop_zone=54.85605094576254, ema9=0.1765197077762937, ema21=0.17691024439939623, adx=14.48911848318099
[XLM-USDT] [Wick Dominance] lower=0.0000 upper=0.0000 ratio=1.30 exhaust_long=3 exhaust_short=1 | SHORT (3/4)
[XLM-USDT] [Absorption] price_low=True vol=False pressure_long=0.0028 pressure_short=-0.0028 | LONG (3/2)
[XLM-USDT] [S/R SIMPLIFIED] Signal: LONG | close=0.1765 within margin of support=0.1748
[XLM-USDT] [Smart Money] vol_ratio=0.19 above_vwap=True below_vwap=True | SHORT (2/3)
[XLM-USDT] [Liquidity Pool] breakout_long=False breakout_short=False vol_ratio=0.14 | SHORT (1/2)
[XLM-USDT] [Spread Filter ENHANCED] Signal: LONG | long_met=3/4, spread_ratio=0.51, spread_pct=0.0028, slippage_ok=True
[XLM-USDT] [Volatility Squeeze ENHANCED] Signal: SHORT | short_met=2/6, squeeze_bars=0, bb_tightening=0, momentum=0, volume_buildup=False
[XLM-USDT] [Diagnostic] Skipping SuperGK decision inside analyze(); main.py will perform canonical SuperGK.
[SUMMARY] Reversal decision: NONE
[CRITICAL-FILTERS_OK] XLM-USDT: direction=SHORT | score=8>=10? False | passes=1>=0? True | soft_passed=True | route_veto=✓ → filters_ok=False
[XLM-USDT] [FILTERS_OK_DEBUG] direction=True | score_ok=False | passes_ok=True | soft_gk_ok=True | route_veto_ok=True(TREND CONTINUATION)
[SUMMARY] Market regime detected: RANGE
[CRITICAL-DEBUG] SmartFilter.__init__ XLM-USDT 30min: min_score=10 (source of truth for ALL timeframes)
[SUMMARY] Market regime detected: BULL
[XLM-USDT] analyze() start @ 2026-03-25T17:34:35.855166
[SUMMARY] Reversal decision: NONE
[XLM-USDT] [MACD ENHANCED] Signal: SHORT | short_met=3/3, long_met=0
[TF-PARAMS] XLM-USDT 30min: HIGH REVERSAL FREQUENCY → 5-bar confirmation
[XLM-USDT] [VWAP Divergence ENHANCED] Signal: SHORT | short_met=4/5, vwap_distance=0.0269, divergence_bars=5, crossover=False
[XLM-USDT] [Chop Zone Check] Signal: SHORT | long_met=1, short_met=3, chop_zone=52.55450442353727, ema9=0.17681421585122156, ema21=0.177136555792908, adx=23.632816249180784
[XLM-USDT] [Wick Dominance] lower=0.0000 upper=0.0003 ratio=1.30 exhaust_long=1 exhaust_short=4 | SHORT (4/4)
[XLM-USDT] [Absorption] price_low=True vol=False pressure_long=0.0028 pressure_short=-0.0028 | LONG (3/1)
[TF-PARAMS] XLM-USDT 30min: HIGH REVERSAL FREQUENCY → 5-bar confirmation
[XLM-USDT] [S/R SIMPLIFIED] Signal: LONG | close=0.1765 within margin of support=0.1748
[XLM-USDT] [Smart Money] vol_ratio=0.26 above_vwap=True below_vwap=False | No signal (long=2 short=2, need 1)
[XLM-USDT] [Liquidity Pool] breakout_long=False breakout_short=False vol_ratio=0.21 | SHORT (1/2)
[XLM-USDT] [Spread Filter ENHANCED] Signal: LONG | long_met=3/4, spread_ratio=0.52, spread_pct=0.0045, slippage_ok=True
[XLM-USDT] [ATR Momentum Burst SIMPLIFIED] Signal: SHORT | atr expanding, move=0.002825 (> 0.000169)
[TF-PARAMS] XLM-USDT 30min: HIGH REVERSAL FREQUENCY → 5-bar confirmation
[XLM-USDT] [Volatility Squeeze ENHANCED] Signal: SHORT | short_met=2/6, squeeze_bars=0, bb_tightening=0, momentum=0, volume_buildup=False
[XLM-USDT] [Diagnostic] Skipping SuperGK decision inside analyze(); main.py will perform canonical SuperGK.
[SUMMARY] Reversal decision: NONE
[CRITICAL-FILTERS_OK] XLM-USDT: direction=SHORT | score=8>=10? False | passes=1>=0? True | soft_passed=True | route_veto=✓ → filters_ok=False
[XLM-USDT] [FILTERS_OK_DEBUG] direction=True | score_ok=False | passes_ok=True | soft_gk_ok=True | route_veto_ok=True(TREND CONTINUATION)
[SUMMARY] Market regime detected: BULL
[CRITICAL-DEBUG] SmartFilter.__init__ XLM-USDT 1h: min_score=10 (source of truth for ALL timeframes)
[SUMMARY] Market regime detected: BULL
[XLM-USDT] analyze() start @ 2026-03-25T17:34:36.893882
[SUMMARY] Reversal decision: NONE
[XLM-USDT] [TREND ENHANCED] Signal: LONG | long_met=8/7, short_met=1
[XLM-USDT] [MACD ENHANCED] Signal: SHORT | short_met=5/3, long_met=0
[XLM-USDT] [Momentum ENHANCED] Signal: SHORT | short_met=3/3, long_met=1
[XLM-USDT] [VWAP Divergence ENHANCED] Signal: SHORT | short_met=4/5, vwap_distance=0.0592, divergence_bars=5, crossover=False
[XLM-USDT] [Chop Zone Check] No signal fired | long_met=2, short_met=2, chop_zone=59.92456113701699, ema9=0.17702171831731198, ema21=0.17575643852450518, adx=34.98477742835609
[XLM-USDT] [Wick Dominance] lower=0.0000 upper=0.0003 ratio=1.30 exhaust_long=1 exhaust_short=3 | SHORT (3/4)
[XLM-USDT] [Absorption] price_low=False vol=False pressure_long=0.0028 pressure_short=-0.0028 | LONG (2/1)
[XLM-USDT] [Smart Money] vol_ratio=0.12 above_vwap=True below_vwap=False | No signal (long=2 short=2, need 1)
[XLM-USDT] [Liquidity Pool] breakout_long=False breakout_short=False vol_ratio=0.09 | SHORT (1/2)
[XLM-USDT] [Spread Filter ENHANCED] Signal: LONG | long_met=3/4, spread_ratio=0.33, spread_pct=0.0045, slippage_ok=True
[XLM-USDT] [Volatility Squeeze ENHANCED] Signal: SHORT | short_met=3/6, squeeze_bars=0, bb_tightening=2, momentum=-1, volume_buildup=False
[XLM-USDT] [Diagnostic] Skipping SuperGK decision inside analyze(); main.py will perform canonical SuperGK.
[SUMMARY] Reversal decision: NONE
[CRITICAL-FILTERS_OK] XLM-USDT: direction=SHORT | score=7>=10? False | passes=1>=0? True | soft_passed=True | route_veto=✓ → filters_ok=False
[XLM-USDT] [FILTERS_OK_DEBUG] direction=True | score_ok=False | passes_ok=True | soft_gk_ok=True | route_veto_ok=True(TREND CONTINUATION)
[SUMMARY] Market regime detected: BULL
[CRITICAL-DEBUG] SmartFilter.__init__ XLM-USDT 2h: min_score=10 (source of truth for ALL timeframes)
[SUMMARY] Market regime detected: BULL
[XLM-USDT] analyze() start @ 2026-03-25T17:34:37.057583
[SUMMARY] Reversal decision: NONE
[XLM-USDT] [TREND ENHANCED] Signal: LONG | long_met=10/7, short_met=1
[XLM-USDT] [MACD ENHANCED] Signal: LONG | long_met=3/3, short_met=2
[TF-PARAMS] XLM-USDT 2h: MEDIUM VOLATILITY (0) → 2h thresholds
[TF-PARAMS] XLM-USDT 2h: HIGH REVERSAL FREQUENCY → 5-bar confirmation
[XLM-USDT] [VWAP Divergence ENHANCED] Signal: SHORT | short_met=3/5, vwap_distance=0.0525, divergence_bars=5, crossover=False
[XLM-USDT] [HH/LL Trend] Signal: SHORT | LH=2, LL=2 (lookback=3, range=1.1898%)
[XLM-USDT] [Chop Zone Check] Signal: LONG | long_met=3, short_met=1, chop_zone=31.91225708776898, ema9=0.17598052388604749, ema21=0.17255544870454187, adx=41.6374669032103
[XLM-USDT] [Wick Dominance] lower=0.0002 upper=0.0008 ratio=1.31 exhaust_long=1 exhaust_short=4 | SHORT (3/4)
[XLM-USDT] [Absorption] price_low=False vol=False pressure_long=-0.0068 pressure_short=0.0068 | SHORT (1/2)
[TF-PARAMS] XLM-USDT 2h: MEDIUM VOLATILITY (0) → 2h thresholds
[TF-PARAMS] XLM-USDT 2h: HIGH REVERSAL FREQUENCY → 5-bar confirmation
[XLM-USDT] [S/R SIMPLIFIED] Signal: SHORT | close=0.1765 within margin of resistance=0.1822
[XLM-USDT] [Smart Money] vol_ratio=0.42 above_vwap=True below_vwap=False | LONG (3/1)
[XLM-USDT] [Liquidity Pool] breakout_long=False breakout_short=False vol_ratio=0.48 | LONG (2/1)
[XLM-USDT] [Spread Filter ENHANCED] Signal: LONG | long_met=4/4, spread_ratio=0.68, spread_pct=0.0119, slippage_ok=True
[XLM-USDT] [Volatility Model SIMPLIFIED] Signal: LONG | atr=0.003564 > ma=0.002939, close=0.1765 > ema20=0.1728
[TF-PARAMS] XLM-USDT 2h: MEDIUM VOLATILITY (0) → 2h thresholds
[TF-PARAMS] XLM-USDT 2h: HIGH REVERSAL FREQUENCY → 5-bar confirmation
[XLM-USDT] [Volatility Squeeze ENHANCED] Signal: LONG | long_met=2/6, squeeze_bars=0, bb_tightening=0, momentum=0, volume_buildup=False
[XLM-USDT] [Diagnostic] Skipping SuperGK decision inside analyze(); main.py will perform canonical SuperGK.
[SUMMARY] Reversal decision: NONE
[CRITICAL-FILTERS_OK] XLM-USDT: direction=LONG | score=9>=10? False | passes=1>=0? True | soft_passed=True | route_veto=✓ → filters_ok=False
[XLM-USDT] [FILTERS_OK_DEBUG] direction=True | score_ok=False | passes_ok=True | soft_gk_ok=True | route_veto_ok=True(TREND CONTINUATION)
[SUMMARY] Market regime detected: BULL
[DEBUG-2h] XLM-USDT: analyze() returned - filters_ok=False
[DEBUG-2h] XLM-USDT: score=9/19, passes=1/1, bias=LONG, filters_ok=False
[DEBUG-2h] XLM-USDT: REJECTED - filters_ok=False (score=9, MIN_SCORE=10 from smart_filter.py)
[MIN-SCORE-OVERRIDE] 2h XLM-USDT: score=9 >= MIN_SCORE_2h=8 → filters_ok=True (overridden from global MIN_SCORE=10)
[CRITICAL-DEBUG] SmartFilter.__init__ XLM-USDT 4h: min_score=10 (source of truth for ALL timeframes)
[XLM-USDT] analyze() start @ 2026-03-25T17:34:37.233206
[SUMMARY] Reversal decision: NONE
[XLM-USDT] [TREND ENHANCED] Signal: LONG | long_met=10/7, short_met=1
[XLM-USDT] [MACD ENHANCED] Signal: LONG | long_met=4/3, short_met=0
[XLM-USDT] [Momentum ENHANCED] Signal: LONG | long_met=3/3, short_met=1
[TF-PARAMS] XLM-USDT 4h: HIGH VOLATILITY (0) → 4h thresholds
[XLM-USDT] [VWAP Divergence ENHANCED] Signal: SHORT | short_met=3/5, vwap_distance=0.0678, divergence_bars=5, crossover=False
[XLM-USDT] [Chop Zone Check] Signal: LONG | long_met=3, short_met=1, chop_zone=34.6999473138359, ema9=0.17365400353791655, ema21=0.16962932483145599, adx=29.730307657911304
[XLM-USDT] [Wick Dominance] lower=0.0002 upper=0.0008 ratio=1.31 exhaust_long=0 exhaust_short=5 | SHORT (3/4)
[XLM-USDT] [Absorption] price_low=False vol=False pressure_long=-0.0068 pressure_short=0.0068 | SHORT (1/2)
[TF-PARAMS] XLM-USDT 4h: HIGH VOLATILITY (0) → 4h thresholds
[XLM-USDT] [S/R SIMPLIFIED] Signal: SHORT | close=0.1765 within margin of resistance=0.1822
[XLM-USDT] [Smart Money] vol_ratio=0.21 above_vwap=True below_vwap=False | LONG (3/1)
[XLM-USDT] [Liquidity Pool] breakout_long=False breakout_short=False vol_ratio=0.23 | LONG (2/1)
[XLM-USDT] [Spread Filter ENHANCED] Signal: LONG | long_met=4/4, spread_ratio=0.52, spread_pct=0.0119, slippage_ok=True
[XLM-USDT] [Volatility Model SIMPLIFIED] Signal: LONG | atr=0.004264 > ma=0.003344, close=0.1765 > ema20=0.1698
[TF-PARAMS] XLM-USDT 4h: HIGH VOLATILITY (0) → 4h thresholds
[XLM-USDT] [Volatility Squeeze ENHANCED] Signal: LONG | long_met=2/6, squeeze_bars=0, bb_tightening=0, momentum=0, volume_buildup=False
[XLM-USDT] [Diagnostic] Skipping SuperGK decision inside analyze(); main.py will perform canonical SuperGK.
[SUMMARY] Reversal decision: NONE
[CRITICAL-FILTERS_OK] XLM-USDT: direction=LONG | score=10>=10? True | passes=1>=0? True | soft_passed=True | route_veto=✓ → filters_ok=True
[XLM-USDT] ✅ FINAL SIGNAL (filters_ok): LONG on XLM-USDT @ 0.176500 | Score: 10/19 | Passed GK: 1/1 | Confidence: 59.3% (Weighted: 50.1/84.5) | Route: TREND CONTINUATION
[SUMMARY] Market regime detected: BULL
[DEBUG] 4h entry_price_final=0.17707690 analyzer_price=0.1765
[SIGNAL] XLM-USDT        4h     LONG   @         0.18 (Score: 10/19) | 2026-03-26 00:34:39
[SUMMARY] Market regime detected: BULL
[MARKET_DRIVEN] REJECTED LONG: RR 0.16 outside bounds (0.5-4.0)
[tp_sl_retracement] MARKET_DRIVEN returned None, falling back to ATR (regime=BULL)
[FIX1-ACTIVE] dir=LONG entry=0.17707690 tp=0.18240726 sl=0.17281261 → reward=0.00533036 risk=0.00426429 rr=1.25
[tp_sl_retracement] ATR_FALLBACK_REGIME_AWARE | direction=LONG entry=0.17707690 atr=0.00426429 tp=0.18240726 sl=0.17281261 rr=1.25 regime=BULL
[SignalStore] Signal stored: ab87c74b... (XLM-USDT 4h LONG)
[STORED] Signal captured: XLM-USDT 4h LONG UUID=ab87c74b...
[TIER] Loaded latest entry from SIGNAL_TIERS.json (timestamp: 2026-03-25 22:21:38 GMT+7)
[TIER] Loaded latest entry from SIGNAL_TIERS.json (timestamp: 2026-03-25 22:21:38 GMT+7)
[TIER] 4h XLM-USDT: Tier-2
[DEBUG] 4h: Calling send_telegram_alert for XLM-USDT (tf=4h, Entry=0.17707689999999998)
[Telegram][MSG] 7.E. XLM-USDT
7.E. XLM-USDT (4h) 🥈 Tier-2
📈 Regime: BULL
✈️ LONG Signal
↗️➡️ Bullish Continuation
💰 0.177077
🏁 TP: 0.182407 (+3.01%)
⛔ SL: 0.172813 (-2.41%)
📊 Score: 10/19
🎯 Passed: 1/1
🔴 Confidence: 59.3%
🏋️‍♀️ Weighted: 50.1/84.5
⛓️ Consensus: 🌐 FEDERATED
📊 R:R: 1.25:1 | ATR-Based 1.2:1 RR
⛓️‍💥 TOP_ALTS
📨 Telegram alert sent: XLM-USDT LONG TREND CONTINUATION message_id=359053
[DEBUG] 4h: send_telegram_alert returned True for XLM-USDT
[✅ SENT]  XLM-USDT        4h     → Telegram (ID: ab87c74b...) | 2026-03-26 00:34:43
[✅ PEC SENT] XLM-USDT        4h     to SENT_SIGNALS.jsonl | 2026-03-26 00:34:43
[EXECUTOR] Event-triggered backtest for XLM-USDT 4h (UUID: ab87c74b-451)
[LOAD] LINK-USDT: df2h loaded - 100 candles
[DEBUG-TF4h] LINK-USDT: df4h loaded - 100 candles
[CRITICAL-DEBUG] SmartFilter.__init__ LINK-USDT 15min: min_score=10 (source of truth for ALL timeframes)
[SUMMARY] Market regime detected: BULL
[LINK-USDT] analyze() start @ 2026-03-25T17:34:48.433352
[SUMMARY] Reversal decision: NONE
[LINK-USDT] [TREND ENHANCED] Signal: LONG | long_met=10/7, short_met=1
[LINK-USDT] [MACD ENHANCED] Signal: SHORT | short_met=5/3, long_met=0
[LINK-USDT] [VWAP Divergence ENHANCED] Signal: SHORT | short_met=4/5, vwap_distance=0.0121, divergence_bars=5, crossover=False
[LINK-USDT] [Chop Zone Check] Signal: LONG | long_met=3, short_met=1, chop_zone=53.805643849895276, ema9=9.411430945226197, ema21=9.404069053970725, adx=22.538810857688265
[LINK-USDT] [Wick Dominance] lower=0.0040 upper=0.0000 ratio=1.30 exhaust_long=3 exhaust_short=2 | SHORT (3/4)
[LINK-USDT] [Absorption] price_low=True vol=False pressure_long=0.0007 pressure_short=-0.0007 | LONG (3/2)
[LINK-USDT] [S/R SIMPLIFIED] Signal: LONG | close=9.4130 within margin of support=9.2939
[LINK-USDT] [Smart Money] vol_ratio=0.10 above_vwap=True below_vwap=False | No signal (long=2 short=2, need 1)
[LINK-USDT] [Liquidity Pool] breakout_long=False breakout_short=False vol_ratio=0.09 | SHORT (1/2)
[LINK-USDT] [Spread Filter ENHANCED] Signal: LONG | long_met=3/4, spread_ratio=0.25, spread_pct=0.0013, slippage_ok=True
[LINK-USDT] [Volatility Squeeze ENHANCED] Signal: SHORT | short_met=3/6, squeeze_bars=4, bb_tightening=0, momentum=-1, volume_buildup=False
[LINK-USDT] [Diagnostic] Skipping SuperGK decision inside analyze(); main.py will perform canonical SuperGK.
[SUMMARY] Reversal decision: NONE
[CRITICAL-FILTERS_OK] LINK-USDT: direction=SHORT | score=5>=10? False | passes=1>=0? True | soft_passed=True | route_veto=✓ → filters_ok=False
[LINK-USDT] [FILTERS_OK_DEBUG] direction=True | score_ok=False | passes_ok=True | soft_gk_ok=True | route_veto_ok=True(TREND CONTINUATION)
[SUMMARY] Market regime detected: BULL
[CRITICAL-DEBUG] SmartFilter.__init__ LINK-USDT 30min: min_score=10 (source of truth for ALL timeframes)
[SUMMARY] Market regime detected: BULL
[LINK-USDT] analyze() start @ 2026-03-25T17:34:49.459383
[SUMMARY] Reversal decision: NONE
[LINK-USDT] [TREND ENHANCED] Signal: LONG | long_met=10/7, short_met=1
[LINK-USDT] [MACD ENHANCED] Signal: SHORT | short_met=5/3, long_met=0
[LINK-USDT] [Momentum ENHANCED] Signal: SHORT | short_met=3/3, long_met=0
[TF-PARAMS] LINK-USDT 30min: HIGH REVERSAL FREQUENCY → 5-bar confirmation
[LINK-USDT] [VWAP Divergence ENHANCED] Signal: SHORT | short_met=4/5, vwap_distance=0.0217, divergence_bars=5, crossover=False
[LINK-USDT] [Chop Zone Check] Signal: LONG | long_met=3, short_met=1, chop_zone=56.23884686744565, ema9=9.41009982453159, ema21=9.384807308390343, adx=31.312876908162444
[LINK-USDT] [Wick Dominance] lower=0.0040 upper=0.0000 ratio=1.30 exhaust_long=3 exhaust_short=2 | SHORT (3/4)
[LINK-USDT] [Absorption] price_low=True vol=False pressure_long=0.0007 pressure_short=-0.0007 | LONG (3/2)
[TF-PARAMS] LINK-USDT 30min: HIGH REVERSAL FREQUENCY → 5-bar confirmation
[LINK-USDT] [S/R SIMPLIFIED] Signal: LONG | close=9.4130 within margin of support=9.2898
[LINK-USDT] [Smart Money] vol_ratio=0.05 above_vwap=True below_vwap=False | No signal (long=2 short=2, need 1)
[LINK-USDT] [Liquidity Pool] breakout_long=False breakout_short=False vol_ratio=0.05 | SHORT (1/2)
[LINK-USDT] [Spread Filter ENHANCED] Signal: LONG | long_met=3/4, spread_ratio=0.20, spread_pct=0.0013, slippage_ok=True
[LINK-USDT] [Volatility Model SIMPLIFIED] Signal: LONG | atr=0.069943 > ma=0.059505, close=9.4130 > ema20=9.3874
[TF-PARAMS] LINK-USDT 30min: HIGH REVERSAL FREQUENCY → 5-bar confirmation
[LINK-USDT] [Volatility Squeeze ENHANCED] Signal: SHORT | short_met=4/6, squeeze_bars=4, bb_tightening=2, momentum=0, volume_buildup=False
[LINK-USDT] [Diagnostic] Skipping SuperGK decision inside analyze(); main.py will perform canonical SuperGK.
[SUMMARY] Reversal decision: NONE
[CRITICAL-FILTERS_OK] LINK-USDT: direction=SHORT | score=7>=10? False | passes=1>=0? True | soft_passed=True | route_veto=✓ → filters_ok=False
[LINK-USDT] [FILTERS_OK_DEBUG] direction=True | score_ok=False | passes_ok=True | soft_gk_ok=True | route_veto_ok=True(TREND CONTINUATION)
[SUMMARY] Market regime detected: BULL
[CRITICAL-DEBUG] SmartFilter.__init__ LINK-USDT 1h: min_score=10 (source of truth for ALL timeframes)
[SUMMARY] Market regime detected: BULL
[LINK-USDT] analyze() start @ 2026-03-25T17:34:50.472908
[SUMMARY] Reversal decision: NONE
[LINK-USDT] [TREND ENHANCED] Signal: LONG | long_met=10/7, short_met=1
[LINK-USDT] [VWAP Divergence ENHANCED] Signal: SHORT | short_met=4/5, vwap_distance=0.0428, divergence_bars=5, crossover=False
[LINK-USDT] [Chop Zone Check] Signal: LONG | long_met=3, short_met=1, chop_zone=52.574005045393186, ema9=9.391003177371967, ema21=9.329999140867265, adx=22.484827488029598
[LINK-USDT] [Wick Dominance] lower=0.0129 upper=0.0183 ratio=1.30 exhaust_long=1 exhaust_short=4 | SHORT (3/4)
[LINK-USDT] [Absorption] price_low=False vol=False pressure_long=0.0011 pressure_short=-0.0011 | No signal (long=2 short=2, need 1)
[LINK-USDT] [S/R SIMPLIFIED] Signal: LONG | close=9.4130 within margin of support=9.1761
[LINK-USDT] [Smart Money] vol_ratio=0.44 above_vwap=True below_vwap=False | No signal (long=2 short=2, need 1)
[LINK-USDT] [Liquidity Pool] breakout_long=False breakout_short=False vol_ratio=0.47 | SHORT (1/2)
[LINK-USDT] [Spread Filter ENHANCED] Signal: LONG | long_met=3/4, spread_ratio=0.56, spread_pct=0.0045, slippage_ok=True
[LINK-USDT] [Volatility Model SIMPLIFIED] Signal: LONG | atr=0.080486 > ma=0.079177, close=9.4130 > ema20=9.3349
[LINK-USDT] [Volatility Squeeze ENHANCED] Signal: SHORT | short_met=3/6, squeeze_bars=0, bb_tightening=2, momentum=-1, volume_buildup=False
[LINK-USDT] [Diagnostic] Skipping SuperGK decision inside analyze(); main.py will perform canonical SuperGK.
[SUMMARY] Reversal decision: NONE
[CRITICAL-FILTERS_OK] LINK-USDT: direction=SHORT | score=5>=10? False | passes=1>=0? True | soft_passed=True | route_veto=✓ → filters_ok=False
[LINK-USDT] [FILTERS_OK_DEBUG] direction=True | score_ok=False | passes_ok=True | soft_gk_ok=True | route_veto_ok=True(TREND CONTINUATION)
[SUMMARY] Market regime detected: BULL
[CRITICAL-DEBUG] SmartFilter.__init__ LINK-USDT 2h: min_score=10 (source of truth for ALL timeframes)
[SUMMARY] Market regime detected: BULL
[LINK-USDT] analyze() start @ 2026-03-25T17:34:50.929175
[SUMMARY] Reversal decision: NONE
[LINK-USDT] [TREND ENHANCED] Signal: LONG | long_met=10/7, short_met=1
[LINK-USDT] [MACD ENHANCED] Signal: LONG | long_met=4/3, short_met=0
[LINK-USDT] [Momentum ENHANCED] Signal: SHORT | short_met=3/3, long_met=2
[TF-PARAMS] LINK-USDT 2h: MEDIUM VOLATILITY (0) → 2h thresholds
[TF-PARAMS] LINK-USDT 2h: HIGH REVERSAL FREQUENCY → 5-bar confirmation
[LINK-USDT] [VWAP Divergence ENHANCED] Signal: SHORT | short_met=3/5, vwap_distance=0.0277, divergence_bars=5, crossover=False
[LINK-USDT] [Chop Zone Check] Signal: LONG | long_met=3, short_met=1, chop_zone=46.55821633613222, ema9=9.345634997279515, ema21=9.244417470822821, adx=27.83849762500782
[LINK-USDT] [Wick Dominance] lower=0.0230 upper=0.0566 ratio=1.30 exhaust_long=2 exhaust_short=3 | SHORT (3/4)
[LINK-USDT] [Absorption] price_low=False vol=False pressure_long=-0.0054 pressure_short=0.0054 | SHORT (1/3)
[TF-PARAMS] LINK-USDT 2h: MEDIUM VOLATILITY (0) → 2h thresholds
[TF-PARAMS] LINK-USDT 2h: HIGH REVERSAL FREQUENCY → 5-bar confirmation
[LINK-USDT] [S/R SIMPLIFIED] Signal: SHORT | close=9.4130 within margin of resistance=9.4952
[LINK-USDT] [Smart Money] vol_ratio=0.85 above_vwap=True below_vwap=False | LONG (3/1)
[LINK-USDT] [Liquidity Pool] breakout_long=False breakout_short=False vol_ratio=0.89 | LONG (2/1)
[LINK-USDT] [Spread Filter ENHANCED] Signal: LONG | long_met=3/4, spread_ratio=1.13, spread_pct=0.0141, slippage_ok=True
[TF-PARAMS] LINK-USDT 2h: MEDIUM VOLATILITY (0) → 2h thresholds
[TF-PARAMS] LINK-USDT 2h: HIGH REVERSAL FREQUENCY → 5-bar confirmation
[LINK-USDT] [Volatility Squeeze ENHANCED] Signal: LONG | long_met=2/6, squeeze_bars=0, bb_tightening=0, momentum=0, volume_buildup=False
[LINK-USDT] [Diagnostic] Skipping SuperGK decision inside analyze(); main.py will perform canonical SuperGK.
[SUMMARY] Reversal decision: NONE
[CRITICAL-FILTERS_OK] LINK-USDT: direction=LONG | score=8>=10? False | passes=1>=0? True | soft_passed=True | route_veto=✓ → filters_ok=False
[LINK-USDT] [FILTERS_OK_DEBUG] direction=True | score_ok=False | passes_ok=True | soft_gk_ok=True | route_veto_ok=True(TREND CONTINUATION)
[SUMMARY] Market regime detected: BULL
[DEBUG-2h] LINK-USDT: analyze() returned - filters_ok=False
[DEBUG-2h] LINK-USDT: score=8/19, passes=1/1, bias=LONG, filters_ok=False
[DEBUG-2h] LINK-USDT: REJECTED - filters_ok=False (score=8, MIN_SCORE=10 from smart_filter.py)
[MIN-SCORE-OVERRIDE] 2h LINK-USDT: score=8 >= MIN_SCORE_2h=8 → filters_ok=True (overridden from global MIN_SCORE=10)
[CRITICAL-DEBUG] SmartFilter.__init__ LINK-USDT 4h: min_score=10 (source of truth for ALL timeframes)
[LINK-USDT] analyze() start @ 2026-03-25T17:34:51.416489
[SUMMARY] Reversal decision: NONE
[LINK-USDT] [TREND ENHANCED] Signal: LONG | long_met=9/7, short_met=0
[LINK-USDT] [MACD ENHANCED] Signal: LONG | long_met=4/3, short_met=0
[TF-PARAMS] LINK-USDT 4h: HIGH VOLATILITY (0) → 4h thresholds
[LINK-USDT] [VWAP Divergence ENHANCED] Signal: SHORT | short_met=3/5, vwap_distance=0.0227, divergence_bars=5, crossover=False
[LINK-USDT] [HH/LL Trend] Signal: LONG | HH=2, HL=3 (lookback=3, range=1.4066%)
[LINK-USDT] [Chop Zone Check] Market too choppy (chop_zone=61.24 >= 60)
[LINK-USDT] [Wick Dominance] lower=0.0230 upper=0.0566 ratio=1.31 exhaust_long=1 exhaust_short=4 | SHORT (3/4)
[LINK-USDT] [Absorption] price_low=False vol=False pressure_long=-0.0054 pressure_short=0.0054 | SHORT (1/3)
[TF-PARAMS] LINK-USDT 4h: HIGH VOLATILITY (0) → 4h thresholds
[LINK-USDT] [S/R SIMPLIFIED] Signal: SHORT | close=9.4130 within margin of resistance=9.4952
[LINK-USDT] [Smart Money] vol_ratio=0.40 above_vwap=True below_vwap=False | LONG (3/1)
[LINK-USDT] [Liquidity Pool] breakout_long=False breakout_short=False vol_ratio=0.41 | LONG (2/1)
[LINK-USDT] [Spread Filter ENHANCED] Signal: LONG | long_met=4/4, spread_ratio=0.68, spread_pct=0.0141, slippage_ok=True
[TF-PARAMS] LINK-USDT 4h: HIGH VOLATILITY (0) → 4h thresholds
[LINK-USDT] [Volatility Squeeze ENHANCED] Signal: LONG | long_met=2/6, squeeze_bars=0, bb_tightening=0, momentum=1, volume_buildup=False
[LINK-USDT] [Diagnostic] Skipping SuperGK decision inside analyze(); main.py will perform canonical SuperGK.
[SUMMARY] Reversal decision: NONE
[CRITICAL-FILTERS_OK] LINK-USDT: direction=LONG | score=8>=10? False | passes=1>=0? True | soft_passed=True | route_veto=✓ → filters_ok=False
[LINK-USDT] [FILTERS_OK_DEBUG] direction=True | score_ok=False | passes_ok=True | soft_gk_ok=True | route_veto_ok=True(TREND CONTINUATION)
[SUMMARY] Market regime detected: BULL
[MIN-SCORE-OVERRIDE] 4h LINK-USDT: score=8 >= MIN_SCORE_4h=8 → filters_ok=True (overridden from global MIN_SCORE=10)
[LOAD] POL-USDT: df2h loaded - 100 candles
[DEBUG-TF4h] POL-USDT: df4h loaded - 100 candles
[CRITICAL-DEBUG] SmartFilter.__init__ POL-USDT 15min: min_score=10 (source of truth for ALL timeframes)
[SUMMARY] Market regime detected: BULL
[POL-USDT] analyze() start @ 2026-03-25T17:34:55.258507
[SUMMARY] Reversal decision: NONE
[POL-USDT] [TREND ENHANCED] Signal: LONG | long_met=10/7, short_met=1
[POL-USDT] [Momentum ENHANCED] Signal: LONG | long_met=4/3, short_met=0
[POL-USDT] [VWAP Divergence ENHANCED] Signal: SHORT | short_met=3/5, vwap_distance=0.0180, divergence_bars=5, crossover=False
[POL-USDT] [Chop Zone Check] Signal: LONG | long_met=3, short_met=1, chop_zone=23.99431934623796, ema9=0.09813460679858138, ema21=0.09773057415270495, adx=26.35915860611722
[POL-USDT] [Wick Dominance] lower=0.0000 upper=0.0000 ratio=1.30 exhaust_long=3 exhaust_short=0 | LONG (2/4)
[POL-USDT] [Absorption] price_low=True vol=False pressure_long=-0.0020 pressure_short=0.0020 | SHORT (2/3)
[POL-USDT] [S/R SIMPLIFIED] Signal: LONG | close=0.0982 within margin of support=0.0966
[POL-USDT] [Smart Money] vol_ratio=0.01 above_vwap=True below_vwap=False | LONG (3/1)
[POL-USDT] [Liquidity Pool] breakout_long=False breakout_short=False vol_ratio=0.00 | LONG (2/1)
[POL-USDT] [Spread Filter ENHANCED] Signal: LONG | long_met=3/4, spread_ratio=0.00, spread_pct=0.0000, slippage_ok=True
[POL-USDT] [Volatility Model SIMPLIFIED] Signal: LONG | atr=0.000643 > ma=0.000431, close=0.0982 > ema20=0.0978
[POL-USDT] [Volatility Squeeze ENHANCED] Signal: LONG | long_met=2/6, squeeze_bars=0, bb_tightening=0, momentum=0, volume_buildup=False
[POL-USDT] [Diagnostic] Skipping SuperGK decision inside analyze(); main.py will perform canonical SuperGK.
[SUMMARY] Reversal decision: NONE
[CRITICAL-FILTERS_OK] POL-USDT: direction=LONG | score=11>=10? True | passes=1>=0? True | soft_passed=True | route_veto=✓ → filters_ok=True
[POL-USDT] ✅ FINAL SIGNAL (filters_ok): LONG on POL-USDT @ 0.098200 | Score: 11/19 | Passed GK: 1/1 | Confidence: 60.8% (Weighted: 51.4/84.5) | Route: TREND CONTINUATION
[SUMMARY] Market regime detected: BULL
[GATEKEEPER-DISABLED] 15min POL-USDT: DirectionAwareGatekeeper bypassed (code preserved)
[OrderBookDeltaLog] POL-USDT | ts=2026-03-25T17:34:55.751767 | source=main_log | buy_wall=270747.7935 | sell_wall=273903.7543 | wall_delta=-3155.9607999999425 | midprice=0.09825
[RestingOrderDensityLog] POL-USDT | ts=2026-03-25T17:34:55.751767 | source=main_log | bid_density=29.39% | ask_density=30.59% | bid_top=270747.7935 | ask_top=273903.7543 | bid_total=921173.6469 | ask_total=895532.1730999999
[SuperGK][MAIN] DISABLED (broken) - bypassing SuperGK for ALL signals
[SuperGK][MAIN] Result -> bias=LONG super_gk_ok=True (bypassed)
[LOG] Sending 15min alert for POL-USDT
[DEBUG] entry_price_final=0.09839830 analyzer_price=0.0982
[SIGNAL] POL-USDT        15min  LONG   @         0.10 (Score: 11/19) | 2026-03-26 00:34:58
[SUMMARY] Market regime detected: BULL
[PHASE3B-SCORE] 15min POL-USDT: ✅ TREND_CONT: LONG trend continuation in BULL (favorable) (score: 60.0)
[tp_sl_retracement] MARKET_DRIVEN | direction=LONG entry=0.09839830 tp=0.09940000 sl=0.09670000 rr=0.59 source=market_structure_long
[DEBUG] calculate_tp_sl -> tp=0.0994 sl=0.0967 chosen_ratio=None achieved_rr=0.59
[DEBUG] tp_sl full dict for POL-USDT: {'tp': 0.0994, 'sl': 0.0967, 'achieved_rr': 0.59, 'source': 'market_structure_long', 'reward': 0.001001997, 'risk': 0.0016982999999999998, 'fib_levels': None, 'chosen_ratio': None, 'sl_capped': False}
[FIRED] Logged: 92135960-08dc-40bf-af7b-421977d68431, POL-USDT, 15min, LONG, 2026-03-25T17:34:57.836010, 99, SCORE: 11, MAX SCORE: 19, PASSED: 1, MAX PASSED: 1, WEIGHTS: 51.4, MAX WEIGHTS: 84.5, CONFIDENCE RATE: 60.8%
[RR_FILTER] 15min signal REJECTED: POL-USDT - RR 0.59 < MIN 1.25
[LOAD] BNB-USDT: df2h loaded - 100 candles
[DEBUG-TF4h] BNB-USDT: df4h loaded - 100 candles
[CRITICAL-DEBUG] SmartFilter.__init__ BNB-USDT 15min: min_score=10 (source of truth for ALL timeframes)
[SUMMARY] Market regime detected: BULL
[BNB-USDT] analyze() start @ 2026-03-25T17:53:02.109191
[SUMMARY] Reversal decision: NONE
[BNB-USDT] [TREND ENHANCED] Signal: SHORT | short_met=7/7, long_met=1
[BNB-USDT] [MACD ENHANCED] Signal: SHORT | short_met=5/3, long_met=0
[BNB-USDT] [VWAP Divergence ENHANCED] Signal: SHORT | short_met=4/5, vwap_distance=0.0056, divergence_bars=5, crossover=True
[BNB-USDT] [Chop Zone Check] Signal: SHORT | long_met=0, short_met=2, chop_zone=46.78740389954415, ema9=646.7227217009126, ema21=647.0485356198254, adx=17.924392322697845
[BNB-USDT] [Wick Dominance] lower=0.0060 upper=0.1210 ratio=1.30 exhaust_long=1 exhaust_short=4 | SHORT (4/4)
[BNB-USDT] [Absorption] price_low=True vol=False pressure_long=0.0007 pressure_short=-0.0007 | LONG (3/2)
[BNB-USDT] [S/R SIMPLIFIED] Signal: LONG | close=645.5850 within margin of support=641.8910
[BNB-USDT] [Smart Money] vol_ratio=0.11 above_vwap=True below_vwap=False | No signal (long=2 short=2, need 1)
[BNB-USDT] [Liquidity Pool] breakout_long=False breakout_short=False vol_ratio=0.12 | SHORT (1/2)
[BNB-USDT] [Spread Filter ENHANCED] Signal: LONG | long_met=3/4, spread_ratio=0.24, spread_pct=0.0008, slippage_ok=True
[BNB-USDT] [Volatility Squeeze ENHANCED] Signal: SHORT | short_met=2/6, squeeze_bars=0, bb_tightening=0, momentum=-1, volume_buildup=False
[BNB-USDT] [Diagnostic] Skipping SuperGK decision inside analyze(); main.py will perform canonical SuperGK.
[SUMMARY] Reversal decision: NONE
[CRITICAL-FILTERS_OK] BNB-USDT: direction=SHORT | score=8>=10? False | passes=1>=0? True | soft_passed=True | route_veto=✓ → filters_ok=False
[BNB-USDT] [FILTERS_OK_DEBUG] direction=True | score_ok=False | passes_ok=True | soft_gk_ok=True | route_veto_ok=True(TREND CONTINUATION)
[SUMMARY] Market regime detected: BULL
[CRITICAL-DEBUG] SmartFilter.__init__ BNB-USDT 30min: min_score=10 (source of truth for ALL timeframes)
[SUMMARY] Market regime detected: BULL
[BNB-USDT] analyze() start @ 2026-03-25T17:53:02.516825
[SUMMARY] Reversal decision: NONE
[BNB-USDT] [MACD ENHANCED] Signal: SHORT | short_met=5/3, long_met=0
[BNB-USDT] [Momentum ENHANCED] Signal: SHORT | short_met=3/3, long_met=2
[TF-PARAMS] BNB-USDT 30min: HIGH REVERSAL FREQUENCY → 5-bar confirmation
[BNB-USDT] [VWAP Divergence ENHANCED] Signal: SHORT | short_met=4/5, vwap_distance=0.0115, divergence_bars=5, crossover=False
[BNB-USDT] [Chop Zone Check] No signal fired | long_met=2, short_met=2, chop_zone=48.614062779137114, ema9=647.070228965134, ema21=646.513728741102, adx=29.94879352515362
[BNB-USDT] [Wick Dominance] lower=0.0180 upper=0.6100 ratio=1.30 exhaust_long=2 exhaust_short=3 | SHORT (4/4)
[BNB-USDT] [Absorption] price_low=True vol=False pressure_long=0.0023 pressure_short=-0.0023 | LONG (3/2)
[TF-PARAMS] BNB-USDT 30min: HIGH REVERSAL FREQUENCY → 5-bar confirmation
[BNB-USDT] [S/R SIMPLIFIED] Signal: LONG | close=645.5850 within margin of support=641.8910
[BNB-USDT] [Smart Money] vol_ratio=0.74 above_vwap=True below_vwap=False | No signal (long=2 short=2, need 1)
[BNB-USDT] [Liquidity Pool] breakout_long=False breakout_short=False vol_ratio=0.79 | SHORT (1/2)
[BNB-USDT] [Spread Filter ENHANCED] Signal: LONG | long_met=3/4, spread_ratio=0.52, spread_pct=0.0023, slippage_ok=True
[BNB-USDT] [Volatility Model SIMPLIFIED] Signal: SHORT | atr=3.221000 > ma=2.658179, close=645.5850 < ema20=646.6108
[BNB-USDT] [ATR Momentum Burst SIMPLIFIED] Signal: SHORT | atr expanding, move=0.002310 (> 0.000100)
[TF-PARAMS] BNB-USDT 30min: HIGH REVERSAL FREQUENCY → 5-bar confirmation
[BNB-USDT] [Volatility Squeeze ENHANCED] Signal: SHORT | short_met=4/6, squeeze_bars=4, bb_tightening=2, momentum=0, volume_buildup=False
[BNB-USDT] [Diagnostic] Skipping SuperGK decision inside analyze(); main.py will perform canonical SuperGK.
[SUMMARY] Reversal decision: NONE
[CRITICAL-FILTERS_OK] BNB-USDT: direction=SHORT | score=9>=10? False | passes=1>=0? True | soft_passed=True | route_veto=✓ → filters_ok=False
[BNB-USDT] [FILTERS_OK_DEBUG] direction=True | score_ok=False | passes_ok=True | soft_gk_ok=True | route_veto_ok=True(TREND CONTINUATION)
[SUMMARY] Market regime detected: BULL
[CRITICAL-DEBUG] SmartFilter.__init__ BNB-USDT 1h: min_score=10 (source of truth for ALL timeframes)
[SUMMARY] Market regime detected: BULL
[BNB-USDT] analyze() start @ 2026-03-25T17:53:02.889061
[SUMMARY] Reversal decision: NONE
[BNB-USDT] [TREND ENHANCED] Signal: LONG | long_met=8/7, short_met=1
[BNB-USDT] [MACD ENHANCED] Signal: SHORT | short_met=5/3, long_met=0
[BNB-USDT] [VWAP Divergence ENHANCED] Signal: SHORT | short_met=5/5, vwap_distance=0.0169, divergence_bars=5, crossover=False
[BNB-USDT] [Chop Zone Check] No signal fired | long_met=2, short_met=2, chop_zone=55.73696567357729, ema9=646.5715900843463, ema21=644.0582135277338, adx=26.843777633497837
[BNB-USDT] [Wick Dominance] lower=0.0160 upper=0.5670 ratio=1.30 exhaust_long=1 exhaust_short=4 | SHORT (4/4)
[BNB-USDT] [Absorption] price_low=True vol=True pressure_long=0.0032 pressure_short=-0.0032 | LONG (4/3)
[BNB-USDT] [S/R SIMPLIFIED] Signal: LONG | close=645.5830 within margin of support=635.9180
[BNB-USDT] [Smart Money] vol_ratio=1.20 above_vwap=True below_vwap=False | No signal (long=3 short=3, need 1)
[BNB-USDT] [Liquidity Pool] breakout_long=False breakout_short=False vol_ratio=1.25 | SHORT (2/3)
[BNB-USDT] [Spread Filter ENHANCED] Signal: LONG | long_met=3/4, spread_ratio=0.75, spread_pct=0.0043, slippage_ok=True
[BNB-USDT] [Volatility Model SIMPLIFIED] Signal: LONG | atr=3.937143 > ma=3.669561, close=645.5830 > ema20=644.2674
[BNB-USDT] [Volatility Squeeze ENHANCED] Signal: SHORT | short_met=3/6, squeeze_bars=0, bb_tightening=2, momentum=-1, volume_buildup=False
[BNB-USDT] [Diagnostic] Skipping SuperGK decision inside analyze(); main.py will perform canonical SuperGK.
[SUMMARY] Reversal decision: NONE
[CRITICAL-FILTERS_OK] BNB-USDT: direction=SHORT | score=6>=10? False | passes=1>=0? True | soft_passed=True | route_veto=✓ → filters_ok=False
[BNB-USDT] [FILTERS_OK_DEBUG] direction=True | score_ok=False | passes_ok=True | soft_gk_ok=True | route_veto_ok=True(TREND CONTINUATION)
[SUMMARY] Market regime detected: BULL
[CRITICAL-DEBUG] SmartFilter.__init__ BNB-USDT 2h: min_score=10 (source of truth for ALL timeframes)
[SUMMARY] Market regime detected: BEAR
[BNB-USDT] analyze() start @ 2026-03-25T17:53:03.484305
[SUMMARY] Reversal decision: NONE
[BNB-USDT] [TREND ENHANCED] Signal: LONG | long_met=10/7, short_met=1
[BNB-USDT] [MACD ENHANCED] Signal: LONG | long_met=3/3, short_met=2
[TF-PARAMS] BNB-USDT 2h: MEDIUM VOLATILITY (13) → 2h thresholds
[TF-PARAMS] BNB-USDT 2h: HIGH REVERSAL FREQUENCY → 5-bar confirmation
[BNB-USDT] [VWAP Divergence ENHANCED] Signal: SHORT | short_met=4/5, vwap_distance=0.0065, divergence_bars=5, crossover=True
[BNB-USDT] [MTF Volume Agreement ENHANCED] Signal: LONG | long_met=3/4, consensus=0, volume_ratio=1.45, buildup_bars=2, temporal_align=True
[BNB-USDT] [Chop Zone Check] Signal: LONG | long_met=3, short_met=1, chop_zone=42.70744114601859, ema9=644.7352324677366, ema21=641.0156770423365, adx=21.247263494002567
[BNB-USDT] [Wick Dominance] lower=0.5790 upper=5.2260 ratio=1.30 exhaust_long=2 exhaust_short=3 | SHORT (3/4)
[BNB-USDT] [Absorption] price_low=False vol=True pressure_long=-0.0003 pressure_short=0.0003 | SHORT (2/4)
[TF-PARAMS] BNB-USDT 2h: MEDIUM VOLATILITY (13) → 2h thresholds
[TF-PARAMS] BNB-USDT 2h: HIGH REVERSAL FREQUENCY → 5-bar confirmation
[BNB-USDT] [S/R SIMPLIFIED] Signal: LONG | close=645.9940 within margin of support=626.8800
[BNB-USDT] [Smart Money] vol_ratio=1.38 above_vwap=True below_vwap=False | LONG (4/2)
[BNB-USDT] [Liquidity Pool] breakout_long=False breakout_short=False vol_ratio=1.39 | LONG (3/2)
[BNB-USDT] [Spread Filter ENHANCED] Signal: LONG | long_met=3/4, spread_ratio=1.07, spread_pct=0.0094, slippage_ok=True
[BNB-USDT] [Liquidity Awareness ENHANCED] Signal: SHORT | short_met=2/4, wall_delta=-1.0000, density_type=ASK_SIDE, spread=N/A, volume_ratio=1.45
[TF-PARAMS] BNB-USDT 2h: MEDIUM VOLATILITY (13) → 2h thresholds
[TF-PARAMS] BNB-USDT 2h: HIGH REVERSAL FREQUENCY → 5-bar confirmation
[BNB-USDT] [Volatility Squeeze ENHANCED] Signal: LONG | long_met=3/6, squeeze_bars=0, bb_tightening=0, momentum=0, volume_buildup=True
[BNB-USDT] [Diagnostic] Skipping SuperGK decision inside analyze(); main.py will perform canonical SuperGK.
[SUMMARY] Reversal decision: NONE
[CRITICAL-FILTERS_OK] BNB-USDT: direction=LONG | score=11>=10? True | passes=1>=0? True | soft_passed=True | route_veto=✓ → filters_ok=True
[BNB-USDT] ✅ FINAL SIGNAL (filters_ok): LONG on BNB-USDT @ 645.994000 | Score: 11/19 | Passed GK: 1/1 | Confidence: 64.0% (Weighted: 54.1/84.5) | Route: TREND CONTINUATION
[SUMMARY] Market regime detected: BEAR
[DEBUG-2h] BNB-USDT: analyze() returned - filters_ok=True
[DEBUG-2h] BNB-USDT: score=11/19, passes=1/1, bias=LONG, filters_ok=True
[GATEKEEPER-DISABLED] 2h BNB-USDT: DirectionAwareGatekeeper bypassed (code preserved)
[OrderBookDeltaLog] BNB-USDT | ts=2026-03-25T17:53:03.837151 | source=main_log | buy_wall=8.043800000000001 | sell_wall=3.6991 | wall_delta=4.344700000000001 | midprice=645.802
[RestingOrderDensityLog] BNB-USDT | ts=2026-03-25T17:53:03.837151 | source=main_log | bid_density=3.09% | ask_density=1.78% | bid_top=9.369299999999999 | ask_top=2.5828999999999995 | bid_total=303.242 | ask_total=145.3991
[SuperGK][MAIN] DISABLED (broken) - bypassing SuperGK for ALL signals
[SuperGK][MAIN] Result -> bias=LONG super_gk_ok=True (bypassed)
[LOG] Sending 2h alert for BNB-USDT
[DEBUG] 2h entry_price_final=646.46882300 analyzer_price=645.994
[SIGNAL] BNB-USDT        2h     LONG   @       646.47 (Score: 11/19) | 2026-03-26 00:53:34
[SUMMARY] Market regime detected: BEAR
[PHASE3B-SCORE] 2h BNB-USDT: ✅ TREND_CONT: LONG_BEAR (always allowed as fallback) (score: 37.5)
[MARKET_DRIVEN] REJECTED LONG: RR 0.24 outside bounds (0.5-4.0)
[tp_sl_retracement] MARKET_DRIVEN returned None, falling back to ATR (regime=BEAR)
[FIX1-ACTIVE] dir=LONG entry=646.46882300 tp=653.45328729 sl=640.88125157 → reward=6.98446429 risk=5.58757143 rr=1.25
[tp_sl_retracement] ATR_FALLBACK_REGIME_AWARE | direction=LONG entry=646.46882300 atr=5.58757143 tp=653.45328729 sl=640.88125157 rr=1.25 regime=BEAR
[DEBUG] calculate_tp_sl -> tp=653.45328729 sl=640.88125157 chosen_ratio=None achieved_rr=1.25
[DEBUG] tp_sl full dict for BNB-USDT: {'tp': 653.45328729, 'sl': 640.88125157, 'achieved_rr': 1.25, 'atr_value': 5.587571428571437, 'source': 'atr_1_25_to_1_long', 'fib_levels': None, 'chosen_ratio': None, 'sl_capped': False}
[FIRED] Logged: 23aebf1e-e2b7-43d1-9c80-4be3c13f58e4, BNB-USDT, 2h, LONG, 2026-03-25T17:53:05.402960, 99, SCORE: 11, MAX SCORE: 19, PASSED: 1, MAX PASSED: 1, WEIGHTS: 54.1, MAX WEIGHTS: 84.5, CONFIDENCE RATE: 64.0%
[RR_FILTER] 2h signal ACCEPTED: BNB-USDT - RR 1.25 >= MIN 1.25
[SignalStore] Signal stored: d6637f4e... (BNB-USDT 2h LONG)
[STORED] Signal captured: BNB-USDT 2h LONG UUID=d6637f4e...
[TIER] Loaded latest entry from SIGNAL_TIERS.json (timestamp: 2026-03-25 22:21:38 GMT+7)
[TIER] 2h BNB-USDT: Tier-X
[DEBUG] 2h: Calling send_telegram_alert for BNB-USDT (tf=2h, Entry=646.4688229999999)
[Telegram][MSG] 10.D. BNB-USDT
10.D. BNB-USDT (2h)
📉 Regime: BEAR
✈️ LONG Signal
↗️➡️ Bullish Continuation
💰 646.47
🏁 TP: 653.45 (+1.08%)
⛔ SL: 640.88 (-0.86%)
📊 Score: 11/19
🎯 Passed: 1/1
🔴 Confidence: 64.0%
🏋️‍♀️ Weighted: 54.1/84.5
⛓️ Consensus: ✅ POA
📊 R:R: 1.25:1 | ATR-Based 1.2:1 RR
⛓️‍💥 MAIN_BLOCKCHAIN
📨 Telegram alert sent: BNB-USDT LONG TREND CONTINUATION message_id=359066
[DEBUG] 2h: send_telegram_alert returned True for BNB-USDT
[✅ SENT]  BNB-USDT        2h     → Telegram (ID: d6637f4e...) | 2026-03-26 00:53:37
[✅ PEC SENT] BNB-USDT        2h     to SENT_SIGNALS.jsonl | 2026-03-26 00:53:37
[EXECUTOR] Event-triggered backtest for BNB-USDT 2h (UUID: d6637f4e-b9a)
[CRITICAL-DEBUG] SmartFilter.__init__ BNB-USDT 4h: min_score=10 (source of truth for ALL timeframes)
[BNB-USDT] analyze() start @ 2026-03-25T17:53:37.384260
[SUMMARY] Reversal decision: NONE
[BNB-USDT] [TREND ENHANCED] Signal: LONG | long_met=8/7, short_met=2
[BNB-USDT] [MACD ENHANCED] Signal: LONG | long_met=4/3, short_met=0
[BNB-USDT] [Momentum ENHANCED] Signal: LONG | long_met=3/3, short_met=2
[TF-PARAMS] BNB-USDT 4h: HIGH VOLATILITY (14) → 4h thresholds
[BNB-USDT] [VWAP Divergence ENHANCED] Signal: LONG | long_met=4/5, vwap_distance=0.0017, divergence_bars=4, crossover=True
[BNB-USDT] [HH/LL Trend] Signal: LONG | HH=2, HL=2 (lookback=3, range=0.9441%)
[BNB-USDT] [Chop Zone Check] Market too choppy (chop_zone=62.90 >= 60)
[BNB-USDT] [Wick Dominance] lower=0.5790 upper=5.2260 ratio=1.30 exhaust_long=1 exhaust_short=4 | SHORT (3/4)
[BNB-USDT] [Absorption] price_low=False vol=False pressure_long=-0.0003 pressure_short=0.0003 | SHORT (1/3)
[TF-PARAMS] BNB-USDT 4h: HIGH VOLATILITY (14) → 4h thresholds
[BNB-USDT] [S/R SIMPLIFIED] Signal: LONG | close=645.9940 within margin of support=620.2660
[BNB-USDT] [Smart Money] vol_ratio=0.62 above_vwap=True below_vwap=True | LONG (3/2)
[BNB-USDT] [Liquidity Pool] breakout_long=False breakout_short=False vol_ratio=0.60 | LONG (2/1)
[BNB-USDT] [Spread Filter ENHANCED] Signal: LONG | long_met=4/4, spread_ratio=0.66, spread_pct=0.0094, slippage_ok=True
[TF-PARAMS] BNB-USDT 4h: HIGH VOLATILITY (14) → 4h thresholds
[BNB-USDT] [Volatility Squeeze ENHANCED] Signal: LONG | long_met=4/6, squeeze_bars=3, bb_tightening=0, momentum=1, volume_buildup=False
[BNB-USDT] [Diagnostic] Skipping SuperGK decision inside analyze(); main.py will perform canonical SuperGK.
[SUMMARY] Reversal decision: NONE
[CRITICAL-FILTERS_OK] BNB-USDT: direction=LONG | score=10>=10? True | passes=1>=0? True | soft_passed=True | route_veto=✓ → filters_ok=True
[BNB-USDT] ✅ FINAL SIGNAL (filters_ok): LONG on BNB-USDT @ 645.994000 | Score: 10/19 | Passed GK: 1/1 | Confidence: 57.6% (Weighted: 48.7/84.5) | Route: TREND CONTINUATION
[SUMMARY] Market regime detected: BULL
[DEBUG] 4h entry_price_final=646.09344800 analyzer_price=645.994
[SIGNAL] BNB-USDT        4h     LONG   @       646.09 (Score: 10/19) | 2026-03-26 00:53:37
[SUMMARY] Market regime detected: BULL
[MARKET_DRIVEN] REJECTED LONG: RR 0.21 outside bounds (0.5-4.0)
[tp_sl_retracement] MARKET_DRIVEN returned None, falling back to ATR (regime=BULL)
[FIX1-ACTIVE] dir=LONG entry=646.09344800 tp=656.38934086 sl=637.85673371 → reward=10.29589286 risk=8.23671429 rr=1.25
[tp_sl_retracement] ATR_FALLBACK_REGIME_AWARE | direction=LONG entry=646.09344800 atr=8.23671429 tp=656.38934086 sl=637.85673371 rr=1.25 regime=BULL
[SignalStore] Signal stored: 87d517ae... (BNB-USDT 4h LONG)
[STORED] Signal captured: BNB-USDT 4h LONG UUID=87d517ae...
[TIER] Loaded latest entry from SIGNAL_TIERS.json (timestamp: 2026-03-25 22:21:38 GMT+7)
[TIER] 4h BNB-USDT: Tier-2
[DEBUG] 4h: Calling send_telegram_alert for BNB-USDT (tf=4h, Entry=646.0934479999999)
[Telegram][MSG] 10.E. BNB-USDT
10.E. BNB-USDT (4h) 🥈 Tier-2
📈 Regime: BULL
✈️ LONG Signal
↗️➡️ Bullish Continuation
💰 646.09
🏁 TP: 656.39 (+1.59%)
⛔ SL: 637.86 (-1.27%)
📊 Score: 10/19
🎯 Passed: 1/1
🔴 Confidence: 57.6%
🏋️‍♀️ Weighted: 48.7/84.5
⛓️ Consensus: ✅ POA
📊 R:R: 1.25:1 | ATR-Based 1.2:1 RR
⛓️‍💥 MAIN_BLOCKCHAIN
📨 Telegram alert sent: BNB-USDT LONG TREND CONTINUATION message_id=359068
[DEBUG] 4h: send_telegram_alert returned True for BNB-USDT
[✅ SENT]  BNB-USDT        4h     → Telegram (ID: 87d517ae...) | 2026-03-26 00:54:04
[✅ PEC SENT] BNB-USDT        4h     to SENT_SIGNALS.jsonl | 2026-03-26 00:54:04
[EXECUTOR] Event-triggered backtest for BNB-USDT 4h (UUID: 87d517ae-6cb)
