/Users/geniustarigan/Library/Python/3.9/lib/python/site-packages/urllib3/__init__.py:35: NotOpenSSLWarning: urllib3 v2 only supports OpenSSL 1.1.1+, currently the 'ssl' module is compiled with 'LibreSSL 2.8.3'. See: https://github.com/urllib3/urllib3/issues/3020
  warnings.warn(
[2026-03-27 09:24:55] [START] PEC Persistent Executor started
[2026-03-27 09:24:55] [START] Workspace: /Users/geniustarigan/.openclaw/workspace
[2026-03-27 09:24:55] [START] Update interval: 300s (5 minutes)
[2026-03-27 09:24:55] [START] Source: /Users/geniustarigan/.openclaw/workspace/SIGNALS_MASTER.jsonl
[2026-03-27 09:24:55] [START] Stop with: pkill -f pec_executor_persistent.py
[2026-03-27 09:24:55] [INFO] Running update cycle...
[2026-03-27 09:26:46] [UPDATE] Update complete: no status changes
[2026-03-27 09:26:46] [DEBUG] Sleeping for 300s until next cycle...
[2026-03-27 09:31:46] [INFO] Running update cycle...
[PEC-TIMEOUT-HIT] BTC-USDT 1h: 4 bars >= 4 max, actual_timeout=2026-03-27T02:26:17.064254 [CHALLENGER]
[PEC-TIMEOUT-HIT] ETH-USDT 1h: 4 bars >= 4 max, actual_timeout=2026-03-27T02:31:56.850345 [CHALLENGER]
[PEC-TIMEOUT-HIT] ETH-USDT 1h: 4 bars >= 4 max, actual_timeout=2026-03-27T02:32:03.222131 [CHALLENGER]
[PEC-TIMEOUT-HIT] RAY-USDT 1h: 4 bars >= 4 max, actual_timeout=2026-03-27T02:32:49.092696 [CHALLENGER]
[PEC-TIMEOUT-HIT] EPT-USDT 15min: 8 bars >= 8 max, actual_timeout=2026-03-27T02:28:00.360338 [CHALLENGER]
[PEC-TIMEOUT-HIT] VINE-USDT 15min: 8 bars >= 8 max, actual_timeout=2026-03-27T02:29:01.977737 [CHALLENGER]
[PEC-TIMEOUT-HIT] DYDX-USDT 15min: 8 bars >= 8 max, actual_timeout=2026-03-27T02:31:10.391749 [CHALLENGER]
[PEC-TIMEOUT-HIT] DYDX-USDT 15min: 8 bars >= 8 max, actual_timeout=2026-03-27T02:31:10.226201 [CHALLENGER]
[PEC-TIMEOUT-HIT] WIF-USDT 15min: 8 bars >= 8 max, actual_timeout=2026-03-27T02:31:14.699019 [CHALLENGER]
[PEC-TIMEOUT-HIT] ORDER-USDT 15min: 8 bars >= 8 max, actual_timeout=2026-03-27T02:31:54.922926 [CHALLENGER]
[PEC-TIMEOUT-HIT] AGLD-USDT 15min: 8 bars >= 8 max, actual_timeout=2026-03-27T02:32:06.596701 [CHALLENGER]
[2026-03-27 09:33:39] [UPDATE] Update complete: 3x TP, 2x SL, 11x TIMEOUT, 0x STALE
[2026-03-27 09:33:39] [DEBUG] Sleeping for 300s until next cycle...
/Users/geniustarigan/Library/Python/3.9/lib/python/site-packages/urllib3/__init__.py:35: NotOpenSSLWarning: urllib3 v2 only supports OpenSSL 1.1.1+, currently the 'ssl' module is compiled with 'LibreSSL 2.8.3'. See: https://github.com/urllib3/urllib3/issues/3020
  warnings.warn(
[2026-03-27 09:35:36] [START] PEC Persistent Executor started
[2026-03-27 09:35:36] [START] Workspace: /Users/geniustarigan/.openclaw/workspace
[2026-03-27 09:35:36] [START] Update interval: 300s (5 minutes)
[2026-03-27 09:35:36] [START] Source: /Users/geniustarigan/.openclaw/workspace/SIGNALS_MASTER.jsonl
[2026-03-27 09:35:36] [START] Stop with: pkill -f pec_executor_persistent.py
[2026-03-27 09:35:36] [INFO] Running update cycle...
[PEC-TIMEOUT-HIT] ETH-USDT 1h: 4 bars >= 4 max, actual_timeout=2026-03-27T02:31:56.850345 [CHALLENGER]
[PEC-TIMEOUT-HIT] RAY-USDT 1h: 4 bars >= 4 max, actual_timeout=2026-03-27T02:32:49.092696 [CHALLENGER]
/Users/geniustarigan/Library/Python/3.9/lib/python/site-packages/urllib3/__init__.py:35: NotOpenSSLWarning: urllib3 v2 only supports OpenSSL 1.1.1+, currently the 'ssl' module is compiled with 'LibreSSL 2.8.3'. See: https://github.com/urllib3/urllib3/issues/3020
  warnings.warn(
[2026-03-27 09:37:00] [START] PEC Persistent Executor started
[2026-03-27 09:37:00] [START] Workspace: /Users/geniustarigan/.openclaw/workspace
[2026-03-27 09:37:00] [START] Update interval: 300s (5 minutes)
[2026-03-27 09:37:00] [START] Source: /Users/geniustarigan/.openclaw/workspace/SIGNALS_MASTER.jsonl
[2026-03-27 09:37:00] [START] Stop with: pkill -f pec_executor_persistent.py
[2026-03-27 09:37:00] [INFO] Running update cycle...
[PEC-TIMEOUT-HIT] ZORA-USDT 15min: 8 bars >= 8 max, actual_timeout=2026-03-27T02:35:03.644659 [CHALLENGER]
[PEC-TIMEOUT-HIT] ZORA-USDT 15min: 8 bars >= 8 max, actual_timeout=2026-03-27T02:35:10.795405 [CHALLENGER]
/Users/geniustarigan/Library/Python/3.9/lib/python/site-packages/urllib3/__init__.py:35: NotOpenSSLWarning: urllib3 v2 only supports OpenSSL 1.1.1+, currently the 'ssl' module is compiled with 'LibreSSL 2.8.3'. See: https://github.com/urllib3/urllib3/issues/3020
  warnings.warn(
[2026-03-27 09:37:14] [START] PEC Persistent Executor started
[2026-03-27 09:37:14] [START] Workspace: /Users/geniustarigan/.openclaw/workspace
[2026-03-27 09:37:14] [START] Update interval: 300s (5 minutes)
[2026-03-27 09:37:14] [START] Source: /Users/geniustarigan/.openclaw/workspace/SIGNALS_MASTER.jsonl
[2026-03-27 09:37:14] [START] Stop with: pkill -f pec_executor_persistent.py
[2026-03-27 09:37:14] [INFO] Running update cycle...
[2026-03-27 09:37:30] [UPDATE] Update complete: 0x TP, 0x SL, 4x TIMEOUT, 0x STALE
[2026-03-27 09:37:30] [DEBUG] Sleeping for 300s until next cycle...
[PEC-TIMEOUT-HIT] BTC-USDT 1h: 4 bars >= 4 max, actual_timeout=2026-03-27T02:26:17.064254 [CHALLENGER]
[PEC-TIMEOUT-HIT] SOL-USDT 1h: 4 bars >= 4 max, actual_timeout=2026-03-27T02:26:23.633139 [CHALLENGER]
[PEC-TIMEOUT-HIT] TAO-USDT 15min: 8 bars >= 8 max, actual_timeout=2026-03-27T02:38:35.779204 [CHALLENGER]
[2026-03-27 09:39:01] [UPDATE] Update complete: 3x TP, 0x SL, 3x TIMEOUT, 0x STALE
[2026-03-27 09:39:01] [DEBUG] Sleeping for 300s until next cycle...
/Users/geniustarigan/Library/Python/3.9/lib/python/site-packages/urllib3/__init__.py:35: NotOpenSSLWarning: urllib3 v2 only supports OpenSSL 1.1.1+, currently the 'ssl' module is compiled with 'LibreSSL 2.8.3'. See: https://github.com/urllib3/urllib3/issues/3020
  warnings.warn(
[2026-03-27 09:39:53] [START] PEC Persistent Executor started
[2026-03-27 09:39:53] [START] Workspace: /Users/geniustarigan/.openclaw/workspace
[2026-03-27 09:39:53] [START] Update interval: 300s (5 minutes)
[2026-03-27 09:39:53] [START] Source: /Users/geniustarigan/.openclaw/workspace/SIGNALS_MASTER.jsonl
[2026-03-27 09:39:53] [START] Stop with: pkill -f pec_executor_persistent.py
[2026-03-27 09:39:53] [INFO] Running update cycle...
/Users/geniustarigan/Library/Python/3.9/lib/python/site-packages/urllib3/__init__.py:35: NotOpenSSLWarning: urllib3 v2 only supports OpenSSL 1.1.1+, currently the 'ssl' module is compiled with 'LibreSSL 2.8.3'. See: https://github.com/urllib3/urllib3/issues/3020
  warnings.warn(
[2026-03-27 09:40:08] [START] PEC Persistent Executor started
[2026-03-27 09:40:08] [START] Workspace: /Users/geniustarigan/.openclaw/workspace
[2026-03-27 09:40:08] [START] Update interval: 300s (5 minutes)
[2026-03-27 09:40:08] [START] Source: /Users/geniustarigan/.openclaw/workspace/SIGNALS_MASTER.jsonl
[2026-03-27 09:40:08] [START] Stop with: pkill -f pec_executor_persistent.py
[2026-03-27 09:40:08] [INFO] Running update cycle...
/Users/geniustarigan/Library/Python/3.9/lib/python/site-packages/urllib3/__init__.py:35: NotOpenSSLWarning: urllib3 v2 only supports OpenSSL 1.1.1+, currently the 'ssl' module is compiled with 'LibreSSL 2.8.3'. See: https://github.com/urllib3/urllib3/issues/3020
  warnings.warn(
[2026-03-27 09:40:23] [START] PEC Persistent Executor started
[2026-03-27 09:40:23] [START] Workspace: /Users/geniustarigan/.openclaw/workspace
[2026-03-27 09:40:23] [START] Update interval: 300s (5 minutes)
[2026-03-27 09:40:23] [START] Source: /Users/geniustarigan/.openclaw/workspace/SIGNALS_MASTER.jsonl
[2026-03-27 09:40:23] [START] Stop with: pkill -f pec_executor_persistent.py
[2026-03-27 09:40:23] [INFO] Running update cycle...
/Users/geniustarigan/Library/Python/3.9/lib/python/site-packages/urllib3/__init__.py:35: NotOpenSSLWarning: urllib3 v2 only supports OpenSSL 1.1.1+, currently the 'ssl' module is compiled with 'LibreSSL 2.8.3'. See: https://github.com/urllib3/urllib3/issues/3020
  warnings.warn(
[2026-03-27 09:40:29] [START] PEC Persistent Executor started
[2026-03-27 09:40:29] [START] Workspace: /Users/geniustarigan/.openclaw/workspace
[2026-03-27 09:40:29] [START] Update interval: 300s (5 minutes)
[2026-03-27 09:40:29] [START] Source: /Users/geniustarigan/.openclaw/workspace/SIGNALS_MASTER.jsonl
[2026-03-27 09:40:29] [START] Stop with: pkill -f pec_executor_persistent.py
[2026-03-27 09:40:29] [INFO] Running update cycle...
/Users/geniustarigan/Library/Python/3.9/lib/python/site-packages/urllib3/__init__.py:35: NotOpenSSLWarning: urllib3 v2 only supports OpenSSL 1.1.1+, currently the 'ssl' module is compiled with 'LibreSSL 2.8.3'. See: https://github.com/urllib3/urllib3/issues/3020
  warnings.warn(
[2026-03-27 09:40:41] [START] PEC Persistent Executor started
[2026-03-27 09:40:41] [START] Workspace: /Users/geniustarigan/.openclaw/workspace
[2026-03-27 09:40:41] [START] Update interval: 300s (5 minutes)
[2026-03-27 09:40:41] [START] Source: /Users/geniustarigan/.openclaw/workspace/SIGNALS_MASTER.jsonl
[2026-03-27 09:40:41] [START] Stop with: pkill -f pec_executor_persistent.py
[2026-03-27 09:40:41] [INFO] Running update cycle...
[PEC-TIMEOUT-HIT] KNC-USDT 2h: 5 bars >= 5 max, actual_timeout=2026-03-27T02:39:58.072167 [CHAMPION]
[PEC-TIMEOUT-HIT] KNC-USDT 4h: 5 bars >= 5 max, actual_timeout=2026-03-27T02:40:30.799705 [CHAMPION]
[PEC-TIMEOUT-HIT] HBAR-USDT 1h: 4 bars >= 4 max, actual_timeout=2026-03-27T02:40:14.015626 [CHALLENGER]
[PEC-TIMEOUT-HIT] AGLD-USDT 15min: 8 bars >= 8 max, actual_timeout=2026-03-27T02:32:06.596701 [CHALLENGER]
[2026-03-27 09:42:27] [UPDATE] Update complete: 0x TP, 2x SL, 4x TIMEOUT, 0x STALE
[2026-03-27 09:42:27] [DEBUG] Sleeping for 300s until next cycle...
[2026-03-27 09:47:27] [INFO] Running update cycle...
[2026-03-27 09:49:22] [UPDATE] Update complete: no status changes
[2026-03-27 09:49:22] [DEBUG] Sleeping for 300s until next cycle...
[2026-03-27 09:54:22] [INFO] Running update cycle...
[PEC-TIMEOUT-HIT] CFX-USDT 15min: 8 bars >= 8 max, actual_timeout=2026-03-27T02:55:01.231761 [CHALLENGER]
[2026-03-27 09:56:11] [UPDATE] Update complete: 0x TP, 0x SL, 1x TIMEOUT, 0x STALE
[2026-03-27 09:56:11] [DEBUG] Sleeping for 300s until next cycle...
[2026-03-27 10:01:11] [INFO] Running update cycle...
[2026-03-27 10:02:58] [UPDATE] Update complete: no status changes
[2026-03-27 10:02:58] [DEBUG] Sleeping for 300s until next cycle...
[2026-03-27 10:07:58] [INFO] Running update cycle...
[2026-03-27 10:09:49] [UPDATE] Update complete: 0x TP, 1x SL, 0x TIMEOUT, 0x STALE
[2026-03-27 10:09:49] [DEBUG] Sleeping for 300s until next cycle...
[2026-03-27 10:14:50] [INFO] Running update cycle...
[PEC-TIMEOUT-HIT] ZORA-USDT 4h: 5 bars >= 5 max, actual_timeout=2026-03-27T03:10:44.737410 [CHAMPION]
[PEC-TIMEOUT-HIT] DOGE-USDT 4h: 5 bars >= 5 max, actual_timeout=2026-03-27T03:11:00.925407 [CHAMPION]
[PEC-TIMEOUT-HIT] VOXEL-USDT 4h: 5 bars >= 5 max, actual_timeout=2026-03-27T03:11:14.379871 [CHAMPION]
[PEC-TIMEOUT-HIT] DYDX-USDT 4h: 5 bars >= 5 max, actual_timeout=2026-03-27T03:12:32.309426 [CHAMPION]
[PEC-TIMEOUT-HIT] WLFI-USDT 4h: 5 bars >= 5 max, actual_timeout=2026-03-27T03:12:52.629481 [CHAMPION]
[PEC-TIMEOUT-HIT] APT-USDT 4h: 5 bars >= 5 max, actual_timeout=2026-03-27T03:13:33.316145 [CHAMPION]
[PEC-TIMEOUT-HIT] APT-USDT 4h: 5 bars >= 5 max, actual_timeout=2026-03-27T03:13:48.028004 [CHAMPION]
[PEC-TIMEOUT-HIT] SUI-USDT 15min: 8 bars >= 8 max, actual_timeout=2026-03-27T03:12:09.287191 [CHALLENGER]
[PEC-TIMEOUT-HIT] UNI-USDT 15min: 8 bars >= 8 max, actual_timeout=2026-03-27T03:12:17.718441 [CHALLENGER]
[PEC-TIMEOUT-HIT] ZKJ-USDT 15min: 8 bars >= 8 max, actual_timeout=2026-03-27T03:16:06.545767 [CHALLENGER]
[2026-03-27 10:16:32] [UPDATE] Update complete: 2x TP, 0x SL, 10x TIMEOUT, 0x STALE
[2026-03-27 10:16:32] [DEBUG] Sleeping for 300s until next cycle...
[2026-03-27 10:21:32] [INFO] Running update cycle...
[2026-03-27 10:23:12] [UPDATE] Update complete: no status changes
[2026-03-27 10:23:12] [DEBUG] Sleeping for 300s until next cycle...
[2026-03-27 10:28:12] [INFO] Running update cycle...
[PEC-TIMEOUT-HIT] KAITO-USDT 4h: 5 bars >= 5 max, actual_timeout=2026-03-27T03:24:26.243050 [CHAMPION]
[PEC-TIMEOUT-HIT] WLFI-USDT 4h: 5 bars >= 5 max, actual_timeout=2026-03-27T03:24:40.606826 [CHAMPION]
[PEC-TIMEOUT-HIT] ENS-USDT 4h: 5 bars >= 5 max, actual_timeout=2026-03-27T03:25:58.315782 [CHAMPION]
[PEC-TIMEOUT-HIT] PORTAL-USDT 2h: 5 bars >= 5 max, actual_timeout=2026-03-27T03:28:01.179515 [CHALLENGER]
[PEC-TIMEOUT-HIT] VOXEL-USDT 4h: 5 bars >= 5 max, actual_timeout=2026-03-27T03:28:43.206200 [CHAMPION]
[PEC-TIMEOUT-HIT] EPT-USDT 30min: 6 bars >= 6 max, actual_timeout=2026-03-27T03:28:03.238291 [CHALLENGER]
[PEC-TIMEOUT-HIT] ACTSOL-USDT 30min: 6 bars >= 6 max, actual_timeout=2026-03-27T03:28:12.565448 [CHALLENGER]
[2026-03-27 10:29:49] [UPDATE] Update complete: 0x TP, 0x SL, 7x TIMEOUT, 0x STALE
[2026-03-27 10:29:49] [DEBUG] Sleeping for 300s until next cycle...
[2026-03-27 10:34:49] [INFO] Running update cycle...
[PEC-TIMEOUT-HIT] HIPPO-USDT 4h: 5 bars >= 5 max, actual_timeout=2026-03-27T03:34:13.033759 [CHAMPION]
[PEC-TIMEOUT-HIT] DOGE-USDT 4h: 5 bars >= 5 max, actual_timeout=2026-03-27T03:34:16.695560 [CHAMPION]
[PEC-TIMEOUT-HIT] ERA-USDT 2h: 5 bars >= 5 max, actual_timeout=2026-03-27T03:34:28.846561 [CHAMPION]
[PEC-TIMEOUT-HIT] ZORA-USDT 30min: 6 bars >= 6 max, actual_timeout=2026-03-27T03:35:14.737816 [CHALLENGER]
[2026-03-27 10:36:21] [UPDATE] Update complete: 0x TP, 1x SL, 4x TIMEOUT, 0x STALE
[2026-03-27 10:36:21] [DEBUG] Sleeping for 300s until next cycle...
[2026-03-27 10:41:21] [INFO] Running update cycle...
[PEC-TIMEOUT-HIT] AERO-USDT 4h: 5 bars >= 5 max, actual_timeout=2026-03-27T03:38:15.400549 [CHAMPION]
[PEC-TIMEOUT-HIT] PEPE-USDT 4h: 5 bars >= 5 max, actual_timeout=2026-03-27T03:39:46.515690 [CHAMPION]
[PEC-TIMEOUT-HIT] AVNT-USDT 4h: 5 bars >= 5 max, actual_timeout=2026-03-27T03:41:18.957536 [CHAMPION]
[PEC-TIMEOUT-HIT] APT-USDT 4h: 5 bars >= 5 max, actual_timeout=2026-03-27T03:41:34.648960 [CHAMPION]
[PEC-TIMEOUT-HIT] OP-USDT 2h: 5 bars >= 5 max, actual_timeout=2026-03-27T03:41:53.625090 [CHAMPION]
[2026-03-27 10:42:50] [UPDATE] Update complete: 0x TP, 0x SL, 5x TIMEOUT, 0x STALE
[2026-03-27 10:42:50] [DEBUG] Sleeping for 300s until next cycle...
[2026-03-27 10:47:50] [INFO] Running update cycle...
[PEC-TIMEOUT-HIT] AVNT-USDT 4h: 5 bars >= 5 max, actual_timeout=2026-03-27T03:41:26.344567 [CHAMPION]
[PEC-TIMEOUT-HIT] WLFI-USDT 4h: 5 bars >= 5 max, actual_timeout=2026-03-27T03:46:05.922699 [CHAMPION]
[2026-03-27 10:49:17] [UPDATE] Update complete: 0x TP, 1x SL, 2x TIMEOUT, 0x STALE
[2026-03-27 10:49:17] [DEBUG] Sleeping for 300s until next cycle...
[2026-03-27 10:54:17] [INFO] Running update cycle...
[PEC-TIMEOUT-HIT] FUN-USDT 30min: 6 bars >= 6 max, actual_timeout=2026-03-27T03:52:07.533528 [CHALLENGER]
[2026-03-27 10:55:43] [UPDATE] Update complete: 0x TP, 0x SL, 1x TIMEOUT, 0x STALE
[2026-03-27 10:55:43] [DEBUG] Sleeping for 300s until next cycle...
[2026-03-27 11:00:43] [INFO] Running update cycle...
[2026-03-27 11:02:11] [UPDATE] Update complete: 1x TP, 3x SL, 0x TIMEOUT, 0x STALE
[2026-03-27 11:02:11] [DEBUG] Sleeping for 300s until next cycle...
[2026-03-27 11:07:11] [INFO] Running update cycle...
[PEC-TIMEOUT-HIT] INJ-USDT 4h: 5 bars >= 5 max, actual_timeout=2026-03-27T04:03:28.043852 [CHAMPION]
[PEC-TIMEOUT-HIT] INJ-USDT 4h: 5 bars >= 5 max, actual_timeout=2026-03-27T04:03:37.537792 [CHAMPION]
[2026-03-27 11:08:38] [UPDATE] Update complete: 2x TP, 2x SL, 2x TIMEOUT, 0x STALE
[2026-03-27 11:08:38] [DEBUG] Sleeping for 300s until next cycle...
[2026-03-27 11:13:38] [INFO] Running update cycle...
[2026-03-27 11:15:01] [UPDATE] Update complete: no status changes
[2026-03-27 11:15:01] [DEBUG] Sleeping for 300s until next cycle...
[2026-03-27 11:20:02] [INFO] Running update cycle...
[2026-03-27 11:21:25] [UPDATE] Update complete: 0x TP, 3x SL, 0x TIMEOUT, 0x STALE
[2026-03-27 11:21:25] [DEBUG] Sleeping for 300s until next cycle...
[2026-03-27 11:26:25] [INFO] Running update cycle...
[2026-03-27 11:27:57] [UPDATE] Update complete: no status changes
[2026-03-27 11:27:57] [DEBUG] Sleeping for 300s until next cycle...
[2026-03-27 11:32:57] [INFO] Running update cycle...
[PEC-TIMEOUT-HIT] BTC-USDT 1h: 4 bars >= 4 max, actual_timeout=2026-03-27T04:33:19.110510 [CHALLENGER]
[PEC-TIMEOUT-HIT] ZORA-USDT 1h: 4 bars >= 4 max, actual_timeout=2026-03-27T04:35:10.176772 [CHALLENGER]
[PEC-TIMEOUT-HIT] ZORA-USDT 1h: 4 bars >= 4 max, actual_timeout=2026-03-27T04:35:18.875656 [CHALLENGER]
[2026-03-27 11:49:11] [UPDATE] Update complete: 0x TP, 1x SL, 3x TIMEOUT, 0x STALE
[2026-03-27 11:49:11] [DEBUG] Sleeping for 300s until next cycle...
[2026-03-27 12:46:45] [INFO] Running update cycle...
[PEC-TIMEOUT-HIT] PARTI-USDT 4h: 5 bars >= 5 max, actual_timeout=2026-03-27T05:34:59.037769 [CHAMPION]
[PEC-TIMEOUT-HIT] DUCK-USDT 4h: 5 bars >= 5 max, actual_timeout=2026-03-27T05:35:10.173144 [CHAMPION]
[PEC-TIMEOUT-HIT] VIRTUAL-USDT 4h: 5 bars >= 5 max, actual_timeout=2026-03-27T05:48:07.353180 [CHAMPION]
[PEC-TIMEOUT-HIT] ICNT-USDT 2h: 5 bars >= 5 max, actual_timeout=2026-03-27T05:53:08.162157 [CHALLENGER]
[PEC-TIMEOUT-HIT] ORDER-USDT 2h: 5 bars >= 5 max, actual_timeout=2026-03-27T05:56:36.142257 [CHALLENGER]
[PEC-TIMEOUT-HIT] ORDER-USDT 4h: 5 bars >= 5 max, actual_timeout=2026-03-27T05:56:38.665321 [CHAMPION]
[PEC-TIMEOUT-HIT] PARTI-USDT 4h: 5 bars >= 5 max, actual_timeout=2026-03-27T06:00:13.635055 [CHAMPION]
[PEC-TIMEOUT-HIT] HYPE-USDT 4h: 5 bars >= 5 max, actual_timeout=2026-03-27T06:01:21.163849 [CHAMPION]
[PEC-TIMEOUT-HIT] TON-USDT 2h: 5 bars >= 5 max, actual_timeout=2026-03-27T06:01:25.511594 [CHAMPION]
[PEC-TIMEOUT-HIT] TON-USDT 2h: 5 bars >= 5 max, actual_timeout=2026-03-27T06:01:32.586649 [CHALLENGER]
[2026-03-27 13:02:53] [UPDATE] Update complete: 0x TP, 2x SL, 10x TIMEOUT, 0x STALE
[2026-03-27 13:02:53] [DEBUG] Sleeping for 300s until next cycle...
[2026-03-27 13:55:08] [INFO] Running update cycle...
[PEC-TIMEOUT-HIT] PARTI-USDT 4h: 6 bars >= 5 max, actual_timeout=2026-03-27T05:34:59.037769 [CHAMPION]
[PEC-TIMEOUT-HIT] PARTI-USDT 4h: 5 bars >= 5 max, actual_timeout=2026-03-27T06:00:13.635055 [CHAMPION]
[PEC-TIMEOUT-HIT] SPK-USDT 1h: 4 bars >= 4 max, actual_timeout=2026-03-27T06:44:18.105922 [CHALLENGER]
[PEC-TIMEOUT-HIT] XAUT-USDT 1h: 4 bars >= 4 max, actual_timeout=2026-03-27T06:48:47.996819 [CHALLENGER]
[PEC-TIMEOUT-HIT] CROSS-USDT 15min: 11 bars >= 8 max, actual_timeout=2026-03-27T06:05:34.675190 [CHALLENGER]
[2026-03-27 13:56:30] [UPDATE] Update complete: 0x TP, 0x SL, 5x TIMEOUT, 0x STALE
[2026-03-27 13:56:30] [DEBUG] Sleeping for 300s until next cycle...
[2026-03-27 14:05:22] [INFO] Running update cycle...
[2026-03-27 14:06:28] [UPDATE] Update complete: no status changes
[2026-03-27 14:06:28] [DEBUG] Sleeping for 300s until next cycle...
[2026-03-27 14:11:28] [INFO] Running update cycle...
[2026-03-27 14:11:33] [UPDATE] Update complete: no status changes
[2026-03-27 14:11:33] [DEBUG] Sleeping for 300s until next cycle...
[2026-03-27 14:16:33] [INFO] Running update cycle...
[2026-03-27 14:17:47] [UPDATE] Update complete: no status changes
[2026-03-27 14:17:47] [DEBUG] Sleeping for 300s until next cycle...
[2026-03-27 14:22:47] [INFO] Running update cycle...
[2026-03-27 14:24:00] [UPDATE] Update complete: no status changes
[2026-03-27 14:24:00] [DEBUG] Sleeping for 300s until next cycle...
[2026-03-27 14:29:00] [INFO] Running update cycle...
[PEC-TIMEOUT-HIT] AERO-USDT 30min: 6 bars >= 6 max, actual_timeout=2026-03-27T07:29:46.052857 [CHALLENGER]
[2026-03-27 14:30:14] [UPDATE] Update complete: 0x TP, 0x SL, 1x TIMEOUT, 0x STALE
[2026-03-27 14:30:14] [DEBUG] Sleeping for 300s until next cycle...
[2026-03-27 14:35:14] [INFO] Running update cycle...
[2026-03-27 14:36:30] [UPDATE] Update complete: 0x TP, 1x SL, 0x TIMEOUT, 0x STALE
[2026-03-27 14:36:30] [DEBUG] Sleeping for 300s until next cycle...
[2026-03-27 14:41:30] [INFO] Running update cycle...
[PEC-TIMEOUT-HIT] ENA-USDT 2h: 5 bars >= 5 max, actual_timeout=2026-03-27T07:40:07.542506 [CHALLENGER]
[2026-03-27 14:42:48] [UPDATE] Update complete: 0x TP, 1x SL, 1x TIMEOUT, 0x STALE
[2026-03-27 14:42:48] [DEBUG] Sleeping for 300s until next cycle...
[2026-03-27 14:47:48] [INFO] Running update cycle...
[2026-03-27 14:49:09] [UPDATE] Update complete: no status changes
[2026-03-27 14:49:09] [DEBUG] Sleeping for 300s until next cycle...
[2026-03-27 14:54:09] [INFO] Running update cycle...
[2026-03-27 14:55:30] [UPDATE] Update complete: 0x TP, 1x SL, 0x TIMEOUT, 0x STALE
[2026-03-27 14:55:30] [DEBUG] Sleeping for 300s until next cycle...
[2026-03-27 15:00:30] [INFO] Running update cycle...
[2026-03-27 15:02:50] [UPDATE] Update complete: 1x TP, 2x SL, 0x TIMEOUT, 0x STALE
[2026-03-27 15:02:50] [DEBUG] Sleeping for 300s until next cycle...
[2026-03-27 15:07:50] [INFO] Running update cycle...
[PEC-TIMEOUT-HIT] PUMP-USDT 2h: 5 bars >= 5 max, actual_timeout=2026-03-27T08:08:36.573181 [CHALLENGER]
[PEC-TIMEOUT-HIT] CROSS-USDT 1h: 4 bars >= 4 max, actual_timeout=2026-03-27T08:05:41.721492 [CHALLENGER]
[2026-03-27 15:09:15] [UPDATE] Update complete: 1x TP, 0x SL, 2x TIMEOUT, 0x STALE
[2026-03-27 15:09:15] [DEBUG] Sleeping for 300s until next cycle...
[2026-03-27 15:14:15] [INFO] Running update cycle...
[PEC-TIMEOUT-HIT] CROSS-USDT 1h: 4 bars >= 4 max, actual_timeout=2026-03-27T08:05:41.721492 [CHALLENGER]
[2026-03-27 15:15:41] [UPDATE] Update complete: 1x TP, 2x SL, 1x TIMEOUT, 0x STALE
[2026-03-27 15:15:41] [DEBUG] Sleeping for 300s until next cycle...
[2026-03-27 15:20:41] [INFO] Running update cycle...
[2026-03-27 15:22:00] [UPDATE] Update complete: no status changes
[2026-03-27 15:22:00] [DEBUG] Sleeping for 300s until next cycle...
[2026-03-27 15:27:01] [INFO] Running update cycle...
[PEC-TIMEOUT-HIT] ZORA-USDT 2h: 5 bars >= 5 max, actual_timeout=2026-03-27T08:29:57.441583 [CHAMPION]
[2026-03-27 15:30:38] [UPDATE] Update complete: 2x TP, 1x SL, 1x TIMEOUT, 0x STALE
[2026-03-27 15:30:38] [DEBUG] Sleeping for 300s until next cycle...
