[2026-03-06 01:51:01 GMT+7] 🔴 WATCHDOG        | SCRIPT_MISSING       | PEC script not found at /Users/geniustarigan/.openclaw/workspace/smart-filter-v14-main/smart-filter-v14-main/pec_executor.py
[2026-03-06 01:51:31 GMT+7] 🔴 WATCHDOG        | SCRIPT_MISSING       | PEC script not found at /Users/geniustarigan/.openclaw/workspace/smart-filter-v14-main/smart-filter-v14-main/pec_executor.py
[2026-03-06 16:08:57 GMT+7] 🔴 EXECUTOR        | RUNTIME_ERROR        | Unexpected error: AttributeError: 'PECExecutor' object has no attribute 'sent_signals_path'
[2026-03-06 16:09:30 GMT+7] 🔴 EXECUTOR        | RUNTIME_ERROR        | Unexpected error: AttributeError: 'PECExecutor' object has no attribute 'sent_signals_path'
[2026-03-06 16:33:32 GMT+7] 🔴 EXECUTOR        | RUNTIME_ERROR        | Unexpected error: AttributeError: 'PECExecutor' object has no attribute 'sent_signals_path'
[2026-03-06 16:34:06 GMT+7] 🔴 EXECUTOR        | RUNTIME_ERROR        | Unexpected error: AttributeError: 'PECExecutor' object has no attribute 'sent_signals_path'
[2026-03-06 16:36:45 GMT+7] 🔴 EXECUTOR        | RUNTIME_ERROR        | Unexpected error: AttributeError: 'PECExecutor' object has no attribute 'sent_signals_path'
[2026-03-06 16:39:26 GMT+7] 🔴 EXECUTOR        | RUNTIME_ERROR        | Unexpected error: AttributeError: 'PECExecutor' object has no attribute 'sent_signals_path'
[2026-03-06 16:39:59 GMT+7] 🔴 EXECUTOR        | RUNTIME_ERROR        | Unexpected error: AttributeError: 'PECExecutor' object has no attribute 'sent_signals_path'
[2026-03-06 16:42:39 GMT+7] 🔴 EXECUTOR        | RUNTIME_ERROR        | Unexpected error: AttributeError: 'PECExecutor' object has no attribute 'sent_signals_path'
[2026-03-06 16:50:37 GMT+7] 🔴 EXECUTOR        | RUNTIME_ERROR        | Unexpected error: AttributeError: 'PECExecutor' object has no attribute 'sent_signals_path'
[2026-03-06 16:51:09 GMT+7] 🔴 EXECUTOR        | RUNTIME_ERROR        | Unexpected error: AttributeError: 'PECExecutor' object has no attribute 'sent_signals_path'
[2026-03-06 16:54:54 GMT+7] 🔴 EXECUTOR        | RUNTIME_ERROR        | Unexpected error: AttributeError: 'PECExecutor' object has no attribute 'sent_signals_path'
[2026-03-06 17:15:45 GMT+7] 🔴 EXECUTOR        | RUNTIME_ERROR        | Unexpected error: AttributeError: 'PECExecutor' object has no attribute 'sent_signals_path'
[2026-03-06 17:30:45 GMT+7] 🔴 EXECUTOR        | RUNTIME_ERROR        | Unexpected error: AttributeError: 'PECExecutor' object has no attribute 'sent_signals_path'
[2026-03-06 17:40:24 GMT+7] 🔴 EXECUTOR        | RUNTIME_ERROR        | Unexpected error: AttributeError: 'PECExecutor' object has no attribute 'sent_signals_path'
[2026-03-06 17:41:28 GMT+7] 🔴 EXECUTOR        | RUNTIME_ERROR        | Unexpected error: AttributeError: 'PECExecutor' object has no attribute 'sent_signals_path'
[2026-03-06 17:54:18 GMT+7] 🔴 EXECUTOR        | RUNTIME_ERROR        | Unexpected error: AttributeError: 'PECExecutor' object has no attribute 'sent_signals_path'
[2026-03-06 17:54:48 GMT+7] 🔴 EXECUTOR        | RUNTIME_ERROR        | Unexpected error: AttributeError: 'PECExecutor' object has no attribute 'sent_signals_path'
[2026-03-06 18:39:43 GMT+7] 🔴 EXECUTOR        | NOT_RUNNING          | pec_executor.py process not found
[2026-03-06 18:39:43 GMT+7] 🟡 FLOW            | NO_RECENT            | No signals fired in last hour
[2026-03-06 18:40:43 GMT+7] 🟡 FLOW            | NO_RECENT            | No signals fired in last hour
[2026-03-06 18:41:10 GMT+7] 🔴 EXECUTOR        | RUNTIME_ERROR        | Unexpected error: AttributeError: 'PECExecutor' object has no attribute 'sent_signals_path'
[2026-03-06 18:41:43 GMT+7] 🟡 FLOW            | NO_RECENT            | No signals fired in last hour
[2026-03-06 18:42:44 GMT+7] 🟡 FLOW            | NO_RECENT            | No signals fired in last hour
[2026-03-06 18:43:44 GMT+7] 🔴 EXECUTOR        | NOT_RUNNING          | pec_executor.py process not found
[2026-03-06 18:43:44 GMT+7] 🟡 FLOW            | NO_RECENT            | No signals fired in last hour
[2026-03-06 18:44:44 GMT+7] 🔴 EXECUTOR        | NOT_RUNNING          | pec_executor.py process not found
[2026-03-06 18:44:44 GMT+7] 🟡 FLOW            | NO_RECENT            | No signals fired in last hour
[2026-03-06 18:45:44 GMT+7] 🔴 EXECUTOR        | NOT_RUNNING          | pec_executor.py process not found
[2026-03-06 18:45:44 GMT+7] 🟡 FLOW            | NO_RECENT            | No signals fired in last hour
[2026-03-06 18:46:37 GMT+7] 🔴 EXECUTOR        | RUNTIME_ERROR        | Unexpected error: AttributeError: 'PECExecutor' object has no attribute 'sent_signals_path'
[2026-03-06 18:46:44 GMT+7] 🔴 EXECUTOR        | NOT_RUNNING          | pec_executor.py process not found
[2026-03-06 18:46:44 GMT+7] 🟡 FLOW            | NO_RECENT            | No signals fired in last hour
[2026-03-06 18:47:44 GMT+7] 🔴 EXECUTOR        | NOT_RUNNING          | pec_executor.py process not found
[2026-03-06 18:47:44 GMT+7] 🟡 FLOW            | NO_RECENT            | No signals fired in last hour
[2026-03-06 18:48:44 GMT+7] 🔴 EXECUTOR        | NOT_RUNNING          | pec_executor.py process not found
[2026-03-06 18:48:44 GMT+7] 🟡 FLOW            | NO_RECENT            | No signals fired in last hour
[2026-03-06 18:49:44 GMT+7] 🟡 FLOW            | NO_RECENT            | No signals fired in last hour
[2026-03-06 18:50:44 GMT+7] 🟡 FLOW            | NO_RECENT            | No signals fired in last hour
[2026-03-06 18:51:44 GMT+7] 🟡 FLOW            | NO_RECENT            | No signals fired in last hour
[2026-03-06 18:51:59 GMT+7] 🔴 EXECUTOR        | RUNTIME_ERROR        | Unexpected error: AttributeError: 'PECExecutor' object has no attribute 'sent_signals_path'
[2026-03-06 18:52:44 GMT+7] 🔴 EXECUTOR        | NOT_RUNNING          | pec_executor.py process not found
[2026-03-06 18:52:44 GMT+7] 🟡 FLOW            | NO_RECENT            | No signals fired in last hour
[2026-03-06 18:53:45 GMT+7] 🔴 EXECUTOR        | NOT_RUNNING          | pec_executor.py process not found
[2026-03-06 18:53:45 GMT+7] 🟡 FLOW            | NO_RECENT            | No signals fired in last hour
[2026-03-06 18:54:45 GMT+7] 🔴 EXECUTOR        | NOT_RUNNING          | pec_executor.py process not found
[2026-03-06 18:54:45 GMT+7] 🟡 FLOW            | NO_RECENT            | No signals fired in last hour
[2026-03-06 18:55:45 GMT+7] 🔴 EXECUTOR        | NOT_RUNNING          | pec_executor.py process not found
[2026-03-06 18:55:45 GMT+7] 🟡 FLOW            | NO_RECENT            | No signals fired in last hour
[2026-03-06 18:56:45 GMT+7] 🔴 EXECUTOR        | NOT_RUNNING          | pec_executor.py process not found
[2026-03-06 18:56:45 GMT+7] 🟡 FLOW            | NO_RECENT            | No signals fired in last hour
[2026-03-06 18:57:30 GMT+7] 🔴 EXECUTOR        | RUNTIME_ERROR        | Unexpected error: AttributeError: 'PECExecutor' object has no attribute 'sent_signals_path'
[2026-03-06 18:57:45 GMT+7] 🔴 EXECUTOR        | NOT_RUNNING          | pec_executor.py process not found
[2026-03-06 18:57:45 GMT+7] 🟡 FLOW            | NO_RECENT            | No signals fired in last hour
[2026-03-06 18:58:45 GMT+7] 🟡 DAEMON          | STALE_DATA           | SENT_SIGNALS.jsonl not updated for 10+ minutes
[2026-03-06 18:58:45 GMT+7] 🟡 FLOW            | NO_RECENT            | No signals fired in last hour
[2026-03-06 18:59:45 GMT+7] 🔴 EXECUTOR        | NOT_RUNNING          | pec_executor.py process not found
[2026-03-06 18:59:45 GMT+7] 🟡 FLOW            | NO_RECENT            | No signals fired in last hour
[2026-03-06 19:00:45 GMT+7] 🔴 EXECUTOR        | NOT_RUNNING          | pec_executor.py process not found
[2026-03-06 19:00:45 GMT+7] 🟡 FLOW            | NO_RECENT            | No signals fired in last hour
[2026-03-06 19:01:45 GMT+7] 🔴 EXECUTOR        | NOT_RUNNING          | pec_executor.py process not found
[2026-03-06 19:01:45 GMT+7] 🟡 FLOW            | NO_RECENT            | No signals fired in last hour
[2026-03-06 19:02:45 GMT+7] 🟡 FLOW            | NO_RECENT            | No signals fired in last hour
[2026-03-06 19:02:53 GMT+7] 🔴 EXECUTOR        | RUNTIME_ERROR        | Unexpected error: AttributeError: 'PECExecutor' object has no attribute 'sent_signals_path'
[2026-03-06 19:03:45 GMT+7] 🔴 EXECUTOR        | NOT_RUNNING          | pec_executor.py process not found
[2026-03-06 19:03:45 GMT+7] 🟡 FLOW            | NO_RECENT            | No signals fired in last hour
[2026-03-06 19:04:46 GMT+7] 🔴 EXECUTOR        | NOT_RUNNING          | pec_executor.py process not found
[2026-03-06 19:04:46 GMT+7] 🟡 FLOW            | NO_RECENT            | No signals fired in last hour
[2026-03-06 19:05:46 GMT+7] 🟡 FLOW            | NO_RECENT            | No signals fired in last hour
[2026-03-06 19:06:46 GMT+7] 🟡 FLOW            | NO_RECENT            | No signals fired in last hour
[2026-03-06 19:07:46 GMT+7] 🔴 EXECUTOR        | NOT_RUNNING          | pec_executor.py process not found
[2026-03-06 19:07:46 GMT+7] 🟡 FLOW            | NO_RECENT            | No signals fired in last hour
[2026-03-06 19:08:11 GMT+7] 🔴 EXECUTOR        | RUNTIME_ERROR        | Unexpected error: AttributeError: 'PECExecutor' object has no attribute 'sent_signals_path'
[2026-03-06 19:08:46 GMT+7] 🔴 EXECUTOR        | NOT_RUNNING          | pec_executor.py process not found
[2026-03-06 19:08:46 GMT+7] 🟡 FLOW            | NO_RECENT            | No signals fired in last hour
[2026-03-06 19:09:46 GMT+7] 🔴 EXECUTOR        | NOT_RUNNING          | pec_executor.py process not found
[2026-03-06 19:09:46 GMT+7] 🟡 FLOW            | NO_RECENT            | No signals fired in last hour
[2026-03-06 19:10:46 GMT+7] 🔴 EXECUTOR        | NOT_RUNNING          | pec_executor.py process not found
[2026-03-06 19:10:46 GMT+7] 🟡 FLOW            | NO_RECENT            | No signals fired in last hour
[2026-03-06 19:11:46 GMT+7] 🔴 EXECUTOR        | NOT_RUNNING          | pec_executor.py process not found
[2026-03-06 19:11:46 GMT+7] 🟡 FLOW            | NO_RECENT            | No signals fired in last hour
[2026-03-06 19:12:46 GMT+7] 🔴 EXECUTOR        | NOT_RUNNING          | pec_executor.py process not found
[2026-03-06 19:12:46 GMT+7] 🟡 FLOW            | NO_RECENT            | No signals fired in last hour
[2026-03-06 19:13:28 GMT+7] 🔴 EXECUTOR        | RUNTIME_ERROR        | Unexpected error: AttributeError: 'PECExecutor' object has no attribute 'sent_signals_path'
[2026-03-06 19:13:46 GMT+7] 🟡 FLOW            | NO_RECENT            | No signals fired in last hour
[2026-03-06 19:14:47 GMT+7] 🔴 EXECUTOR        | NOT_RUNNING          | pec_executor.py process not found
[2026-03-06 19:14:47 GMT+7] 🟡 FLOW            | NO_RECENT            | No signals fired in last hour
[2026-03-06 19:15:47 GMT+7] 🔴 EXECUTOR        | NOT_RUNNING          | pec_executor.py process not found
[2026-03-06 19:15:47 GMT+7] 🟡 FLOW            | NO_RECENT            | No signals fired in last hour
[2026-03-06 19:16:47 GMT+7] 🔴 EXECUTOR        | NOT_RUNNING          | pec_executor.py process not found
[2026-03-06 19:16:47 GMT+7] 🟡 FLOW            | NO_RECENT            | No signals fired in last hour
[2026-03-06 19:17:47 GMT+7] 🔴 EXECUTOR        | NOT_RUNNING          | pec_executor.py process not found
[2026-03-06 19:17:47 GMT+7] 🟡 FLOW            | NO_RECENT            | No signals fired in last hour
[2026-03-06 19:18:47 GMT+7] 🔴 EXECUTOR        | NOT_RUNNING          | pec_executor.py process not found
[2026-03-06 19:18:47 GMT+7] 🟡 FLOW            | NO_RECENT            | No signals fired in last hour
[2026-03-06 19:19:47 GMT+7] 🔴 EXECUTOR        | NOT_RUNNING          | pec_executor.py process not found
[2026-03-06 19:19:47 GMT+7] 🟡 FLOW            | NO_RECENT            | No signals fired in last hour
[2026-03-06 19:20:47 GMT+7] 🔴 EXECUTOR        | NOT_RUNNING          | pec_executor.py process not found
[2026-03-06 19:20:47 GMT+7] 🟡 FLOW            | NO_RECENT            | No signals fired in last hour
[2026-03-06 19:21:47 GMT+7] 🟡 FLOW            | NO_RECENT            | No signals fired in last hour
[2026-03-06 19:22:47 GMT+7] 🔴 EXECUTOR        | NOT_RUNNING          | pec_executor.py process not found
[2026-03-06 19:22:47 GMT+7] 🟡 FLOW            | NO_RECENT            | No signals fired in last hour
[2026-03-06 19:23:47 GMT+7] 🟡 FLOW            | NO_RECENT            | No signals fired in last hour
[2026-03-06 19:24:01 GMT+7] 🔴 EXECUTOR        | RUNTIME_ERROR        | Unexpected error: AttributeError: 'PECExecutor' object has no attribute 'sent_signals_path'
[2026-03-06 19:24:47 GMT+7] 🔴 EXECUTOR        | NOT_RUNNING          | pec_executor.py process not found
[2026-03-06 19:24:48 GMT+7] 🟡 FLOW            | NO_RECENT            | No signals fired in last hour
[2026-03-06 19:25:48 GMT+7] 🔴 EXECUTOR        | NOT_RUNNING          | pec_executor.py process not found
[2026-03-06 19:25:48 GMT+7] 🟡 FLOW            | NO_RECENT            | No signals fired in last hour
[2026-03-06 19:26:48 GMT+7] 🔴 EXECUTOR        | NOT_RUNNING          | pec_executor.py process not found
[2026-03-06 19:26:48 GMT+7] 🟡 FLOW            | NO_RECENT            | No signals fired in last hour
[2026-03-06 19:27:48 GMT+7] 🔴 EXECUTOR        | NOT_RUNNING          | pec_executor.py process not found
[2026-03-06 19:27:48 GMT+7] 🟡 FLOW            | NO_RECENT            | No signals fired in last hour
[2026-03-06 19:28:48 GMT+7] 🔴 EXECUTOR        | NOT_RUNNING          | pec_executor.py process not found
[2026-03-06 19:28:48 GMT+7] 🟡 FLOW            | NO_RECENT            | No signals fired in last hour
[2026-03-06 19:29:17 GMT+7] 🔴 EXECUTOR        | RUNTIME_ERROR        | Unexpected error: AttributeError: 'PECExecutor' object has no attribute 'sent_signals_path'
[2026-03-06 19:29:48 GMT+7] 🟡 FLOW            | NO_RECENT            | No signals fired in last hour
[2026-03-06 19:30:48 GMT+7] 🔴 EXECUTOR        | NOT_RUNNING          | pec_executor.py process not found
[2026-03-06 19:30:48 GMT+7] 🟡 FLOW            | NO_RECENT            | No signals fired in last hour
[2026-03-06 19:31:48 GMT+7] 🔴 EXECUTOR        | NOT_RUNNING          | pec_executor.py process not found
[2026-03-06 19:31:48 GMT+7] 🟡 FLOW            | NO_RECENT            | No signals fired in last hour
[2026-03-06 19:32:48 GMT+7] 🔴 EXECUTOR        | NOT_RUNNING          | pec_executor.py process not found
[2026-03-06 19:32:48 GMT+7] 🟡 FLOW            | NO_RECENT            | No signals fired in last hour
[2026-03-06 19:33:48 GMT+7] 🔴 EXECUTOR        | NOT_RUNNING          | pec_executor.py process not found
[2026-03-06 19:33:48 GMT+7] 🟡 FLOW            | NO_RECENT            | No signals fired in last hour
[2026-03-06 19:34:32 GMT+7] 🔴 EXECUTOR        | RUNTIME_ERROR        | Unexpected error: AttributeError: 'PECExecutor' object has no attribute 'sent_signals_path'
[2026-03-06 19:34:48 GMT+7] 🔴 EXECUTOR        | NOT_RUNNING          | pec_executor.py process not found
[2026-03-06 19:34:48 GMT+7] 🟡 FLOW            | NO_RECENT            | No signals fired in last hour
[2026-03-06 19:35:49 GMT+7] 🔴 EXECUTOR        | NOT_RUNNING          | pec_executor.py process not found
[2026-03-06 19:35:49 GMT+7] 🟡 FLOW            | NO_RECENT            | No signals fired in last hour
[2026-03-06 19:36:49 GMT+7] 🟡 FLOW            | NO_RECENT            | No signals fired in last hour
[2026-03-06 19:37:49 GMT+7] 🔴 EXECUTOR        | NOT_RUNNING          | pec_executor.py process not found
[2026-03-06 19:37:49 GMT+7] 🟡 FLOW            | NO_RECENT            | No signals fired in last hour
[2026-03-06 19:38:49 GMT+7] 🔴 EXECUTOR        | NOT_RUNNING          | pec_executor.py process not found
[2026-03-06 19:38:49 GMT+7] 🟡 FLOW            | NO_RECENT            | No signals fired in last hour
[2026-03-06 19:39:47 GMT+7] 🔴 EXECUTOR        | RUNTIME_ERROR        | Unexpected error: AttributeError: 'PECExecutor' object has no attribute 'sent_signals_path'
[2026-03-06 19:39:49 GMT+7] 🔴 EXECUTOR        | NOT_RUNNING          | pec_executor.py process not found
[2026-03-06 19:39:49 GMT+7] 🟡 FLOW            | NO_RECENT            | No signals fired in last hour
[2026-03-06 19:40:49 GMT+7] 🔴 EXECUTOR        | NOT_RUNNING          | pec_executor.py process not found
[2026-03-06 19:40:49 GMT+7] 🟡 FLOW            | NO_RECENT            | No signals fired in last hour
[2026-03-06 19:41:49 GMT+7] 🔴 EXECUTOR        | NOT_RUNNING          | pec_executor.py process not found
[2026-03-06 19:41:49 GMT+7] 🟡 FLOW            | NO_RECENT            | No signals fired in last hour
[2026-03-06 19:42:49 GMT+7] 🔴 EXECUTOR        | NOT_RUNNING          | pec_executor.py process not found
[2026-03-06 19:42:49 GMT+7] 🟡 FLOW            | NO_RECENT            | No signals fired in last hour
[2026-03-06 19:43:49 GMT+7] 🟡 FLOW            | NO_RECENT            | No signals fired in last hour
[2026-03-06 19:44:49 GMT+7] 🟡 FLOW            | NO_RECENT            | No signals fired in last hour
[2026-03-06 19:45:02 GMT+7] 🔴 EXECUTOR        | RUNTIME_ERROR        | Unexpected error: AttributeError: 'PECExecutor' object has no attribute 'sent_signals_path'
[2026-03-06 19:45:49 GMT+7] 🔴 EXECUTOR        | NOT_RUNNING          | pec_executor.py process not found
[2026-03-06 19:45:49 GMT+7] 🟡 FLOW            | NO_RECENT            | No signals fired in last hour
[2026-03-06 19:46:50 GMT+7] 🔴 EXECUTOR        | NOT_RUNNING          | pec_executor.py process not found
[2026-03-06 19:46:50 GMT+7] 🟡 FLOW            | NO_RECENT            | No signals fired in last hour
[2026-03-06 19:47:50 GMT+7] 🔴 EXECUTOR        | NOT_RUNNING          | pec_executor.py process not found
[2026-03-06 19:47:50 GMT+7] 🟡 FLOW            | NO_RECENT            | No signals fired in last hour
[2026-03-06 19:48:50 GMT+7] 🔴 EXECUTOR        | NOT_RUNNING          | pec_executor.py process not found
[2026-03-06 19:48:50 GMT+7] 🟡 FLOW            | NO_RECENT            | No signals fired in last hour
[2026-03-06 19:49:50 GMT+7] 🔴 EXECUTOR        | NOT_RUNNING          | pec_executor.py process not found
[2026-03-06 19:49:50 GMT+7] 🟡 FLOW            | NO_RECENT            | No signals fired in last hour
[2026-03-06 19:50:16 GMT+7] 🔴 EXECUTOR        | RUNTIME_ERROR        | Unexpected error: AttributeError: 'PECExecutor' object has no attribute 'sent_signals_path'
[2026-03-06 19:50:50 GMT+7] 🔴 EXECUTOR        | NOT_RUNNING          | pec_executor.py process not found
[2026-03-06 19:50:50 GMT+7] 🟡 FLOW            | NO_RECENT            | No signals fired in last hour
[2026-03-06 19:51:50 GMT+7] 🔴 EXECUTOR        | NOT_RUNNING          | pec_executor.py process not found
[2026-03-06 19:51:50 GMT+7] 🟡 FLOW            | NO_RECENT            | No signals fired in last hour
[2026-03-06 19:52:50 GMT+7] 🔴 EXECUTOR        | NOT_RUNNING          | pec_executor.py process not found
[2026-03-06 19:52:50 GMT+7] 🟡 FLOW            | NO_RECENT            | No signals fired in last hour
[2026-03-06 19:53:50 GMT+7] 🔴 EXECUTOR        | NOT_RUNNING          | pec_executor.py process not found
[2026-03-06 19:53:50 GMT+7] 🟡 FLOW            | NO_RECENT            | No signals fired in last hour
[2026-03-06 19:54:50 GMT+7] 🔴 EXECUTOR        | NOT_RUNNING          | pec_executor.py process not found
[2026-03-06 19:54:50 GMT+7] 🟡 FLOW            | NO_RECENT            | No signals fired in last hour
[2026-03-06 19:55:32 GMT+7] 🔴 EXECUTOR        | RUNTIME_ERROR        | Unexpected error: AttributeError: 'PECExecutor' object has no attribute 'sent_signals_path'
[2026-03-06 19:55:50 GMT+7] 🔴 EXECUTOR        | NOT_RUNNING          | pec_executor.py process not found
[2026-03-06 19:55:50 GMT+7] 🟡 FLOW            | NO_RECENT            | No signals fired in last hour
[2026-03-06 19:56:50 GMT+7] 🔴 EXECUTOR        | NOT_RUNNING          | pec_executor.py process not found
[2026-03-06 19:56:50 GMT+7] 🟡 FLOW            | NO_RECENT            | No signals fired in last hour
[2026-03-06 19:57:51 GMT+7] 🔴 EXECUTOR        | NOT_RUNNING          | pec_executor.py process not found
[2026-03-06 19:57:51 GMT+7] 🟡 FLOW            | NO_RECENT            | No signals fired in last hour
[2026-03-06 19:58:51 GMT+7] 🔴 EXECUTOR        | NOT_RUNNING          | pec_executor.py process not found
[2026-03-06 19:58:51 GMT+7] 🟡 FLOW            | NO_RECENT            | No signals fired in last hour
[2026-03-06 19:59:51 GMT+7] 🟡 FLOW            | NO_RECENT            | No signals fired in last hour
[2026-03-06 20:00:47 GMT+7] 🔴 EXECUTOR        | RUNTIME_ERROR        | Unexpected error: AttributeError: 'PECExecutor' object has no attribute 'sent_signals_path'
[2026-03-06 20:00:51 GMT+7] 🔴 EXECUTOR        | NOT_RUNNING          | pec_executor.py process not found
[2026-03-06 20:00:51 GMT+7] 🟡 FLOW            | NO_RECENT            | No signals fired in last hour
[2026-03-06 20:01:51 GMT+7] 🔴 EXECUTOR        | NOT_RUNNING          | pec_executor.py process not found
[2026-03-06 20:01:51 GMT+7] 🟡 FLOW            | NO_RECENT            | No signals fired in last hour
[2026-03-06 20:02:51 GMT+7] 🔴 EXECUTOR        | NOT_RUNNING          | pec_executor.py process not found
[2026-03-06 20:02:51 GMT+7] 🟡 FLOW            | NO_RECENT            | No signals fired in last hour
[2026-03-06 20:03:51 GMT+7] 🔴 EXECUTOR        | NOT_RUNNING          | pec_executor.py process not found
[2026-03-06 20:03:51 GMT+7] 🟡 FLOW            | NO_RECENT            | No signals fired in last hour
[2026-03-06 20:04:51 GMT+7] 🔴 EXECUTOR        | NOT_RUNNING          | pec_executor.py process not found
[2026-03-06 20:04:51 GMT+7] 🟡 FLOW            | NO_RECENT            | No signals fired in last hour
[2026-03-06 20:05:51 GMT+7] 🟡 FLOW            | NO_RECENT            | No signals fired in last hour
[2026-03-06 20:06:01 GMT+7] 🔴 EXECUTOR        | RUNTIME_ERROR        | Unexpected error: AttributeError: 'PECExecutor' object has no attribute 'sent_signals_path'
[2026-03-06 20:06:51 GMT+7] 🟡 FLOW            | NO_RECENT            | No signals fired in last hour
[2026-03-06 20:07:51 GMT+7] 🔴 EXECUTOR        | NOT_RUNNING          | pec_executor.py process not found
[2026-03-06 20:07:51 GMT+7] 🟡 FLOW            | NO_RECENT            | No signals fired in last hour
[2026-03-06 20:08:51 GMT+7] 🔴 EXECUTOR        | NOT_RUNNING          | pec_executor.py process not found
[2026-03-06 20:08:51 GMT+7] 🟡 FLOW            | NO_RECENT            | No signals fired in last hour
[2026-03-06 20:09:52 GMT+7] 🔴 EXECUTOR        | NOT_RUNNING          | pec_executor.py process not found
[2026-03-06 20:09:52 GMT+7] 🟡 FLOW            | NO_RECENT            | No signals fired in last hour
[2026-03-06 20:10:52 GMT+7] 🔴 EXECUTOR        | NOT_RUNNING          | pec_executor.py process not found
[2026-03-06 20:10:52 GMT+7] 🟡 FLOW            | NO_RECENT            | No signals fired in last hour
[2026-03-06 20:11:19 GMT+7] 🔴 EXECUTOR        | RUNTIME_ERROR        | Unexpected error: AttributeError: 'PECExecutor' object has no attribute 'sent_signals_path'
[2026-03-06 20:11:52 GMT+7] 🔴 EXECUTOR        | NOT_RUNNING          | pec_executor.py process not found
[2026-03-06 20:11:52 GMT+7] 🟡 FLOW            | NO_RECENT            | No signals fired in last hour
[2026-03-06 20:12:52 GMT+7] 🔴 EXECUTOR        | NOT_RUNNING          | pec_executor.py process not found
[2026-03-06 20:12:52 GMT+7] 🟡 FLOW            | NO_RECENT            | No signals fired in last hour
[2026-03-06 20:13:52 GMT+7] 🔴 EXECUTOR        | NOT_RUNNING          | pec_executor.py process not found
[2026-03-06 20:13:52 GMT+7] 🟡 FLOW            | NO_RECENT            | No signals fired in last hour
[2026-03-06 20:14:52 GMT+7] 🟡 FLOW            | NO_RECENT            | No signals fired in last hour
[2026-03-06 20:15:52 GMT+7] 🔴 EXECUTOR        | NOT_RUNNING          | pec_executor.py process not found
[2026-03-06 20:15:52 GMT+7] 🟡 FLOW            | NO_RECENT            | No signals fired in last hour
[2026-03-06 20:16:36 GMT+7] 🔴 EXECUTOR        | RUNTIME_ERROR        | Unexpected error: AttributeError: 'PECExecutor' object has no attribute 'sent_signals_path'
[2026-03-06 20:16:52 GMT+7] 🔴 EXECUTOR        | NOT_RUNNING          | pec_executor.py process not found
[2026-03-06 20:16:52 GMT+7] 🟡 FLOW            | NO_RECENT            | No signals fired in last hour
[2026-03-06 20:17:52 GMT+7] 🔴 EXECUTOR        | NOT_RUNNING          | pec_executor.py process not found
[2026-03-06 20:17:52 GMT+7] 🟡 FLOW            | NO_RECENT            | No signals fired in last hour
[2026-03-06 20:18:52 GMT+7] 🔴 EXECUTOR        | NOT_RUNNING          | pec_executor.py process not found
[2026-03-06 20:18:52 GMT+7] 🟡 FLOW            | NO_RECENT            | No signals fired in last hour
[2026-03-06 20:19:52 GMT+7] 🔴 EXECUTOR        | NOT_RUNNING          | pec_executor.py process not found
[2026-03-06 20:19:52 GMT+7] 🟡 FLOW            | NO_RECENT            | No signals fired in last hour
[2026-03-06 20:20:52 GMT+7] 🔴 EXECUTOR        | NOT_RUNNING          | pec_executor.py process not found
[2026-03-06 20:20:52 GMT+7] 🟡 FLOW            | NO_RECENT            | No signals fired in last hour
[2026-03-06 20:21:52 GMT+7] 🔴 EXECUTOR        | RUNTIME_ERROR        | Unexpected error: AttributeError: 'PECExecutor' object has no attribute 'sent_signals_path'
[2026-03-06 20:21:52 GMT+7] 🔴 EXECUTOR        | NOT_RUNNING          | pec_executor.py process not found
[2026-03-06 20:21:52 GMT+7] 🟡 FLOW            | NO_RECENT            | No signals fired in last hour
[2026-03-06 20:22:53 GMT+7] 🟡 FLOW            | NO_RECENT            | No signals fired in last hour
[2026-03-06 20:23:53 GMT+7] 🔴 EXECUTOR        | NOT_RUNNING          | pec_executor.py process not found
[2026-03-06 20:23:53 GMT+7] 🟡 FLOW            | NO_RECENT            | No signals fired in last hour
[2026-03-06 20:24:53 GMT+7] 🔴 EXECUTOR        | NOT_RUNNING          | pec_executor.py process not found
[2026-03-06 20:24:53 GMT+7] 🟡 FLOW            | NO_RECENT            | No signals fired in last hour
[2026-03-06 20:25:53 GMT+7] 🔴 EXECUTOR        | NOT_RUNNING          | pec_executor.py process not found
[2026-03-06 20:25:53 GMT+7] 🟡 FLOW            | NO_RECENT            | No signals fired in last hour
[2026-03-06 20:26:53 GMT+7] 🟡 FLOW            | NO_RECENT            | No signals fired in last hour
[2026-03-06 20:27:08 GMT+7] 🔴 EXECUTOR        | RUNTIME_ERROR        | Unexpected error: AttributeError: 'PECExecutor' object has no attribute 'sent_signals_path'
[2026-03-06 20:27:53 GMT+7] 🔴 EXECUTOR        | NOT_RUNNING          | pec_executor.py process not found
[2026-03-06 20:27:53 GMT+7] 🟡 FLOW            | NO_RECENT            | No signals fired in last hour
[2026-03-06 20:28:53 GMT+7] 🔴 EXECUTOR        | NOT_RUNNING          | pec_executor.py process not found
[2026-03-06 20:28:53 GMT+7] 🟡 FLOW            | NO_RECENT            | No signals fired in last hour
[2026-03-06 20:29:53 GMT+7] 🔴 EXECUTOR        | NOT_RUNNING          | pec_executor.py process not found
[2026-03-06 20:29:53 GMT+7] 🟡 FLOW            | NO_RECENT            | No signals fired in last hour
[2026-03-06 20:32:35 GMT+7] 🟡 FLOW            | NO_RECENT            | No signals fired in last hour
[2026-03-06 20:34:06 GMT+7] 🔴 EXECUTOR        | NOT_RUNNING          | pec_executor.py process not found
[2026-03-06 20:34:06 GMT+7] 🟡 FLOW            | NO_RECENT            | No signals fired in last hour
[2026-03-06 20:34:35 GMT+7] 🔴 EXECUTOR        | RUNTIME_ERROR        | Unexpected error: AttributeError: 'PECExecutor' object has no attribute 'sent_signals_path'
[2026-03-06 20:50:05 GMT+7] 🟡 DAEMON          | STALE_DATA           | SENT_SIGNALS.jsonl not updated for 16+ minutes
[2026-03-06 20:50:05 GMT+7] 🔴 EXECUTOR        | NOT_RUNNING          | pec_executor.py process not found
[2026-03-06 20:50:05 GMT+7] 🟡 FLOW            | NO_RECENT            | No signals fired in last hour
[2026-03-06 21:06:03 GMT+7] 🟡 DAEMON          | STALE_DATA           | SENT_SIGNALS.jsonl not updated for 15+ minutes
[2026-03-06 21:06:03 GMT+7] 🔴 EXECUTOR        | NOT_RUNNING          | pec_executor.py process not found
[2026-03-06 21:06:03 GMT+7] 🟡 FLOW            | NO_RECENT            | No signals fired in last hour
[2026-03-06 21:11:01 GMT+7] 🔴 EXECUTOR        | NOT_RUNNING          | pec_executor.py process not found
[2026-03-06 21:11:01 GMT+7] 🟡 FLOW            | NO_RECENT            | No signals fired in last hour
[2026-03-06 21:12:01 GMT+7] 🔴 EXECUTOR        | NOT_RUNNING          | pec_executor.py process not found
[2026-03-06 21:12:01 GMT+7] 🟡 FLOW            | NO_RECENT            | No signals fired in last hour
[2026-03-06 21:13:01 GMT+7] 🔴 EXECUTOR        | NOT_RUNNING          | pec_executor.py process not found
[2026-03-06 21:13:01 GMT+7] 🟡 FLOW            | NO_RECENT            | No signals fired in last hour
[2026-03-06 21:13:46 GMT+7] 🔴 EXECUTOR        | RUNTIME_ERROR        | Unexpected error: AttributeError: 'PECExecutor' object has no attribute 'sent_signals_path'
[2026-03-06 21:16:01 GMT+7] 🟡 FLOW            | NO_RECENT            | No signals fired in last hour
[2026-03-06 21:17:02 GMT+7] 🔴 EXECUTOR        | NOT_RUNNING          | pec_executor.py process not found
[2026-03-06 21:17:02 GMT+7] 🟡 FLOW            | NO_RECENT            | No signals fired in last hour
[2026-03-06 21:18:07 GMT+7] 🔴 EXECUTOR        | NOT_RUNNING          | pec_executor.py process not found
[2026-03-06 21:18:07 GMT+7] 🟡 FLOW            | NO_RECENT            | No signals fired in last hour
[2026-03-06 21:19:07 GMT+7] 🔴 EXECUTOR        | NOT_RUNNING          | pec_executor.py process not found
[2026-03-06 21:19:07 GMT+7] 🟡 FLOW            | NO_RECENT            | No signals fired in last hour
[2026-03-06 21:20:07 GMT+7] 🔴 EXECUTOR        | NOT_RUNNING          | pec_executor.py process not found
[2026-03-06 21:20:07 GMT+7] 🟡 FLOW            | NO_RECENT            | No signals fired in last hour
[2026-03-06 21:21:23 GMT+7] 🔴 EXECUTOR        | RUNTIME_ERROR        | Unexpected error: AttributeError: 'PECExecutor' object has no attribute 'sent_signals_path'
[2026-03-06 21:21:24 GMT+7] 🔴 EXECUTOR        | NOT_RUNNING          | pec_executor.py process not found
[2026-03-06 21:21:24 GMT+7] 🟡 FLOW            | NO_RECENT            | No signals fired in last hour
[2026-03-06 21:26:37 GMT+7] 🔴 EXECUTOR        | NOT_RUNNING          | pec_executor.py process not found
[2026-03-06 21:26:37 GMT+7] 🟡 FLOW            | NO_RECENT            | No signals fired in last hour
[2026-03-06 21:36:01 GMT+7] 🟡 DAEMON          | STALE_DATA           | SENT_SIGNALS.jsonl not updated for 10+ minutes
[2026-03-06 21:36:01 GMT+7] 🟡 FLOW            | NO_RECENT            | No signals fired in last hour
[2026-03-06 21:41:14 GMT+7] 🔴 EXECUTOR        | NOT_RUNNING          | pec_executor.py process not found
[2026-03-06 21:41:14 GMT+7] 🟡 FLOW            | NO_RECENT            | No signals fired in last hour
[2026-03-06 21:42:28 GMT+7] 🔴 EXECUTOR        | NOT_RUNNING          | pec_executor.py process not found
[2026-03-06 21:42:28 GMT+7] 🟡 FLOW            | NO_RECENT            | No signals fired in last hour
[2026-03-06 21:43:28 GMT+7] 🟡 FLOW            | NO_RECENT            | No signals fired in last hour
[2026-03-06 21:43:46 GMT+7] 🔴 EXECUTOR        | RUNTIME_ERROR        | Unexpected error: AttributeError: 'PECExecutor' object has no attribute 'sent_signals_path'
[2026-03-06 21:44:28 GMT+7] 🔴 EXECUTOR        | NOT_RUNNING          | pec_executor.py process not found
[2026-03-06 21:44:28 GMT+7] 🟡 FLOW            | NO_RECENT            | No signals fired in last hour
[2026-03-06 21:45:28 GMT+7] 🔴 EXECUTOR        | NOT_RUNNING          | pec_executor.py process not found
[2026-03-06 21:45:28 GMT+7] 🟡 FLOW            | NO_RECENT            | No signals fired in last hour
[2026-03-06 21:46:29 GMT+7] 🔴 EXECUTOR        | NOT_RUNNING          | pec_executor.py process not found
[2026-03-06 21:46:29 GMT+7] 🟡 FLOW            | NO_RECENT            | No signals fired in last hour
[2026-03-06 21:47:29 GMT+7] 🟡 FLOW            | NO_RECENT            | No signals fired in last hour
[2026-03-06 21:48:29 GMT+7] 🟡 FLOW            | NO_RECENT            | No signals fired in last hour
[2026-03-06 21:49:29 GMT+7] 🟡 FLOW            | NO_RECENT            | No signals fired in last hour
[2026-03-06 21:49:31 GMT+7] 🔴 EXECUTOR        | RUNTIME_ERROR        | Unexpected error: AttributeError: 'PECExecutor' object has no attribute 'sent_signals_path'
[2026-03-06 21:50:29 GMT+7] 🔴 EXECUTOR        | NOT_RUNNING          | pec_executor.py process not found
[2026-03-06 21:50:29 GMT+7] 🟡 FLOW            | NO_RECENT            | No signals fired in last hour
[2026-03-06 21:51:29 GMT+7] 🔴 EXECUTOR        | NOT_RUNNING          | pec_executor.py process not found
[2026-03-06 21:51:29 GMT+7] 🟡 FLOW            | NO_RECENT            | No signals fired in last hour
[2026-03-06 21:52:29 GMT+7] 🔴 EXECUTOR        | NOT_RUNNING          | pec_executor.py process not found
[2026-03-06 21:52:29 GMT+7] 🟡 FLOW            | NO_RECENT            | No signals fired in last hour
[2026-03-06 21:53:29 GMT+7] 🔴 EXECUTOR        | NOT_RUNNING          | pec_executor.py process not found
[2026-03-06 21:53:29 GMT+7] 🟡 FLOW            | NO_RECENT            | No signals fired in last hour
[2026-03-06 21:54:29 GMT+7] 🔴 EXECUTOR        | NOT_RUNNING          | pec_executor.py process not found
[2026-03-06 21:54:29 GMT+7] 🟡 FLOW            | NO_RECENT            | No signals fired in last hour
[2026-03-06 21:55:01 GMT+7] 🔴 EXECUTOR        | RUNTIME_ERROR        | Unexpected error: AttributeError: 'PECExecutor' object has no attribute 'sent_signals_path'
[2026-03-06 21:55:29 GMT+7] 🔴 EXECUTOR        | NOT_RUNNING          | pec_executor.py process not found
[2026-03-06 21:55:29 GMT+7] 🟡 FLOW            | NO_RECENT            | No signals fired in last hour
[2026-03-06 21:56:29 GMT+7] 🟡 FLOW            | NO_RECENT            | No signals fired in last hour
[2026-03-06 21:57:30 GMT+7] 🟡 FLOW            | NO_RECENT            | No signals fired in last hour
[2026-03-06 21:58:30 GMT+7] 🔴 EXECUTOR        | NOT_RUNNING          | pec_executor.py process not found
[2026-03-06 21:58:30 GMT+7] 🟡 FLOW            | NO_RECENT            | No signals fired in last hour
[2026-03-06 21:59:30 GMT+7] 🔴 EXECUTOR        | NOT_RUNNING          | pec_executor.py process not found
[2026-03-06 21:59:30 GMT+7] 🟡 FLOW            | NO_RECENT            | No signals fired in last hour
[2026-03-06 22:00:30 GMT+7] 🟡 FLOW            | NO_RECENT            | No signals fired in last hour
[2026-03-06 22:01:30 GMT+7] 🔴 EXECUTOR        | NOT_RUNNING          | pec_executor.py process not found
[2026-03-06 22:01:30 GMT+7] 🟡 FLOW            | NO_RECENT            | No signals fired in last hour
[2026-03-06 22:02:30 GMT+7] 🔴 EXECUTOR        | NOT_RUNNING          | pec_executor.py process not found
[2026-03-06 22:02:30 GMT+7] 🟡 FLOW            | NO_RECENT            | No signals fired in last hour
[2026-03-06 22:03:30 GMT+7] 🟡 FLOW            | NO_RECENT            | No signals fired in last hour
[2026-03-06 22:04:30 GMT+7] 🟡 FLOW            | NO_RECENT            | No signals fired in last hour
[2026-03-06 22:05:30 GMT+7] 🟡 FLOW            | NO_RECENT            | No signals fired in last hour
[2026-03-06 22:05:58 GMT+7] 🔴 EXECUTOR        | RUNTIME_ERROR        | Unexpected error: AttributeError: 'PECExecutor' object has no attribute 'sent_signals_path'
[2026-03-06 22:06:30 GMT+7] 🔴 EXECUTOR        | NOT_RUNNING          | pec_executor.py process not found
[2026-03-06 22:06:30 GMT+7] 🟡 FLOW            | NO_RECENT            | No signals fired in last hour
[2026-03-06 22:07:31 GMT+7] 🔴 EXECUTOR        | NOT_RUNNING          | pec_executor.py process not found
[2026-03-06 22:07:31 GMT+7] 🟡 FLOW            | NO_RECENT            | No signals fired in last hour
[2026-03-06 22:08:31 GMT+7] 🔴 EXECUTOR        | NOT_RUNNING          | pec_executor.py process not found
[2026-03-06 22:08:31 GMT+7] 🟡 FLOW            | NO_RECENT            | No signals fired in last hour
[2026-03-06 22:09:31 GMT+7] 🔴 EXECUTOR        | NOT_RUNNING          | pec_executor.py process not found
[2026-03-06 22:09:31 GMT+7] 🟡 FLOW            | NO_RECENT            | No signals fired in last hour
[2026-03-06 22:10:31 GMT+7] 🔴 EXECUTOR        | NOT_RUNNING          | pec_executor.py process not found
[2026-03-06 22:10:31 GMT+7] 🟡 FLOW            | NO_RECENT            | No signals fired in last hour
[2026-03-06 22:11:16 GMT+7] 🔴 EXECUTOR        | RUNTIME_ERROR        | Unexpected error: AttributeError: 'PECExecutor' object has no attribute 'sent_signals_path'
[2026-03-06 22:11:31 GMT+7] 🔴 EXECUTOR        | NOT_RUNNING          | pec_executor.py process not found
[2026-03-06 22:11:31 GMT+7] 🟡 FLOW            | NO_RECENT            | No signals fired in last hour
[2026-03-06 22:12:31 GMT+7] 🟡 FLOW            | NO_RECENT            | No signals fired in last hour
[2026-03-06 22:13:31 GMT+7] 🔴 EXECUTOR        | NOT_RUNNING          | pec_executor.py process not found
[2026-03-06 22:13:31 GMT+7] 🟡 FLOW            | NO_RECENT            | No signals fired in last hour
[2026-03-06 22:14:31 GMT+7] 🔴 EXECUTOR        | NOT_RUNNING          | pec_executor.py process not found
[2026-03-06 22:14:31 GMT+7] 🟡 FLOW            | NO_RECENT            | No signals fired in last hour
[2026-03-06 22:15:31 GMT+7] 🔴 EXECUTOR        | NOT_RUNNING          | pec_executor.py process not found
[2026-03-06 22:15:31 GMT+7] 🟡 FLOW            | NO_RECENT            | No signals fired in last hour
[2026-03-06 22:16:31 GMT+7] 🟡 FLOW            | NO_RECENT            | No signals fired in last hour
[2026-03-06 22:16:47 GMT+7] 🔴 EXECUTOR        | RUNTIME_ERROR        | Unexpected error: AttributeError: 'PECExecutor' object has no attribute 'sent_signals_path'
[2026-03-06 22:17:31 GMT+7] 🔴 EXECUTOR        | NOT_RUNNING          | pec_executor.py process not found
[2026-03-06 22:17:32 GMT+7] 🟡 FLOW            | NO_RECENT            | No signals fired in last hour
[2026-03-06 22:18:32 GMT+7] 🔴 EXECUTOR        | NOT_RUNNING          | pec_executor.py process not found
[2026-03-06 22:18:32 GMT+7] 🟡 FLOW            | NO_RECENT            | No signals fired in last hour
[2026-03-06 22:19:32 GMT+7] 🟡 FLOW            | NO_RECENT            | No signals fired in last hour
[2026-03-06 22:20:32 GMT+7] 🟡 FLOW            | NO_RECENT            | No signals fired in last hour
[2026-03-06 22:21:32 GMT+7] 🔴 EXECUTOR        | NOT_RUNNING          | pec_executor.py process not found
[2026-03-06 22:21:32 GMT+7] 🟡 FLOW            | NO_RECENT            | No signals fired in last hour
[2026-03-06 22:22:15 GMT+7] 🔴 EXECUTOR        | RUNTIME_ERROR        | Unexpected error: AttributeError: 'PECExecutor' object has no attribute 'sent_signals_path'
[2026-03-06 22:22:32 GMT+7] 🔴 EXECUTOR        | NOT_RUNNING          | pec_executor.py process not found
[2026-03-06 22:22:32 GMT+7] 🟡 FLOW            | NO_RECENT            | No signals fired in last hour
[2026-03-06 22:23:32 GMT+7] 🔴 EXECUTOR        | NOT_RUNNING          | pec_executor.py process not found
[2026-03-06 22:23:32 GMT+7] 🟡 FLOW            | NO_RECENT            | No signals fired in last hour
[2026-03-06 22:24:32 GMT+7] 🔴 EXECUTOR        | NOT_RUNNING          | pec_executor.py process not found
[2026-03-06 22:24:32 GMT+7] 🟡 FLOW            | NO_RECENT            | No signals fired in last hour
[2026-03-06 22:25:32 GMT+7] 🔴 EXECUTOR        | NOT_RUNNING          | pec_executor.py process not found
[2026-03-06 22:25:32 GMT+7] 🟡 FLOW            | NO_RECENT            | No signals fired in last hour
[2026-03-06 22:26:32 GMT+7] 🔴 EXECUTOR        | NOT_RUNNING          | pec_executor.py process not found
[2026-03-06 22:26:32 GMT+7] 🟡 FLOW            | NO_RECENT            | No signals fired in last hour
[2026-03-06 22:27:32 GMT+7] 🟡 FLOW            | NO_RECENT            | No signals fired in last hour
[2026-03-06 22:27:38 GMT+7] 🔴 EXECUTOR        | RUNTIME_ERROR        | Unexpected error: AttributeError: 'PECExecutor' object has no attribute 'sent_signals_path'
[2026-03-06 22:28:33 GMT+7] 🔴 EXECUTOR        | NOT_RUNNING          | pec_executor.py process not found
[2026-03-06 22:28:33 GMT+7] 🟡 FLOW            | NO_RECENT            | No signals fired in last hour
[2026-03-06 22:29:33 GMT+7] 🟡 FLOW            | NO_RECENT            | No signals fired in last hour
[2026-03-06 22:30:33 GMT+7] 🔴 EXECUTOR        | NOT_RUNNING          | pec_executor.py process not found
[2026-03-06 22:30:33 GMT+7] 🟡 FLOW            | NO_RECENT            | No signals fired in last hour
[2026-03-06 22:31:33 GMT+7] 🔴 EXECUTOR        | NOT_RUNNING          | pec_executor.py process not found
[2026-03-06 22:31:33 GMT+7] 🟡 FLOW            | NO_RECENT            | No signals fired in last hour
[2026-03-06 22:32:33 GMT+7] 🔴 EXECUTOR        | NOT_RUNNING          | pec_executor.py process not found
[2026-03-06 22:32:33 GMT+7] 🟡 FLOW            | NO_RECENT            | No signals fired in last hour
[2026-03-06 22:32:59 GMT+7] 🔴 EXECUTOR        | RUNTIME_ERROR        | Unexpected error: AttributeError: 'PECExecutor' object has no attribute 'sent_signals_path'
[2026-03-06 22:33:33 GMT+7] 🔴 EXECUTOR        | NOT_RUNNING          | pec_executor.py process not found
[2026-03-06 22:33:33 GMT+7] 🟡 FLOW            | NO_RECENT            | No signals fired in last hour
[2026-03-06 22:34:33 GMT+7] 🔴 EXECUTOR        | NOT_RUNNING          | pec_executor.py process not found
[2026-03-06 22:34:33 GMT+7] 🟡 FLOW            | NO_RECENT            | No signals fired in last hour
[2026-03-06 22:35:33 GMT+7] 🔴 EXECUTOR        | NOT_RUNNING          | pec_executor.py process not found
[2026-03-06 22:35:33 GMT+7] 🟡 FLOW            | NO_RECENT            | No signals fired in last hour
[2026-03-06 22:36:33 GMT+7] 🟡 FLOW            | NO_RECENT            | No signals fired in last hour
[2026-03-06 22:37:33 GMT+7] 🟡 FLOW            | NO_RECENT            | No signals fired in last hour
[2026-03-06 22:38:22 GMT+7] 🔴 EXECUTOR        | RUNTIME_ERROR        | Unexpected error: AttributeError: 'PECExecutor' object has no attribute 'sent_signals_path'
[2026-03-06 22:38:33 GMT+7] 🔴 EXECUTOR        | NOT_RUNNING          | pec_executor.py process not found
[2026-03-06 22:38:33 GMT+7] 🟡 FLOW            | NO_RECENT            | No signals fired in last hour
[2026-03-06 22:39:34 GMT+7] 🔴 EXECUTOR        | NOT_RUNNING          | pec_executor.py process not found
[2026-03-06 22:39:34 GMT+7] 🟡 FLOW            | NO_RECENT            | No signals fired in last hour
[2026-03-06 22:40:34 GMT+7] 🔴 EXECUTOR        | NOT_RUNNING          | pec_executor.py process not found
[2026-03-06 22:40:34 GMT+7] 🟡 FLOW            | NO_RECENT            | No signals fired in last hour
[2026-03-06 22:41:34 GMT+7] 🔴 EXECUTOR        | NOT_RUNNING          | pec_executor.py process not found
[2026-03-06 22:41:34 GMT+7] 🟡 FLOW            | NO_RECENT            | No signals fired in last hour
[2026-03-06 22:42:34 GMT+7] 🔴 EXECUTOR        | NOT_RUNNING          | pec_executor.py process not found
[2026-03-06 22:42:34 GMT+7] 🟡 FLOW            | NO_RECENT            | No signals fired in last hour
[2026-03-06 22:43:34 GMT+7] 🔴 DAEMON          | NOT_RUNNING          | main.py process not found
[2026-03-06 22:43:34 GMT+7] 🟡 FLOW            | NO_RECENT            | No signals fired in last hour
[2026-03-06 22:44:34 GMT+7] 🔴 DAEMON          | NOT_RUNNING          | main.py process not found
[2026-03-06 22:44:34 GMT+7] 🔴 EXECUTOR        | NOT_RUNNING          | pec_executor.py process not found
[2026-03-06 22:44:34 GMT+7] 🟡 FLOW            | NO_RECENT            | No signals fired in last hour
[2026-03-06 22:45:34 GMT+7] 🔴 DAEMON          | NOT_RUNNING          | main.py process not found
[2026-03-06 22:45:34 GMT+7] 🟡 FLOW            | NO_RECENT            | No signals fired in last hour
[2026-03-06 22:46:34 GMT+7] 🔴 DAEMON          | NOT_RUNNING          | main.py process not found
[2026-03-06 22:46:34 GMT+7] 🔴 EXECUTOR        | NOT_RUNNING          | pec_executor.py process not found
[2026-03-06 22:46:34 GMT+7] 🟡 FLOW            | NO_RECENT            | No signals fired in last hour
[2026-03-07 22:33:55 GMT+7] 🔴 DAEMON          | NOT_RUNNING          | main.py process not found
[2026-03-07 22:33:55 GMT+7] 🔴 EXECUTOR        | NOT_RUNNING          | pec_executor.py process not found
[2026-03-07 22:33:55 GMT+7] 🟡 FLOW            | NO_RECENT            | No signals fired in last hour
[2026-03-07 22:34:55 GMT+7] 🟡 DAEMON          | STALE_DATA           | SENT_SIGNALS.jsonl not updated for 1431+ minutes
[2026-03-07 22:34:55 GMT+7] 🔴 EXECUTOR        | NOT_RUNNING          | pec_executor.py process not found
[2026-03-07 22:34:55 GMT+7] 🟡 FLOW            | NO_RECENT            | No signals fired in last hour
[2026-03-07 22:35:55 GMT+7] 🔴 EXECUTOR        | NOT_RUNNING          | pec_executor.py process not found
[2026-03-07 22:35:55 GMT+7] 🟡 FLOW            | NO_RECENT            | No signals fired in last hour
[2026-03-07 22:36:55 GMT+7] 🔴 EXECUTOR        | NOT_RUNNING          | pec_executor.py process not found
[2026-03-07 22:36:55 GMT+7] 🟡 FLOW            | NO_RECENT            | No signals fired in last hour
[2026-03-07 22:37:56 GMT+7] 🔴 EXECUTOR        | NOT_RUNNING          | pec_executor.py process not found
[2026-03-07 22:37:56 GMT+7] 🟡 FLOW            | NO_RECENT            | No signals fired in last hour
[2026-03-07 22:38:56 GMT+7] 🔴 EXECUTOR        | NOT_RUNNING          | pec_executor.py process not found
[2026-03-07 22:38:56 GMT+7] 🟡 FLOW            | NO_RECENT            | No signals fired in last hour
[2026-03-07 22:39:56 GMT+7] 🔴 EXECUTOR        | NOT_RUNNING          | pec_executor.py process not found
[2026-03-07 22:39:56 GMT+7] 🟡 FLOW            | NO_RECENT            | No signals fired in last hour
[2026-03-07 22:40:56 GMT+7] 🔴 EXECUTOR        | NOT_RUNNING          | pec_executor.py process not found
[2026-03-07 22:40:56 GMT+7] 🟡 FLOW            | NO_RECENT            | No signals fired in last hour
[2026-03-07 22:41:56 GMT+7] 🔴 EXECUTOR        | NOT_RUNNING          | pec_executor.py process not found
[2026-03-07 22:41:56 GMT+7] 🟡 FLOW            | NO_RECENT            | No signals fired in last hour
[2026-03-07 22:42:56 GMT+7] 🔴 EXECUTOR        | NOT_RUNNING          | pec_executor.py process not found
[2026-03-07 22:42:56 GMT+7] 🟡 FLOW            | NO_RECENT            | No signals fired in last hour
[2026-03-07 22:43:56 GMT+7] 🔴 EXECUTOR        | NOT_RUNNING          | pec_executor.py process not found
[2026-03-07 22:43:56 GMT+7] 🟡 FLOW            | NO_RECENT            | No signals fired in last hour
[2026-03-07 22:44:56 GMT+7] 🔴 EXECUTOR        | NOT_RUNNING          | pec_executor.py process not found
[2026-03-07 22:44:56 GMT+7] 🟡 FLOW            | NO_RECENT            | No signals fired in last hour
[2026-03-07 22:45:56 GMT+7] 🔴 EXECUTOR        | NOT_RUNNING          | pec_executor.py process not found
[2026-03-07 22:45:56 GMT+7] 🟡 FLOW            | NO_RECENT            | No signals fired in last hour
[2026-03-07 22:46:57 GMT+7] 🔴 EXECUTOR        | NOT_RUNNING          | pec_executor.py process not found
[2026-03-07 22:46:57 GMT+7] 🟡 FLOW            | NO_RECENT            | No signals fired in last hour
[2026-03-07 22:47:57 GMT+7] 🔴 EXECUTOR        | NOT_RUNNING          | pec_executor.py process not found
[2026-03-07 22:47:57 GMT+7] 🟡 FLOW            | NO_RECENT            | No signals fired in last hour
[2026-03-07 22:48:57 GMT+7] 🔴 EXECUTOR        | NOT_RUNNING          | pec_executor.py process not found
[2026-03-07 22:48:57 GMT+7] 🟡 FLOW            | NO_RECENT            | No signals fired in last hour
[2026-03-07 22:49:57 GMT+7] 🔴 EXECUTOR        | NOT_RUNNING          | pec_executor.py process not found
[2026-03-07 22:49:57 GMT+7] 🟡 FLOW            | NO_RECENT            | No signals fired in last hour
[2026-03-07 22:50:57 GMT+7] 🔴 EXECUTOR        | NOT_RUNNING          | pec_executor.py process not found
[2026-03-07 22:50:57 GMT+7] 🟡 FLOW            | NO_RECENT            | No signals fired in last hour
[2026-03-07 22:51:57 GMT+7] 🔴 EXECUTOR        | NOT_RUNNING          | pec_executor.py process not found
[2026-03-07 22:51:57 GMT+7] 🟡 FLOW            | NO_RECENT            | No signals fired in last hour
[2026-03-07 22:52:57 GMT+7] 🔴 EXECUTOR        | NOT_RUNNING          | pec_executor.py process not found
[2026-03-07 22:52:57 GMT+7] 🟡 FLOW            | NO_RECENT            | No signals fired in last hour
[2026-03-07 22:53:57 GMT+7] 🔴 EXECUTOR        | NOT_RUNNING          | pec_executor.py process not found
[2026-03-07 22:53:57 GMT+7] 🟡 FLOW            | NO_RECENT            | No signals fired in last hour
[2026-03-07 22:54:57 GMT+7] 🔴 EXECUTOR        | NOT_RUNNING          | pec_executor.py process not found
[2026-03-07 22:54:57 GMT+7] 🟡 FLOW            | NO_RECENT            | No signals fired in last hour
[2026-03-07 22:55:57 GMT+7] 🔴 EXECUTOR        | NOT_RUNNING          | pec_executor.py process not found
[2026-03-07 22:55:57 GMT+7] 🟡 FLOW            | NO_RECENT            | No signals fired in last hour
[2026-03-07 22:56:58 GMT+7] 🔴 EXECUTOR        | NOT_RUNNING          | pec_executor.py process not found
[2026-03-07 22:56:58 GMT+7] 🟡 FLOW            | NO_RECENT            | No signals fired in last hour
[2026-03-07 22:57:58 GMT+7] 🔴 EXECUTOR        | NOT_RUNNING          | pec_executor.py process not found
[2026-03-07 22:57:58 GMT+7] 🟡 FLOW            | NO_RECENT            | No signals fired in last hour
[2026-03-07 22:58:58 GMT+7] 🔴 EXECUTOR        | NOT_RUNNING          | pec_executor.py process not found
[2026-03-07 22:58:58 GMT+7] 🟡 FLOW            | NO_RECENT            | No signals fired in last hour
[2026-03-07 22:59:58 GMT+7] 🔴 EXECUTOR        | NOT_RUNNING          | pec_executor.py process not found
[2026-03-07 22:59:58 GMT+7] 🟡 FLOW            | NO_RECENT            | No signals fired in last hour
[2026-03-07 23:00:58 GMT+7] 🔴 EXECUTOR        | NOT_RUNNING          | pec_executor.py process not found
[2026-03-07 23:00:58 GMT+7] 🟡 FLOW            | NO_RECENT            | No signals fired in last hour
[2026-03-07 23:01:58 GMT+7] 🔴 EXECUTOR        | NOT_RUNNING          | pec_executor.py process not found
[2026-03-07 23:01:58 GMT+7] 🟡 FLOW            | NO_RECENT            | No signals fired in last hour
[2026-03-07 23:02:58 GMT+7] 🔴 EXECUTOR        | NOT_RUNNING          | pec_executor.py process not found
[2026-03-07 23:02:58 GMT+7] 🟡 FLOW            | NO_RECENT            | No signals fired in last hour
[2026-03-07 23:03:58 GMT+7] 🔴 EXECUTOR        | NOT_RUNNING          | pec_executor.py process not found
[2026-03-07 23:03:58 GMT+7] 🟡 FLOW            | NO_RECENT            | No signals fired in last hour
[2026-03-07 23:04:58 GMT+7] 🔴 EXECUTOR        | NOT_RUNNING          | pec_executor.py process not found
[2026-03-07 23:04:58 GMT+7] 🟡 FLOW            | NO_RECENT            | No signals fired in last hour
[2026-03-07 23:05:58 GMT+7] 🔴 EXECUTOR        | NOT_RUNNING          | pec_executor.py process not found
[2026-03-07 23:05:58 GMT+7] 🟡 FLOW            | NO_RECENT            | No signals fired in last hour
[2026-03-07 23:06:59 GMT+7] 🔴 EXECUTOR        | NOT_RUNNING          | pec_executor.py process not found
[2026-03-07 23:06:59 GMT+7] 🟡 FLOW            | NO_RECENT            | No signals fired in last hour
[2026-03-07 23:07:59 GMT+7] 🔴 EXECUTOR        | NOT_RUNNING          | pec_executor.py process not found
[2026-03-07 23:07:59 GMT+7] 🟡 FLOW            | NO_RECENT            | No signals fired in last hour
[2026-03-07 23:08:59 GMT+7] 🔴 EXECUTOR        | NOT_RUNNING          | pec_executor.py process not found
[2026-03-07 23:08:59 GMT+7] 🟡 FLOW            | NO_RECENT            | No signals fired in last hour
[2026-03-07 23:09:59 GMT+7] 🔴 EXECUTOR        | NOT_RUNNING          | pec_executor.py process not found
[2026-03-07 23:09:59 GMT+7] 🟡 FLOW            | NO_RECENT            | No signals fired in last hour
[2026-03-07 23:10:59 GMT+7] 🔴 EXECUTOR        | NOT_RUNNING          | pec_executor.py process not found
[2026-03-07 23:10:59 GMT+7] 🟡 FLOW            | NO_RECENT            | No signals fired in last hour
[2026-03-07 23:11:59 GMT+7] 🔴 EXECUTOR        | NOT_RUNNING          | pec_executor.py process not found
[2026-03-07 23:11:59 GMT+7] 🟡 FLOW            | NO_RECENT            | No signals fired in last hour
[2026-03-07 23:12:59 GMT+7] 🔴 EXECUTOR        | NOT_RUNNING          | pec_executor.py process not found
[2026-03-07 23:12:59 GMT+7] 🟡 FLOW            | NO_RECENT            | No signals fired in last hour
[2026-03-07 23:13:59 GMT+7] 🔴 EXECUTOR        | NOT_RUNNING          | pec_executor.py process not found
[2026-03-07 23:13:59 GMT+7] 🟡 FLOW            | NO_RECENT            | No signals fired in last hour
[2026-03-07 23:14:59 GMT+7] 🔴 EXECUTOR        | NOT_RUNNING          | pec_executor.py process not found
[2026-03-07 23:14:59 GMT+7] 🟡 FLOW            | NO_RECENT            | No signals fired in last hour
[2026-03-07 23:15:59 GMT+7] 🔴 EXECUTOR        | NOT_RUNNING          | pec_executor.py process not found
[2026-03-07 23:15:59 GMT+7] 🟡 FLOW            | NO_RECENT            | No signals fired in last hour
[2026-03-07 23:16:59 GMT+7] 🔴 EXECUTOR        | NOT_RUNNING          | pec_executor.py process not found
[2026-03-07 23:16:59 GMT+7] 🟡 FLOW            | NO_RECENT            | No signals fired in last hour
[2026-03-07 23:18:00 GMT+7] 🔴 EXECUTOR        | NOT_RUNNING          | pec_executor.py process not found
[2026-03-07 23:18:00 GMT+7] 🟡 FLOW            | NO_RECENT            | No signals fired in last hour
[2026-03-07 23:19:00 GMT+7] 🔴 EXECUTOR        | NOT_RUNNING          | pec_executor.py process not found
[2026-03-07 23:19:00 GMT+7] 🟡 FLOW            | NO_RECENT            | No signals fired in last hour
[2026-03-07 23:20:00 GMT+7] 🔴 EXECUTOR        | NOT_RUNNING          | pec_executor.py process not found
[2026-03-07 23:20:00 GMT+7] 🟡 FLOW            | NO_RECENT            | No signals fired in last hour
[2026-03-07 23:21:00 GMT+7] 🔴 EXECUTOR        | NOT_RUNNING          | pec_executor.py process not found
[2026-03-07 23:21:00 GMT+7] 🟡 FLOW            | NO_RECENT            | No signals fired in last hour
[2026-03-07 23:22:00 GMT+7] 🔴 EXECUTOR        | NOT_RUNNING          | pec_executor.py process not found
[2026-03-07 23:22:00 GMT+7] 🟡 FLOW            | NO_RECENT            | No signals fired in last hour
[2026-03-07 23:23:00 GMT+7] 🔴 EXECUTOR        | NOT_RUNNING          | pec_executor.py process not found
[2026-03-07 23:23:00 GMT+7] 🟡 FLOW            | NO_RECENT            | No signals fired in last hour
[2026-03-07 23:24:00 GMT+7] 🔴 EXECUTOR        | NOT_RUNNING          | pec_executor.py process not found
[2026-03-07 23:24:00 GMT+7] 🟡 FLOW            | NO_RECENT            | No signals fired in last hour
[2026-03-07 23:25:00 GMT+7] 🔴 EXECUTOR        | NOT_RUNNING          | pec_executor.py process not found
[2026-03-07 23:25:00 GMT+7] 🟡 FLOW            | NO_RECENT            | No signals fired in last hour
[2026-03-07 23:26:00 GMT+7] 🔴 EXECUTOR        | NOT_RUNNING          | pec_executor.py process not found
[2026-03-07 23:26:00 GMT+7] 🟡 FLOW            | NO_RECENT            | No signals fired in last hour
[2026-03-07 23:27:01 GMT+7] 🔴 EXECUTOR        | NOT_RUNNING          | pec_executor.py process not found
[2026-03-07 23:27:01 GMT+7] 🟡 FLOW            | NO_RECENT            | No signals fired in last hour
[2026-03-07 23:28:01 GMT+7] 🔴 EXECUTOR        | NOT_RUNNING          | pec_executor.py process not found
[2026-03-07 23:28:01 GMT+7] 🟡 FLOW            | NO_RECENT            | No signals fired in last hour
[2026-03-07 23:29:01 GMT+7] 🔴 EXECUTOR        | NOT_RUNNING          | pec_executor.py process not found
[2026-03-07 23:29:01 GMT+7] 🟡 FLOW            | NO_RECENT            | No signals fired in last hour
[2026-03-07 23:30:01 GMT+7] 🔴 EXECUTOR        | NOT_RUNNING          | pec_executor.py process not found
[2026-03-07 23:30:01 GMT+7] 🟡 FLOW            | NO_RECENT            | No signals fired in last hour
[2026-03-07 23:31:01 GMT+7] 🔴 EXECUTOR        | NOT_RUNNING          | pec_executor.py process not found
[2026-03-07 23:31:01 GMT+7] 🟡 FLOW            | NO_RECENT            | No signals fired in last hour
[2026-03-07 23:32:01 GMT+7] 🔴 EXECUTOR        | NOT_RUNNING          | pec_executor.py process not found
[2026-03-07 23:32:01 GMT+7] 🟡 FLOW            | NO_RECENT            | No signals fired in last hour
[2026-03-07 23:33:01 GMT+7] 🔴 EXECUTOR        | NOT_RUNNING          | pec_executor.py process not found
[2026-03-07 23:33:01 GMT+7] 🟡 FLOW            | NO_RECENT            | No signals fired in last hour
[2026-03-07 23:34:01 GMT+7] 🔴 EXECUTOR        | NOT_RUNNING          | pec_executor.py process not found
[2026-03-07 23:34:01 GMT+7] 🟡 FLOW            | NO_RECENT            | No signals fired in last hour
[2026-03-07 23:35:01 GMT+7] 🔴 EXECUTOR        | NOT_RUNNING          | pec_executor.py process not found
[2026-03-07 23:35:01 GMT+7] 🟡 FLOW            | NO_RECENT            | No signals fired in last hour
[2026-03-07 23:36:01 GMT+7] 🔴 EXECUTOR        | NOT_RUNNING          | pec_executor.py process not found
[2026-03-07 23:36:01 GMT+7] 🟡 FLOW            | NO_RECENT            | No signals fired in last hour
[2026-03-07 23:37:02 GMT+7] 🔴 EXECUTOR        | NOT_RUNNING          | pec_executor.py process not found
[2026-03-07 23:37:02 GMT+7] 🟡 FLOW            | NO_RECENT            | No signals fired in last hour
[2026-03-07 23:38:02 GMT+7] 🔴 EXECUTOR        | NOT_RUNNING          | pec_executor.py process not found
[2026-03-07 23:38:02 GMT+7] 🟡 FLOW            | NO_RECENT            | No signals fired in last hour
[2026-03-07 23:39:02 GMT+7] 🔴 EXECUTOR        | NOT_RUNNING          | pec_executor.py process not found
[2026-03-07 23:39:02 GMT+7] 🟡 FLOW            | NO_RECENT            | No signals fired in last hour
[2026-03-07 23:40:02 GMT+7] 🔴 EXECUTOR        | NOT_RUNNING          | pec_executor.py process not found
[2026-03-07 23:40:02 GMT+7] 🟡 FLOW            | NO_RECENT            | No signals fired in last hour
[2026-03-07 23:41:02 GMT+7] 🔴 EXECUTOR        | NOT_RUNNING          | pec_executor.py process not found
[2026-03-07 23:41:02 GMT+7] 🟡 FLOW            | NO_RECENT            | No signals fired in last hour
[2026-03-07 23:42:02 GMT+7] 🔴 EXECUTOR        | NOT_RUNNING          | pec_executor.py process not found
[2026-03-07 23:42:02 GMT+7] 🟡 FLOW            | NO_RECENT            | No signals fired in last hour
[2026-03-07 23:43:02 GMT+7] 🔴 EXECUTOR        | NOT_RUNNING          | pec_executor.py process not found
[2026-03-07 23:43:02 GMT+7] 🟡 FLOW            | NO_RECENT            | No signals fired in last hour
[2026-03-07 23:44:02 GMT+7] 🔴 EXECUTOR        | NOT_RUNNING          | pec_executor.py process not found
[2026-03-07 23:44:02 GMT+7] 🟡 FLOW            | NO_RECENT            | No signals fired in last hour
[2026-03-07 23:45:02 GMT+7] 🔴 EXECUTOR        | NOT_RUNNING          | pec_executor.py process not found
[2026-03-07 23:45:02 GMT+7] 🟡 FLOW            | NO_RECENT            | No signals fired in last hour
[2026-03-07 23:46:02 GMT+7] 🔴 EXECUTOR        | NOT_RUNNING          | pec_executor.py process not found
[2026-03-07 23:46:02 GMT+7] 🟡 FLOW            | NO_RECENT            | No signals fired in last hour
[2026-03-07 23:47:03 GMT+7] 🔴 EXECUTOR        | NOT_RUNNING          | pec_executor.py process not found
[2026-03-07 23:47:03 GMT+7] 🟡 FLOW            | NO_RECENT            | No signals fired in last hour
[2026-03-07 23:48:03 GMT+7] 🔴 EXECUTOR        | NOT_RUNNING          | pec_executor.py process not found
[2026-03-07 23:48:03 GMT+7] 🟡 FLOW            | NO_RECENT            | No signals fired in last hour
[2026-03-07 23:49:03 GMT+7] 🔴 EXECUTOR        | NOT_RUNNING          | pec_executor.py process not found
[2026-03-07 23:49:03 GMT+7] 🟡 FLOW            | NO_RECENT            | No signals fired in last hour
[2026-03-07 23:50:03 GMT+7] 🔴 EXECUTOR        | NOT_RUNNING          | pec_executor.py process not found
[2026-03-07 23:50:03 GMT+7] 🟡 FLOW            | NO_RECENT            | No signals fired in last hour
[2026-03-07 23:51:03 GMT+7] 🔴 EXECUTOR        | NOT_RUNNING          | pec_executor.py process not found
[2026-03-07 23:51:03 GMT+7] 🟡 FLOW            | NO_RECENT            | No signals fired in last hour
[2026-03-07 23:52:03 GMT+7] 🔴 EXECUTOR        | NOT_RUNNING          | pec_executor.py process not found
[2026-03-07 23:52:03 GMT+7] 🟡 FLOW            | NO_RECENT            | No signals fired in last hour
[2026-03-07 23:53:03 GMT+7] 🔴 EXECUTOR        | NOT_RUNNING          | pec_executor.py process not found
[2026-03-07 23:53:03 GMT+7] 🟡 FLOW            | NO_RECENT            | No signals fired in last hour
[2026-03-07 23:54:03 GMT+7] 🔴 EXECUTOR        | NOT_RUNNING          | pec_executor.py process not found
[2026-03-07 23:54:03 GMT+7] 🟡 FLOW            | NO_RECENT            | No signals fired in last hour
[2026-03-07 23:55:03 GMT+7] 🔴 EXECUTOR        | NOT_RUNNING          | pec_executor.py process not found
[2026-03-07 23:55:03 GMT+7] 🟡 FLOW            | NO_RECENT            | No signals fired in last hour
[2026-03-07 23:56:04 GMT+7] 🔴 EXECUTOR        | NOT_RUNNING          | pec_executor.py process not found
[2026-03-07 23:56:04 GMT+7] 🟡 FLOW            | NO_RECENT            | No signals fired in last hour
[2026-03-07 23:57:04 GMT+7] 🔴 EXECUTOR        | NOT_RUNNING          | pec_executor.py process not found
[2026-03-07 23:57:04 GMT+7] 🟡 FLOW            | NO_RECENT            | No signals fired in last hour
[2026-03-07 23:58:04 GMT+7] 🔴 EXECUTOR        | NOT_RUNNING          | pec_executor.py process not found
[2026-03-07 23:58:04 GMT+7] 🟡 FLOW            | NO_RECENT            | No signals fired in last hour
[2026-03-07 23:59:04 GMT+7] 🔴 EXECUTOR        | NOT_RUNNING          | pec_executor.py process not found
[2026-03-07 23:59:04 GMT+7] 🟡 FLOW            | NO_RECENT            | No signals fired in last hour
[2026-03-08 00:00:04 GMT+7] 🟡 DAEMON          | STALE_DATA           | SENT_SIGNALS.jsonl not updated for 10+ minutes
[2026-03-08 00:00:04 GMT+7] 🔴 EXECUTOR        | NOT_RUNNING          | pec_executor.py process not found
[2026-03-08 00:00:04 GMT+7] 🟡 FLOW            | NO_RECENT            | No signals fired in last hour
[2026-03-08 00:01:04 GMT+7] 🟡 DAEMON          | STALE_DATA           | SENT_SIGNALS.jsonl not updated for 11+ minutes
[2026-03-08 00:01:04 GMT+7] 🔴 EXECUTOR        | NOT_RUNNING          | pec_executor.py process not found
[2026-03-08 00:01:04 GMT+7] 🟡 FLOW            | NO_RECENT            | No signals fired in last hour
[2026-03-08 00:02:04 GMT+7] 🟡 DAEMON          | STALE_DATA           | SENT_SIGNALS.jsonl not updated for 12+ minutes
[2026-03-08 00:02:04 GMT+7] 🔴 EXECUTOR        | NOT_RUNNING          | pec_executor.py process not found
[2026-03-08 00:02:04 GMT+7] 🟡 FLOW            | NO_RECENT            | No signals fired in last hour
[2026-03-08 00:03:04 GMT+7] 🟡 DAEMON          | STALE_DATA           | SENT_SIGNALS.jsonl not updated for 13+ minutes
[2026-03-08 00:03:04 GMT+7] 🔴 EXECUTOR        | NOT_RUNNING          | pec_executor.py process not found
[2026-03-08 00:03:04 GMT+7] 🟡 FLOW            | NO_RECENT            | No signals fired in last hour
[2026-03-08 00:04:04 GMT+7] 🟡 DAEMON          | STALE_DATA           | SENT_SIGNALS.jsonl not updated for 14+ minutes
[2026-03-08 00:04:05 GMT+7] 🔴 EXECUTOR        | NOT_RUNNING          | pec_executor.py process not found
[2026-03-08 00:04:05 GMT+7] 🟡 FLOW            | NO_RECENT            | No signals fired in last hour
[2026-03-08 00:05:05 GMT+7] 🟡 DAEMON          | STALE_DATA           | SENT_SIGNALS.jsonl not updated for 15+ minutes
[2026-03-08 00:05:05 GMT+7] 🔴 EXECUTOR        | NOT_RUNNING          | pec_executor.py process not found
[2026-03-08 00:05:05 GMT+7] 🟡 FLOW            | NO_RECENT            | No signals fired in last hour
[2026-03-08 00:06:05 GMT+7] 🟡 DAEMON          | STALE_DATA           | SENT_SIGNALS.jsonl not updated for 16+ minutes
[2026-03-08 00:06:05 GMT+7] 🔴 EXECUTOR        | NOT_RUNNING          | pec_executor.py process not found
[2026-03-08 00:06:05 GMT+7] 🟡 FLOW            | NO_RECENT            | No signals fired in last hour
[2026-03-08 00:07:05 GMT+7] 🟡 DAEMON          | STALE_DATA           | SENT_SIGNALS.jsonl not updated for 17+ minutes
[2026-03-08 00:07:05 GMT+7] 🔴 EXECUTOR        | NOT_RUNNING          | pec_executor.py process not found
[2026-03-08 00:07:05 GMT+7] 🟡 FLOW            | NO_RECENT            | No signals fired in last hour
[2026-03-08 00:08:05 GMT+7] 🟡 DAEMON          | STALE_DATA           | SENT_SIGNALS.jsonl not updated for 18+ minutes
[2026-03-08 00:08:05 GMT+7] 🔴 EXECUTOR        | NOT_RUNNING          | pec_executor.py process not found
[2026-03-08 00:08:05 GMT+7] 🟡 FLOW            | NO_RECENT            | No signals fired in last hour
[2026-03-08 00:09:05 GMT+7] 🟡 DAEMON          | STALE_DATA           | SENT_SIGNALS.jsonl not updated for 19+ minutes
[2026-03-08 00:09:05 GMT+7] 🔴 EXECUTOR        | NOT_RUNNING          | pec_executor.py process not found
[2026-03-08 00:09:05 GMT+7] 🟡 FLOW            | NO_RECENT            | No signals fired in last hour
[2026-03-08 00:10:05 GMT+7] 🟡 DAEMON          | STALE_DATA           | SENT_SIGNALS.jsonl not updated for 20+ minutes
[2026-03-08 00:10:05 GMT+7] 🔴 EXECUTOR        | NOT_RUNNING          | pec_executor.py process not found
[2026-03-08 00:10:05 GMT+7] 🟡 FLOW            | NO_RECENT            | No signals fired in last hour
[2026-03-08 00:11:05 GMT+7] 🟡 DAEMON          | STALE_DATA           | SENT_SIGNALS.jsonl not updated for 21+ minutes
[2026-03-08 00:11:05 GMT+7] 🔴 EXECUTOR        | NOT_RUNNING          | pec_executor.py process not found
[2026-03-08 00:11:06 GMT+7] 🟡 FLOW            | NO_RECENT            | No signals fired in last hour
[2026-03-08 00:12:06 GMT+7] 🟡 DAEMON          | STALE_DATA           | SENT_SIGNALS.jsonl not updated for 22+ minutes
[2026-03-08 00:12:06 GMT+7] 🔴 EXECUTOR        | NOT_RUNNING          | pec_executor.py process not found
[2026-03-08 00:12:06 GMT+7] 🟡 FLOW            | NO_RECENT            | No signals fired in last hour
[2026-03-08 00:13:06 GMT+7] 🟡 DAEMON          | STALE_DATA           | SENT_SIGNALS.jsonl not updated for 23+ minutes
[2026-03-08 00:13:06 GMT+7] 🔴 EXECUTOR        | NOT_RUNNING          | pec_executor.py process not found
[2026-03-08 00:13:06 GMT+7] 🟡 FLOW            | NO_RECENT            | No signals fired in last hour
[2026-03-08 00:14:06 GMT+7] 🟡 DAEMON          | STALE_DATA           | SENT_SIGNALS.jsonl not updated for 24+ minutes
[2026-03-08 00:14:06 GMT+7] 🔴 EXECUTOR        | NOT_RUNNING          | pec_executor.py process not found
[2026-03-08 00:14:06 GMT+7] 🟡 FLOW            | NO_RECENT            | No signals fired in last hour
[2026-03-08 00:15:06 GMT+7] 🟡 DAEMON          | STALE_DATA           | SENT_SIGNALS.jsonl not updated for 25+ minutes
[2026-03-08 00:15:06 GMT+7] 🔴 EXECUTOR        | NOT_RUNNING          | pec_executor.py process not found
[2026-03-08 00:15:06 GMT+7] 🟡 FLOW            | NO_RECENT            | No signals fired in last hour
[2026-03-08 00:16:06 GMT+7] 🟡 DAEMON          | STALE_DATA           | SENT_SIGNALS.jsonl not updated for 26+ minutes
[2026-03-08 00:16:06 GMT+7] 🔴 EXECUTOR        | NOT_RUNNING          | pec_executor.py process not found
[2026-03-08 00:16:06 GMT+7] 🟡 FLOW            | NO_RECENT            | No signals fired in last hour
[2026-03-08 00:17:06 GMT+7] 🟡 DAEMON          | STALE_DATA           | SENT_SIGNALS.jsonl not updated for 27+ minutes
[2026-03-08 00:17:06 GMT+7] 🔴 EXECUTOR        | NOT_RUNNING          | pec_executor.py process not found
[2026-03-08 00:17:06 GMT+7] 🟡 FLOW            | NO_RECENT            | No signals fired in last hour
[2026-03-08 00:18:06 GMT+7] 🟡 DAEMON          | STALE_DATA           | SENT_SIGNALS.jsonl not updated for 28+ minutes
[2026-03-08 00:18:06 GMT+7] 🔴 EXECUTOR        | NOT_RUNNING          | pec_executor.py process not found
[2026-03-08 00:18:06 GMT+7] 🟡 FLOW            | NO_RECENT            | No signals fired in last hour
[2026-03-08 00:19:06 GMT+7] 🟡 DAEMON          | STALE_DATA           | SENT_SIGNALS.jsonl not updated for 29+ minutes
[2026-03-08 00:19:06 GMT+7] 🔴 EXECUTOR        | NOT_RUNNING          | pec_executor.py process not found
[2026-03-08 00:19:06 GMT+7] 🟡 FLOW            | NO_RECENT            | No signals fired in last hour
[2026-03-08 00:20:07 GMT+7] 🟡 DAEMON          | STALE_DATA           | SENT_SIGNALS.jsonl not updated for 30+ minutes
[2026-03-08 00:20:07 GMT+7] 🔴 EXECUTOR        | NOT_RUNNING          | pec_executor.py process not found
[2026-03-08 00:20:07 GMT+7] 🟡 FLOW            | NO_RECENT            | No signals fired in last hour
[2026-03-08 00:21:07 GMT+7] 🟡 DAEMON          | STALE_DATA           | SENT_SIGNALS.jsonl not updated for 31+ minutes
[2026-03-08 00:21:07 GMT+7] 🔴 EXECUTOR        | NOT_RUNNING          | pec_executor.py process not found
[2026-03-08 00:21:07 GMT+7] 🟡 FLOW            | NO_RECENT            | No signals fired in last hour
[2026-03-08 00:22:07 GMT+7] 🟡 DAEMON          | STALE_DATA           | SENT_SIGNALS.jsonl not updated for 32+ minutes
[2026-03-08 00:22:07 GMT+7] 🔴 EXECUTOR        | NOT_RUNNING          | pec_executor.py process not found
[2026-03-08 00:22:07 GMT+7] 🟡 FLOW            | NO_RECENT            | No signals fired in last hour
[2026-03-08 00:23:07 GMT+7] 🟡 DAEMON          | STALE_DATA           | SENT_SIGNALS.jsonl not updated for 33+ minutes
[2026-03-08 00:23:07 GMT+7] 🔴 EXECUTOR        | NOT_RUNNING          | pec_executor.py process not found
[2026-03-08 00:23:07 GMT+7] 🟡 FLOW            | NO_RECENT            | No signals fired in last hour
[2026-03-08 00:24:07 GMT+7] 🟡 DAEMON          | STALE_DATA           | SENT_SIGNALS.jsonl not updated for 34+ minutes
[2026-03-08 00:24:07 GMT+7] 🔴 EXECUTOR        | NOT_RUNNING          | pec_executor.py process not found
[2026-03-08 00:24:07 GMT+7] 🟡 FLOW            | NO_RECENT            | No signals fired in last hour
[2026-03-08 00:25:07 GMT+7] 🔴 EXECUTOR        | NOT_RUNNING          | pec_executor.py process not found
[2026-03-08 00:25:07 GMT+7] 🟡 FLOW            | NO_RECENT            | No signals fired in last hour
[2026-03-08 00:26:07 GMT+7] 🔴 EXECUTOR        | NOT_RUNNING          | pec_executor.py process not found
[2026-03-08 00:26:07 GMT+7] 🟡 FLOW            | NO_RECENT            | No signals fired in last hour
[2026-03-08 00:27:07 GMT+7] 🔴 EXECUTOR        | NOT_RUNNING          | pec_executor.py process not found
[2026-03-08 00:27:07 GMT+7] 🟡 FLOW            | NO_RECENT            | No signals fired in last hour
[2026-03-08 00:28:07 GMT+7] 🔴 EXECUTOR        | NOT_RUNNING          | pec_executor.py process not found
[2026-03-08 00:28:08 GMT+7] 🟡 FLOW            | NO_RECENT            | No signals fired in last hour
[2026-03-08 00:29:08 GMT+7] 🔴 EXECUTOR        | NOT_RUNNING          | pec_executor.py process not found
[2026-03-08 00:29:08 GMT+7] 🟡 FLOW            | NO_RECENT            | No signals fired in last hour
[2026-03-08 00:30:08 GMT+7] 🔴 EXECUTOR        | NOT_RUNNING          | pec_executor.py process not found
[2026-03-08 00:30:08 GMT+7] 🟡 FLOW            | NO_RECENT            | No signals fired in last hour
[2026-03-08 00:31:08 GMT+7] 🔴 EXECUTOR        | NOT_RUNNING          | pec_executor.py process not found
[2026-03-08 00:31:08 GMT+7] 🟡 FLOW            | NO_RECENT            | No signals fired in last hour
[2026-03-08 00:32:08 GMT+7] 🔴 EXECUTOR        | NOT_RUNNING          | pec_executor.py process not found
[2026-03-08 00:32:08 GMT+7] 🟡 FLOW            | NO_RECENT            | No signals fired in last hour
[2026-03-08 00:33:08 GMT+7] 🔴 EXECUTOR        | NOT_RUNNING          | pec_executor.py process not found
[2026-03-08 00:33:08 GMT+7] 🟡 FLOW            | NO_RECENT            | No signals fired in last hour
[2026-03-08 00:34:08 GMT+7] 🔴 EXECUTOR        | NOT_RUNNING          | pec_executor.py process not found
[2026-03-08 00:34:08 GMT+7] 🟡 FLOW            | NO_RECENT            | No signals fired in last hour
[2026-03-08 00:35:08 GMT+7] 🔴 EXECUTOR        | NOT_RUNNING          | pec_executor.py process not found
[2026-03-08 00:35:08 GMT+7] 🟡 FLOW            | NO_RECENT            | No signals fired in last hour
[2026-03-08 00:36:08 GMT+7] 🔴 EXECUTOR        | NOT_RUNNING          | pec_executor.py process not found
[2026-03-08 00:36:08 GMT+7] 🟡 FLOW            | NO_RECENT            | No signals fired in last hour
[2026-03-08 00:37:08 GMT+7] 🔴 EXECUTOR        | NOT_RUNNING          | pec_executor.py process not found
[2026-03-08 00:37:08 GMT+7] 🟡 FLOW            | NO_RECENT            | No signals fired in last hour
[2026-03-08 00:38:09 GMT+7] 🔴 EXECUTOR        | NOT_RUNNING          | pec_executor.py process not found
[2026-03-08 00:38:09 GMT+7] 🟡 FLOW            | NO_RECENT            | No signals fired in last hour
[2026-03-08 00:39:09 GMT+7] 🔴 EXECUTOR        | NOT_RUNNING          | pec_executor.py process not found
[2026-03-08 00:39:09 GMT+7] 🟡 FLOW            | NO_RECENT            | No signals fired in last hour
[2026-03-08 00:40:09 GMT+7] 🔴 EXECUTOR        | NOT_RUNNING          | pec_executor.py process not found
[2026-03-08 00:40:09 GMT+7] 🟡 FLOW            | NO_RECENT            | No signals fired in last hour
[2026-03-08 00:41:09 GMT+7] 🔴 EXECUTOR        | NOT_RUNNING          | pec_executor.py process not found
[2026-03-08 00:41:09 GMT+7] 🟡 FLOW            | NO_RECENT            | No signals fired in last hour
[2026-03-08 00:42:09 GMT+7] 🔴 EXECUTOR        | NOT_RUNNING          | pec_executor.py process not found
[2026-03-08 00:42:09 GMT+7] 🟡 FLOW            | NO_RECENT            | No signals fired in last hour
[2026-03-08 00:43:09 GMT+7] 🔴 EXECUTOR        | NOT_RUNNING          | pec_executor.py process not found
[2026-03-08 00:43:09 GMT+7] 🟡 FLOW            | NO_RECENT            | No signals fired in last hour
[2026-03-08 00:44:09 GMT+7] 🔴 EXECUTOR        | NOT_RUNNING          | pec_executor.py process not found
[2026-03-08 00:44:09 GMT+7] 🟡 FLOW            | NO_RECENT            | No signals fired in last hour
[2026-03-08 00:45:09 GMT+7] 🔴 EXECUTOR        | NOT_RUNNING          | pec_executor.py process not found
[2026-03-08 00:45:09 GMT+7] 🟡 FLOW            | NO_RECENT            | No signals fired in last hour
[2026-03-08 00:46:09 GMT+7] 🔴 EXECUTOR        | NOT_RUNNING          | pec_executor.py process not found
[2026-03-08 00:46:09 GMT+7] 🟡 FLOW            | NO_RECENT            | No signals fired in last hour
[2026-03-08 00:47:09 GMT+7] 🔴 EXECUTOR        | NOT_RUNNING          | pec_executor.py process not found
[2026-03-08 00:47:09 GMT+7] 🟡 FLOW            | NO_RECENT            | No signals fired in last hour
[2026-03-08 00:48:10 GMT+7] 🔴 EXECUTOR        | NOT_RUNNING          | pec_executor.py process not found
[2026-03-08 00:48:10 GMT+7] 🟡 FLOW            | NO_RECENT            | No signals fired in last hour
[2026-03-08 00:49:10 GMT+7] 🔴 EXECUTOR        | NOT_RUNNING          | pec_executor.py process not found
[2026-03-08 00:49:10 GMT+7] 🟡 FLOW            | NO_RECENT            | No signals fired in last hour
[2026-03-08 00:50:10 GMT+7] 🔴 EXECUTOR        | NOT_RUNNING          | pec_executor.py process not found
[2026-03-08 00:50:10 GMT+7] 🟡 FLOW            | NO_RECENT            | No signals fired in last hour
[2026-03-08 00:51:10 GMT+7] 🔴 EXECUTOR        | NOT_RUNNING          | pec_executor.py process not found
[2026-03-08 00:51:10 GMT+7] 🟡 FLOW            | NO_RECENT            | No signals fired in last hour
[2026-03-08 00:52:10 GMT+7] 🔴 EXECUTOR        | NOT_RUNNING          | pec_executor.py process not found
[2026-03-08 00:52:10 GMT+7] 🟡 FLOW            | NO_RECENT            | No signals fired in last hour
[2026-03-08 00:53:10 GMT+7] 🔴 EXECUTOR        | NOT_RUNNING          | pec_executor.py process not found
[2026-03-08 00:53:10 GMT+7] 🟡 FLOW            | NO_RECENT            | No signals fired in last hour
[2026-03-08 00:54:10 GMT+7] 🔴 EXECUTOR        | NOT_RUNNING          | pec_executor.py process not found
[2026-03-08 00:54:10 GMT+7] 🟡 FLOW            | NO_RECENT            | No signals fired in last hour
