/Users/geniustarigan/Library/Python/3.9/lib/python/site-packages/urllib3/__init__.py:35: NotOpenSSLWarning: urllib3 v2 only supports OpenSSL 1.1.1+, currently the 'ssl' module is compiled with 'LibreSSL 2.8.3'. See: https://github.com/urllib3/urllib3/issues/3020
  warnings.warn(
[DAEMON] PEC Auto-Update started at 2026-03-27 08:40:23
[DAEMON] Updates every 5 minutes
[DAEMON] Stop with: pkill -f pec_daemon.py

[PEC-STALE-TIMEOUT] VOXEL-USDT 2h: 12 bars (7h overdue), actual_timeout=2026-03-26T18:19:00.347354
[PEC-TIMEOUT-HIT] TAO-USDT 4h: 12 bars >= 12 max, actual_timeout=2026-03-27T01:20:52.117148 [CHALLENGER]
[PEC-STALE-TIMEOUT] PROMPT-USDT 2h: 12 bars (7h overdue), actual_timeout=2026-03-26T18:28:30.636062
[PEC-TIMEOUT-HIT] ERA-USDT 4h: 12 bars >= 12 max, actual_timeout=2026-03-27T01:34:19.189821 [CHALLENGER]
[PEC-STALE-TIMEOUT] AAVE-USDT 2h: 12 bars (7h overdue), actual_timeout=2026-03-26T18:36:06.058929
[PEC-STALE-TIMEOUT] ICNT-USDT 1h: 11 bars (6h overdue), actual_timeout=2026-03-26T19:07:07.360007
[PEC-STALE-TIMEOUT] ICNT-USDT 4h: 11 bars (6h overdue), actual_timeout=2026-03-26T19:07:11.426524
[PEC-STALE-TIMEOUT] AVNT-USDT 4h: 11 bars (6h overdue), actual_timeout=2026-03-26T19:19:28.077543
[PEC-STALE-TIMEOUT] HBAR-USDT 1h: 11 bars (7h overdue), actual_timeout=2026-03-26T18:38:12.391958
[PEC-STALE-TIMEOUT] FUN-USDT 1h: 10 bars (6h overdue), actual_timeout=2026-03-26T18:45:41.147460
[PEC-STALE-TIMEOUT] TUT-USDT 4h: 10 bars (5h overdue), actual_timeout=2026-03-26T19:47:49.296949
[PEC-STALE-TIMEOUT] UNI-USDT 2h: 10 bars (5h overdue), actual_timeout=2026-03-26T20:02:36.596912
[PEC-STALE-TIMEOUT] UNI-USDT 2h: 10 bars (5h overdue), actual_timeout=2026-03-26T20:02:36.484729
[PEC-STALE-TIMEOUT] UNI-USDT 2h: 10 bars (5h overdue), actual_timeout=2026-03-26T20:02:42.538813
[PEC-STALE-TIMEOUT] BNB-USDT 2h: 10 bars (5h overdue), actual_timeout=2026-03-26T20:10:10.249644
[PEC-STALE-TIMEOUT] IP-USDT 30min: 21 bars (7h overdue), actual_timeout=2026-03-26T18:10:27.495290
[PEC-STALE-TIMEOUT] IP-USDT 2h: 10 bars (5h overdue), actual_timeout=2026-03-26T20:10:32.606240
[PEC-STALE-TIMEOUT] ACTSOL-USDT 30min: 20 bars (5h overdue), actual_timeout=2026-03-26T20:31:24.895726
[PEC-STALE-TIMEOUT] ERA-USDT 30min: 20 bars (5h overdue), actual_timeout=2026-03-26T20:35:18.192013
[PEC-STALE-TIMEOUT] ERA-USDT 2h: 10 bars (5h overdue), actual_timeout=2026-03-26T20:35:23.227909
[PEC-STALE-TIMEOUT] ENA-USDT 2h: 10 bars (5h overdue), actual_timeout=2026-03-26T20:35:36.960915
[PEC-STALE-TIMEOUT] ASTER-USDT 2h: 10 bars (5h overdue), actual_timeout=2026-03-26T20:39:17.429638
[PEC-STALE-TIMEOUT] XPL-USDT 1h: 10 bars (6h overdue), actual_timeout=2026-03-26T19:39:21.413346
[PEC-STALE-TIMEOUT] XPL-USDT 2h: 10 bars (5h overdue), actual_timeout=2026-03-26T20:39:30.540613
[PEC-STALE-TIMEOUT] XPL-USDT 4h: 10 bars (5h overdue), actual_timeout=2026-03-26T20:39:35.333963
[PEC-STALE-TIMEOUT] CRV-USDT 2h: 9 bars (4h overdue), actual_timeout=2026-03-26T20:41:49.788764
[PEC-STALE-TIMEOUT] LINK-USDT 2h: 9 bars (4h overdue), actual_timeout=2026-03-26T20:43:40.846243
[PEC-STALE-TIMEOUT] LINK-USDT 4h: 9 bars (4h overdue), actual_timeout=2026-03-26T20:43:45.678211
[PEC-STALE-TIMEOUT] POL-USDT 30min: 19 bars (6h overdue), actual_timeout=2026-03-26T18:43:57.297228
[PEC-STALE-TIMEOUT] SAHARA-USDT 2h: 9 bars (4h overdue), actual_timeout=2026-03-26T20:49:25.243295
[PEC-STALE-TIMEOUT] TURBO-USDT 30min: 19 bars (6h overdue), actual_timeout=2026-03-26T19:00:36.027087
[PEC-STALE-TIMEOUT] PORTAL-USDT 2h: 9 bars (4h overdue), actual_timeout=2026-03-26T21:07:51.958965
[PEC-STALE-TIMEOUT] RAY-USDT 2h: 9 bars (4h overdue), actual_timeout=2026-03-26T21:14:51.160443
[PEC-STALE-TIMEOUT] LA-USDT 2h: 9 bars (4h overdue), actual_timeout=2026-03-26T21:21:28.313981
[PEC-STALE-TIMEOUT] SPK-USDT 15min: 37 bars (7h overdue), actual_timeout=2026-03-26T18:21:29.613503
[PEC-STALE-TIMEOUT] SPK-USDT 30min: 18 bars (6h overdue), actual_timeout=2026-03-26T19:21:33.238932
[PEC-STALE-TIMEOUT] ZKJ-USDT 2h: 9 bars (4h overdue), actual_timeout=2026-03-26T21:21:48.101713
[PEC-STALE-TIMEOUT] DOT-USDT 15min: 36 bars (5h overdue), actual_timeout=2026-03-26T20:23:31.321539
[PEC-STALE-TIMEOUT] DOT-USDT 15min: 36 bars (7h overdue), actual_timeout=2026-03-26T18:38:40.442470
[PEC-STALE-TIMEOUT] PENGU-USDT 4h: 9 bars (4h overdue), actual_timeout=2026-03-26T21:38:50.438837
[PEC-STALE-TIMEOUT] AERO-USDT 1h: 8 bars (4h overdue), actual_timeout=2026-03-26T20:42:21.983874
[PEC-STALE-TIMEOUT] LQTY-USDT 15min: 35 bars (5h overdue), actual_timeout=2026-03-26T20:27:28.536817
[PEC-STALE-TIMEOUT] AERO-USDT 1h: 8 bars (3h overdue), actual_timeout=2026-03-26T21:42:30.886053
[PEC-STALE-TIMEOUT] LQTY-USDT 30min: 17 bars (5h overdue), actual_timeout=2026-03-26T19:42:32.739670
[PEC-STALE-TIMEOUT] LQTY-USDT 1h: 8 bars (3h overdue), actual_timeout=2026-03-26T21:42:36.813249
[PEC-STALE-TIMEOUT] LQTY-USDT 2h: 8 bars (3h overdue), actual_timeout=2026-03-26T21:42:41.622292
[PEC-STALE-TIMEOUT] ALU-USDT 1h: 8 bars (4h overdue), actual_timeout=2026-03-26T20:44:45.702643
[PEC-STALE-TIMEOUT] BERA-USDT 1h: 8 bars (3h overdue), actual_timeout=2026-03-26T21:46:11.505591
[PEC-STALE-TIMEOUT] BERA-USDT 2h: 8 bars (3h overdue), actual_timeout=2026-03-26T21:46:15.263786
[PEC-STALE-TIMEOUT] NEAR-USDT 1h: 8 bars (3h overdue), actual_timeout=2026-03-26T21:48:00.691464
[PEC-STALE-TIMEOUT] PORTAL-USDT 15min: 35 bars (5h overdue), actual_timeout=2026-03-26T20:36:31.738636
[PEC-STALE-TIMEOUT] AAVE-USDT 30min: 17 bars (5h overdue), actual_timeout=2026-03-26T19:54:51.407789
[PEC-STALE-TIMEOUT] APT-USDT 15min: 34 bars (6h overdue), actual_timeout=2026-03-26T18:56:49.901650
[PEC-STALE-TIMEOUT] NEWT-USDT 15min: 34 bars (4h overdue), actual_timeout=2026-03-26T20:47:32.059593
[PEC-STALE-TIMEOUT] NEWT-USDT 15min: 34 bars (6h overdue), actual_timeout=2026-03-26T19:02:37.423940
[PEC-STALE-TIMEOUT] NEWT-USDT 4h: 8 bars (3h overdue), actual_timeout=2026-03-26T22:02:49.388092
[PEC-STALE-TIMEOUT] NEWT-USDT 15min: 34 bars (6h overdue), actual_timeout=2026-03-26T19:02:50.672053
[PEC-STALE-TIMEOUT] BIO-USDT 15min: 34 bars (4h overdue), actual_timeout=2026-03-26T20:50:09.936429
[PEC-STALE-TIMEOUT] AVNT-USDT 2h: 8 bars (3h overdue), actual_timeout=2026-03-26T22:05:19.951883
[PEC-STALE-TIMEOUT] AVNT-USDT 4h: 8 bars (3h overdue), actual_timeout=2026-03-26T22:05:22.891277
[PEC-STALE-TIMEOUT] XAUT-USDT 2h: 8 bars (3h overdue), actual_timeout=2026-03-26T22:05:30.973120
[PEC-STALE-TIMEOUT] XAUT-USDT 4h: 8 bars (3h overdue), actual_timeout=2026-03-26T22:05:34.705265
[PEC-STALE-TIMEOUT] XAUT-USDT 2h: 8 bars (3h overdue), actual_timeout=2026-03-26T22:05:37.289168
[PEC-STALE-TIMEOUT] AGLD-USDT 15min: 34 bars (6h overdue), actual_timeout=2026-03-26T19:05:42.788634
[PEC-STALE-TIMEOUT] YFI-USDT 2h: 8 bars (3h overdue), actual_timeout=2026-03-26T22:07:51.785471
[PEC-STALE-TIMEOUT] KNC-USDT 2h: 8 bars (3h overdue), actual_timeout=2026-03-26T22:09:58.118124
[PEC-STALE-TIMEOUT] CROSS-USDT 30min: 17 bars (3h overdue), actual_timeout=2026-03-26T22:10:08.091553
[PEC-STALE-TIMEOUT] TUT-USDT 1h: 8 bars (3h overdue), actual_timeout=2026-03-26T22:12:33.930274
[PEC-STALE-TIMEOUT] TUT-USDT 2h: 8 bars (3h overdue), actual_timeout=2026-03-26T22:12:41.761593
[PEC-STALE-TIMEOUT] XAUT-USDT 2h: 8 bars (3h overdue), actual_timeout=2026-03-26T22:16:26.693272
[PEC-STALE-TIMEOUT] IP-USDT 2h: 8 bars (3h overdue), actual_timeout=2026-03-26T22:17:58.194459
[PEC-STALE-TIMEOUT] X-USDT 15min: 33 bars (4h overdue), actual_timeout=2026-03-26T21:03:04.089961
[PEC-STALE-TIMEOUT] SPK-USDT 2h: 8 bars (3h overdue), actual_timeout=2026-03-26T22:18:05.101645
[PEC-STALE-TIMEOUT] X-USDT 30min: 16 bars (3h overdue), actual_timeout=2026-03-26T22:18:07.983420
[PEC-STALE-TIMEOUT] LQTY-USDT 2h: 8 bars (3h overdue), actual_timeout=2026-03-26T22:18:09.095625
[PEC-STALE-TIMEOUT] X-USDT 1h: 8 bars (3h overdue), actual_timeout=2026-03-26T22:18:11.601556
[PEC-STALE-TIMEOUT] RAY-USDT 15min: 33 bars (6h overdue), actual_timeout=2026-03-26T19:18:16.892475
[PEC-STALE-TIMEOUT] IP-USDT 2h: 8 bars (3h overdue), actual_timeout=2026-03-26T22:18:17.848216
[PEC-STALE-TIMEOUT] AUCTION-USDT 30min: 16 bars (3h overdue), actual_timeout=2026-03-26T22:20:02.565060
[PEC-STALE-TIMEOUT] AUCTION-USDT 1h: 8 bars (3h overdue), actual_timeout=2026-03-26T22:20:06.563255
[PEC-STALE-TIMEOUT] HBAR-USDT 2h: 8 bars (3h overdue), actual_timeout=2026-03-26T22:22:02.202063
[PEC-STALE-TIMEOUT] DYDX-USDT 15min: 33 bars (6h overdue), actual_timeout=2026-03-26T19:22:30.006166
[PEC-STALE-TIMEOUT] HIPPO-USDT 4h: 8 bars (3h overdue), actual_timeout=2026-03-26T22:38:42.747231
[PEC-STALE-TIMEOUT] WIF-USDT 1h: 8 bars (4h overdue), actual_timeout=2026-03-26T21:40:31.337633
[PEC-TIMEOUT-HIT] WIF-USDT 30min: 15 bars >= 10 max, actual_timeout=2026-03-26T22:47:09.027102 [CHAMPION]
[PEC-STALE-TIMEOUT] OP-USDT 15min: 31 bars (4h overdue), actual_timeout=2026-03-26T21:33:52.810461
[PEC-STALE-TIMEOUT] OP-USDT 30min: 15 bars (4h overdue), actual_timeout=2026-03-26T20:48:56.845463
[PEC-STALE-TIMEOUT] SOL-USDT 30min: 15 bars (4h overdue), actual_timeout=2026-03-26T20:50:41.643849
[PEC-STALE-TIMEOUT] BNB-USDT 1h: 7 bars (3h overdue), actual_timeout=2026-03-26T21:52:31.502815
[PEC-STALE-TIMEOUT] ALU-USDT 30min: 15 bars (4h overdue), actual_timeout=2026-03-26T20:56:05.031443
[PEC-TIMEOUT-HIT] ALU-USDT 2h: 7 bars >= 5 max, actual_timeout=2026-03-26T22:56:09.814120 [CHALLENGER]
[PEC-STALE-TIMEOUT] PROMPT-USDT 15min: 31 bars (5h overdue), actual_timeout=2026-03-26T19:56:10.261549
[PEC-STALE-TIMEOUT] PROMPT-USDT 30min: 15 bars (4h overdue), actual_timeout=2026-03-26T20:56:14.608357
[PEC-STALE-TIMEOUT] PENGU-USDT 15min: 30 bars (5h overdue), actual_timeout=2026-03-26T19:58:09.581700
[PEC-TIMEOUT-HIT] UNI-USDT 4h: 7 bars >= 5 max, actual_timeout=2026-03-26T22:59:57.255037 [CHAMPION]
[PEC-STALE-TIMEOUT] TON-USDT 1h: 7 bars (3h overdue), actual_timeout=2026-03-26T21:59:59.232327
[PEC-TIMEOUT-HIT] TON-USDT 2h: 7 bars >= 5 max, actual_timeout=2026-03-26T23:00:08.168135 [CHAMPION]
[PEC-TIMEOUT-HIT] KAITO-USDT 1h: 7 bars >= 5 max, actual_timeout=2026-03-26T23:01:56.631119 [CHAMPION]
[PEC-TIMEOUT-HIT] YFI-USDT 4h: 7 bars >= 5 max, actual_timeout=2026-03-26T23:05:23.192478 [CHAMPION]
[PEC-STALE-TIMEOUT] BTC-USDT 15min: 30 bars (3h overdue), actual_timeout=2026-03-26T21:50:24.659021
[PEC-TIMEOUT-HIT] YFI-USDT 30min: 15 bars >= 10 max, actual_timeout=2026-03-26T23:05:24.665906 [CHAMPION]
[PEC-TIMEOUT-HIT] BTC-USDT 1h: 7 bars >= 5 max, actual_timeout=2026-03-26T23:05:29.977668 [CHAMPION]
[PEC-TIMEOUT-HIT] YFI-USDT 1h: 7 bars >= 5 max, actual_timeout=2026-03-26T23:05:30.562638 [CHAMPION]
[PEC-STALE-TIMEOUT] SPK-USDT 15min: 30 bars (3h overdue), actual_timeout=2026-03-26T21:52:34.502297
[PEC-STALE-TIMEOUT] AERO-USDT 15min: 30 bars (3h overdue), actual_timeout=2026-03-26T21:52:35.134538
[PEC-STALE-TIMEOUT] AERO-USDT 30min: 15 bars (4h overdue), actual_timeout=2026-03-26T21:07:39.325805
[PEC-STALE-TIMEOUT] SPK-USDT 15min: 30 bars (5h overdue), actual_timeout=2026-03-26T20:07:44.065703
[PEC-TIMEOUT-HIT] AERO-USDT 1h: 7 bars >= 5 max, actual_timeout=2026-03-26T23:07:44.574467 [CHAMPION]
[PEC-STALE-TIMEOUT] BMT-USDT 15min: 30 bars (3h overdue), actual_timeout=2026-03-26T21:52:51.568417
[PEC-STALE-TIMEOUT] VOXEL-USDT 15min: 30 bars (3h overdue), actual_timeout=2026-03-26T21:56:28.794145
[PEC-TIMEOUT-HIT] UNI-USDT 4h: 7 bars >= 5 max, actual_timeout=2026-03-26T23:13:24.802304 [CHAMPION]
[PEC-STALE-TIMEOUT] PUMP-USDT 30min: 14 bars (4h overdue), actual_timeout=2026-03-26T21:19:23.746729
[PEC-STALE-TIMEOUT] KAITO-USDT 15min: 28 bars (5h overdue), actual_timeout=2026-03-26T20:35:19.131066
[PEC-STALE-TIMEOUT] SEI-USDT 1h: 7 bars (3h overdue), actual_timeout=2026-03-26T22:35:44.126891
[PEC-STALE-TIMEOUT] APT-USDT 15min: 28 bars (3h overdue), actual_timeout=2026-03-26T22:21:02.647989
[PEC-STALE-TIMEOUT] BLUR-USDT 15min: 28 bars (3h overdue), actual_timeout=2026-03-26T22:21:26.594309
[PEC-STALE-TIMEOUT] ATH-USDT 15min: 28 bars (5h overdue), actual_timeout=2026-03-26T20:36:27.052154
[PEC-TIMEOUT-HIT] APT-USDT 30min: 13 bars >= 10 max, actual_timeout=2026-03-26T23:42:14.099827 [CHAMPION]
[PEC-TIMEOUT-HIT] APT-USDT 1h: 6 bars >= 4 max, actual_timeout=2026-03-26T22:42:22.005892 [CHALLENGER]
[PEC-STALE-TIMEOUT] ATH-USDT 30min: 13 bars (3h overdue), actual_timeout=2026-03-26T21:42:22.293332
[PEC-TIMEOUT-HIT] APT-USDT 2h: 6 bars >= 5 max, actual_timeout=2026-03-26T23:42:28.208902 [CHAMPION]
[PEC-STALE-TIMEOUT] NMR-USDT 15min: 27 bars (4h overdue), actual_timeout=2026-03-26T20:42:31.368339
[PEC-TIMEOUT-HIT] NMR-USDT 30min: 13 bars >= 10 max, actual_timeout=2026-03-26T23:42:38.670244 [CHAMPION]
[PEC-STALE-TIMEOUT] NEAR-USDT 15min: 27 bars (4h overdue), actual_timeout=2026-03-26T20:42:42.859360
[PEC-TIMEOUT-HIT] NEAR-USDT 1h: 6 bars >= 5 max, actual_timeout=2026-03-26T23:42:47.811638 [CHAMPION]
[PEC-STALE-TIMEOUT] YFI-USDT 15min: 27 bars (3h overdue), actual_timeout=2026-03-26T22:27:49.079857
[PEC-STALE-TIMEOUT] ARB-USDT 15min: 27 bars (3h overdue), actual_timeout=2026-03-26T22:27:50.351676
[PEC-TIMEOUT-HIT] ARB-USDT 30min: 13 bars >= 10 max, actual_timeout=2026-03-26T23:42:56.953686 [CHAMPION]
[PEC-STALE-TIMEOUT] ENS-USDT 15min: 27 bars (4h overdue), actual_timeout=2026-03-26T20:43:00.629338
[PEC-TIMEOUT-HIT] ARB-USDT 1h: 6 bars >= 4 max, actual_timeout=2026-03-26T22:43:03.122224 [CHALLENGER]
[PEC-STALE-TIMEOUT] ENS-USDT 30min: 13 bars (3h overdue), actual_timeout=2026-03-26T21:43:05.758888
[PEC-TIMEOUT-HIT] WLFI-USDT 1h: 6 bars >= 5 max, actual_timeout=2026-03-26T23:43:11.127897 [CHAMPION]
[PEC-TIMEOUT-HIT] WLFI-USDT 2h: 6 bars >= 5 max, actual_timeout=2026-03-26T23:43:16.202442 [CHAMPION]
[PEC-TIMEOUT-HIT] ETH-USDT 1h: 6 bars >= 5 max, actual_timeout=2026-03-26T23:43:34.887864 [CHAMPION]
[PEC-TIMEOUT-HIT] XPL-USDT 4h: 6 bars >= 5 max, actual_timeout=2026-03-26T23:43:41.597968 [CHAMPION]
[PEC-TIMEOUT-HIT] SOL-USDT 1h: 6 bars >= 4 max, actual_timeout=2026-03-26T22:43:48.408919 [CHALLENGER]
[PEC-TIMEOUT-HIT] SOL-USDT 4h: 6 bars >= 5 max, actual_timeout=2026-03-26T23:43:52.076780 [CHAMPION]
[PEC-STALE-TIMEOUT] XAUT-USDT 15min: 27 bars (3h overdue), actual_timeout=2026-03-26T22:28:57.055184
[PEC-TIMEOUT-HIT] XRP-USDT 1h: 6 bars >= 4 max, actual_timeout=2026-03-26T22:43:58.961793 [CHALLENGER]
[PEC-TIMEOUT-HIT] XAUT-USDT 1h: 6 bars >= 5 max, actual_timeout=2026-03-26T23:44:03.289075 [CHAMPION]
[PEC-TIMEOUT-HIT] SEI-USDT 1h: 6 bars >= 5 max, actual_timeout=2026-03-26T23:44:02.840286 [CHAMPION]
[PEC-TIMEOUT-HIT] XRP-USDT 2h: 6 bars >= 5 max, actual_timeout=2026-03-26T23:44:04.846992 [CHAMPION]
[PEC-TIMEOUT-HIT] TAO-USDT 4h: 6 bars >= 5 max, actual_timeout=2026-03-26T23:44:11.492653 [CHAMPION]
[PEC-STALE-TIMEOUT] AGLD-USDT 30min: 13 bars (3h overdue), actual_timeout=2026-03-26T21:44:23.797687
[PEC-TIMEOUT-HIT] AGLD-USDT 1h: 6 bars >= 5 max, actual_timeout=2026-03-26T23:44:29.936845 [CHAMPION]
[PEC-STALE-TIMEOUT] XLM-USDT 15min: 27 bars (4h overdue), actual_timeout=2026-03-26T20:44:32.403733
[PEC-TIMEOUT-HIT] APT-USDT 1h: 6 bars >= 4 max, actual_timeout=2026-03-26T22:44:41.028474 [CHALLENGER]
[PEC-TIMEOUT-HIT] LINK-USDT 1h: 6 bars >= 5 max, actual_timeout=2026-03-26T23:44:44.820325 [CHAMPION]
[PEC-TIMEOUT-HIT] APT-USDT 2h: 6 bars >= 5 max, actual_timeout=2026-03-26T23:44:47.392043 [CHAMPION]
[PEC-STALE-TIMEOUT] YFI-USDT 15min: 27 bars (4h overdue), actual_timeout=2026-03-26T20:44:51.099007
[PEC-TIMEOUT-HIT] NEAR-USDT 1h: 6 bars >= 4 max, actual_timeout=2026-03-26T22:45:04.964988 [CHALLENGER]
[PEC-STALE-TIMEOUT] ENS-USDT 15min: 27 bars (4h overdue), actual_timeout=2026-03-26T20:45:05.057443
[PEC-TIMEOUT-HIT] XRP-USDT 2h: 6 bars >= 5 max, actual_timeout=2026-03-27T00:01:23.441531 [CHAMPION]
[PEC-TIMEOUT-HIT] XRP-USDT 4h: 6 bars >= 5 max, actual_timeout=2026-03-27T00:01:34.463426 [CHAMPION]
[PEC-TIMEOUT-HIT] ZKJ-USDT 1h: 6 bars >= 4 max, actual_timeout=2026-03-26T23:01:27.425495 [CHALLENGER]
[PEC-TIMEOUT-HIT] ZKJ-USDT 2h: 6 bars >= 5 max, actual_timeout=2026-03-27T00:01:46.233440 [CHALLENGER]
[PEC-TIMEOUT-HIT] AVAX-USDT 2h: 6 bars >= 5 max, actual_timeout=2026-03-27T00:17:12.105172 [CHAMPION]
[PEC-TIMEOUT-HIT] AERO-USDT 2h: 6 bars >= 5 max, actual_timeout=2026-03-27T00:17:23.344048 [CHALLENGER]
[PEC-TIMEOUT-HIT] LINK-USDT 2h: 6 bars >= 5 max, actual_timeout=2026-03-27T00:17:33.540634 [CHAMPION]
[PEC-STALE-TIMEOUT] BMT-USDT 15min: 25 bars (2h overdue), actual_timeout=2026-03-26T23:02:33.319203
[PEC-TIMEOUT-HIT] LINK-USDT 4h: 6 bars >= 5 max, actual_timeout=2026-03-27T00:17:36.427294 [CHAMPION]
[PEC-STALE-TIMEOUT] BMT-USDT 30min: 12 bars (3h overdue), actual_timeout=2026-03-26T22:17:40.584434
[PEC-TIMEOUT-HIT] CVX-USDT 4h: 6 bars >= 5 max, actual_timeout=2026-03-27T00:17:43.554116 [CHAMPION]
[PEC-STALE-TIMEOUT] POL-USDT 15min: 25 bars (2h overdue), actual_timeout=2026-03-26T23:02:44.750333
[PEC-TIMEOUT-HIT] POL-USDT 30min: 12 bars >= 10 max, actual_timeout=2026-03-27T00:17:51.147801 [CHAMPION]
[PEC-TIMEOUT-HIT] YFI-USDT 30min: 12 bars >= 10 max, actual_timeout=2026-03-27T00:17:52.190928 [CHAMPION]
[PEC-TIMEOUT-HIT] POL-USDT 2h: 6 bars >= 5 max, actual_timeout=2026-03-27T00:33:02.287311 [CHAMPION]
[PEC-STALE-TIMEOUT] LQTY-USDT 30min: 12 bars (3h overdue), actual_timeout=2026-03-26T22:17:53.451299
[PEC-TIMEOUT-HIT] YFI-USDT 1h: 6 bars >= 4 max, actual_timeout=2026-03-26T23:33:02.879060 [CHALLENGER]
[PEC-TIMEOUT-HIT] YFI-USDT 4h: 6 bars >= 5 max, actual_timeout=2026-03-27T00:33:14.194778 [CHAMPION]
[PEC-TIMEOUT-HIT] BNB-USDT 4h: 6 bars >= 5 max, actual_timeout=2026-03-27T00:33:20.293839 [CHAMPION]
[PEC-STALE-TIMEOUT] ENS-USDT 15min: 24 bars (4h overdue), actual_timeout=2026-03-26T21:33:31.492985
[PEC-STALE-TIMEOUT] RAY-USDT 15min: 24 bars (4h overdue), actual_timeout=2026-03-26T21:33:37.962596
[PEC-STALE-TIMEOUT] SKATE-USDT 15min: 24 bars (4h overdue), actual_timeout=2026-03-26T21:33:38.525545
[PEC-STALE-TIMEOUT] RAY-USDT 30min: 12 bars (3h overdue), actual_timeout=2026-03-26T22:33:48.896597
[PEC-STALE-TIMEOUT] LA-USDT 15min: 24 bars (2h overdue), actual_timeout=2026-03-26T23:18:55.173659
[PEC-STALE-TIMEOUT] BONK-USDT 15min: 24 bars (4h overdue), actual_timeout=2026-03-26T21:34:00.235090
[PEC-TIMEOUT-HIT] RAY-USDT 1h: 6 bars >= 5 max, actual_timeout=2026-03-27T00:34:05.075680 [CHAMPION]
[PEC-TIMEOUT-HIT] RAY-USDT 2h: 5 bars >= 5 max, actual_timeout=2026-03-27T00:50:30.566100 [CHALLENGER]
[PEC-TIMEOUT-HIT] BONK-USDT 1h: 5 bars >= 5 max, actual_timeout=2026-03-27T00:50:31.095274 [CHAMPION]
[PEC-TIMEOUT-HIT] RAY-USDT 4h: 5 bars >= 5 max, actual_timeout=2026-03-27T00:50:59.284576 [CHAMPION]
[PEC-TIMEOUT-HIT] LA-USDT 4h: 5 bars >= 5 max, actual_timeout=2026-03-27T00:51:30.272621 [CHAMPION]
[PEC-STALE-TIMEOUT] SPK-USDT 15min: 23 bars (2h overdue), actual_timeout=2026-03-26T23:37:07.059305
[PEC-STALE-TIMEOUT] MAGIC-USDT 15min: 23 bars (2h overdue), actual_timeout=2026-03-26T23:37:08.338863
[PEC-TIMEOUT-HIT] SPK-USDT 2h: 5 bars >= 5 max, actual_timeout=2026-03-27T00:53:07.777690 [CHALLENGER]
[PEC-TIMEOUT-HIT] SPK-USDT 4h: 5 bars >= 5 max, actual_timeout=2026-03-27T00:53:13.050015 [CHAMPION]
[PEC-STALE-TIMEOUT] ZKJ-USDT 15min: 23 bars (3h overdue), actual_timeout=2026-03-26T21:53:44.260959
[PEC-TIMEOUT-HIT] MAGIC-USDT 1h: 5 bars >= 5 max, actual_timeout=2026-03-27T01:10:27.203353 [CHAMPION]
[PEC-TIMEOUT-HIT] ZKJ-USDT 1h: 5 bars >= 5 max, actual_timeout=2026-03-27T01:10:33.273865 [CHAMPION]
[PEC-TIMEOUT-HIT] MAGIC-USDT 2h: 5 bars >= 5 max, actual_timeout=2026-03-27T01:10:39.900458 [CHAMPION]
[PEC-STALE-TIMEOUT] ADA-USDT 15min: 22 bars (3h overdue), actual_timeout=2026-03-26T22:10:41.166100
[PEC-TIMEOUT-HIT] ZKJ-USDT 2h: 5 bars >= 5 max, actual_timeout=2026-03-27T01:10:47.366517 [CHAMPION]
[PEC-TIMEOUT-HIT] MAGIC-USDT 4h: 5 bars >= 5 max, actual_timeout=2026-03-27T01:10:48.304877 [CHAMPION]
[PEC-TIMEOUT-HIT] ACTSOL-USDT 15min: 22 bars >= 15 max, actual_timeout=2026-03-26T23:55:56.589986 [CHAMPION]
[PEC-TIMEOUT-HIT] XLM-USDT 15min: 22 bars >= 15 max, actual_timeout=2026-03-26T23:56:01.350209 [CHAMPION]
[PEC-STALE-TIMEOUT] IP-USDT 15min: 22 bars (3h overdue), actual_timeout=2026-03-26T22:11:02.115935
[PEC-STALE-TIMEOUT] ACTSOL-USDT 30min: 11 bars (2h overdue), actual_timeout=2026-03-26T23:11:04.996242
[PEC-TIMEOUT-HIT] IP-USDT 30min: 11 bars >= 10 max, actual_timeout=2026-03-27T01:11:09.337298 [CHAMPION]
[PEC-TIMEOUT-HIT] ACTSOL-USDT 1h: 5 bars >= 5 max, actual_timeout=2026-03-27T01:11:12.981117 [CHAMPION]
[PEC-TIMEOUT-HIT] IP-USDT 1h: 5 bars >= 5 max, actual_timeout=2026-03-27T01:11:17.166361 [CHAMPION]
[PEC-TIMEOUT-HIT] ACTSOL-USDT 2h: 5 bars >= 5 max, actual_timeout=2026-03-27T01:11:19.181789 [CHALLENGER]
[PEC-STALE-TIMEOUT] SKATE-USDT 15min: 22 bars (3h overdue), actual_timeout=2026-03-26T22:11:20.437654
[PEC-TIMEOUT-HIT] IP-USDT 2h: 5 bars >= 5 max, actual_timeout=2026-03-27T01:11:26.335424 [CHAMPION]
[PEC-STALE-TIMEOUT] LA-USDT 15min: 22 bars (3h overdue), actual_timeout=2026-03-26T22:11:32.782708
[PEC-STALE-TIMEOUT] BMT-USDT 15min: 22 bars (3h overdue), actual_timeout=2026-03-26T22:11:39.141842
[PEC-TIMEOUT-HIT] LA-USDT 2h: 5 bars >= 5 max, actual_timeout=2026-03-27T01:11:43.569782 [CHAMPION]
[PEC-STALE-TIMEOUT] CROSS-USDT 15min: 22 bars (3h overdue), actual_timeout=2026-03-26T22:11:38.561531
[PEC-STALE-TIMEOUT] BMT-USDT 30min: 11 bars (2h overdue), actual_timeout=2026-03-26T23:11:52.461386
[PEC-STALE-TIMEOUT] CROSS-USDT 30min: 11 bars (2h overdue), actual_timeout=2026-03-26T23:11:55.257182
[PEC-STALE-TIMEOUT] SPK-USDT 15min: 20 bars (3h overdue), actual_timeout=2026-03-26T22:30:58.654031
[PEC-TIMEOUT-HIT] LQTY-USDT 1h: 5 bars >= 5 max, actual_timeout=2026-03-27T01:31:30.253491 [CHAMPION]
[PEC-TIMEOUT-HIT] KNC-USDT 15min: 20 bars >= 15 max, actual_timeout=2026-03-27T00:16:31.860797 [CHAMPION]
[PEC-STALE-TIMEOUT] ZKJ-USDT 15min: 20 bars (3h overdue), actual_timeout=2026-03-26T22:32:07.033824
[PEC-TIMEOUT-HIT] LQTY-USDT 2h: 5 bars >= 5 max, actual_timeout=2026-03-27T01:32:06.077923 [CHAMPION]
[PEC-STALE-TIMEOUT] RAY-USDT 15min: 20 bars (3h overdue), actual_timeout=2026-03-26T22:33:09.181906
[PEC-TIMEOUT-HIT] BMT-USDT 30min: 9 bars >= 6 max, actual_timeout=2026-03-26T23:47:05.894752 [CHALLENGER]
[PEC-STALE-TIMEOUT] ACTSOL-USDT 15min: 19 bars (2h overdue), actual_timeout=2026-03-26T22:47:40.104336
[PEC-TIMEOUT-HIT] LQTY-USDT 1h: 4 bars >= 4 max, actual_timeout=2026-03-27T00:48:13.413688 [CHALLENGER]
[PEC-STALE-TIMEOUT] RAY-USDT 15min: 17 bars (2h overdue), actual_timeout=2026-03-26T23:21:02.054001
[PEC-STALE-TIMEOUT] TUT-USDT 15min: 14 bars (1h overdue), actual_timeout=2026-03-27T00:10:23.712900
[PEC-STALE-TIMEOUT] TURBO-USDT 15min: 14 bars (1h overdue), actual_timeout=2026-03-27T00:10:39.422091
[PEC-STALE-TIMEOUT] NEWT-USDT 15min: 14 bars (1h overdue), actual_timeout=2026-03-27T00:11:10.222196
[PEC-STALE-TIMEOUT] NEWT-USDT 15min: 14 bars (1h overdue), actual_timeout=2026-03-27T00:11:21.923559
[PEC-STALE-TIMEOUT] NEWT-USDT 15min: 14 bars (1h overdue), actual_timeout=2026-03-27T00:11:35.362080
[PEC-STALE-TIMEOUT] ONDO-USDT 15min: 14 bars (1h overdue), actual_timeout=2026-03-27T00:11:55.203087
[PEC-STALE-TIMEOUT] ONDO-USDT 15min: 14 bars (1h overdue), actual_timeout=2026-03-27T00:12:07.528995
[PEC-STALE-TIMEOUT] WIF-USDT 15min: 14 bars (1h overdue), actual_timeout=2026-03-27T00:12:09.233973
[PEC-STALE-TIMEOUT] WIF-USDT 15min: 14 bars (1h overdue), actual_timeout=2026-03-27T00:12:31.980687
[PEC-STALE-TIMEOUT] ATH-USDT 15min: 14 bars (1h overdue), actual_timeout=2026-03-27T00:12:36.106045
[PEC-STALE-TIMEOUT] ATH-USDT 15min: 14 bars (1h overdue), actual_timeout=2026-03-27T00:12:45.251456
[PEC-TIMEOUT-HIT] ATH-USDT 30min: 7 bars >= 6 max, actual_timeout=2026-03-27T01:12:48.444608 [CHALLENGER]
[PEC-STALE-TIMEOUT] ATOM-USDT 15min: 13 bars (1h overdue), actual_timeout=2026-03-27T00:13:22.519058
[PEC-STALE-TIMEOUT] APT-USDT 15min: 13 bars (1h overdue), actual_timeout=2026-03-27T00:13:29.651002
[PEC-STALE-TIMEOUT] AGLD-USDT 15min: 13 bars (1h overdue), actual_timeout=2026-03-27T00:13:37.728238
[PEC-STALE-TIMEOUT] APT-USDT 15min: 13 bars (1h overdue), actual_timeout=2026-03-27T00:13:44.480489
[PEC-STALE-TIMEOUT] TAO-USDT 15min: 13 bars (1h overdue), actual_timeout=2026-03-27T00:14:13.383746
[PEC-STALE-TIMEOUT] BMT-USDT 15min: 13 bars (1h overdue), actual_timeout=2026-03-27T00:15:56.463884
[PEC-STALE-TIMEOUT] RAY-USDT 15min: 13 bars (1h overdue), actual_timeout=2026-03-27T00:16:13.230754
[PEC-STALE-TIMEOUT] AIN-USDT 15min: 13 bars (1h overdue), actual_timeout=2026-03-27T00:16:44.921672
[PEC-STALE-TIMEOUT] DOT-USDT 15min: 13 bars (1h overdue), actual_timeout=2026-03-27T00:18:05.953304
[PEC-STALE-TIMEOUT] ONDO-USDT 15min: 13 bars (1h overdue), actual_timeout=2026-03-27T00:18:52.446921
[PEC-STALE-TIMEOUT] KNC-USDT 15min: 13 bars (1h overdue), actual_timeout=2026-03-27T00:21:58.601306
[PEC-STALE-TIMEOUT] TON-USDT 15min: 13 bars (1h overdue), actual_timeout=2026-03-27T00:23:45.661587
[PEC-STALE-TIMEOUT] TON-USDT 15min: 13 bars (1h overdue), actual_timeout=2026-03-27T00:23:46.497105
[PEC-STALE-TIMEOUT] BERA-USDT 15min: 13 bars (1h overdue), actual_timeout=2026-03-27T00:24:15.300499
[PEC-STALE-TIMEOUT] ARB-USDT 15min: 13 bars (1h overdue), actual_timeout=2026-03-27T00:24:37.741978
[PEC-STALE-TIMEOUT] BONK-USDT 15min: 13 bars (1h overdue), actual_timeout=2026-03-27T00:26:02.483719
[PEC-TIMEOUT-HIT] BTC-USDT 30min: 6 bars >= 6 max, actual_timeout=2026-03-27T01:26:13.687468 [CHALLENGER]
[PEC-TIMEOUT-HIT] SOL-USDT 30min: 6 bars >= 6 max, actual_timeout=2026-03-27T01:26:19.786262 [CHALLENGER]
[PEC-TIMEOUT-HIT] SOL-USDT 30min: 6 bars >= 6 max, actual_timeout=2026-03-27T01:26:22.360615 [CHALLENGER]
[PEC-TIMEOUT-HIT] SOL-USDT 30min: 6 bars >= 6 max, actual_timeout=2026-03-27T01:26:24.139695 [CHALLENGER]
[PEC-TIMEOUT-HIT] ACTSOL-USDT 30min: 6 bars >= 6 max, actual_timeout=2026-03-27T01:27:32.131671 [CHALLENGER]
[PEC-TIMEOUT-HIT] DUCK-USDT 15min: 12 bars >= 8 max, actual_timeout=2026-03-27T00:33:38.778996 [CHALLENGER]
[PEC-TIMEOUT-HIT] ROAM-USDT 30min: 6 bars >= 6 max, actual_timeout=2026-03-27T01:33:47.484463 [CHALLENGER]
[PEC-TIMEOUT-HIT] HIPPO-USDT 15min: 12 bars >= 8 max, actual_timeout=2026-03-27T00:34:09.438595 [CHALLENGER]
[PEC-TIMEOUT-HIT] PUMP-USDT 15min: 12 bars >= 8 max, actual_timeout=2026-03-27T00:35:26.997249 [CHALLENGER]
[PEC-TIMEOUT-HIT] ARKM-USDT 15min: 12 bars >= 8 max, actual_timeout=2026-03-27T00:35:40.612899 [CHALLENGER]
[PEC-TIMEOUT-HIT] NMR-USDT 15min: 12 bars >= 8 max, actual_timeout=2026-03-27T00:35:49.282100 [CHALLENGER]
[PEC-TIMEOUT-HIT] ARB-USDT 15min: 12 bars >= 8 max, actual_timeout=2026-03-27T00:35:52.461358 [CHALLENGER]
[PEC-TIMEOUT-HIT] WLFI-USDT 15min: 12 bars >= 8 max, actual_timeout=2026-03-27T00:35:55.730075 [CHALLENGER]
[PEC-TIMEOUT-HIT] INJ-USDT 15min: 12 bars >= 8 max, actual_timeout=2026-03-27T00:36:22.381403 [CHALLENGER]
[PEC-TIMEOUT-HIT] BNB-USDT 15min: 12 bars >= 8 max, actual_timeout=2026-03-27T00:37:43.104166 [CHALLENGER]
[PEC-TIMEOUT-HIT] BNB-USDT 15min: 12 bars >= 8 max, actual_timeout=2026-03-27T00:37:43.691615 [CHALLENGER]
[PEC-TIMEOUT-HIT] BNB-USDT 15min: 12 bars >= 8 max, actual_timeout=2026-03-27T00:37:49.147506 [CHALLENGER]
[PEC-TIMEOUT-HIT] ZKJ-USDT 15min: 12 bars >= 8 max, actual_timeout=2026-03-27T00:37:57.350887 [CHALLENGER]
[PEC-TIMEOUT-HIT] ZKJ-USDT 15min: 12 bars >= 8 max, actual_timeout=2026-03-27T00:37:59.965189 [CHALLENGER]
[PEC-TIMEOUT-HIT] AERO-USDT 15min: 12 bars >= 8 max, actual_timeout=2026-03-27T00:38:05.875616 [CHALLENGER]
[PEC-TIMEOUT-HIT] BMT-USDT 15min: 12 bars >= 8 max, actual_timeout=2026-03-27T00:38:10.904990 [CHALLENGER]
[PEC-TIMEOUT-HIT] PARTI-USDT 15min: 12 bars >= 8 max, actual_timeout=2026-03-27T00:39:07.429599 [CHALLENGER]
[PEC-TIMEOUT-HIT] HYPE-USDT 15min: 12 bars >= 8 max, actual_timeout=2026-03-27T00:40:04.821638 [CHALLENGER]
[PEC-TIMEOUT-HIT] ONDO-USDT 15min: 12 bars >= 8 max, actual_timeout=2026-03-27T00:40:23.926226 [CHALLENGER]
[PEC-TIMEOUT-HIT] KAITO-USDT 15min: 12 bars >= 8 max, actual_timeout=2026-03-27T00:40:50.312500 [CHALLENGER]
[PEC-TIMEOUT-HIT] KAITO-USDT 15min: 12 bars >= 8 max, actual_timeout=2026-03-27T00:41:01.326708 [CHALLENGER]
[PEC-TIMEOUT-HIT] XAUT-USDT 15min: 12 bars >= 8 max, actual_timeout=2026-03-27T00:41:24.183769 [CHALLENGER]
[PEC-TIMEOUT-HIT] NEAR-USDT 15min: 10 bars >= 8 max, actual_timeout=2026-03-27T01:03:48.086187 [CHALLENGER]

================================================================================
[PEC UPDATE] 2026-03-27 08:40:23
================================================================================

✅ TP HIT (44 signals):
   ONDO-USDT    4h     | P&L: $    3.44 (+3.44%) | Fired: 05:11:49
   ONDO-USDT    4h     | P&L: $    3.44 (+3.44%) | Fired: 05:11:57
   ONDO-USDT    4h     | P&L: $    3.44 (+3.44%) | Fired: 05:12:11
   WLFI-USDT    15min  | P&L: $    0.68 (+0.68%) | Fired: 05:12:49
   ASTER-USDT   15min  | P&L: $    0.36 (+0.36%) | Fired: 05:13:04
   ASTER-USDT   1h     | P&L: $    0.71 (+0.71%) | Fired: 05:13:08
   TON-USDT     4h     | P&L: $    1.50 (+1.50%) | Fired: 05:18:40
   ONDO-USDT    15min  | P&L: $    1.04 (+1.04%) | Fired: 05:18:46
   ONDO-USDT    30min  | P&L: $    1.42 (+1.42%) | Fired: 05:18:50
   ONDO-USDT    1h     | P&L: $    1.95 (+1.95%) | Fired: 05:18:53
   ONDO-USDT    30min  | P&L: $    1.42 (+1.42%) | Fired: 05:18:56
   ONDO-USDT    4h     | P&L: $    3.43 (+3.43%) | Fired: 05:18:57
   ONDO-USDT    1h     | P&L: $    1.95 (+1.95%) | Fired: 05:18:59
   ONDO-USDT    4h     | P&L: $    3.43 (+3.43%) | Fired: 05:19:02
   TON-USDT     4h     | P&L: $    1.50 (+1.50%) | Fired: 05:23:48
   ACTSOL-USDT  15min  | P&L: $    0.12 (+0.12%) | Fired: 05:27:28
   TON-USDT     1h     | P&L: $    0.79 (+0.79%) | Fired: 05:34:50
   TON-USDT     2h     | P&L: $    0.94 (+0.94%) | Fired: 05:34:53
   ASTER-USDT   30min  | P&L: $    0.50 (+0.50%) | Fired: 05:41:20
   NEAR-USDT    15min  | P&L: $    0.68 (+0.68%) | Fired: 06:21:19
   ACTSOL-USDT  15min  | P&L: $    0.12 (+0.12%) | Fired: 07:28:09
   TUT-USDT     15min  | P&L: $    0.34 (+0.34%) | Fired: 07:29:20
   DOT-USDT     15min  | P&L: $    0.55 (+0.55%) | Fired: 07:29:52
   DOT-USDT     15min  | P&L: $    0.55 (+0.55%) | Fired: 07:29:58
   ONDO-USDT    1h     | P&L: $    1.93 (+1.93%) | Fired: 07:30:38
   ONDO-USDT    1h     | P&L: $    1.93 (+1.93%) | Fired: 07:30:39
   ONDO-USDT    1h     | P&L: $    1.93 (+1.93%) | Fired: 07:30:46
   ASTER-USDT   15min  | P&L: $    0.28 (+0.28%) | Fired: 07:31:41
   ASTER-USDT   30min  | P&L: $    0.47 (+0.47%) | Fired: 07:31:43
   ATH-USDT     15min  | P&L: $    0.97 (+0.97%) | Fired: 07:36:58
   ATH-USDT     15min  | P&L: $    0.97 (+0.97%) | Fired: 07:37:02
   BIO-USDT     15min  | P&L: $    0.37 (+0.37%) | Fired: 07:42:56
   ACTSOL-USDT  15min  | P&L: $    0.12 (+0.12%) | Fired: 07:52:00
   TUT-USDT     15min  | P&L: $    0.34 (+0.34%) | Fired: 07:53:59
   ONDO-USDT    30min  | P&L: $    1.38 (+1.38%) | Fired: 07:55:28
   WLFI-USDT    15min  | P&L: $    0.52 (+0.52%) | Fired: 07:56:18
   BLUR-USDT    15min  | P&L: $    0.18 (+0.18%) | Fired: 07:57:37
   AVNT-USDT    15min  | P&L: $    0.59 (+0.59%) | Fired: 08:02:36
   AVNT-USDT    15min  | P&L: $    0.59 (+0.59%) | Fired: 08:02:38
   XAUT-USDT    15min  | P&L: $    0.37 (+0.37%) | Fired: 08:02:50
   XAUT-USDT    15min  | P&L: $    0.52 (+0.52%) | Fired: 08:02:59
   TURBO-USDT   15min  | P&L: $    0.29 (+0.29%) | Fired: 08:06:23
   ONDO-USDT    15min  | P&L: $    0.90 (+0.90%) | Fired: 08:07:05
   ONDO-USDT    15min  | P&L: $    0.90 (+0.90%) | Fired: 08:07:12

❌ SL HIT (89 signals):
   LDO-USDT     4h     | P&L: $   -1.64 (-1.64%) | Fired: 01:42:28
   ATOM-USDT    4h     | P&L: $   -1.36 (-1.36%) | Fired: 01:44:13
   LDO-USDT     4h     | P&L: $   -1.64 (-1.64%) | Fired: 01:44:28
   ZKJ-USDT     4h     | P&L: $   -2.06 (-2.06%) | Fired: 02:01:55
   LDO-USDT     4h     | P&L: $   -1.64 (-1.64%) | Fired: 02:17:27
   ICNT-USDT    1h     | P&L: $   -1.07 (-1.07%) | Fired: 05:10:06
   ICNT-USDT    2h     | P&L: $   -1.87 (-1.87%) | Fired: 05:10:10
   FUEL-USDT    15min  | P&L: $   -0.13 (-0.13%) | Fired: 05:10:11
   ICNT-USDT    30min  | P&L: $   -0.72 (-0.72%) | Fired: 05:10:19
   ICNT-USDT    1h     | P&L: $   -1.07 (-1.07%) | Fired: 05:10:25
   ICNT-USDT    2h     | P&L: $   -1.87 (-1.87%) | Fired: 05:10:28
   HIPPO-USDT   15min  | P&L: $   -0.50 (-0.50%) | Fired: 05:10:52
   PEPE-USDT    15min  | P&L: $   -0.42 (-0.42%) | Fired: 05:11:18
   ONDO-USDT    15min  | P&L: $   -0.84 (-0.84%) | Fired: 05:11:47
   DYDX-USDT    15min  | P&L: $   -0.59 (-0.59%) | Fired: 05:12:19
   DYDX-USDT    30min  | P&L: $   -0.86 (-0.86%) | Fired: 05:12:23
   DYDX-USDT    1h     | P&L: $   -1.21 (-1.21%) | Fired: 05:12:26
   ATH-USDT     30min  | P&L: $   -0.97 (-0.97%) | Fired: 05:12:39
   ATOM-USDT    1h     | P&L: $   -0.73 (-0.73%) | Fired: 05:13:25
   ATOM-USDT    15min  | P&L: $   -0.45 (-0.44%) | Fired: 05:13:27
   ATOM-USDT    1h     | P&L: $   -0.74 (-0.74%) | Fired: 05:13:32
   APT-USDT     15min  | P&L: $   -0.51 (-0.51%) | Fired: 05:13:34
   TAO-USDT     15min  | P&L: $   -1.17 (-1.17%) | Fired: 05:14:16
   TAO-USDT     15min  | P&L: $   -1.17 (-1.17%) | Fired: 05:14:24
   AIN-USDT     15min  | P&L: $   -0.21 (-0.21%) | Fired: 05:16:40
   AIN-USDT     15min  | P&L: $   -0.21 (-0.21%) | Fired: 05:16:41
   CFX-USDT     15min  | P&L: $   -0.58 (-0.58%) | Fired: 05:18:24
   BERA-USDT    15min  | P&L: $   -0.45 (-0.45%) | Fired: 05:24:14
   BERA-USDT    15min  | P&L: $   -0.45 (-0.45%) | Fired: 05:24:14
   BERA-USDT    1h     | P&L: $   -1.09 (-1.09%) | Fired: 05:24:19
   CVX-USDT     15min  | P&L: $   -0.30 (-0.30%) | Fired: 05:25:49
   ROAM-USDT    15min  | P&L: $   -2.00 (-2.00%) | Fired: 05:33:44
   FUEL-USDT    15min  | P&L: $   -0.13 (-0.13%) | Fired: 05:33:49
   ROAM-USDT    1h     | P&L: $   -1.64 (-1.64%) | Fired: 05:33:50
   ROAM-USDT    2h     | P&L: $   -2.74 (-2.74%) | Fired: 05:33:53
   HIPPO-USDT   15min  | P&L: $   -0.51 (-0.51%) | Fired: 05:34:11
   AAVE-USDT    1h     | P&L: $   -1.00 (-1.00%) | Fired: 05:35:08
   DYDX-USDT    15min  | P&L: $   -0.58 (-0.58%) | Fired: 05:35:34
   LA-USDT      15min  | P&L: $   -0.38 (-0.38%) | Fired: 05:37:50
   AIN-USDT     15min  | P&L: $   -0.21 (-0.21%) | Fired: 05:38:39
   AIN-USDT     15min  | P&L: $   -0.21 (-0.21%) | Fired: 05:38:45
   KAITO-USDT   1h     | P&L: $   -1.01 (-1.01%) | Fired: 05:40:53
   ARKM-USDT    1h     | P&L: $   -0.97 (-0.97%) | Fired: 05:40:55
   APT-USDT     15min  | P&L: $   -0.52 (-0.52%) | Fired: 06:03:30
   BLUR-USDT    15min  | P&L: $   -0.37 (-0.37%) | Fired: 07:11:10
   CVX-USDT     15min  | P&L: $   -0.49 (-0.49%) | Fired: 07:11:34
   POL-USDT     15min  | P&L: $   -0.42 (-0.42%) | Fired: 07:27:25
   IP-USDT      15min  | P&L: $   -0.29 (-0.29%) | Fired: 07:27:42
   IP-USDT      15min  | P&L: $   -0.29 (-0.29%) | Fired: 07:27:47
   KNC-USDT     15min  | P&L: $   -0.17 (-0.17%) | Fired: 07:28:24
   KNC-USDT     30min  | P&L: $   -0.36 (-0.36%) | Fired: 07:28:27
   FUEL-USDT    15min  | P&L: $   -0.13 (-0.13%) | Fired: 07:29:15
   TURBO-USDT   30min  | P&L: $   -0.67 (-0.67%) | Fired: 07:29:35
   TURBO-USDT   1h     | P&L: $   -0.97 (-0.97%) | Fired: 07:29:39
   ALGO-USDT    15min  | P&L: $   -0.25 (-0.25%) | Fired: 07:29:49
   SAHARA-USDT  15min  | P&L: $   -0.89 (-0.89%) | Fired: 07:29:59
   CFX-USDT     30min  | P&L: $   -0.87 (-0.87%) | Fired: 07:30:10
   CFX-USDT     30min  | P&L: $   -0.87 (-0.87%) | Fired: 07:30:15
   KAITO-USDT   15min  | P&L: $   -0.41 (-0.41%) | Fired: 07:31:16
   KAITO-USDT   30min  | P&L: $   -0.58 (-0.58%) | Fired: 07:31:21
   SAHARA-USDT  30min  | P&L: $   -0.95 (-0.95%) | Fired: 07:35:50
   SAHARA-USDT  30min  | P&L: $   -0.95 (-0.95%) | Fired: 07:35:54
   NEWT-USDT    15min  | P&L: $   -0.14 (-0.14%) | Fired: 07:35:59
   SAHARA-USDT  30min  | P&L: $   -0.96 (-0.96%) | Fired: 07:36:08
   BTC-USDT     15min  | P&L: $   -0.29 (-0.29%) | Fired: 07:38:55
   RAY-USDT     15min  | P&L: $   -0.18 (-0.18%) | Fired: 07:39:45
   TURBO-USDT   15min  | P&L: $   -0.24 (-0.24%) | Fired: 07:41:06
   ENA-USDT     15min  | P&L: $   -0.51 (-0.51%) | Fired: 07:41:43
   ONDO-USDT    15min  | P&L: $   -0.72 (-0.72%) | Fired: 07:42:07
   ONDO-USDT    15min  | P&L: $   -0.72 (-0.72%) | Fired: 07:42:07
   OP-USDT      15min  | P&L: $   -0.35 (-0.35%) | Fired: 07:43:44
   ERA-USDT     15min  | P&L: $   -0.15 (-0.15%) | Fired: 07:47:21
   BONK-USDT    15min  | P&L: $   -0.27 (-0.27%) | Fired: 07:50:30
   BONK-USDT    15min  | P&L: $   -0.25 (-0.25%) | Fired: 07:50:34
   ADA-USDT     30min  | P&L: $   -0.64 (-0.64%) | Fired: 07:50:59
   BMT-USDT     15min  | P&L: $   -0.10 (-0.10%) | Fired: 07:51:40
   FUEL-USDT    15min  | P&L: $   -0.13 (-0.13%) | Fired: 07:53:54
   FUEL-USDT    15min  | P&L: $   -0.13 (-0.13%) | Fired: 07:53:59
   NEWT-USDT    15min  | P&L: $   -0.17 (-0.17%) | Fired: 07:54:37
   HBAR-USDT    30min  | P&L: $   -0.52 (-0.52%) | Fired: 07:55:26
   KAITO-USDT   15min  | P&L: $   -0.47 (-0.47%) | Fired: 07:56:04
   XAUT-USDT    15min  | P&L: $   -0.23 (-0.23%) | Fired: 07:56:35
   XAUT-USDT    30min  | P&L: $   -0.50 (-0.50%) | Fired: 07:56:38
   XAUT-USDT    15min  | P&L: $   -0.23 (-0.23%) | Fired: 07:56:43
   XAUT-USDT    30min  | P&L: $   -0.50 (-0.50%) | Fired: 07:56:47
   YFI-USDT     15min  | P&L: $   -0.16 (-0.16%) | Fired: 07:57:56
   YFI-USDT     15min  | P&L: $   -0.16 (-0.16%) | Fired: 07:57:59
   YFI-USDT     15min  | P&L: $   -0.16 (-0.16%) | Fired: 07:58:06
   DUCK-USDT    15min  | P&L: $   -0.15 (-0.15%) | Fired: 08:06:05

⏱️  TIMEOUT (105 signals):
   TAO-USDT     4h     | P&L: $    0.17 (+0.17%) | Fired: 20:20:52 | Timeout: 2026-03-27T01:20
   ERA-USDT     4h     | P&L: $   -0.34 (-0.34%) | Fired: 20:34:19 | Timeout: 2026-03-27T01:34
   WIF-USDT     30min  | P&L: $   -1.18 (-1.18%) | Fired: 00:47:09 | Timeout: 2026-03-26T22:47
   ALU-USDT     2h     | P&L: $   -1.94 (-1.94%) | Fired: 00:56:09 | Timeout: 2026-03-26T22:56
   UNI-USDT     4h     | P&L: $   -1.31 (-1.31%) | Fired: 00:59:57 | Timeout: 2026-03-26T22:59
   TON-USDT     2h     | P&L: $    2.54 (+2.54%) | Fired: 01:00:08 | Timeout: 2026-03-26T23:00
   KAITO-USDT   1h     | P&L: $   -0.89 (-0.89%) | Fired: 01:01:56 | Timeout: 2026-03-26T23:01
   YFI-USDT     4h     | P&L: $   -1.43 (-1.43%) | Fired: 01:05:23 | Timeout: 2026-03-26T23:05
   YFI-USDT     30min  | P&L: $   -1.32 (-1.32%) | Fired: 01:05:24 | Timeout: 2026-03-26T23:05
   BTC-USDT     1h     | P&L: $   -0.75 (-0.75%) | Fired: 01:05:29 | Timeout: 2026-03-26T23:05
   YFI-USDT     1h     | P&L: $   -1.32 (-1.32%) | Fired: 01:05:30 | Timeout: 2026-03-26T23:05
   AERO-USDT    1h     | P&L: $   -2.00 (-2.00%) | Fired: 01:07:44 | Timeout: 2026-03-26T23:07
   UNI-USDT     4h     | P&L: $   -1.42 (-1.42%) | Fired: 01:13:24 | Timeout: 2026-03-26T23:13
   APT-USDT     30min  | P&L: $   -0.26 (-0.26%) | Fired: 01:42:14 | Timeout: 2026-03-26T23:42
   APT-USDT     1h     | P&L: $   -0.27 (-0.27%) | Fired: 01:42:22 | Timeout: 2026-03-26T22:42
   APT-USDT     2h     | P&L: $   -0.28 (-0.27%) | Fired: 01:42:28 | Timeout: 2026-03-26T23:42
   NMR-USDT     30min  | P&L: $   -2.00 (-2.00%) | Fired: 01:42:38 | Timeout: 2026-03-26T23:42
   NEAR-USDT    1h     | P&L: $   -2.33 (-2.33%) | Fired: 01:42:47 | Timeout: 2026-03-26T23:42
   ARB-USDT     30min  | P&L: $   -1.93 (-1.93%) | Fired: 01:42:56 | Timeout: 2026-03-26T23:42
   ARB-USDT     1h     | P&L: $   -1.93 (-1.93%) | Fired: 01:43:03 | Timeout: 2026-03-26T22:43
   WLFI-USDT    1h     | P&L: $   -2.26 (-2.26%) | Fired: 01:43:11 | Timeout: 2026-03-26T23:43
   WLFI-USDT    2h     | P&L: $   -2.26 (-2.26%) | Fired: 01:43:16 | Timeout: 2026-03-26T23:43
   ETH-USDT     1h     | P&L: $   -1.43 (-1.43%) | Fired: 01:43:34 | Timeout: 2026-03-26T23:43
   XPL-USDT     4h     | P&L: $   -1.29 (-1.29%) | Fired: 01:43:41 | Timeout: 2026-03-26T23:43
   SOL-USDT     1h     | P&L: $   -0.92 (-0.92%) | Fired: 01:43:48 | Timeout: 2026-03-26T22:43
   SOL-USDT     4h     | P&L: $   -0.92 (-0.92%) | Fired: 01:43:52 | Timeout: 2026-03-26T23:43
   XRP-USDT     1h     | P&L: $   -1.60 (-1.60%) | Fired: 01:43:58 | Timeout: 2026-03-26T22:43
   XAUT-USDT    1h     | P&L: $    0.40 (+0.40%) | Fired: 01:44:03 | Timeout: 2026-03-26T23:44
   SEI-USDT     1h     | P&L: $   -1.30 (-1.30%) | Fired: 01:44:02 | Timeout: 2026-03-26T23:44
   XRP-USDT     2h     | P&L: $   -1.60 (-1.60%) | Fired: 01:44:04 | Timeout: 2026-03-26T23:44
   TAO-USDT     4h     | P&L: $    0.51 (+0.51%) | Fired: 01:44:11 | Timeout: 2026-03-26T23:44
   AGLD-USDT    1h     | P&L: $   -2.36 (-2.36%) | Fired: 01:44:29 | Timeout: 2026-03-26T23:44
   APT-USDT     1h     | P&L: $   -0.25 (-0.25%) | Fired: 01:44:41 | Timeout: 2026-03-26T22:44
   LINK-USDT    1h     | P&L: $   -1.28 (-1.28%) | Fired: 01:44:44 | Timeout: 2026-03-26T23:44
   APT-USDT     2h     | P&L: $   -0.25 (-0.25%) | Fired: 01:44:47 | Timeout: 2026-03-26T23:44
   NEAR-USDT    1h     | P&L: $   -2.32 (-2.32%) | Fired: 01:45:04 | Timeout: 2026-03-26T22:45
   XRP-USDT     2h     | P&L: $   -1.34 (-1.34%) | Fired: 02:01:23 | Timeout: 2026-03-27T00:01
   XRP-USDT     4h     | P&L: $   -1.37 (-1.37%) | Fired: 02:01:34 | Timeout: 2026-03-27T00:01
   ZKJ-USDT     1h     | P&L: $   -2.19 (-2.19%) | Fired: 02:01:27 | Timeout: 2026-03-26T23:01
   ZKJ-USDT     2h     | P&L: $   -2.14 (-2.14%) | Fired: 02:01:46 | Timeout: 2026-03-27T00:01
   AVAX-USDT    2h     | P&L: $   -1.08 (-1.08%) | Fired: 02:17:12 | Timeout: 2026-03-27T00:17
   AERO-USDT    2h     | P&L: $   -2.32 (-2.32%) | Fired: 02:17:23 | Timeout: 2026-03-27T00:17
   LINK-USDT    2h     | P&L: $   -1.26 (-1.26%) | Fired: 02:17:33 | Timeout: 2026-03-27T00:17
   LINK-USDT    4h     | P&L: $   -1.25 (-1.25%) | Fired: 02:17:36 | Timeout: 2026-03-27T00:17
   CVX-USDT     4h     | P&L: $   -2.64 (-2.64%) | Fired: 02:17:43 | Timeout: 2026-03-27T00:17
   POL-USDT     30min  | P&L: $   -1.49 (-1.49%) | Fired: 02:17:51 | Timeout: 2026-03-27T00:17
   YFI-USDT     30min  | P&L: $   -1.32 (-1.32%) | Fired: 02:17:52 | Timeout: 2026-03-27T00:17
   POL-USDT     2h     | P&L: $   -1.82 (-1.82%) | Fired: 02:33:02 | Timeout: 2026-03-27T00:33
   YFI-USDT     1h     | P&L: $   -1.23 (-1.23%) | Fired: 02:33:02 | Timeout: 2026-03-26T23:33
   YFI-USDT     4h     | P&L: $   -1.23 (-1.23%) | Fired: 02:33:14 | Timeout: 2026-03-27T00:33
   BNB-USDT     4h     | P&L: $   -0.90 (-0.90%) | Fired: 02:33:20 | Timeout: 2026-03-27T00:33
   RAY-USDT     1h     | P&L: $   -1.38 (-1.38%) | Fired: 02:34:05 | Timeout: 2026-03-27T00:34
   RAY-USDT     2h     | P&L: $   -1.15 (-1.15%) | Fired: 02:50:30 | Timeout: 2026-03-27T00:50
   BONK-USDT    1h     | P&L: $   -1.64 (-1.64%) | Fired: 02:50:31 | Timeout: 2026-03-27T00:50
   RAY-USDT     4h     | P&L: $   -1.24 (-1.24%) | Fired: 02:50:59 | Timeout: 2026-03-27T00:50
   LA-USDT      4h     | P&L: $   -0.70 (-0.70%) | Fired: 02:51:30 | Timeout: 2026-03-27T00:51
   SPK-USDT     2h     | P&L: $   -2.94 (-2.94%) | Fired: 02:53:07 | Timeout: 2026-03-27T00:53
   SPK-USDT     4h     | P&L: $   -2.94 (-2.94%) | Fired: 02:53:13 | Timeout: 2026-03-27T00:53
   MAGIC-USDT   1h     | P&L: $   -2.17 (-2.17%) | Fired: 03:10:27 | Timeout: 2026-03-27T01:10
   ZKJ-USDT     1h     | P&L: $   -2.70 (-2.70%) | Fired: 03:10:33 | Timeout: 2026-03-27T01:10
   MAGIC-USDT   2h     | P&L: $   -2.00 (-2.00%) | Fired: 03:10:39 | Timeout: 2026-03-27T01:10
   ZKJ-USDT     2h     | P&L: $   -2.70 (-2.70%) | Fired: 03:10:47 | Timeout: 2026-03-27T01:10
   MAGIC-USDT   4h     | P&L: $   -2.00 (-2.00%) | Fired: 03:10:48 | Timeout: 2026-03-27T01:10
   ACTSOL-USDT  15min  | P&L: $   -1.20 (-1.20%) | Fired: 03:10:56 | Timeout: 2026-03-26T23:55
   XLM-USDT     15min  | P&L: $   -1.56 (-1.56%) | Fired: 03:11:01 | Timeout: 2026-03-26T23:56
   IP-USDT      30min  | P&L: $   -1.05 (-1.05%) | Fired: 03:11:09 | Timeout: 2026-03-27T01:11
   ACTSOL-USDT  1h     | P&L: $   -1.20 (-1.20%) | Fired: 03:11:12 | Timeout: 2026-03-27T01:11
   IP-USDT      1h     | P&L: $   -1.06 (-1.06%) | Fired: 03:11:17 | Timeout: 2026-03-27T01:11
   ACTSOL-USDT  2h     | P&L: $   -1.20 (-1.20%) | Fired: 03:11:19 | Timeout: 2026-03-27T01:11
   IP-USDT      2h     | P&L: $   -1.08 (-1.08%) | Fired: 03:11:26 | Timeout: 2026-03-27T01:11
   LA-USDT      2h     | P&L: $   -0.58 (-0.58%) | Fired: 03:11:43 | Timeout: 2026-03-27T01:11
   LQTY-USDT    1h     | P&L: $    0.01 (+0.01%) | Fired: 03:31:30 | Timeout: 2026-03-27T01:31
   KNC-USDT     15min  | P&L: $   -1.45 (-1.45%) | Fired: 03:31:31 | Timeout: 2026-03-27T00:16
   LQTY-USDT    2h     | P&L: $    0.05 (+0.05%) | Fired: 03:32:06 | Timeout: 2026-03-27T01:32
   BMT-USDT     30min  | P&L: $    0.30 (+0.30%) | Fired: 03:47:05 | Timeout: 2026-03-26T23:47
   LQTY-USDT    1h     | P&L: $   -0.21 (-0.21%) | Fired: 03:48:13 | Timeout: 2026-03-27T00:48
   ATH-USDT     30min  | P&L: $   -3.50 (-3.50%) | Fired: 05:12:48 | Timeout: 2026-03-27T01:12
   BTC-USDT     30min  | P&L: $   -0.30 (-0.30%) | Fired: 05:26:13 | Timeout: 2026-03-27T01:26
   SOL-USDT     30min  | P&L: $   -0.47 (-0.47%) | Fired: 05:26:19 | Timeout: 2026-03-27T01:26
   SOL-USDT     30min  | P&L: $   -0.48 (-0.48%) | Fired: 05:26:22 | Timeout: 2026-03-27T01:26
   SOL-USDT     30min  | P&L: $   -0.51 (-0.51%) | Fired: 05:26:24 | Timeout: 2026-03-27T01:26
   ACTSOL-USDT  30min  | P&L: $    0.21 (+0.21%) | Fired: 05:27:32 | Timeout: 2026-03-27T01:27
   DUCK-USDT    15min  | P&L: $    0.56 (+0.56%) | Fired: 05:33:38 | Timeout: 2026-03-27T00:33
   ROAM-USDT    30min  | P&L: $   -2.85 (-2.85%) | Fired: 05:33:47 | Timeout: 2026-03-27T01:33
   HIPPO-USDT   15min  | P&L: $   -1.35 (-1.35%) | Fired: 05:34:09 | Timeout: 2026-03-27T00:34
   PUMP-USDT    15min  | P&L: $   -0.93 (-0.93%) | Fired: 05:35:26 | Timeout: 2026-03-27T00:35
   ARKM-USDT    15min  | P&L: $    0.79 (+0.79%) | Fired: 05:35:40 | Timeout: 2026-03-27T00:35
   NMR-USDT     15min  | P&L: $   -0.29 (-0.29%) | Fired: 05:35:49 | Timeout: 2026-03-27T00:35
   ARB-USDT     15min  | P&L: $    0.32 (+0.32%) | Fired: 05:35:52 | Timeout: 2026-03-27T00:35
   WLFI-USDT    15min  | P&L: $    0.71 (+0.71%) | Fired: 05:35:55 | Timeout: 2026-03-27T00:35
   INJ-USDT     15min  | P&L: $    0.44 (+0.44%) | Fired: 05:36:22 | Timeout: 2026-03-27T00:36
   BNB-USDT     15min  | P&L: $    0.07 (+0.07%) | Fired: 05:37:43 | Timeout: 2026-03-27T00:37
   BNB-USDT     15min  | P&L: $    0.07 (+0.07%) | Fired: 05:37:43 | Timeout: 2026-03-27T00:37
   BNB-USDT     15min  | P&L: $    0.07 (+0.07%) | Fired: 05:37:49 | Timeout: 2026-03-27T00:37
   ZKJ-USDT     15min  | P&L: $   -0.44 (-0.44%) | Fired: 05:37:57 | Timeout: 2026-03-27T00:37
   ZKJ-USDT     15min  | P&L: $   -0.54 (-0.54%) | Fired: 05:37:59 | Timeout: 2026-03-27T00:37
   AERO-USDT    15min  | P&L: $    0.38 (+0.38%) | Fired: 05:38:05 | Timeout: 2026-03-27T00:38
   BMT-USDT     15min  | P&L: $   -0.03 (-0.03%) | Fired: 05:38:10 | Timeout: 2026-03-27T00:38
   PARTI-USDT   15min  | P&L: $   -3.80 (-3.80%) | Fired: 05:39:07 | Timeout: 2026-03-27T00:39
   HYPE-USDT    15min  | P&L: $   -1.03 (-1.03%) | Fired: 05:40:04 | Timeout: 2026-03-27T00:40
   ONDO-USDT    15min  | P&L: $    5.21 (+5.21%) | Fired: 05:40:23 | Timeout: 2026-03-27T00:40
   KAITO-USDT   15min  | P&L: $   -1.08 (-1.08%) | Fired: 05:40:50 | Timeout: 2026-03-27T00:40
   KAITO-USDT   15min  | P&L: $   -1.07 (-1.07%) | Fired: 05:41:01 | Timeout: 2026-03-27T00:41
   XAUT-USDT    15min  | P&L: $    0.08 (+0.08%) | Fired: 05:41:24 | Timeout: 2026-03-27T00:41
   NEAR-USDT    15min  | P&L: $    0.62 (+0.62%) | Fired: 06:03:48 | Timeout: 2026-03-27T01:03

⚠️  STALE_TIMEOUT (170 signals):
   VOXEL-USDT   2h     | NO P&L (data quality issue) | 7h overdue | Fired: 20:19:00
   PROMPT-USDT  2h     | NO P&L (data quality issue) | 7h overdue | Fired: 20:28:30
   AAVE-USDT    2h     | NO P&L (data quality issue) | 7h overdue | Fired: 20:36:06
   ICNT-USDT    1h     | NO P&L (data quality issue) | 6h overdue | Fired: 21:07:07
   ICNT-USDT    4h     | NO P&L (data quality issue) | 6h overdue | Fired: 21:07:11
   AVNT-USDT    4h     | NO P&L (data quality issue) | 6h overdue | Fired: 21:19:28
   HBAR-USDT    1h     | NO P&L (data quality issue) | 7h overdue | Fired: 21:38:12
   FUN-USDT     1h     | NO P&L (data quality issue) | 6h overdue | Fired: 21:45:41
   TUT-USDT     4h     | NO P&L (data quality issue) | 5h overdue | Fired: 21:47:49
   UNI-USDT     2h     | NO P&L (data quality issue) | 5h overdue | Fired: 22:02:36
   UNI-USDT     2h     | NO P&L (data quality issue) | 5h overdue | Fired: 22:02:36
   UNI-USDT     2h     | NO P&L (data quality issue) | 5h overdue | Fired: 22:02:42
   BNB-USDT     2h     | NO P&L (data quality issue) | 5h overdue | Fired: 22:10:10
   IP-USDT      30min  | NO P&L (data quality issue) | 7h overdue | Fired: 22:10:27
   IP-USDT      2h     | NO P&L (data quality issue) | 5h overdue | Fired: 22:10:32
   ACTSOL-USDT  30min  | NO P&L (data quality issue) | 5h overdue | Fired: 22:31:24
   ERA-USDT     30min  | NO P&L (data quality issue) | 5h overdue | Fired: 22:35:18
   ERA-USDT     2h     | NO P&L (data quality issue) | 5h overdue | Fired: 22:35:23
   ENA-USDT     2h     | NO P&L (data quality issue) | 5h overdue | Fired: 22:35:36
   ASTER-USDT   2h     | NO P&L (data quality issue) | 5h overdue | Fired: 22:39:17
   XPL-USDT     1h     | NO P&L (data quality issue) | 6h overdue | Fired: 22:39:21
   XPL-USDT     2h     | NO P&L (data quality issue) | 5h overdue | Fired: 22:39:30
   XPL-USDT     4h     | NO P&L (data quality issue) | 5h overdue | Fired: 22:39:35
   CRV-USDT     2h     | NO P&L (data quality issue) | 4h overdue | Fired: 22:41:49
   LINK-USDT    2h     | NO P&L (data quality issue) | 4h overdue | Fired: 22:43:40
   LINK-USDT    4h     | NO P&L (data quality issue) | 4h overdue | Fired: 22:43:45
   POL-USDT     30min  | NO P&L (data quality issue) | 6h overdue | Fired: 22:43:57
   SAHARA-USDT  2h     | NO P&L (data quality issue) | 4h overdue | Fired: 22:49:25
   TURBO-USDT   30min  | NO P&L (data quality issue) | 6h overdue | Fired: 23:00:36
   PORTAL-USDT  2h     | NO P&L (data quality issue) | 4h overdue | Fired: 23:07:51
   RAY-USDT     2h     | NO P&L (data quality issue) | 4h overdue | Fired: 23:14:51
   LA-USDT      2h     | NO P&L (data quality issue) | 4h overdue | Fired: 23:21:28
   SPK-USDT     15min  | NO P&L (data quality issue) | 7h overdue | Fired: 23:21:29
   SPK-USDT     30min  | NO P&L (data quality issue) | 6h overdue | Fired: 23:21:33
   ZKJ-USDT     2h     | NO P&L (data quality issue) | 4h overdue | Fired: 23:21:48
   DOT-USDT     15min  | NO P&L (data quality issue) | 5h overdue | Fired: 23:38:31
   DOT-USDT     15min  | NO P&L (data quality issue) | 7h overdue | Fired: 23:38:40
   PENGU-USDT   4h     | NO P&L (data quality issue) | 4h overdue | Fired: 23:38:50
   AERO-USDT    1h     | NO P&L (data quality issue) | 4h overdue | Fired: 23:42:21
   LQTY-USDT    15min  | NO P&L (data quality issue) | 5h overdue | Fired: 23:42:28
   AERO-USDT    1h     | NO P&L (data quality issue) | 3h overdue | Fired: 23:42:30
   LQTY-USDT    30min  | NO P&L (data quality issue) | 5h overdue | Fired: 23:42:32
   LQTY-USDT    1h     | NO P&L (data quality issue) | 3h overdue | Fired: 23:42:36
   LQTY-USDT    2h     | NO P&L (data quality issue) | 3h overdue | Fired: 23:42:41
   ALU-USDT     1h     | NO P&L (data quality issue) | 4h overdue | Fired: 23:44:45
   BERA-USDT    1h     | NO P&L (data quality issue) | 3h overdue | Fired: 23:46:11
   BERA-USDT    2h     | NO P&L (data quality issue) | 3h overdue | Fired: 23:46:15
   NEAR-USDT    1h     | NO P&L (data quality issue) | 3h overdue | Fired: 23:48:00
   PORTAL-USDT  15min  | NO P&L (data quality issue) | 5h overdue | Fired: 23:51:31
   AAVE-USDT    30min  | NO P&L (data quality issue) | 5h overdue | Fired: 23:54:51
   APT-USDT     15min  | NO P&L (data quality issue) | 6h overdue | Fired: 23:56:49
   NEWT-USDT    15min  | NO P&L (data quality issue) | 4h overdue | Fired: 00:02:32
   NEWT-USDT    15min  | NO P&L (data quality issue) | 6h overdue | Fired: 00:02:37
   NEWT-USDT    4h     | NO P&L (data quality issue) | 3h overdue | Fired: 00:02:49
   NEWT-USDT    15min  | NO P&L (data quality issue) | 6h overdue | Fired: 00:02:50
   BIO-USDT     15min  | NO P&L (data quality issue) | 4h overdue | Fired: 00:05:09
   AVNT-USDT    2h     | NO P&L (data quality issue) | 3h overdue | Fired: 00:05:19
   AVNT-USDT    4h     | NO P&L (data quality issue) | 3h overdue | Fired: 00:05:22
   XAUT-USDT    2h     | NO P&L (data quality issue) | 3h overdue | Fired: 00:05:30
   XAUT-USDT    4h     | NO P&L (data quality issue) | 3h overdue | Fired: 00:05:34
   XAUT-USDT    2h     | NO P&L (data quality issue) | 3h overdue | Fired: 00:05:37
   AGLD-USDT    15min  | NO P&L (data quality issue) | 6h overdue | Fired: 00:05:42
   YFI-USDT     2h     | NO P&L (data quality issue) | 3h overdue | Fired: 00:07:51
   KNC-USDT     2h     | NO P&L (data quality issue) | 3h overdue | Fired: 00:09:58
   CROSS-USDT   30min  | NO P&L (data quality issue) | 3h overdue | Fired: 00:10:08
   TUT-USDT     1h     | NO P&L (data quality issue) | 3h overdue | Fired: 00:12:33
   TUT-USDT     2h     | NO P&L (data quality issue) | 3h overdue | Fired: 00:12:41
   XAUT-USDT    2h     | NO P&L (data quality issue) | 3h overdue | Fired: 00:16:26
   IP-USDT      2h     | NO P&L (data quality issue) | 3h overdue | Fired: 00:17:58
   X-USDT       15min  | NO P&L (data quality issue) | 4h overdue | Fired: 00:18:04
   SPK-USDT     2h     | NO P&L (data quality issue) | 3h overdue | Fired: 00:18:05
   X-USDT       30min  | NO P&L (data quality issue) | 3h overdue | Fired: 00:18:07
   LQTY-USDT    2h     | NO P&L (data quality issue) | 3h overdue | Fired: 00:18:09
   X-USDT       1h     | NO P&L (data quality issue) | 3h overdue | Fired: 00:18:11
   RAY-USDT     15min  | NO P&L (data quality issue) | 6h overdue | Fired: 00:18:16
   IP-USDT      2h     | NO P&L (data quality issue) | 3h overdue | Fired: 00:18:17
   AUCTION-USDT 30min  | NO P&L (data quality issue) | 3h overdue | Fired: 00:20:02
   AUCTION-USDT 1h     | NO P&L (data quality issue) | 3h overdue | Fired: 00:20:06
   HBAR-USDT    2h     | NO P&L (data quality issue) | 3h overdue | Fired: 00:22:02
   DYDX-USDT    15min  | NO P&L (data quality issue) | 6h overdue | Fired: 00:22:30
   HIPPO-USDT   4h     | NO P&L (data quality issue) | 3h overdue | Fired: 00:38:42
   WIF-USDT     1h     | NO P&L (data quality issue) | 4h overdue | Fired: 00:40:31
   OP-USDT      15min  | NO P&L (data quality issue) | 4h overdue | Fired: 00:48:52
   OP-USDT      30min  | NO P&L (data quality issue) | 4h overdue | Fired: 00:48:56
   SOL-USDT     30min  | NO P&L (data quality issue) | 4h overdue | Fired: 00:50:41
   BNB-USDT     1h     | NO P&L (data quality issue) | 3h overdue | Fired: 00:52:31
   ALU-USDT     30min  | NO P&L (data quality issue) | 4h overdue | Fired: 00:56:05
   PROMPT-USDT  15min  | NO P&L (data quality issue) | 5h overdue | Fired: 00:56:10
   PROMPT-USDT  30min  | NO P&L (data quality issue) | 4h overdue | Fired: 00:56:14
   PENGU-USDT   15min  | NO P&L (data quality issue) | 5h overdue | Fired: 00:58:09
   TON-USDT     1h     | NO P&L (data quality issue) | 3h overdue | Fired: 00:59:59
   BTC-USDT     15min  | NO P&L (data quality issue) | 3h overdue | Fired: 01:05:24
   SPK-USDT     15min  | NO P&L (data quality issue) | 3h overdue | Fired: 01:07:34
   AERO-USDT    15min  | NO P&L (data quality issue) | 3h overdue | Fired: 01:07:35
   AERO-USDT    30min  | NO P&L (data quality issue) | 4h overdue | Fired: 01:07:39
   SPK-USDT     15min  | NO P&L (data quality issue) | 5h overdue | Fired: 01:07:44
   BMT-USDT     15min  | NO P&L (data quality issue) | 3h overdue | Fired: 01:07:51
   VOXEL-USDT   15min  | NO P&L (data quality issue) | 3h overdue | Fired: 01:11:28
   PUMP-USDT    30min  | NO P&L (data quality issue) | 4h overdue | Fired: 01:19:23
   KAITO-USDT   15min  | NO P&L (data quality issue) | 5h overdue | Fired: 01:35:19
   SEI-USDT     1h     | NO P&L (data quality issue) | 3h overdue | Fired: 01:35:44
   APT-USDT     15min  | NO P&L (data quality issue) | 3h overdue | Fired: 01:36:02
   BLUR-USDT    15min  | NO P&L (data quality issue) | 3h overdue | Fired: 01:36:26
   ATH-USDT     15min  | NO P&L (data quality issue) | 5h overdue | Fired: 01:36:27
   ATH-USDT     30min  | NO P&L (data quality issue) | 3h overdue | Fired: 01:42:22
   NMR-USDT     15min  | NO P&L (data quality issue) | 4h overdue | Fired: 01:42:31
   NEAR-USDT    15min  | NO P&L (data quality issue) | 4h overdue | Fired: 01:42:42
   YFI-USDT     15min  | NO P&L (data quality issue) | 3h overdue | Fired: 01:42:49
   ARB-USDT     15min  | NO P&L (data quality issue) | 3h overdue | Fired: 01:42:50
   ENS-USDT     15min  | NO P&L (data quality issue) | 4h overdue | Fired: 01:43:00
   ENS-USDT     30min  | NO P&L (data quality issue) | 3h overdue | Fired: 01:43:05
   XAUT-USDT    15min  | NO P&L (data quality issue) | 3h overdue | Fired: 01:43:57
   AGLD-USDT    30min  | NO P&L (data quality issue) | 3h overdue | Fired: 01:44:23
   XLM-USDT     15min  | NO P&L (data quality issue) | 4h overdue | Fired: 01:44:32
   YFI-USDT     15min  | NO P&L (data quality issue) | 4h overdue | Fired: 01:44:51
   ENS-USDT     15min  | NO P&L (data quality issue) | 4h overdue | Fired: 01:45:05
   BMT-USDT     15min  | NO P&L (data quality issue) | 2h overdue | Fired: 02:17:33
   BMT-USDT     30min  | NO P&L (data quality issue) | 3h overdue | Fired: 02:17:40
   POL-USDT     15min  | NO P&L (data quality issue) | 2h overdue | Fired: 02:17:44
   LQTY-USDT    30min  | NO P&L (data quality issue) | 3h overdue | Fired: 02:17:53
   ENS-USDT     15min  | NO P&L (data quality issue) | 4h overdue | Fired: 02:33:31
   RAY-USDT     15min  | NO P&L (data quality issue) | 4h overdue | Fired: 02:33:37
   SKATE-USDT   15min  | NO P&L (data quality issue) | 4h overdue | Fired: 02:33:38
   RAY-USDT     30min  | NO P&L (data quality issue) | 3h overdue | Fired: 02:33:48
   LA-USDT      15min  | NO P&L (data quality issue) | 2h overdue | Fired: 02:33:55
   BONK-USDT    15min  | NO P&L (data quality issue) | 4h overdue | Fired: 02:34:00
   SPK-USDT     15min  | NO P&L (data quality issue) | 2h overdue | Fired: 02:52:07
   MAGIC-USDT   15min  | NO P&L (data quality issue) | 2h overdue | Fired: 02:52:08
   ZKJ-USDT     15min  | NO P&L (data quality issue) | 3h overdue | Fired: 02:53:44
   ADA-USDT     15min  | NO P&L (data quality issue) | 3h overdue | Fired: 03:10:41
   IP-USDT      15min  | NO P&L (data quality issue) | 3h overdue | Fired: 03:11:02
   ACTSOL-USDT  30min  | NO P&L (data quality issue) | 2h overdue | Fired: 03:11:04
   SKATE-USDT   15min  | NO P&L (data quality issue) | 3h overdue | Fired: 03:11:20
   LA-USDT      15min  | NO P&L (data quality issue) | 3h overdue | Fired: 03:11:32
   BMT-USDT     15min  | NO P&L (data quality issue) | 3h overdue | Fired: 03:11:39
   CROSS-USDT   15min  | NO P&L (data quality issue) | 3h overdue | Fired: 03:11:38
   BMT-USDT     30min  | NO P&L (data quality issue) | 2h overdue | Fired: 03:11:52
   CROSS-USDT   30min  | NO P&L (data quality issue) | 2h overdue | Fired: 03:11:55
   SPK-USDT     15min  | NO P&L (data quality issue) | 3h overdue | Fired: 03:30:58
   ZKJ-USDT     15min  | NO P&L (data quality issue) | 3h overdue | Fired: 03:32:07
   RAY-USDT     15min  | NO P&L (data quality issue) | 3h overdue | Fired: 03:33:09
   ACTSOL-USDT  15min  | NO P&L (data quality issue) | 2h overdue | Fired: 03:47:40
   RAY-USDT     15min  | NO P&L (data quality issue) | 2h overdue | Fired: 04:21:02
   TUT-USDT     15min  | NO P&L (data quality issue) | 1h overdue | Fired: 05:10:23
   TURBO-USDT   15min  | NO P&L (data quality issue) | 1h overdue | Fired: 05:10:39
   NEWT-USDT    15min  | NO P&L (data quality issue) | 1h overdue | Fired: 05:11:10
   NEWT-USDT    15min  | NO P&L (data quality issue) | 1h overdue | Fired: 05:11:21
   NEWT-USDT    15min  | NO P&L (data quality issue) | 1h overdue | Fired: 05:11:35
   ONDO-USDT    15min  | NO P&L (data quality issue) | 1h overdue | Fired: 05:11:55
   ONDO-USDT    15min  | NO P&L (data quality issue) | 1h overdue | Fired: 05:12:07
   WIF-USDT     15min  | NO P&L (data quality issue) | 1h overdue | Fired: 05:12:09
   WIF-USDT     15min  | NO P&L (data quality issue) | 1h overdue | Fired: 05:12:31
   ATH-USDT     15min  | NO P&L (data quality issue) | 1h overdue | Fired: 05:12:36
   ATH-USDT     15min  | NO P&L (data quality issue) | 1h overdue | Fired: 05:12:45
   ATOM-USDT    15min  | NO P&L (data quality issue) | 1h overdue | Fired: 05:13:22
   APT-USDT     15min  | NO P&L (data quality issue) | 1h overdue | Fired: 05:13:29
   AGLD-USDT    15min  | NO P&L (data quality issue) | 1h overdue | Fired: 05:13:37
   APT-USDT     15min  | NO P&L (data quality issue) | 1h overdue | Fired: 05:13:44
   TAO-USDT     15min  | NO P&L (data quality issue) | 1h overdue | Fired: 05:14:13
   BMT-USDT     15min  | NO P&L (data quality issue) | 1h overdue | Fired: 05:15:56
   RAY-USDT     15min  | NO P&L (data quality issue) | 1h overdue | Fired: 05:16:13
   AIN-USDT     15min  | NO P&L (data quality issue) | 1h overdue | Fired: 05:16:44
   DOT-USDT     15min  | NO P&L (data quality issue) | 1h overdue | Fired: 05:18:05
   ONDO-USDT    15min  | NO P&L (data quality issue) | 1h overdue | Fired: 05:18:52
   KNC-USDT     15min  | NO P&L (data quality issue) | 1h overdue | Fired: 05:21:58
   TON-USDT     15min  | NO P&L (data quality issue) | 1h overdue | Fired: 05:23:45
   TON-USDT     15min  | NO P&L (data quality issue) | 1h overdue | Fired: 05:23:46
   BERA-USDT    15min  | NO P&L (data quality issue) | 1h overdue | Fired: 05:24:15
   ARB-USDT     15min  | NO P&L (data quality issue) | 1h overdue | Fired: 05:24:37
   BONK-USDT    15min  | NO P&L (data quality issue) | 1h overdue | Fired: 05:26:02

📊 PEC STATS:
   Total: 9830 | Open: 740 | TP: 1097 | SL: 2477 | TIMEOUT: 2253 (1081W/1167L) | STALE: 2714
   Win Rate (TP/SL only): 30.7% | Total P&L: $-5888.70
================================================================================

[PEC-STALE-TIMEOUT] ICNT-USDT 4h: 11 bars (6h overdue), actual_timeout=2026-03-26T19:07:11.426524
[PEC-STALE-TIMEOUT] PENGU-USDT 4h: 9 bars (4h overdue), actual_timeout=2026-03-26T21:38:50.438837
[PEC-TIMEOUT-HIT] UNI-USDT 4h: 7 bars >= 5 max, actual_timeout=2026-03-26T23:13:24.802304 [CHAMPION]
[PEC-TIMEOUT-HIT] SOL-USDT 4h: 7 bars >= 5 max, actual_timeout=2026-03-26T23:43:52.076780 [CHAMPION]
[PEC-TIMEOUT-HIT] LINK-USDT 4h: 7 bars >= 5 max, actual_timeout=2026-03-26T23:44:49.322606 [CHAMPION]
[PEC-TIMEOUT-HIT] BTC-USDT 4h: 6 bars >= 5 max, actual_timeout=2026-03-27T00:00:35.087177 [CHAMPION]
[PEC-STALE-TIMEOUT] VOXEL-USDT 15min: 14 bars (1h overdue), actual_timeout=2026-03-27T00:10:28.808115
[PEC-STALE-TIMEOUT] TURBO-USDT 15min: 14 bars (1h overdue), actual_timeout=2026-03-27T00:10:39.422091
[PEC-STALE-TIMEOUT] VOXEL-USDT 15min: 14 bars (1h overdue), actual_timeout=2026-03-27T00:11:10.401639
[PEC-STALE-TIMEOUT] AGLD-USDT 15min: 14 bars (1h overdue), actual_timeout=2026-03-27T00:13:23.482913
[PEC-STALE-TIMEOUT] BMT-USDT 15min: 14 bars (1h overdue), actual_timeout=2026-03-27T00:15:56.463884
[PEC-TIMEOUT-HIT] AIN-USDT 30min: 7 bars >= 6 max, actual_timeout=2026-03-27T01:16:44.327101 [CHALLENGER]
[PEC-TIMEOUT-HIT] AIN-USDT 30min: 7 bars >= 6 max, actual_timeout=2026-03-27T01:16:49.209062 [CHALLENGER]
[PEC-TIMEOUT-HIT] KNC-USDT 30min: 7 bars >= 6 max, actual_timeout=2026-03-27T01:22:02.188963 [CHALLENGER]
[PEC-TIMEOUT-HIT] BTC-USDT 30min: 6 bars >= 6 max, actual_timeout=2026-03-27T01:26:13.687468 [CHALLENGER]
[PEC-STALE-TIMEOUT] INJ-USDT 15min: 13 bars (1h overdue), actual_timeout=2026-03-27T00:36:22.381403
[PEC-TIMEOUT-HIT] ZKJ-USDT 15min: 12 bars >= 8 max, actual_timeout=2026-03-27T00:37:59.965189 [CHALLENGER]
[PEC-TIMEOUT-HIT] AERO-USDT 15min: 12 bars >= 8 max, actual_timeout=2026-03-27T00:38:05.875616 [CHALLENGER]
[PEC-TIMEOUT-HIT] MAGIC-USDT 15min: 12 bars >= 8 max, actual_timeout=2026-03-27T00:38:26.237787 [CHALLENGER]
[PEC-TIMEOUT-HIT] AGLD-USDT 15min: 11 bars >= 8 max, actual_timeout=2026-03-27T01:02:56.749200 [CHALLENGER]
[PEC-TIMEOUT-HIT] NEAR-USDT 15min: 11 bars >= 8 max, actual_timeout=2026-03-27T01:03:37.817164 [CHALLENGER]

================================================================================
[PEC UPDATE] 2026-03-27 08:50:58
================================================================================

✅ TP HIT (5 signals):
   CVX-USDT     15min  | P&L: $    0.23 (+0.23%) | Fired: 07:44:12
   DOT-USDT     15min  | P&L: $    0.45 (+0.45%) | Fired: 08:00:53
   DOT-USDT     15min  | P&L: $    0.45 (+0.45%) | Fired: 08:00:54
   DOT-USDT     15min  | P&L: $    0.45 (+0.45%) | Fired: 08:01:02
   CVX-USDT     15min  | P&L: $    0.23 (+0.23%) | Fired: 08:09:09

❌ SL HIT (4 signals):
   CVX-USDT     15min  | P&L: $   -0.49 (-0.49%) | Fired: 07:11:34
   CVX-USDT     15min  | P&L: $   -0.76 (-0.76%) | Fired: 07:32:54
   HBAR-USDT    30min  | P&L: $   -0.52 (-0.52%) | Fired: 07:55:22
   HBAR-USDT    30min  | P&L: $   -0.52 (-0.52%) | Fired: 07:55:26

⏱️  TIMEOUT (13 signals):
   UNI-USDT     4h     | P&L: $   -1.34 (-1.34%) | Fired: 01:13:24 | Timeout: 2026-03-26T23:13
   SOL-USDT     4h     | P&L: $   -1.05 (-1.05%) | Fired: 01:43:52 | Timeout: 2026-03-26T23:43
   LINK-USDT    4h     | P&L: $   -1.41 (-1.41%) | Fired: 01:44:49 | Timeout: 2026-03-26T23:44
   BTC-USDT     4h     | P&L: $   -0.79 (-0.79%) | Fired: 02:00:35 | Timeout: 2026-03-27T00:00
   AIN-USDT     30min  | P&L: $   -0.26 (-0.26%) | Fired: 05:16:44 | Timeout: 2026-03-27T01:16
   AIN-USDT     30min  | P&L: $   -0.39 (-0.39%) | Fired: 05:16:49 | Timeout: 2026-03-27T01:16
   KNC-USDT     30min  | P&L: $    0.69 (+0.69%) | Fired: 05:22:02 | Timeout: 2026-03-27T01:22
   BTC-USDT     30min  | P&L: $   -0.39 (-0.39%) | Fired: 05:26:13 | Timeout: 2026-03-27T01:26
   ZKJ-USDT     15min  | P&L: $   -0.54 (-0.54%) | Fired: 05:37:59 | Timeout: 2026-03-27T00:37
   AERO-USDT    15min  | P&L: $    0.69 (+0.69%) | Fired: 05:38:05 | Timeout: 2026-03-27T00:38
   MAGIC-USDT   15min  | P&L: $    0.07 (+0.07%) | Fired: 05:38:26 | Timeout: 2026-03-27T00:38
   AGLD-USDT    15min  | P&L: $    0.61 (+0.61%) | Fired: 06:02:56 | Timeout: 2026-03-27T01:02
   NEAR-USDT    15min  | P&L: $    0.73 (+0.73%) | Fired: 06:03:37 | Timeout: 2026-03-27T01:03

⚠️  STALE_TIMEOUT (8 signals):
   ICNT-USDT    4h     | NO P&L (data quality issue) | 6h overdue | Fired: 21:07:11
   PENGU-USDT   4h     | NO P&L (data quality issue) | 4h overdue | Fired: 23:38:50
   VOXEL-USDT   15min  | NO P&L (data quality issue) | 1h overdue | Fired: 05:10:28
   TURBO-USDT   15min  | NO P&L (data quality issue) | 1h overdue | Fired: 05:10:39
   VOXEL-USDT   15min  | NO P&L (data quality issue) | 1h overdue | Fired: 05:11:10
   AGLD-USDT    15min  | NO P&L (data quality issue) | 1h overdue | Fired: 05:13:23
   BMT-USDT     15min  | NO P&L (data quality issue) | 1h overdue | Fired: 05:15:56
   INJ-USDT     15min  | NO P&L (data quality issue) | 1h overdue | Fired: 05:36:22

📊 PEC STATS:
   Total: 9830 | Open: 561 | TP: 1109 | SL: 2499 | TIMEOUT: 2321 (1101W/1215L) | STALE: 2791
   Win Rate (TP/SL only): 30.7% | Total P&L: $-5953.25
================================================================================

[PEC-TIMEOUT-HIT] AVAX-USDT 4h: 6 bars >= 5 max, actual_timeout=2026-03-27T00:17:19.660304 [CHAMPION]
[PEC-TIMEOUT-HIT] FUN-USDT 30min: 9 bars >= 6 max, actual_timeout=2026-03-27T00:21:32.877759 [CHALLENGER]

================================================================================
[PEC UPDATE] 2026-03-27 08:58:18
================================================================================

✅ TP HIT (5 signals):
   XRP-USDT     15min  | P&L: $    0.39 (+0.39%) | Fired: 07:12:25
   ONDO-USDT    2h     | P&L: $    2.92 (+2.92%) | Fired: 07:30:43
   ONDO-USDT    2h     | P&L: $    2.92 (+2.92%) | Fired: 07:30:50
   CRV-USDT     15min  | P&L: $    0.36 (+0.36%) | Fired: 07:57:48
   AAVE-USDT    15min  | P&L: $    0.45 (+0.45%) | Fired: 08:12:47

❌ SL HIT (6 signals):
   PARTI-USDT   15min  | P&L: $   -2.02 (-2.02%) | Fired: 07:28:58
   PUMP-USDT    15min  | P&L: $   -0.47 (-0.47%) | Fired: 07:42:28
   VIRTUAL-USDT 1h     | P&L: $   -1.29 (-1.29%) | Fired: 07:48:04
   VIRTUAL-USDT 1h     | P&L: $   -1.29 (-1.29%) | Fired: 07:48:06
   PARTI-USDT   15min  | P&L: $   -1.91 (-1.91%) | Fired: 08:11:08
   PARTI-USDT   15min  | P&L: $   -1.91 (-1.91%) | Fired: 08:11:11

⏱️  TIMEOUT (2 signals):
   AVAX-USDT    4h     | P&L: $   -1.42 (-1.42%) | Fired: 02:17:19 | Timeout: 2026-03-27T00:17
   FUN-USDT     30min  | P&L: $   -0.30 (-0.30%) | Fired: 04:21:32 | Timeout: 2026-03-27T00:21

📊 PEC STATS:
   Total: 9830 | Open: 509 | TP: 1120 | SL: 2511 | TIMEOUT: 2331 (1104W/1222L) | STALE: 2810
   Win Rate (TP/SL only): 30.8% | Total P&L: $-5962.80
================================================================================


================================================================================
[PEC UPDATE] 2026-03-27 09:05:22
================================================================================

✅ TP HIT (3 signals):
   ONDO-USDT    4h     | P&L: $    3.39 (+3.39%) | Fired: 08:01:35
   ONDO-USDT    4h     | P&L: $    3.39 (+3.39%) | Fired: 08:01:44
   VIRTUAL-USDT 15min  | P&L: $    0.60 (+0.60%) | Fired: 08:12:40

❌ SL HIT (6 signals):
   PROMPT-USDT  2h     | P&L: $   -1.41 (-1.41%) | Fired: 05:28:53
   UNI-USDT     1h     | P&L: $   -0.98 (-0.98%) | Fired: 05:34:44
   UNI-USDT     1h     | P&L: $   -0.97 (-0.97%) | Fired: 05:34:47
   PROMPT-USDT  15min  | P&L: $   -0.59 (-0.59%) | Fired: 07:29:38
   CFX-USDT     1h     | P&L: $   -1.10 (-1.10%) | Fired: 07:30:19
   PROMPT-USDT  15min  | P&L: $   -0.40 (-0.40%) | Fired: 07:54:20

📊 PEC STATS:
   Total: 9830 | Open: 487 | TP: 1129 | SL: 2524 | TIMEOUT: 2330 (1104W/1221L) | STALE: 2811
   Win Rate (TP/SL only): 30.9% | Total P&L: $-5950.60
================================================================================

[PEC-TIMEOUT-HIT] ETH-USDT 15min: 8 bars >= 8 max, actual_timeout=2026-03-27T02:12:14.391843 [CHALLENGER]

================================================================================
[PEC UPDATE] 2026-03-27 09:12:19
================================================================================

❌ SL HIT (2 signals):
   ICNT-USDT    15min  | P&L: $   -0.30 (-0.30%) | Fired: 07:52:51
   ICNT-USDT    15min  | P&L: $   -0.30 (-0.30%) | Fired: 07:52:57

⏱️  TIMEOUT (1 signals):
   ETH-USDT     15min  | P&L: $    0.23 (+0.23%) | Fired: 07:12:14 | Timeout: 2026-03-27T02:12

📊 PEC STATS:
   Total: 9830 | Open: 478 | TP: 1131 | SL: 2529 | TIMEOUT: 2332 (1105W/1222L) | STALE: 2811
   Win Rate (TP/SL only): 30.9% | Total P&L: $-5953.35
================================================================================

