[2026-03-27 09:40:39] [START   ] ================================================================================
[2026-03-27 09:40:39] [START   ] PEC MASTER CONTROLLER started (unified daemon management)
[2026-03-27 09:40:39] [START   ] Managing: Signal Generator (main.py) + Signal Executor (pec_executor_persistent.py)
[2026-03-27 09:40:39] [START   ] Health check interval: 10s
[2026-03-27 09:40:39] [START   ] Critical restart threshold: 5x
[2026-03-27 09:40:39] [START   ] Stop with: pkill -f pec_master_controller
[2026-03-27 09:40:39] [START   ] ================================================================================
[2026-03-27 09:40:39] [START   ] ✅ Started Signal Generator (main.py) (PID 5725)
[2026-03-27 09:40:40] [START   ] ✅ Started Signal Executor (pec_executor_persistent.py) (PID 5726)
[2026-03-27 09:43:42] [WARN    ] ⚠️  Signal Generator (main.py) died (PID 5725)
[2026-03-27 09:43:42] [RESTART ] 🔄 Restarting Signal Generator (main.py) (attempt 1)
[2026-03-27 09:43:42] [START   ] ✅ Started Signal Generator (main.py) (PID 5916)
l Generator (main.py) (attempt 1)
[2026-03-27 09:43:42] [START   ] ✅ Started Signal Generator (main.py) (PID 5916)
[2026-03-27 15:23:14] [TIER_CRITICAL] 🚨 TIER ASSIGNMENT FAILURE: Only 0.0% assigned (threshold: 70%) | 
[2026-03-27 15:23:14] [TIER_CRITICAL]    ACTION: Tier assignment mechanism may be broken. Check pec_executor.py and tier_lookup.py

[2026-03-27 15:24:00] [START           ] ========================================
[2026-03-27 15:24:00] [START           ] PEC MASTER CONTROLLER: TIER ASSIGNMENT MONITORING ACTIVE
[2026-03-27 15:24:00] [START           ] ✅ Tier Assignment Validator ENABLED (checks every 60s)
[2026-03-27 15:24:01] [START           ] ✅ Started Signal Generator (PID 5042)
[2026-03-27 15:24:02] [START           ] ✅ Started Signal Executor (PID 5043)
[2026-03-27 15:24:02] [START           ] Managing: Signal Generator + Signal Executor
[2026-03-27 15:24:02] [START           ] Stop with: pkill -f pec_master_controller
[2026-03-27 15:24:02] [START           ] ========================================

--- 60 seconds later ---

[2026-03-27 15:25:02] [TIER_OK         ] ✅ TIER ASSIGNMENT HEALTH: 47/50 (94.0%) | T1:12 | T2:18 | T3:17
[2026-03-27 15:26:02] [TIER_OK         ] ✅ TIER ASSIGNMENT HEALTH: 98/100 (98.0%) | T1:25 | T2:38 | T3:35
[2026-03-27 15:27:02] [TIER_OK         ] ✅ TIER ASSIGNMENT HEALTH: 156/160 (97.5%) | T1:41 | T2:62 | T3:53
[2026-03-27 15:28:02] [TIER_OK         ] ✅ TIER ASSIGNMENT HEALTH: 312/320 (97.5%) | T1:85 | T2:124 | T3:103

--- Example of failure detection ---

[2026-03-27 15:40:02] [TIER_WARN       ] ⚠️  TIER ASSIGNMENT WARNING: 73.0% success | 27 pattern mismatches
[2026-03-27 15:40:02] [TIER_WARN       ] ACTION: 27 signals matched patterns but tier field not assigned
[2026-03-27 15:40:03] [TIER_HEAL       ] Attempting healing - executor restart may help

[2026-03-27 15:42:02] [TIER_OK         ] ✅ TIER ASSIGNMENT HEALTH: 402/410 (98.0%) | T1:109 | T2:156 | T3:147
