[2026-03-02 22:45:39] 🦇 PEC Watchdog started
[2026-03-02 22:45:39] 📁 Working directory: /Users/geniustarigan/.openclaw/workspace/smart-filter-v14-main
[2026-03-02 22:45:39] ⏱️  Check interval: 30s
[2026-03-02 22:45:39] ✅ PEC Executor already running
[2026-03-02 22:47:09] ⚠️  PEC Executor died (crash #1). Restarting...
[2026-03-02 22:47:11] ✅ PEC Executor started (PID will auto-continue)
[2026-03-02 22:47:41] ✅ PEC Executor recovered after 1 crash(es)
[2026-03-02 22:57:12] ⚠️  PEC Executor died (crash #1). Restarting...
[2026-03-02 22:57:15] ✅ PEC Executor started (PID will auto-continue)
[2026-03-02 22:57:45] ✅ PEC Executor recovered after 1 crash(es)
[2026-03-02 22:58:45] ⚠️  PEC Executor died (crash #1). Restarting...
[2026-03-02 22:58:47] ✅ PEC Executor started (PID will auto-continue)
[2026-03-02 22:59:17] ✅ PEC Executor recovered after 1 crash(es)
[2026-03-02 23:00:47] ⚠️  PEC Executor died (crash #1). Restarting...
[2026-03-02 23:00:49] ✅ PEC Executor started (PID will auto-continue)
[2026-03-02 23:01:19] ✅ PEC Executor recovered after 1 crash(es)
[2026-03-02 23:02:49] ⚠️  PEC Executor died (crash #1). Restarting...
[2026-03-02 23:02:51] ✅ PEC Executor started (PID will auto-continue)
[2026-03-02 23:03:22] ✅ PEC Executor recovered after 1 crash(es)
[2026-03-02 23:04:52] ⚠️  PEC Executor died (crash #1). Restarting...
[2026-03-02 23:04:54] ✅ PEC Executor started (PID will auto-continue)
[2026-03-02 23:05:24] ✅ PEC Executor recovered after 1 crash(es)
[2026-03-02 23:06:54] ⚠️  PEC Executor died (crash #1). Restarting...
[2026-03-02 23:06:56] ✅ PEC Executor started (PID will auto-continue)
[2026-03-02 23:07:27] ✅ PEC Executor recovered after 1 crash(es)
[2026-03-02 23:08:27] ⚠️  PEC Executor died (crash #1). Restarting...
[2026-03-02 23:08:29] ✅ PEC Executor started (PID will auto-continue)
[2026-03-02 23:08:59] ✅ PEC Executor recovered after 1 crash(es)
[2026-03-02 23:10:29] ⚠️  PEC Executor died (crash #1). Restarting...
[2026-03-02 23:10:31] ✅ PEC Executor started (PID will auto-continue)
[2026-03-02 23:11:01] ✅ PEC Executor recovered after 1 crash(es)
[2026-03-02 23:12:31] ⚠️  PEC Executor died (crash #1). Restarting...
[2026-03-02 23:12:34] ✅ PEC Executor started (PID will auto-continue)
[2026-03-02 23:13:04] ✅ PEC Executor recovered after 1 crash(es)
[2026-03-02 23:13:34] ⚠️  PEC Executor died (crash #1). Restarting...
[2026-03-02 23:13:36] ✅ PEC Executor started (PID will auto-continue)
[2026-03-02 23:14:06] ✅ PEC Executor recovered after 1 crash(es)
[2026-03-02 23:16:06] ⚠️  PEC Executor died (crash #1). Restarting...
[2026-03-02 23:16:09] ✅ PEC Executor started (PID will auto-continue)
[2026-03-02 23:16:39] ✅ PEC Executor recovered after 1 crash(es)
[2026-03-02 23:19:09] ⚠️  PEC Executor died (crash #1). Restarting...
[2026-03-02 23:19:11] ✅ PEC Executor started (PID will auto-continue)
[2026-03-02 23:19:41] ✅ PEC Executor recovered after 1 crash(es)
[2026-03-02 23:21:42] ⚠️  PEC Executor died (crash #1). Restarting...
[2026-03-02 23:21:44] ✅ PEC Executor started (PID will auto-continue)
[2026-03-02 23:22:14] ✅ PEC Executor recovered after 1 crash(es)
[2026-03-02 23:23:14] ⚠️  PEC Executor died (crash #1). Restarting...
[2026-03-02 23:23:16] ✅ PEC Executor started (PID will auto-continue)
[2026-03-02 23:23:47] ✅ PEC Executor recovered after 1 crash(es)
[2026-03-02 23:24:47] ⚠️  PEC Executor died (crash #1). Restarting...
[2026-03-02 23:24:49] ✅ PEC Executor started (PID will auto-continue)
[2026-03-02 23:25:19] ✅ PEC Executor recovered after 1 crash(es)
[2026-03-02 23:26:19] ⚠️  PEC Executor died (crash #1). Restarting...
[2026-03-02 23:26:21] ✅ PEC Executor started (PID will auto-continue)
[2026-03-02 23:26:51] ✅ PEC Executor recovered after 1 crash(es)
[2026-03-02 23:28:21] ⚠️  PEC Executor died (crash #1). Restarting...
[2026-03-02 23:28:23] ✅ PEC Executor started (PID will auto-continue)
[2026-03-02 23:28:54] ✅ PEC Executor recovered after 1 crash(es)
[2026-03-02 23:30:24] ⚠️  PEC Executor died (crash #1). Restarting...
[2026-03-02 23:30:26] ✅ PEC Executor started (PID will auto-continue)
[2026-03-02 23:30:56] ✅ PEC Executor recovered after 1 crash(es)
[2026-03-02 23:32:26] ⚠️  PEC Executor died (crash #1). Restarting...
[2026-03-02 23:32:28] ✅ PEC Executor started (PID will auto-continue)
[2026-03-02 23:32:58] ✅ PEC Executor recovered after 1 crash(es)
[2026-03-02 23:34:29] ⚠️  PEC Executor died (crash #1). Restarting...
[2026-03-02 23:34:31] ✅ PEC Executor started (PID will auto-continue)
[2026-03-02 23:35:01] ✅ PEC Executor recovered after 1 crash(es)
[2026-03-02 23:36:31] ⚠️  PEC Executor died (crash #1). Restarting...
[2026-03-02 23:36:33] ✅ PEC Executor started (PID will auto-continue)
[2026-03-02 23:37:03] ✅ PEC Executor recovered after 1 crash(es)
[2026-03-02 23:38:34] ⚠️  PEC Executor died (crash #1). Restarting...
[2026-03-02 23:38:36] ✅ PEC Executor started (PID will auto-continue)
[2026-03-02 23:39:06] ✅ PEC Executor recovered after 1 crash(es)
[2026-03-02 23:40:36] ⚠️  PEC Executor died (crash #1). Restarting...
[2026-03-02 23:40:38] ✅ PEC Executor started (PID will auto-continue)
[2026-03-02 23:41:08] ✅ PEC Executor recovered after 1 crash(es)
[2026-03-02 23:42:38] ⚠️  PEC Executor died (crash #1). Restarting...
[2026-03-02 23:42:40] ✅ PEC Executor started (PID will auto-continue)
[2026-03-02 23:43:11] ✅ PEC Executor recovered after 1 crash(es)
[2026-03-02 23:43:41] ⚠️  PEC Executor died (crash #1). Restarting...
[2026-03-02 23:43:43] ✅ PEC Executor started (PID will auto-continue)
[2026-03-02 23:44:13] ✅ PEC Executor recovered after 1 crash(es)
[2026-03-02 23:45:43] ⚠️  PEC Executor died (crash #1). Restarting...
[2026-03-02 23:45:45] ✅ PEC Executor started (PID will auto-continue)
[2026-03-02 23:46:15] ✅ PEC Executor recovered after 1 crash(es)
[2026-03-02 23:47:45] ⚠️  PEC Executor died (crash #1). Restarting...
[2026-03-02 23:47:48] ✅ PEC Executor started (PID will auto-continue)
[2026-03-02 23:48:18] ✅ PEC Executor recovered after 1 crash(es)
[2026-03-02 23:49:48] ⚠️  PEC Executor died (crash #1). Restarting...
[2026-03-02 23:49:50] ✅ PEC Executor started (PID will auto-continue)
[2026-03-02 23:50:20] ✅ PEC Executor recovered after 1 crash(es)
[2026-03-02 23:51:50] ⚠️  PEC Executor died (crash #1). Restarting...
[2026-03-02 23:51:52] ✅ PEC Executor started (PID will auto-continue)
[2026-03-02 23:52:22] ✅ PEC Executor recovered after 1 crash(es)
[2026-03-02 23:53:53] ⚠️  PEC Executor died (crash #1). Restarting...
[2026-03-02 23:53:55] ✅ PEC Executor started (PID will auto-continue)
[2026-03-02 23:54:25] ✅ PEC Executor recovered after 1 crash(es)
[2026-03-02 23:55:55] ⚠️  PEC Executor died (crash #1). Restarting...
[2026-03-02 23:55:57] ✅ PEC Executor started (PID will auto-continue)
[2026-03-02 23:56:27] ✅ PEC Executor recovered after 1 crash(es)
[2026-03-02 23:57:57] ⚠️  PEC Executor died (crash #1). Restarting...
[2026-03-02 23:57:59] ✅ PEC Executor started (PID will auto-continue)
[2026-03-02 23:58:30] ✅ PEC Executor recovered after 1 crash(es)
[2026-03-03 00:00:00] ⚠️  PEC Executor died (crash #1). Restarting...
[2026-03-03 00:00:02] ✅ PEC Executor started (PID will auto-continue)
[2026-03-03 00:00:32] ✅ PEC Executor recovered after 1 crash(es)
[2026-03-03 00:02:02] ⚠️  PEC Executor died (crash #1). Restarting...
[2026-03-03 00:02:04] ✅ PEC Executor started (PID will auto-continue)
[2026-03-03 00:02:34] ✅ PEC Executor recovered after 1 crash(es)
[2026-03-03 00:04:05] ⚠️  PEC Executor died (crash #1). Restarting...
[2026-03-03 00:04:07] ✅ PEC Executor started (PID will auto-continue)
[2026-03-03 00:04:37] ✅ PEC Executor recovered after 1 crash(es)
[2026-03-03 00:06:07] ⚠️  PEC Executor died (crash #1). Restarting...
[2026-03-03 00:06:09] ✅ PEC Executor started (PID will auto-continue)
[2026-03-03 00:06:39] ✅ PEC Executor recovered after 1 crash(es)
ing...
[2026-03-02 23:04:53] ✅ PEC Executor recovered after 1 crash(es)
[2026-03-02 23:04:54] ✅ PEC Executor started (PID will auto-continue)
[2026-03-02 23:05:22] ⚠️  PEC Executor died (crash #1). Restarting...
[2026-03-02 23:05:24] ✅ PEC Executor recovered after 1 crash(es)
[2026-03-02 23:05:24] ✅ PEC Executor started (PID will auto-continue)
[2026-03-02 23:05:53] ⚠️  PEC Executor died (crash #1). Restarting...
[2026-03-02 23:05:54] ✅ PEC Executor recovered after 1 crash(es)
[2026-03-02 23:05:55] ✅ PEC Executor started (PID will auto-continue)
[2026-03-02 23:06:23] ⚠️  PEC Executor died (crash #1). Restarting...
[2026-03-02 23:06:25] ✅ PEC Executor started (PID will auto-continue)
[2026-03-02 23:06:25] ✅ PEC Executor recovered after 1 crash(es)
[2026-03-02 23:06:54] ⚠️  PEC Executor died (crash #1). Restarting...
[2026-03-02 23:06:55] ✅ PEC Executor recovered after 1 crash(es)
[2026-03-02 23:06:56] ✅ PEC Executor started (PID will auto-continue)
[2026-03-02 23:07:25] ⚠️  PEC Executor died (crash #1). Restarting...
[2026-03-02 23:07:27] ✅ PEC Executor recovered after 1 crash(es)
[2026-03-02 23:07:27] ✅ PEC Executor started (PID will auto-continue)
[2026-03-02 23:07:55] ⚠️  PEC Executor died (crash #1). Restarting...
[2026-03-02 23:07:55] ⚠️  PEC Executor died (crash #1). Restarting...
[2026-03-02 23:07:57] ✅ PEC Executor recovered after 1 crash(es)
[2026-03-02 23:07:57] ✅ PEC Executor started (PID will auto-continue)
[2026-03-02 23:07:57] ✅ PEC Executor started (PID will auto-continue)
[2026-03-02 23:08:27] ⚠️  PEC Executor died (crash #1). Restarting...
[2026-03-02 23:08:27] ✅ PEC Executor recovered after 1 crash(es)
[2026-03-02 23:08:27] ✅ PEC Executor recovered after 1 crash(es)
[2026-03-02 23:08:29] ✅ PEC Executor started (PID will auto-continue)
[2026-03-02 23:08:57] ⚠️  PEC Executor died (crash #1). Restarting...
[2026-03-02 23:08:59] ✅ PEC Executor recovered after 1 crash(es)
[2026-03-02 23:08:59] ✅ PEC Executor started (PID will auto-continue)
[2026-03-02 23:09:27] ⚠️  PEC Executor died (crash #1). Restarting...
[2026-03-02 23:09:29] ✅ PEC Executor recovered after 1 crash(es)
[2026-03-02 23:09:30] ✅ PEC Executor started (PID will auto-continue)
[2026-03-02 23:09:58] ⚠️  PEC Executor died (crash #1). Restarting...
[2026-03-02 23:10:00] ✅ PEC Executor recovered after 1 crash(es)
[2026-03-02 23:10:00] ✅ PEC Executor started (PID will auto-continue)
[2026-03-02 23:10:29] ⚠️  PEC Executor died (crash #1). Restarting...
[2026-03-02 23:10:30] ✅ PEC Executor recovered after 1 crash(es)
[2026-03-02 23:10:31] ✅ PEC Executor started (PID will auto-continue)
[2026-03-02 23:10:59] ⚠️  PEC Executor died (crash #1). Restarting...
[2026-03-02 23:11:01] ✅ PEC Executor recovered after 1 crash(es)
[2026-03-02 23:11:01] ✅ PEC Executor started (PID will auto-continue)
[2026-03-02 23:11:30] ⚠️  PEC Executor died (crash #1). Restarting...
[2026-03-02 23:11:31] ✅ PEC Executor recovered after 1 crash(es)
[2026-03-02 23:11:32] ✅ PEC Executor started (PID will auto-continue)
[2026-03-02 23:12:00] ⚠️  PEC Executor died (crash #1). Restarting...
[2026-03-02 23:12:02] ✅ PEC Executor recovered after 1 crash(es)
[2026-03-02 23:12:02] ✅ PEC Executor started (PID will auto-continue)
[2026-03-02 23:12:31] ⚠️  PEC Executor died (crash #1). Restarting...
[2026-03-02 23:12:32] ✅ PEC Executor recovered after 1 crash(es)
[2026-03-02 23:12:34] ✅ PEC Executor started (PID will auto-continue)
[2026-03-02 23:13:02] ⚠️  PEC Executor died (crash #1). Restarting...
[2026-03-02 23:13:04] ✅ PEC Executor recovered after 1 crash(es)
[2026-03-02 23:13:04] ✅ PEC Executor started (PID will auto-continue)
[2026-03-02 23:13:34] ⚠️  PEC Executor died (crash #1). Restarting...
[2026-03-02 23:13:34] ✅ PEC Executor recovered after 1 crash(es)
[2026-03-02 23:13:36] ✅ PEC Executor started (PID will auto-continue)
[2026-03-02 23:14:02] ⚠️  PEC Executor died (crash #1). Restarting...
[2026-03-02 23:14:04] ✅ PEC Executor started (PID will auto-continue)
[2026-03-02 23:14:06] ✅ PEC Executor recovered after 1 crash(es)
[2026-03-02 23:14:32] ⚠️  PEC Executor died (crash #1). Restarting...
[2026-03-02 23:14:34] ✅ PEC Executor started (PID will auto-continue)
[2026-03-02 23:14:35] ✅ PEC Executor recovered after 1 crash(es)
[2026-03-02 23:15:04] ⚠️  PEC Executor died (crash #1). Restarting...
[2026-03-02 23:15:05] ✅ PEC Executor recovered after 1 crash(es)
[2026-03-02 23:15:06] ✅ PEC Executor started (PID will auto-continue)
[2026-03-02 23:15:36] ⚠️  PEC Executor died (crash #2). Restarting...
[2026-03-02 23:15:38] ✅ PEC Executor started (PID will auto-continue)
[2026-03-02 23:16:06] ⚠️  PEC Executor died (crash #1). Restarting...
[2026-03-02 23:16:09] ✅ PEC Executor started (PID will auto-continue)
[2026-03-02 23:16:09] ✅ PEC Executor recovered after 2 crash(es)
[2026-03-02 23:16:39] ⚠️  PEC Executor died (crash #1). Restarting...
[2026-03-02 23:16:39] ✅ PEC Executor recovered after 1 crash(es)
[2026-03-02 23:16:41] ✅ PEC Executor started (PID will auto-continue)
[2026-03-02 23:17:05] ⚠️  PEC Executor died (crash #1). Restarting...
[2026-03-02 23:17:07] ✅ PEC Executor started (PID will auto-continue)
[2026-03-02 23:17:11] ✅ PEC Executor recovered after 1 crash(es)
[2026-03-02 23:17:35] ⚠️  PEC Executor died (crash #1). Restarting...
[2026-03-02 23:17:37] ✅ PEC Executor recovered after 1 crash(es)
[2026-03-02 23:17:37] ✅ PEC Executor started (PID will auto-continue)
[2026-03-02 23:18:07] ⚠️  PEC Executor died (crash #1). Restarting...
[2026-03-02 23:18:08] ✅ PEC Executor recovered after 1 crash(es)
[2026-03-02 23:18:10] ✅ PEC Executor started (PID will auto-continue)
[2026-03-02 23:18:38] ⚠️  PEC Executor died (crash #1). Restarting...
[2026-03-02 23:18:40] ✅ PEC Executor recovered after 1 crash(es)
[2026-03-02 23:18:40] ✅ PEC Executor started (PID will auto-continue)
[2026-03-02 23:19:09] ⚠️  PEC Executor died (crash #1). Restarting...
[2026-03-02 23:19:10] ✅ PEC Executor recovered after 1 crash(es)
[2026-03-02 23:19:11] ✅ PEC Executor started (PID will auto-continue)
[2026-03-02 23:19:40] ⚠️  PEC Executor died (crash #1). Restarting...
[2026-03-02 23:19:41] ✅ PEC Executor recovered after 1 crash(es)
[2026-03-02 23:19:42] ✅ PEC Executor started (PID will auto-continue)
[2026-03-02 23:20:10] ⚠️  PEC Executor died (crash #1). Restarting...
[2026-03-02 23:20:12] ✅ PEC Executor recovered after 1 crash(es)
[2026-03-02 23:20:12] ✅ PEC Executor started (PID will auto-continue)
[2026-03-02 23:20:42] ⚠️  PEC Executor died (crash #2). Restarting...
[2026-03-02 23:20:44] ✅ PEC Executor started (PID will auto-continue)
[2026-03-02 23:21:12] ⚠️  PEC Executor died (crash #1). Restarting...
[2026-03-02 23:21:14] ✅ PEC Executor started (PID will auto-continue)
[2026-03-02 23:21:14] ✅ PEC Executor recovered after 2 crash(es)
[2026-03-02 23:21:42] ⚠️  PEC Executor died (crash #1). Restarting...
[2026-03-02 23:21:44] ✅ PEC Executor recovered after 1 crash(es)
[2026-03-02 23:21:44] ✅ PEC Executor started (PID will auto-continue)
[2026-03-02 23:22:13] ⚠️  PEC Executor died (crash #1). Restarting...
[2026-03-02 23:22:14] ✅ PEC Executor recovered after 1 crash(es)
[2026-03-02 23:22:15] ✅ PEC Executor started (PID will auto-continue)
[2026-03-02 23:22:44] ⚠️  PEC Executor died (crash #1). Restarting...
[2026-03-02 23:22:45] ✅ PEC Executor recovered after 1 crash(es)
[2026-03-02 23:22:46] ✅ PEC Executor started (PID will auto-continue)
[2026-03-02 23:23:14] ⚠️  PEC Executor died (crash #1). Restarting...
[2026-03-02 23:23:16] ✅ PEC Executor started (PID will auto-continue)
[2026-03-02 23:23:16] ✅ PEC Executor recovered after 1 crash(es)
[2026-03-02 23:23:45] ⚠️  PEC Executor died (crash #1). Restarting...
[2026-03-02 23:23:47] ✅ PEC Executor recovered after 1 crash(es)
[2026-03-02 23:23:47] ✅ PEC Executor started (PID will auto-continue)
[2026-03-02 23:24:15] ⚠️  PEC Executor died (crash #1). Restarting...
[2026-03-02 23:24:17] ✅ PEC Executor started (PID will auto-continue)
[2026-03-02 23:24:17] ✅ PEC Executor recovered after 1 crash(es)
[2026-03-02 23:24:47] ⚠️  PEC Executor died (crash #1). Restarting...
[2026-03-02 23:24:47] ⚠️  PEC Executor died (crash #1). Restarting...
[2026-03-02 23:24:47] ✅ PEC Executor recovered after 1 crash(es)
[2026-03-02 23:24:49] ✅ PEC Executor started (PID will auto-continue)
[2026-03-02 23:24:49] ✅ PEC Executor started (PID will auto-continue)
[2026-03-02 23:25:17] ⚠️  PEC Executor died (crash #1). Restarting...
[2026-03-02 23:25:19] ✅ PEC Executor recovered after 1 crash(es)
[2026-03-02 23:25:19] ✅ PEC Executor recovered after 1 crash(es)
[2026-03-02 23:25:19] ✅ PEC Executor started (PID will auto-continue)
[2026-03-02 23:25:47] ⚠️  PEC Executor died (crash #1). Restarting...
[2026-03-02 23:25:49] ✅ PEC Executor started (PID will auto-continue)
[2026-03-02 23:25:49] ✅ PEC Executor recovered after 1 crash(es)
[2026-03-02 23:26:19] ⚠️  PEC Executor died (crash #1). Restarting...
[2026-03-02 23:26:20] ✅ PEC Executor recovered after 1 crash(es)
[2026-03-02 23:26:21] ✅ PEC Executor started (PID will auto-continue)
[2026-03-02 23:26:49] ⚠️  PEC Executor died (crash #1). Restarting...
[2026-03-02 23:26:51] ✅ PEC Executor recovered after 1 crash(es)
[2026-03-02 23:26:51] ✅ PEC Executor started (PID will auto-continue)
[2026-03-02 23:27:20] ⚠️  PEC Executor died (crash #1). Restarting...
[2026-03-02 23:27:21] ✅ PEC Executor recovered after 1 crash(es)
[2026-03-02 23:27:22] ✅ PEC Executor started (PID will auto-continue)
[2026-03-02 23:27:50] ⚠️  PEC Executor died (crash #1). Restarting...
[2026-03-02 23:27:52] ✅ PEC Executor recovered after 1 crash(es)
[2026-03-02 23:27:52] ✅ PEC Executor started (PID will auto-continue)
[2026-03-02 23:28:21] ⚠️  PEC Executor died (crash #1). Restarting...
[2026-03-02 23:28:22] ✅ PEC Executor recovered after 1 crash(es)
[2026-03-02 23:28:23] ✅ PEC Executor started (PID will auto-continue)
[2026-03-02 23:28:52] ⚠️  PEC Executor died (crash #1). Restarting...
[2026-03-02 23:28:54] ✅ PEC Executor recovered after 1 crash(es)
[2026-03-02 23:28:54] ✅ PEC Executor started (PID will auto-continue)
[2026-03-02 23:29:22] ⚠️  PEC Executor died (crash #1). Restarting...
[2026-03-02 23:29:24] ✅ PEC Executor recovered after 1 crash(es)
[2026-03-02 23:29:24] ✅ PEC Executor started (PID will auto-continue)
[2026-03-02 23:29:52] ⚠️  PEC Executor died (crash #1). Restarting...
[2026-03-02 23:29:54] ✅ PEC Executor recovered after 1 crash(es)
[2026-03-02 23:29:54] ✅ PEC Executor started (PID will auto-continue)
[2026-03-02 23:30:24] ⚠️  PEC Executor died (crash #1). Restarting...
[2026-03-02 23:30:24] ✅ PEC Executor recovered after 1 crash(es)
[2026-03-02 23:30:26] ✅ PEC Executor started (PID will auto-continue)
[2026-03-02 23:30:54] ⚠️  PEC Executor died (crash #1). Restarting...
[2026-03-02 23:30:56] ✅ PEC Executor recovered after 1 crash(es)
[2026-03-02 23:30:56] ✅ PEC Executor started (PID will auto-continue)
[2026-03-02 23:31:24] ⚠️  PEC Executor died (crash #1). Restarting...
[2026-03-02 23:31:26] ✅ PEC Executor recovered after 1 crash(es)
[2026-03-02 23:31:27] ✅ PEC Executor started (PID will auto-continue)
[2026-03-02 23:31:55] ⚠️  PEC Executor died (crash #1). Restarting...
[2026-03-02 23:31:57] ✅ PEC Executor recovered after 1 crash(es)
[2026-03-02 23:31:57] ✅ PEC Executor started (PID will auto-continue)
[2026-03-02 23:32:26] ⚠️  PEC Executor died (crash #1). Restarting...
[2026-03-02 23:32:27] ✅ PEC Executor recovered after 1 crash(es)
[2026-03-02 23:32:28] ✅ PEC Executor started (PID will auto-continue)
[2026-03-02 23:32:56] ⚠️  PEC Executor died (crash #1). Restarting...
[2026-03-02 23:32:58] ✅ PEC Executor recovered after 1 crash(es)
[2026-03-02 23:32:58] ✅ PEC Executor started (PID will auto-continue)
[2026-03-02 23:33:27] ⚠️  PEC Executor died (crash #1). Restarting...
[2026-03-02 23:33:29] ✅ PEC Executor recovered after 1 crash(es)
[2026-03-02 23:33:29] ✅ PEC Executor started (PID will auto-continue)
[2026-03-02 23:33:57] ⚠️  PEC Executor died (crash #1). Restarting...
[2026-03-02 23:33:59] ✅ PEC Executor recovered after 1 crash(es)
[2026-03-02 23:33:59] ✅ PEC Executor started (PID will auto-continue)
[2026-03-02 23:34:29] ⚠️  PEC Executor died (crash #1). Restarting...
[2026-03-02 23:34:29] ✅ PEC Executor recovered after 1 crash(es)
[2026-03-02 23:34:31] ✅ PEC Executor started (PID will auto-continue)
[2026-03-02 23:34:59] ⚠️  PEC Executor died (crash #1). Restarting...
[2026-03-02 23:35:01] ✅ PEC Executor recovered after 1 crash(es)
[2026-03-02 23:35:01] ✅ PEC Executor started (PID will auto-continue)
[2026-03-02 23:35:30] ⚠️  PEC Executor died (crash #1). Restarting...
[2026-03-02 23:35:31] ✅ PEC Executor recovered after 1 crash(es)
[2026-03-02 23:35:32] ✅ PEC Executor started (PID will auto-continue)
[2026-03-02 23:36:00] ⚠️  PEC Executor died (crash #1). Restarting...
[2026-03-02 23:36:02] ✅ PEC Executor recovered after 1 crash(es)
[2026-03-02 23:36:02] ✅ PEC Executor started (PID will auto-continue)
[2026-03-02 23:36:31] ⚠️  PEC Executor died (crash #1). Restarting...
[2026-03-02 23:36:32] ✅ PEC Executor recovered after 1 crash(es)
[2026-03-02 23:36:33] ✅ PEC Executor started (PID will auto-continue)
[2026-03-02 23:37:01] ⚠️  PEC Executor died (crash #1). Restarting...
[2026-03-02 23:37:03] ✅ PEC Executor recovered after 1 crash(es)
[2026-03-02 23:37:03] ✅ PEC Executor started (PID will auto-continue)
[2026-03-02 23:37:32] ⚠️  PEC Executor died (crash #1). Restarting...
[2026-03-02 23:37:33] ✅ PEC Executor recovered after 1 crash(es)
[2026-03-02 23:37:34] ✅ PEC Executor started (PID will auto-continue)
[2026-03-02 23:38:02] ⚠️  PEC Executor died (crash #1). Restarting...
[2026-03-02 23:38:04] ✅ PEC Executor recovered after 1 crash(es)
[2026-03-02 23:38:04] ✅ PEC Executor started (PID will auto-continue)
[2026-03-02 23:38:34] ⚠️  PEC Executor died (crash #1). Restarting...
[2026-03-02 23:38:34] ✅ PEC Executor recovered after 1 crash(es)
[2026-03-02 23:38:36] ✅ PEC Executor started (PID will auto-continue)
[2026-03-02 23:39:04] ⚠️  PEC Executor died (crash #1). Restarting...
[2026-03-02 23:39:06] ✅ PEC Executor recovered after 1 crash(es)
[2026-03-02 23:39:06] ✅ PEC Executor started (PID will auto-continue)
[2026-03-02 23:39:34] ⚠️  PEC Executor died (crash #1). Restarting...
[2026-03-02 23:39:36] ✅ PEC Executor recovered after 1 crash(es)
[2026-03-02 23:39:37] ✅ PEC Executor started (PID will auto-continue)
[2026-03-02 23:40:05] ⚠️  PEC Executor died (crash #1). Restarting...
[2026-03-02 23:40:07] ✅ PEC Executor recovered after 1 crash(es)
[2026-03-02 23:40:07] ✅ PEC Executor started (PID will auto-continue)
[2026-03-02 23:40:36] ⚠️  PEC Executor died (crash #1). Restarting...
[2026-03-02 23:40:37] ✅ PEC Executor recovered after 1 crash(es)
[2026-03-02 23:40:38] ✅ PEC Executor started (PID will auto-continue)
[2026-03-02 23:41:06] ⚠️  PEC Executor died (crash #1). Restarting...
[2026-03-02 23:41:08] ✅ PEC Executor recovered after 1 crash(es)
[2026-03-02 23:41:08] ✅ PEC Executor started (PID will auto-continue)
[2026-03-02 23:41:37] ⚠️  PEC Executor died (crash #1). Restarting...
[2026-03-02 23:41:38] ✅ PEC Executor recovered after 1 crash(es)
[2026-03-02 23:41:39] ✅ PEC Executor started (PID will auto-continue)
[2026-03-02 23:42:07] ⚠️  PEC Executor died (crash #1). Restarting...
[2026-03-02 23:42:09] ✅ PEC Executor recovered after 1 crash(es)
[2026-03-02 23:42:09] ✅ PEC Executor started (PID will auto-continue)
[2026-03-02 23:42:38] ⚠️  PEC Executor died (crash #1). Restarting...
[2026-03-02 23:42:39] ✅ PEC Executor recovered after 1 crash(es)
[2026-03-02 23:42:40] ✅ PEC Executor started (PID will auto-continue)
[2026-03-02 23:43:09] ⚠️  PEC Executor died (crash #1). Restarting...
[2026-03-02 23:43:11] ✅ PEC Executor recovered after 1 crash(es)
[2026-03-02 23:43:11] ✅ PEC Executor started (PID will auto-continue)
[2026-03-02 23:43:41] ⚠️  PEC Executor died (crash #1). Restarting...
[2026-03-02 23:43:41] ✅ PEC Executor recovered after 1 crash(es)
[2026-03-02 23:43:43] ✅ PEC Executor started (PID will auto-continue)
[2026-03-02 23:44:09] ⚠️  PEC Executor died (crash #1). Restarting...
[2026-03-02 23:44:12] ✅ PEC Executor started (PID will auto-continue)
[2026-03-02 23:44:13] ✅ PEC Executor recovered after 1 crash(es)
[2026-03-02 23:44:39] ⚠️  PEC Executor died (crash #1). Restarting...
[2026-03-02 23:44:42] ✅ PEC Executor recovered after 1 crash(es)
[2026-03-02 23:44:42] ✅ PEC Executor started (PID will auto-continue)
[2026-03-02 23:45:11] ⚠️  PEC Executor died (crash #1). Restarting...
[2026-03-02 23:45:12] ✅ PEC Executor recovered after 1 crash(es)
[2026-03-02 23:45:13] ✅ PEC Executor started (PID will auto-continue)
[2026-03-02 23:45:43] ⚠️  PEC Executor died (crash #1). Restarting...
[2026-03-02 23:45:43] ✅ PEC Executor recovered after 1 crash(es)
[2026-03-02 23:45:45] ✅ PEC Executor started (PID will auto-continue)
[2026-03-02 23:46:12] ⚠️  PEC Executor died (crash #1). Restarting...
[2026-03-02 23:46:12] ⚠️  PEC Executor died (crash #1). Restarting...
[2026-03-02 23:46:14] ✅ PEC Executor started (PID will auto-continue)
[2026-03-02 23:46:14] ✅ PEC Executor started (PID will auto-continue)
[2026-03-02 23:46:15] ✅ PEC Executor recovered after 1 crash(es)
[2026-03-02 23:46:43] ⚠️  PEC Executor died (crash #1). Restarting...
[2026-03-02 23:46:44] ✅ PEC Executor recovered after 1 crash(es)
[2026-03-02 23:46:44] ✅ PEC Executor recovered after 1 crash(es)
[2026-03-02 23:46:46] ✅ PEC Executor started (PID will auto-continue)
[2026-03-02 23:47:14] ⚠️  PEC Executor died (crash #1). Restarting...
[2026-03-02 23:47:14] ⚠️  PEC Executor died (crash #1). Restarting...
[2026-03-02 23:47:16] ✅ PEC Executor recovered after 1 crash(es)
[2026-03-02 23:47:16] ✅ PEC Executor started (PID will auto-continue)
[2026-03-02 23:47:16] ✅ PEC Executor started (PID will auto-continue)
[2026-03-02 23:47:45] ⚠️  PEC Executor died (crash #1). Restarting...
[2026-03-02 23:47:46] ✅ PEC Executor recovered after 1 crash(es)
[2026-03-02 23:47:47] ✅ PEC Executor recovered after 1 crash(es)
[2026-03-02 23:47:48] ✅ PEC Executor started (PID will auto-continue)
[2026-03-02 23:48:16] ⚠️  PEC Executor died (crash #1). Restarting...
[2026-03-02 23:48:18] ✅ PEC Executor recovered after 1 crash(es)
[2026-03-02 23:48:18] ✅ PEC Executor started (PID will auto-continue)
[2026-03-02 23:48:47] ⚠️  PEC Executor died (crash #1). Restarting...
[2026-03-02 23:48:48] ✅ PEC Executor recovered after 1 crash(es)
[2026-03-02 23:48:49] ✅ PEC Executor started (PID will auto-continue)
[2026-03-02 23:49:17] ⚠️  PEC Executor died (crash #1). Restarting...
[2026-03-02 23:49:19] ✅ PEC Executor recovered after 1 crash(es)
[2026-03-02 23:49:19] ✅ PEC Executor started (PID will auto-continue)
[2026-03-02 23:49:48] ⚠️  PEC Executor died (crash #1). Restarting...
[2026-03-02 23:49:49] ✅ PEC Executor recovered after 1 crash(es)
[2026-03-02 23:49:50] ✅ PEC Executor started (PID will auto-continue)
[2026-03-02 23:50:18] ⚠️  PEC Executor died (crash #1). Restarting...
[2026-03-02 23:50:20] ✅ PEC Executor recovered after 1 crash(es)
[2026-03-02 23:50:20] ✅ PEC Executor started (PID will auto-continue)
[2026-03-02 23:50:49] ⚠️  PEC Executor died (crash #1). Restarting...
[2026-03-02 23:50:50] ✅ PEC Executor recovered after 1 crash(es)
[2026-03-02 23:50:51] ✅ PEC Executor started (PID will auto-continue)
[2026-03-02 23:51:19] ⚠️  PEC Executor died (crash #1). Restarting...
[2026-03-02 23:51:21] ✅ PEC Executor recovered after 1 crash(es)
[2026-03-02 23:51:21] ✅ PEC Executor started (PID will auto-continue)
[2026-03-02 23:51:50] ⚠️  PEC Executor died (crash #1). Restarting...
[2026-03-02 23:51:51] ✅ PEC Executor recovered after 1 crash(es)
[2026-03-02 23:51:52] ✅ PEC Executor started (PID will auto-continue)
[2026-03-02 23:52:21] ⚠️  PEC Executor died (crash #1). Restarting...
[2026-03-02 23:52:22] ✅ PEC Executor recovered after 1 crash(es)
[2026-03-02 23:52:23] ✅ PEC Executor started (PID will auto-continue)
[2026-03-02 23:52:51] ⚠️  PEC Executor died (crash #1). Restarting...
[2026-03-02 23:52:53] ✅ PEC Executor recovered after 1 crash(es)
[2026-03-02 23:52:53] ✅ PEC Executor started (PID will auto-continue)
[2026-03-02 23:53:22] ⚠️  PEC Executor died (crash #1). Restarting...
[2026-03-02 23:53:23] ✅ PEC Executor recovered after 1 crash(es)
[2026-03-02 23:53:24] ✅ PEC Executor started (PID will auto-continue)
[2026-03-02 23:53:53] ⚠️  PEC Executor died (crash #1). Restarting...
[2026-03-02 23:53:54] ✅ PEC Executor recovered after 1 crash(es)
[2026-03-02 23:53:55] ✅ PEC Executor started (PID will auto-continue)
[2026-03-02 23:54:23] ⚠️  PEC Executor died (crash #1). Restarting...
[2026-03-02 23:54:25] ✅ PEC Executor recovered after 1 crash(es)
[2026-03-02 23:54:25] ✅ PEC Executor started (PID will auto-continue)
[2026-03-02 23:54:53] ⚠️  PEC Executor died (crash #1). Restarting...
[2026-03-02 23:54:55] ✅ PEC Executor recovered after 1 crash(es)
[2026-03-02 23:54:55] ✅ PEC Executor started (PID will auto-continue)
[2026-03-02 23:55:24] ⚠️  PEC Executor died (crash #1). Restarting...
[2026-03-02 23:55:26] ✅ PEC Executor recovered after 1 crash(es)
[2026-03-02 23:55:26] ✅ PEC Executor started (PID will auto-continue)
[2026-03-02 23:55:55] ⚠️  PEC Executor died (crash #1). Restarting...
[2026-03-02 23:55:56] ✅ PEC Executor recovered after 1 crash(es)
[2026-03-02 23:55:57] ✅ PEC Executor started (PID will auto-continue)
[2026-03-02 23:56:26] ⚠️  PEC Executor died (crash #1). Restarting...
[2026-03-02 23:56:27] ✅ PEC Executor recovered after 1 crash(es)
[2026-03-02 23:56:28] ✅ PEC Executor started (PID will auto-continue)
[2026-03-02 23:56:56] ⚠️  PEC Executor died (crash #1). Restarting...
[2026-03-02 23:56:58] ✅ PEC Executor recovered after 1 crash(es)
[2026-03-02 23:56:58] ✅ PEC Executor started (PID will auto-continue)
[2026-03-02 23:57:27] ⚠️  PEC Executor died (crash #1). Restarting...
[2026-03-02 23:57:28] ✅ PEC Executor recovered after 1 crash(es)
[2026-03-02 23:57:29] ✅ PEC Executor started (PID will auto-continue)
[2026-03-02 23:57:57] ⚠️  PEC Executor died (crash #1). Restarting...
[2026-03-02 23:57:59] ✅ PEC Executor recovered after 1 crash(es)
[2026-03-02 23:57:59] ✅ PEC Executor started (PID will auto-continue)
[2026-03-02 23:58:28] ⚠️  PEC Executor died (crash #1). Restarting...
[2026-03-02 23:58:30] ✅ PEC Executor recovered after 1 crash(es)
[2026-03-02 23:58:30] ✅ PEC Executor started (PID will auto-continue)
[2026-03-02 23:58:58] ⚠️  PEC Executor died (crash #1). Restarting...
[2026-03-02 23:59:00] ✅ PEC Executor recovered after 1 crash(es)
[2026-03-02 23:59:00] ✅ PEC Executor started (PID will auto-continue)
[2026-03-02 23:59:29] ⚠️  PEC Executor died (crash #1). Restarting...
[2026-03-02 23:59:30] ✅ PEC Executor recovered after 1 crash(es)
[2026-03-02 23:59:31] ✅ PEC Executor started (PID will auto-continue)
[2026-03-03 00:00:00] ⚠️  PEC Executor died (crash #1). Restarting...
[2026-03-03 00:00:01] ✅ PEC Executor recovered after 1 crash(es)
[2026-03-03 00:00:02] ✅ PEC Executor started (PID will auto-continue)
[2026-03-03 00:00:30] ⚠️  PEC Executor died (crash #1). Restarting...
[2026-03-03 00:00:32] ✅ PEC Executor recovered after 1 crash(es)
[2026-03-03 00:00:32] ✅ PEC Executor started (PID will auto-continue)
[2026-03-03 00:01:01] ⚠️  PEC Executor died (crash #1). Restarting...
[2026-03-03 00:01:02] ✅ PEC Executor recovered after 1 crash(es)
[2026-03-03 00:01:03] ✅ PEC Executor started (PID will auto-continue)
[2026-03-03 00:01:32] ⚠️  PEC Executor died (crash #1). Restarting...
[2026-03-03 00:01:33] ✅ PEC Executor recovered after 1 crash(es)
[2026-03-03 00:01:34] ✅ PEC Executor started (PID will auto-continue)
[2026-03-03 00:02:02] ⚠️  PEC Executor died (crash #1). Restarting...
[2026-03-03 00:02:04] ✅ PEC Executor recovered after 1 crash(es)
[2026-03-03 00:02:04] ✅ PEC Executor started (PID will auto-continue)
[2026-03-03 00:02:33] ⚠️  PEC Executor died (crash #1). Restarting...
[2026-03-03 00:02:34] ✅ PEC Executor recovered after 1 crash(es)
[2026-03-03 00:02:35] ✅ PEC Executor started (PID will auto-continue)
[2026-03-03 00:03:04] ⚠️  PEC Executor died (crash #1). Restarting...
[2026-03-03 00:03:05] ✅ PEC Executor recovered after 1 crash(es)
[2026-03-03 00:03:06] ✅ PEC Executor started (PID will auto-continue)
[2026-03-03 00:03:34] ⚠️  PEC Executor died (crash #1). Restarting...
[2026-03-03 00:03:36] ✅ PEC Executor recovered after 1 crash(es)
[2026-03-03 00:03:36] ✅ PEC Executor started (PID will auto-continue)
[2026-03-03 00:04:05] ⚠️  PEC Executor died (crash #1). Restarting...
[2026-03-03 00:04:06] ✅ PEC Executor recovered after 1 crash(es)
[2026-03-03 00:04:07] ✅ PEC Executor started (PID will auto-continue)
[2026-03-03 00:04:35] ⚠️  PEC Executor died (crash #1). Restarting...
[2026-03-03 00:04:37] ✅ PEC Executor recovered after 1 crash(es)
[2026-03-03 00:04:37] ✅ PEC Executor started (PID will auto-continue)
[2026-03-03 00:05:06] ⚠️  PEC Executor died (crash #1). Restarting...
[2026-03-03 00:05:07] ✅ PEC Executor recovered after 1 crash(es)
[2026-03-03 00:05:08] ✅ PEC Executor started (PID will auto-continue)
[2026-03-03 00:05:37] ⚠️  PEC Executor died (crash #1). Restarting...
[2026-03-03 00:05:38] ✅ PEC Executor recovered after 1 crash(es)
[2026-03-03 00:05:39] ✅ PEC Executor started (PID will auto-continue)
[2026-03-03 00:06:07] ⚠️  PEC Executor died (crash #1). Restarting...
[2026-03-03 00:06:09] ✅ PEC Executor recovered after 1 crash(es)
[2026-03-03 00:06:09] ✅ PEC Executor started (PID will auto-continue)
[2026-03-03 00:06:38] ⚠️  PEC Executor died (crash #1). Restarting...
[2026-03-03 00:06:39] ✅ PEC Executor recovered after 1 crash(es)
[2026-03-03 00:06:40] ✅ PEC Executor started (PID will auto-continue)
[2026-03-03 00:07:09] ⚠️  PEC Executor died (crash #1). Restarting...
[2026-03-03 00:07:10] ✅ PEC Executor recovered after 1 crash(es)
[2026-03-03 00:07:11] ✅ PEC Executor started (PID will auto-continue)
[2026-03-03 00:07:39] ⚠️  PEC Executor died (crash #1). Restarting...
[2026-03-03 00:07:41] ✅ PEC Executor recovered after 1 crash(es)
[2026-03-03 00:07:41] ✅ PEC Executor started (PID will auto-continue)
[2026-03-03 00:08:10] ⚠️  PEC Executor died (crash #1). Restarting...
[2026-03-03 00:08:11] ✅ PEC Executor recovered after 1 crash(es)
[2026-03-03 00:08:12] ✅ PEC Executor started (PID will auto-continue)
[2026-03-03 00:08:40] ⚠️  PEC Executor died (crash #1). Restarting...
[2026-03-03 00:08:42] ✅ PEC Executor recovered after 1 crash(es)
[2026-03-03 00:08:42] ✅ PEC Executor started (PID will auto-continue)
[2026-03-03 00:09:11] ⚠️  PEC Executor died (crash #1). Restarting...
[2026-03-03 00:09:12] ✅ PEC Executor recovered after 1 crash(es)
[2026-03-03 00:09:13] ✅ PEC Executor started (PID will auto-continue)
[2026-03-03 00:09:42] ⚠️  PEC Executor died (crash #1). Restarting...
[2026-03-03 00:09:43] ✅ PEC Executor recovered after 1 crash(es)
[2026-03-03 00:09:44] ✅ PEC Executor started (PID will auto-continue)
[2026-03-03 00:10:12] ⚠️  PEC Executor died (crash #1). Restarting...
[2026-03-03 00:10:14] ✅ PEC Executor recovered after 1 crash(es)
[2026-03-03 00:10:14] ✅ PEC Executor started (PID will auto-continue)
[2026-03-03 00:10:42] ⚠️  PEC Executor died (crash #1). Restarting...
[2026-03-03 00:10:44] ✅ PEC Executor recovered after 1 crash(es)
[2026-03-03 00:10:45] ✅ PEC Executor started (PID will auto-continue)
[2026-03-03 00:11:14] ⚠️  PEC Executor died (crash #1). Restarting...
[2026-03-03 00:11:15] ✅ PEC Executor recovered after 1 crash(es)
[2026-03-03 00:11:16] ✅ PEC Executor started (PID will auto-continue)
[2026-03-03 00:11:44] ⚠️  PEC Executor died (crash #1). Restarting...
[2026-03-03 00:11:46] ✅ PEC Executor recovered after 1 crash(es)
[2026-03-03 00:11:46] ✅ PEC Executor started (PID will auto-continue)
[2026-03-03 00:12:15] ⚠️  PEC Executor died (crash #1). Restarting...
[2026-03-03 00:12:16] ✅ PEC Executor recovered after 1 crash(es)
[2026-03-03 00:12:17] ✅ PEC Executor started (PID will auto-continue)
[2026-03-03 00:12:45] ⚠️  PEC Executor died (crash #1). Restarting...
[2026-03-03 00:12:47] ✅ PEC Executor recovered after 1 crash(es)
[2026-03-03 00:12:47] ✅ PEC Executor started (PID will auto-continue)
[2026-03-03 00:13:16] ⚠️  PEC Executor died (crash #1). Restarting...
[2026-03-03 00:13:17] ✅ PEC Executor recovered after 1 crash(es)
[2026-03-03 00:13:18] ✅ PEC Executor started (PID will auto-continue)
[2026-03-03 00:13:46] ⚠️  PEC Executor died (crash #1). Restarting...
[2026-03-03 00:13:48] ✅ PEC Executor recovered after 1 crash(es)
[2026-03-03 00:13:48] ✅ PEC Executor started (PID will auto-continue)
[2026-03-03 00:14:17] ⚠️  PEC Executor died (crash #1). Restarting...
[2026-03-03 00:14:19] ✅ PEC Executor recovered after 1 crash(es)
[2026-03-03 00:14:19] ✅ PEC Executor started (PID will auto-continue)
[2026-03-03 00:14:47] ⚠️  PEC Executor died (crash #1). Restarting...
[2026-03-03 00:14:49] ✅ PEC Executor recovered after 1 crash(es)
[2026-03-03 00:14:49] ✅ PEC Executor started (PID will auto-continue)
[2026-03-03 00:15:18] ⚠️  PEC Executor died (crash #1). Restarting...
[2026-03-03 00:15:19] ✅ PEC Executor recovered after 1 crash(es)
[2026-03-03 00:15:20] ✅ PEC Executor started (PID will auto-continue)
[2026-03-03 00:15:49] ⚠️  PEC Executor died (crash #1). Restarting...
[2026-03-03 00:15:50] ✅ PEC Executor recovered after 1 crash(es)
[2026-03-03 00:15:51] ✅ PEC Executor started (PID will auto-continue)
[2026-03-03 00:16:19] ⚠️  PEC Executor died (crash #1). Restarting...
[2026-03-03 00:16:21] ✅ PEC Executor recovered after 1 crash(es)
[2026-03-03 00:16:22] ✅ PEC Executor started (PID will auto-continue)
[2026-03-03 00:16:50] ⚠️  PEC Executor died (crash #1). Restarting...
[2026-03-03 00:16:52] ✅ PEC Executor recovered after 1 crash(es)
[2026-03-03 00:16:52] ✅ PEC Executor started (PID will auto-continue)
[2026-03-03 00:17:21] ⚠️  PEC Executor died (crash #1). Restarting...
[2026-03-03 00:17:22] ✅ PEC Executor recovered after 1 crash(es)
[2026-03-03 00:17:23] ✅ PEC Executor started (PID will auto-continue)
[2026-03-03 00:17:51] ⚠️  PEC Executor died (crash #1). Restarting...
[2026-03-03 00:17:53] ✅ PEC Executor recovered after 1 crash(es)
[2026-03-03 00:17:53] ✅ PEC Executor started (PID will auto-continue)
[2026-03-03 00:18:22] ⚠️  PEC Executor died (crash #1). Restarting...
[2026-03-03 00:18:23] ✅ PEC Executor recovered after 1 crash(es)
[2026-03-03 00:18:24] ✅ PEC Executor started (PID will auto-continue)
[2026-03-03 00:18:52] ⚠️  PEC Executor died (crash #1). Restarting...
[2026-03-03 00:18:54] ✅ PEC Executor recovered after 1 crash(es)
[2026-03-03 00:18:54] ✅ PEC Executor started (PID will auto-continue)
[2026-03-03 00:19:23] ⚠️  PEC Executor died (crash #1). Restarting...
[2026-03-03 00:19:24] ✅ PEC Executor recovered after 1 crash(es)
[2026-03-03 00:19:25] ✅ PEC Executor started (PID will auto-continue)
[2026-03-03 00:19:54] ⚠️  PEC Executor died (crash #1). Restarting...
[2026-03-03 00:19:55] ✅ PEC Executor recovered after 1 crash(es)
[2026-03-03 00:19:56] ✅ PEC Executor started (PID will auto-continue)
[2026-03-03 00:20:24] ⚠️  PEC Executor died (crash #1). Restarting...
[2026-03-03 00:20:26] ✅ PEC Executor recovered after 1 crash(es)
[2026-03-03 00:20:26] ✅ PEC Executor started (PID will auto-continue)
[2026-03-03 00:20:55] ⚠️  PEC Executor died (crash #1). Restarting...
[2026-03-03 00:20:56] ✅ PEC Executor recovered after 1 crash(es)
[2026-03-03 00:20:57] ✅ PEC Executor started (PID will auto-continue)
[2026-03-03 00:21:26] ⚠️  PEC Executor died (crash #1). Restarting...
[2026-03-03 00:21:27] ✅ PEC Executor recovered after 1 crash(es)
[2026-03-03 00:21:28] ✅ PEC Executor started (PID will auto-continue)
[2026-03-03 00:21:56] ⚠️  PEC Executor died (crash #1). Restarting...
[2026-03-03 00:21:58] ✅ PEC Executor recovered after 1 crash(es)
[2026-03-03 00:21:58] ✅ PEC Executor started (PID will auto-continue)
[2026-03-03 00:22:27] ⚠️  PEC Executor died (crash #1). Restarting...
[2026-03-03 00:22:28] ✅ PEC Executor recovered after 1 crash(es)
[2026-03-03 00:22:29] ✅ PEC Executor started (PID will auto-continue)
[2026-03-03 00:22:57] ⚠️  PEC Executor died (crash #1). Restarting...
[2026-03-03 00:22:59] ✅ PEC Executor recovered after 1 crash(es)
[2026-03-03 00:22:59] ✅ PEC Executor started (PID will auto-continue)
[2026-03-03 00:23:28] ⚠️  PEC Executor died (crash #1). Restarting...
[2026-03-03 00:23:29] ✅ PEC Executor recovered after 1 crash(es)
[2026-03-03 00:23:30] ✅ PEC Executor started (PID will auto-continue)
[2026-03-03 00:23:59] ⚠️  PEC Executor died (crash #1). Restarting...
[2026-03-03 00:24:00] ✅ PEC Executor recovered after 1 crash(es)
[2026-03-03 00:24:01] ✅ PEC Executor started (PID will auto-continue)
[2026-03-03 00:24:29] ⚠️  PEC Executor died (crash #1). Restarting...
[2026-03-03 00:24:31] ✅ PEC Executor recovered after 1 crash(es)
[2026-03-03 00:24:31] ✅ PEC Executor started (PID will auto-continue)
[2026-03-03 00:25:00] ⚠️  PEC Executor died (crash #1). Restarting...
[2026-03-03 00:25:01] ✅ PEC Executor recovered after 1 crash(es)
[2026-03-03 00:25:02] ✅ PEC Executor started (PID will auto-continue)
[2026-03-03 00:25:31] ⚠️  PEC Executor died (crash #1). Restarting...
[2026-03-03 00:25:32] ✅ PEC Executor recovered after 1 crash(es)
[2026-03-03 00:25:33] ✅ PEC Executor started (PID will auto-continue)
[2026-03-03 00:26:01] ⚠️  PEC Executor died (crash #1). Restarting...
[2026-03-03 00:26:03] ✅ PEC Executor recovered after 1 crash(es)
[2026-03-03 00:26:03] ✅ PEC Executor started (PID will auto-continue)
[2026-03-03 00:26:32] ⚠️  PEC Executor died (crash #1). Restarting...
[2026-03-03 00:26:33] ✅ PEC Executor recovered after 1 crash(es)
[2026-03-03 00:26:34] ✅ PEC Executor started (PID will auto-continue)
[2026-03-03 00:27:02] ⚠️  PEC Executor died (crash #1). Restarting...
[2026-03-03 00:27:04] ✅ PEC Executor recovered after 1 crash(es)
[2026-03-03 00:27:04] ✅ PEC Executor started (PID will auto-continue)
[2026-03-03 00:27:33] ⚠️  PEC Executor died (crash #1). Restarting...
[2026-03-03 00:27:34] ✅ PEC Executor recovered after 1 crash(es)
[2026-03-03 00:27:35] ✅ PEC Executor started (PID will auto-continue)
[2026-03-03 00:28:04] ⚠️  PEC Executor died (crash #1). Restarting...
[2026-03-03 00:28:06] ✅ PEC Executor recovered after 1 crash(es)
[2026-03-03 00:28:06] ✅ PEC Executor started (PID will auto-continue)
[2026-03-03 00:28:34] ⚠️  PEC Executor died (crash #1). Restarting...
[2026-03-03 00:28:36] ✅ PEC Executor recovered after 1 crash(es)
[2026-03-03 00:28:36] ✅ PEC Executor started (PID will auto-continue)
[2026-03-03 00:29:04] ⚠️  PEC Executor died (crash #1). Restarting...
[2026-03-03 00:29:06] ✅ PEC Executor recovered after 1 crash(es)
[2026-03-03 00:29:06] ✅ PEC Executor started (PID will auto-continue)
[2026-03-03 00:29:36] ⚠️  PEC Executor died (crash #1). Restarting...
[2026-03-03 00:29:37] ✅ PEC Executor recovered after 1 crash(es)
[2026-03-03 00:29:38] ✅ PEC Executor started (PID will auto-continue)
[2026-03-03 00:30:06] ⚠️  PEC Executor died (crash #1). Restarting...
[2026-03-03 00:30:08] ✅ PEC Executor recovered after 1 crash(es)
[2026-03-03 00:30:08] ✅ PEC Executor started (PID will auto-continue)
[2026-03-03 00:30:37] ⚠️  PEC Executor died (crash #1). Restarting...
[2026-03-03 00:30:38] ✅ PEC Executor recovered after 1 crash(es)
[2026-03-03 00:30:39] ✅ PEC Executor started (PID will auto-continue)
[2026-03-03 00:31:07] ⚠️  PEC Executor died (crash #1). Restarting...
[2026-03-03 00:31:09] ✅ PEC Executor recovered after 1 crash(es)
[2026-03-03 00:31:09] ✅ PEC Executor started (PID will auto-continue)
[2026-03-03 00:31:38] ⚠️  PEC Executor died (crash #1). Restarting...
[2026-03-03 00:31:39] ✅ PEC Executor recovered after 1 crash(es)
[2026-03-03 00:31:40] ✅ PEC Executor started (PID will auto-continue)
[2026-03-03 00:32:09] ⚠️  PEC Executor died (crash #1). Restarting...
[2026-03-03 00:32:10] ✅ PEC Executor recovered after 1 crash(es)
[2026-03-03 00:32:11] ✅ PEC Executor started (PID will auto-continue)
[2026-03-03 00:32:39] ⚠️  PEC Executor died (crash #1). Restarting...
[2026-03-03 00:32:41] ✅ PEC Executor recovered after 1 crash(es)
[2026-03-03 00:32:41] ✅ PEC Executor started (PID will auto-continue)
[2026-03-03 00:33:09] ⚠️  PEC Executor died (crash #1). Restarting...
[2026-03-03 00:33:11] ✅ PEC Executor recovered after 1 crash(es)
[2026-03-03 00:33:11] ✅ PEC Executor started (PID will auto-continue)
[2026-03-03 00:33:41] ⚠️  PEC Executor died (crash #1). Restarting...
[2026-03-03 00:33:42] ✅ PEC Executor recovered after 1 crash(es)
[2026-03-03 00:33:43] ✅ PEC Executor started (PID will auto-continue)
[2026-03-03 00:34:11] ⚠️  PEC Executor died (crash #1). Restarting...
[2026-03-03 00:34:13] ✅ PEC Executor recovered after 1 crash(es)
[2026-03-03 00:34:13] ✅ PEC Executor started (PID will auto-continue)
[2026-03-03 00:34:42] ⚠️  PEC Executor died (crash #1). Restarting...
[2026-03-03 00:34:44] ✅ PEC Executor recovered after 1 crash(es)
[2026-03-03 00:34:44] ✅ PEC Executor started (PID will auto-continue)
[2026-03-03 00:35:12] ⚠️  PEC Executor died (crash #1). Restarting...
[2026-03-03 00:35:14] ✅ PEC Executor recovered after 1 crash(es)
[2026-03-03 00:35:14] ✅ PEC Executor started (PID will auto-continue)
[2026-03-03 00:35:43] ⚠️  PEC Executor died (crash #1). Restarting...
[2026-03-03 00:35:44] ✅ PEC Executor recovered after 1 crash(es)
[2026-03-03 00:35:45] ✅ PEC Executor started (PID will auto-continue)
[2026-03-03 00:36:14] ⚠️  PEC Executor died (crash #1). Restarting...
[2026-03-03 00:36:15] ✅ PEC Executor recovered after 1 crash(es)
[2026-03-03 00:36:16] ✅ PEC Executor started (PID will auto-continue)
[2026-03-03 00:36:44] ⚠️  PEC Executor died (crash #1). Restarting...
[2026-03-03 00:36:46] ✅ PEC Executor recovered after 1 crash(es)
[2026-03-03 00:36:46] ✅ PEC Executor started (PID will auto-continue)
[2026-03-03 00:37:14] ⚠️  PEC Executor died (crash #1). Restarting...
[2026-03-03 00:37:16] ✅ PEC Executor started (PID will auto-continue)
[2026-03-03 00:37:16] ✅ PEC Executor recovered after 1 crash(es)
[2026-03-03 00:37:46] ⚠️  PEC Executor died (crash #1). Restarting...
[2026-03-03 00:37:46] ✅ PEC Executor recovered after 1 crash(es)
[2026-03-03 00:37:48] ✅ PEC Executor started (PID will auto-continue)
[2026-03-03 00:38:16] ⚠️  PEC Executor died (crash #1). Restarting...
[2026-03-03 00:38:18] ✅ PEC Executor recovered after 1 crash(es)
[2026-03-03 00:38:18] ✅ PEC Executor started (PID will auto-continue)
[2026-03-03 00:38:46] ⚠️  PEC Executor died (crash #1). Restarting...
[2026-03-03 00:38:48] ✅ PEC Executor recovered after 1 crash(es)
[2026-03-03 00:38:48] ✅ PEC Executor started (PID will auto-continue)
[2026-03-03 00:39:17] ⚠️  PEC Executor died (crash #1). Restarting...
[2026-03-03 00:39:18] ✅ PEC Executor recovered after 1 crash(es)
[2026-03-03 00:39:19] ✅ PEC Executor started (PID will auto-continue)
[2026-03-03 00:39:48] ⚠️  PEC Executor died (crash #1). Restarting...
[2026-03-03 00:39:49] ✅ PEC Executor recovered after 1 crash(es)
[2026-03-03 00:39:50] ✅ PEC Executor started (PID will auto-continue)
[2026-03-03 00:40:18] ⚠️  PEC Executor died (crash #1). Restarting...
[2026-03-03 00:40:20] ✅ PEC Executor recovered after 1 crash(es)
[2026-03-03 00:40:20] ✅ PEC Executor started (PID will auto-continue)
[2026-03-03 00:40:49] ⚠️  PEC Executor died (crash #1). Restarting...
[2026-03-03 00:40:50] ✅ PEC Executor recovered after 1 crash(es)
[2026-03-03 00:40:51] ✅ PEC Executor started (PID will auto-continue)
[2026-03-03 00:41:19] ⚠️  PEC Executor died (crash #1). Restarting...
[2026-03-03 00:41:21] ✅ PEC Executor recovered after 1 crash(es)
[2026-03-03 00:41:21] ✅ PEC Executor started (PID will auto-continue)
[2026-03-03 00:41:50] ⚠️  PEC Executor died (crash #1). Restarting...
[2026-03-03 00:41:51] ✅ PEC Executor recovered after 1 crash(es)
[2026-03-03 00:41:52] ✅ PEC Executor started (PID will auto-continue)
[2026-03-03 00:42:21] ⚠️  PEC Executor died (crash #1). Restarting...
[2026-03-03 00:42:22] ✅ PEC Executor recovered after 1 crash(es)
[2026-03-03 00:42:23] ✅ PEC Executor started (PID will auto-continue)
[2026-03-03 00:42:51] ⚠️  PEC Executor died (crash #1). Restarting...
[2026-03-03 00:42:53] ✅ PEC Executor recovered after 1 crash(es)
[2026-03-03 00:42:53] ✅ PEC Executor started (PID will auto-continue)
[2026-03-03 00:43:21] ⚠️  PEC Executor died (crash #1). Restarting...
[2026-03-03 00:43:23] ✅ PEC Executor recovered after 1 crash(es)
[2026-03-03 00:43:23] ✅ PEC Executor started (PID will auto-continue)
[2026-03-03 00:43:52] ⚠️  PEC Executor died (crash #1). Restarting...
[2026-03-03 00:43:54] ✅ PEC Executor recovered after 1 crash(es)
[2026-03-03 00:43:54] ✅ PEC Executor started (PID will auto-continue)
[2026-03-03 00:44:23] ⚠️  PEC Executor died (crash #1). Restarting...
[2026-03-03 00:44:25] ✅ PEC Executor recovered after 1 crash(es)
[2026-03-03 00:44:25] ✅ PEC Executor started (PID will auto-continue)
[2026-03-03 00:44:53] ⚠️  PEC Executor died (crash #1). Restarting...
[2026-03-03 00:44:55] ✅ PEC Executor recovered after 1 crash(es)
[2026-03-03 00:44:55] ✅ PEC Executor started (PID will auto-continue)
[2026-03-03 00:45:24] ⚠️  PEC Executor died (crash #1). Restarting...
[2026-03-03 00:45:25] ✅ PEC Executor recovered after 1 crash(es)
[2026-03-03 00:45:26] ✅ PEC Executor started (PID will auto-continue)
[2026-03-03 00:45:55] ⚠️  PEC Executor died (crash #1). Restarting...
[2026-03-03 00:45:56] ✅ PEC Executor recovered after 1 crash(es)
[2026-03-03 00:45:57] ✅ PEC Executor started (PID will auto-continue)
[2026-03-03 00:46:25] ⚠️  PEC Executor died (crash #1). Restarting...
[2026-03-03 00:46:27] ✅ PEC Executor recovered after 1 crash(es)
[2026-03-03 00:46:27] ✅ PEC Executor started (PID will auto-continue)
[2026-03-03 00:46:56] ⚠️  PEC Executor died (crash #1). Restarting...
[2026-03-03 00:46:57] ✅ PEC Executor recovered after 1 crash(es)
[2026-03-03 00:46:58] ✅ PEC Executor started (PID will auto-continue)
[2026-03-03 00:47:26] ⚠️  PEC Executor died (crash #1). Restarting...
[2026-03-03 00:47:28] ✅ PEC Executor recovered after 1 crash(es)
[2026-03-03 00:47:28] ✅ PEC Executor started (PID will auto-continue)
[2026-03-03 00:47:57] ⚠️  PEC Executor died (crash #1). Restarting...
[2026-03-03 00:47:58] ✅ PEC Executor recovered after 1 crash(es)
[2026-03-03 00:47:59] ✅ PEC Executor started (PID will auto-continue)
[2026-03-03 00:48:28] ⚠️  PEC Executor died (crash #1). Restarting...
[2026-03-03 00:48:29] ✅ PEC Executor recovered after 1 crash(es)
[2026-03-03 00:48:30] ✅ PEC Executor started (PID will auto-continue)
[2026-03-03 00:48:58] ⚠️  PEC Executor died (crash #1). Restarting...
[2026-03-03 00:49:00] ✅ PEC Executor recovered after 1 crash(es)
[2026-03-03 00:49:01] ✅ PEC Executor started (PID will auto-continue)
[2026-03-03 00:49:29] ⚠️  PEC Executor died (crash #1). Restarting...
[2026-03-03 00:49:31] ✅ PEC Executor started (PID will auto-continue)
[2026-03-03 00:49:31] ✅ PEC Executor recovered after 1 crash(es)
[2026-03-03 00:50:00] ⚠️  PEC Executor died (crash #1). Restarting...
[2026-03-03 00:50:01] ✅ PEC Executor recovered after 1 crash(es)
[2026-03-03 00:50:02] ✅ PEC Executor started (PID will auto-continue)
[2026-03-03 00:50:30] ⚠️  PEC Executor died (crash #1). Restarting...
[2026-03-03 00:50:32] ✅ PEC Executor recovered after 1 crash(es)
[2026-03-03 00:50:33] ✅ PEC Executor started (PID will auto-continue)
[2026-03-03 00:51:01] ⚠️  PEC Executor died (crash #1). Restarting...
[2026-03-03 00:51:03] ✅ PEC Executor recovered after 1 crash(es)
[2026-03-03 00:51:03] ✅ PEC Executor started (PID will auto-continue)
[2026-03-03 00:51:31] ⚠️  PEC Executor died (crash #1). Restarting...
[2026-03-03 00:51:33] ✅ PEC Executor recovered after 1 crash(es)
[2026-03-03 00:51:33] ✅ PEC Executor started (PID will auto-continue)
[2026-03-03 00:52:02] ⚠️  PEC Executor died (crash #1). Restarting...
[2026-03-03 00:52:03] ✅ PEC Executor recovered after 1 crash(es)
[2026-03-03 00:52:04] ✅ PEC Executor started (PID will auto-continue)
[2026-03-03 00:52:33] ⚠️  PEC Executor died (crash #1). Restarting...
[2026-03-03 00:52:35] ✅ PEC Executor recovered after 1 crash(es)
[2026-03-03 00:52:35] ✅ PEC Executor started (PID will auto-continue)
