[INFO] main.py script started.
/Users/geniustarigan/Library/Python/3.9/lib/python/site-packages/urllib3/__init__.py:35: NotOpenSSLWarning: urllib3 v2 only supports OpenSSL 1.1.1+, currently the 'ssl' module is compiled with 'LibreSSL 2.8.3'. See: https://github.com/urllib3/urllib3/issues/3020
  warnings.warn(
[PEC_CONFIG] MIN_ACCEPTED_RR = 1.25:1
[PEC_CONFIG] Validation complete
[INIT] Signal store ready: /Users/geniustarigan/.openclaw/workspace/smart-filter-v14-main/signals_fired.jsonl
[INIT] Sent signal tracker ready: /Users/geniustarigan/.openclaw/workspace/smart-filter-v14-main/SENT_SIGNALS.jsonl
[INIT] Signal tracker ready: /Users/geniustarigan/.openclaw/workspace/smart-filter-v14-main/signal_status.jsonl
>>> ENTERED main.py - LIVE SIGNAL MODE
>>> For PEC backtesting, run: python3 run_pec_backtest.py
>>> For historical backtest, run: python3 backtest_real.py
[INFO] Starting Smart Filter engine (LIVE MODE)...

[CYCLE] START at 2026-02-25T07:35:52.171224 (wall: 2026-02-25T14:35:52.171348)
[INFO] Starting Smart Filter cycle (single pass)...
[SUMMARY] Market regime detected: BULL
[BTC-USDT] analyze() start @ 2026-02-25T07:35:53.118175
[SUMMARY] Reversal decision: NONE
[BTC-USDT] [TREND] Signal: SHORT | long_met=2, short_met=7
[BTC-USDT] [MACD] Signal: SHORT | long_met=0, short_met=3
[BTC-USDT] [Momentum] Signal: SHORT | long_met=1, short_met=2
[BTC-USDT] [HH/LL Trend] Function called
[BTC-USDT] [HH/LL Trend] Values | high=65188.1, high_prev=65188.3, low=65068.2, low_prev=65006.4, close=65068.2, close_prev=65110.0
[BTC-USDT] [HH/LL Trend] Conditions | cond1_long=False, cond2_long=True, cond3_long=False, cond1_short=False, cond2_short=True, cond3_short=True
[BTC-USDT] [HH/LL Trend] Met Counts | long_met=1, short_met=2
[BTC-USDT] [HH/LL Trend] Signal: SHORT | long_met=1, short_met=2, hh=65188.1, ll=65068.2
[BTC-USDT] [Chop Zone Check] Market too choppy (chop_zone=53.65 >= 40)
[BTC-USDT] [Volatility Model] Signal: SHORT | long_met=1, short_met=4, volatility={'atr': 215.05714285714515, 'atr_prev': 235.57142857143066, 'atr_ma': 262.35408163265333, 'close': 65068.2, 'close_prev': 65110.0, 'atr_vs_ma': -47.29693877550818, 'atr_vs_prev': -20.514285714285506, 'volume': 21.96794738, 'volume_ma': 43.280572011000004, 'min_atr_diff': 0.1}
[BTC-USDT] [ATR Momentum Burst] No signal fired | long_met=1, short_met=0, min_cond=2, atr=[215.05714285714515, 235.57142857143066], momentum=[-0.0641990477653247, 0.1271773547417732]
[BTC-USDT] [Volatility Squeeze] No signal fired | long_met=0, short_met=1, min_cond=2, squeeze={'bb_width': 1275.0314507576113, 'kc_width': 645.1714285714334, 'bb_width_prev': 1381.8073418914937, 'kc_width_prev': 706.7142857142899, 'squeeze_firing': False, 'squeeze_diff': 629.860022186178, 'min_squeeze_diff': 0.05}, volatility={'close': 65068.2, 'close_prev': 65110.0, 'volume': 21.96794738, 'volume_prev': 63.33861234, 'volume_ma': 43.280572011000004}
[BTC-USDT] [Diagnostic] Skipping SuperGK decision inside analyze(); main.py will perform canonical SuperGK.
[SUMMARY] Reversal decision: NONE
[SUMMARY] Market regime detected: BULL
[SUMMARY] Market regime detected: BULL
[BTC-USDT] analyze() start @ 2026-02-25T07:35:53.146271
[SUMMARY] Reversal decision: NONE
[BTC-USDT] [TREND] Signal: LONG | long_met=7, short_met=2
[BTC-USDT] [MACD] Signal: SHORT | long_met=0, short_met=4
[BTC-USDT] [HH/LL Trend] Function called
[BTC-USDT] [HH/LL Trend] Values | high=65188.1, high_prev=65188.3, low=65068.2, low_prev=64781.2, close=65068.2, close_prev=65110.0
[BTC-USDT] [HH/LL Trend] Conditions | cond1_long=False, cond2_long=True, cond3_long=False, cond1_short=False, cond2_short=True, cond3_short=True
[BTC-USDT] [HH/LL Trend] Met Counts | long_met=1, short_met=2
[BTC-USDT] [HH/LL Trend] Signal: SHORT | long_met=1, short_met=2, hh=65188.1, ll=65068.2
[BTC-USDT] [Chop Zone Check] Market too choppy (chop_zone=41.35 >= 40)
[BTC-USDT] [Volatility Model] Signal: SHORT | long_met=2, short_met=3, volatility={'atr': 477.2857142857148, 'atr_prev': 494.57142857142907, 'atr_ma': 459.64183673469336, 'close': 65068.2, 'close_prev': 65110.0, 'atr_vs_ma': 17.643877551021433, 'atr_vs_prev': -17.285714285714278, 'volume': 21.96794738, 'volume_ma': 90.973223349, 'min_atr_diff': 0.1}
[BTC-USDT] [ATR Momentum Burst] No signal fired | long_met=0, short_met=0, min_cond=2, atr=[477.2857142857148, 494.57142857142907], momentum=[-0.0641990477653247, 0.3340873928239059]
[BTC-USDT] [Volatility Squeeze] No signal fired | long_met=0, short_met=1, min_cond=2, squeeze={'bb_width': 2840.169763643622, 'kc_width': 1431.8571428571377, 'bb_width_prev': 2973.8020872807756, 'kc_width_prev': 1483.7142857142826, 'squeeze_firing': False, 'squeeze_diff': 1408.3126207864843, 'min_squeeze_diff': 0.05}, volatility={'close': 65068.2, 'close_prev': 65110.0, 'volume': 21.96794738, 'volume_prev': 104.08537671, 'volume_ma': 90.973223349}
[BTC-USDT] [Diagnostic] Skipping SuperGK decision inside analyze(); main.py will perform canonical SuperGK.
[SUMMARY] Reversal decision: NONE
[SUMMARY] Market regime detected: BULL
[SUMMARY] Market regime detected: BEAR
[BTC-USDT] analyze() start @ 2026-02-25T07:35:53.173259
[SUMMARY] Reversal decision: NONE
[BTC-USDT] [TREND] Signal: LONG | long_met=10, short_met=2
[BTC-USDT] [Momentum] Signal: LONG | long_met=3, short_met=0
[BTC-USDT] [HH/LL Trend] Function called
[BTC-USDT] [HH/LL Trend] Values | high=65188.3, high_prev=65119.6, low=64781.2, low_prev=64861.9, close=65066.3, close_prev=64893.1
[BTC-USDT] [HH/LL Trend] Conditions | cond1_long=True, cond2_long=False, cond3_long=True, cond1_short=True, cond2_short=False, cond3_short=False
[BTC-USDT] [HH/LL Trend] Met Counts | long_met=2, short_met=1
[BTC-USDT] [HH/LL Trend] Signal: LONG | long_met=2, short_met=1, hh=65188.3, ll=64781.2
[BTC-USDT] [Chop Zone Check] Market too choppy (chop_zone=44.53 >= 40)
[BTC-USDT] [Volatility Model] Signal: LONG | long_met=3, short_met=2, volatility={'atr': 583.4000000000004, 'atr_prev': 587.8500000000001, 'atr_ma': 572.4275510204085, 'close': 65066.3, 'close_prev': 64893.1, 'atr_vs_ma': 10.972448979591945, 'atr_vs_prev': -4.449999999999704, 'volume': 126.05364409, 'volume_ma': 226.24103653694988, 'min_atr_diff': 0.1}
[BTC-USDT] [ATR Momentum Burst] No signal fired | long_met=0, short_met=0, min_cond=2, atr=[583.4000000000004, 587.8500000000001], momentum=[0.2667459764659561, 0.018957842689972432]
[BTC-USDT] [Volatility Squeeze] Signal: LONG | long_met=2, short_met=1, min_cond=2, squeeze={'bb_width': 3333.1486526453737, 'kc_width': 1750.199999999997, 'bb_width_prev': 3451.148158298398, 'kc_width_prev': 1763.550000000003, 'squeeze_firing': False, 'squeeze_diff': 1582.9486526453766, 'min_squeeze_diff': 0.05}, volatility={'close': 65066.3, 'close_prev': 64893.1, 'volume': 126.05364409, 'volume_prev': 124.54783796, 'volume_ma': 226.24103653694988}
[BTC-USDT] [Diagnostic] Skipping SuperGK decision inside analyze(); main.py will perform canonical SuperGK.
[SUMMARY] Reversal decision: NONE
[SUMMARY] Market regime detected: BEAR
[SUMMARY] Market regime detected: BULL
[ETH-USDT] analyze() start @ 2026-02-25T07:35:53.912020
[SUMMARY] Reversal decision: NONE
[ETH-USDT] [TREND] Signal: SHORT | long_met=3, short_met=6
[ETH-USDT] [MACD] Signal: SHORT | long_met=1, short_met=3
[ETH-USDT] [Momentum] Signal: LONG | long_met=2, short_met=1
[ETH-USDT] [HH/LL Trend] Function called
[ETH-USDT] [HH/LL Trend] Values | high=1895.19, high_prev=1893.73, low=1891.67, low_prev=1887.4, close=1891.88, close_prev=1891.87
[ETH-USDT] [HH/LL Trend] Conditions | cond1_long=True, cond2_long=True, cond3_long=True, cond1_short=False, cond2_short=False, cond3_short=False
[ETH-USDT] [HH/LL Trend] Met Counts | long_met=3, short_met=0
[ETH-USDT] [HH/LL Trend] Signal: LONG | long_met=3, short_met=0, hh=1895.19, ll=1891.67
[ETH-USDT] [Chop Zone Check] Market too choppy (chop_zone=49.94 >= 40)
[ETH-USDT] [Volatility Model] Signal: SHORT | long_met=2, short_met=3, volatility={'atr': 7.7157142857142516, 'atr_prev': 8.347142857142833, 'atr_ma': 9.66178571428571, 'close': 1891.88, 'close_prev': 1891.87, 'atr_vs_ma': -1.9460714285714582, 'atr_vs_prev': -0.6314285714285814, 'volume': 406.5878725, 'volume_ma': 1040.78955387, 'min_atr_diff': 0.1}
[ETH-USDT] [ATR Momentum Burst] No signal fired | long_met=0, short_met=0, min_cond=2, atr=[7.7157142857142516, 8.347142857142833], momentum=[0.0005285775449802724, 0.1842839667653287]
[ETH-USDT] [Volatility Squeeze] No signal fired | long_met=1, short_met=0, min_cond=2, squeeze={'bb_width': 45.433568114135596, 'kc_width': 23.147142857142626, 'bb_width_prev': 49.000932150132485, 'kc_width_prev': 25.041428571428696, 'squeeze_firing': False, 'squeeze_diff': 22.28642525699297, 'min_squeeze_diff': 0.05}, volatility={'close': 1891.88, 'close_prev': 1891.87, 'volume': 406.5878725, 'volume_prev': 973.1399735, 'volume_ma': 1040.78955387}
[ETH-USDT] [Diagnostic] Skipping SuperGK decision inside analyze(); main.py will perform canonical SuperGK.
[SUMMARY] Reversal decision: NONE
[SUMMARY] Market regime detected: BULL
[SUMMARY] Market regime detected: BULL
[ETH-USDT] analyze() start @ 2026-02-25T07:35:53.939392
[SUMMARY] Reversal decision: NONE
[ETH-USDT] [TREND] Signal: LONG | long_met=8, short_met=1
[ETH-USDT] [MACD] Signal: SHORT | long_met=1, short_met=4
[ETH-USDT] [Momentum] Signal: LONG | long_met=3, short_met=1
[ETH-USDT] [HH/LL Trend] Function called
[ETH-USDT] [HH/LL Trend] Values | high=1895.19, high_prev=1893.73, low=1891.67, low_prev=1882.53, close=1891.88, close_prev=1891.87
[ETH-USDT] [HH/LL Trend] Conditions | cond1_long=True, cond2_long=True, cond3_long=True, cond1_short=False, cond2_short=False, cond3_short=False
[ETH-USDT] [HH/LL Trend] Met Counts | long_met=3, short_met=0
[ETH-USDT] [HH/LL Trend] Signal: LONG | long_met=3, short_met=0, hh=1895.19, ll=1891.67
[ETH-USDT] [Chop Zone Check] No signal fired | long_met=1, short_met=1, chop_zone=33.8376833689091, ema9=1893.5485768983283, ema21=1886.7010244976059, adx=19.057350281136895
[ETH-USDT] [Volatility Model] Signal: LONG | long_met=3, short_met=2, volatility={'atr': 17.820714285714303, 'atr_prev': 18.260714285714307, 'atr_ma': 16.44806122448984, 'close': 1891.88, 'close_prev': 1891.87, 'atr_vs_ma': 1.3726530612244616, 'atr_vs_prev': -0.44000000000000483, 'volume': 406.5878725, 'volume_ma': 2220.4721080080003, 'min_atr_diff': 0.1}
[ETH-USDT] [ATR Momentum Burst] No signal fired | long_met=0, short_met=0, min_cond=2, atr=[17.820714285714303, 18.260714285714307], momentum=[0.0005285775449802724, 0.3543409417618296]
[ETH-USDT] [Volatility Squeeze] No signal fired | long_met=1, short_met=0, min_cond=2, squeeze={'bb_width': 104.32083990217825, 'kc_width': 53.462142857143135, 'bb_width_prev': 108.89044723458755, 'kc_width_prev': 54.782142857142844, 'squeeze_firing': False, 'squeeze_diff': 50.858697045035115, 'min_squeeze_diff': 0.05}, volatility={'close': 1891.88, 'close_prev': 1891.87, 'volume': 406.5878725, 'volume_prev': 1869.0236548, 'volume_ma': 2220.4721080080003}
[ETH-USDT] [Diagnostic] Skipping SuperGK decision inside analyze(); main.py will perform canonical SuperGK.
[SUMMARY] Reversal decision: NONE
[SUMMARY] Market regime detected: BULL
[SUMMARY] Market regime detected: BEAR
[ETH-USDT] analyze() start @ 2026-02-25T07:35:53.966301
[SUMMARY] Reversal decision: NONE
[ETH-USDT] [TREND] Signal: LONG | long_met=10, short_met=2
[ETH-USDT] [Momentum] Signal: LONG | long_met=3, short_met=0
[ETH-USDT] [HH/LL Trend] Function called
[ETH-USDT] [HH/LL Trend] Values | high=1895.19, high_prev=1896.34, low=1882.53, low_prev=1885.0, close=1891.71, close_prev=1885.19
[ETH-USDT] [HH/LL Trend] Conditions | cond1_long=False, cond2_long=False, cond3_long=True, cond1_short=True, cond2_short=True, cond3_short=False
[ETH-USDT] [HH/LL Trend] Met Counts | long_met=1, short_met=2
[ETH-USDT] [HH/LL Trend] Signal: SHORT | long_met=1, short_met=2, hh=1895.19, ll=1882.53
[ETH-USDT] [Chop Zone Check] Signal: LONG | long_met=3, short_met=1, chop_zone=38.53081438646421, ema9=1887.8025143249556, ema21=1874.3790556265683, adx=26.04238265667582
[ETH-USDT] [Volatility Model] Signal: LONG | long_met=3, short_met=2, volatility={'atr': 20.01000000000004, 'atr_prev': 20.230000000000036, 'atr_ma': 19.655408163265342, 'close': 1891.71, 'close_prev': 1885.19, 'atr_vs_ma': 0.3545918367346985, 'atr_vs_prev': -0.2199999999999953, 'volume': 2275.6179273, 'volume_ma': 5880.126552027999, 'min_atr_diff': 0.1}
[ETH-USDT] [ATR Momentum Burst] No signal fired | long_met=0, short_met=0, min_cond=2, atr=[20.01000000000004, 20.230000000000036], momentum=[0.345853733575925, -0.1467192101527565]
[ETH-USDT] [Volatility Squeeze] No signal fired | long_met=1, short_met=0, min_cond=2, squeeze={'bb_width': 120.23082324823281, 'kc_width': 60.0300000000002, 'bb_width_prev': 122.9353564148355, 'kc_width_prev': 60.690000000000055, 'squeeze_firing': False, 'squeeze_diff': 60.20082324823261, 'min_squeeze_diff': 0.05}, volatility={'close': 1891.71, 'close_prev': 1885.19, 'volume': 2275.6179273, 'volume_prev': 2675.595081, 'volume_ma': 5880.126552027999}
[ETH-USDT] [Diagnostic] Skipping SuperGK decision inside analyze(); main.py will perform canonical SuperGK.
[SUMMARY] Reversal decision: NONE
[SUMMARY] Market regime detected: BEAR
[SUMMARY] Market regime detected: BULL
[SOL-USDT] analyze() start @ 2026-02-25T07:35:54.737669
[SUMMARY] Reversal decision: NONE
[SOL-USDT] [TREND] Signal: LONG | long_met=13, short_met=1
[SOL-USDT] [MACD] Signal: LONG | long_met=2, short_met=1
[SOL-USDT] [Momentum] Signal: LONG | long_met=3, short_met=1
[SOL-USDT] [HH/LL Trend] Function called
[SOL-USDT] [HH/LL Trend] Values | high=82.41, high_prev=82.39, low=82.16, low_prev=81.83, close=82.18, close_prev=82.17
[SOL-USDT] [HH/LL Trend] Conditions | cond1_long=True, cond2_long=True, cond3_long=True, cond1_short=False, cond2_short=False, cond3_short=False
[SOL-USDT] [HH/LL Trend] Met Counts | long_met=3, short_met=0
[SOL-USDT] [HH/LL Trend] Signal: LONG | long_met=3, short_met=0, hh=82.41, ll=82.16
[SOL-USDT] [Chop Zone Check] Market too choppy (chop_zone=57.95 >= 40)
[SOL-USDT] [Volatility Model] No signal fired | long_met=2, short_met=2, volatility={'atr': 0.40214285714285886, 'atr_prev': 0.4314285714285729, 'atr_ma': 0.47142857142857214, 'close': 82.18, 'close_prev': 82.17, 'atr_vs_ma': -0.06928571428571328, 'atr_vs_prev': -0.029285714285714026, 'volume': 1176.755, 'volume_ma': 3525.494, 'min_atr_diff': 0.1}
[SOL-USDT] [ATR Momentum Burst] No signal fired | long_met=0, short_met=0, min_cond=2, atr=[0.40214285714285886, 0.4314285714285729], momentum=[0.012169891687970204, 0.36643459142542706]
[SOL-USDT] [Volatility Squeeze] No signal fired | long_met=1, short_met=0, min_cond=2, squeeze={'bb_width': 1.4562301726685973, 'kc_width': 1.2064285714285745, 'bb_width_prev': 1.466508922936896, 'kc_width_prev': 1.2942857142857065, 'squeeze_firing': False, 'squeeze_diff': 0.24980160124002282, 'min_squeeze_diff': 0.05}, volatility={'close': 82.18, 'close_prev': 82.17, 'volume': 1176.755, 'volume_prev': 4849.033, 'volume_ma': 3525.494}
[SOL-USDT] [Diagnostic] Skipping SuperGK decision inside analyze(); main.py will perform canonical SuperGK.
[SUMMARY] Reversal decision: NONE
[SUMMARY] Market regime detected: BULL
[SUMMARY] Market regime detected: BULL
[SOL-USDT] analyze() start @ 2026-02-25T07:35:54.771746
[SUMMARY] Reversal decision: NONE
[SOL-USDT] [TREND] Signal: LONG | long_met=13, short_met=1
[SOL-USDT] [MACD] Signal: SHORT | long_met=1, short_met=4
[SOL-USDT] [Momentum] Signal: SHORT | long_met=1, short_met=2
[SOL-USDT] [HH/LL Trend] Function called
[SOL-USDT] [HH/LL Trend] Values | high=82.41, high_prev=82.39, low=82.16, low_prev=81.5, close=82.18, close_prev=82.17
[SOL-USDT] [HH/LL Trend] Conditions | cond1_long=True, cond2_long=True, cond3_long=True, cond1_short=False, cond2_short=False, cond3_short=False
[SOL-USDT] [HH/LL Trend] Met Counts | long_met=3, short_met=0
[SOL-USDT] [HH/LL Trend] Signal: LONG | long_met=3, short_met=0, hh=82.41, ll=82.16
[SOL-USDT] [Chop Zone Check] Market too choppy (chop_zone=42.01 >= 40)
[SOL-USDT] [Volatility Model] No signal fired | long_met=2, short_met=2, volatility={'atr': 0.8600000000000004, 'atr_prev': 0.8892857142857155, 'atr_ma': 0.8332653061224496, 'close': 82.18, 'close_prev': 82.17, 'atr_vs_ma': 0.026734693877550786, 'atr_vs_prev': -0.029285714285715025, 'volume': 1176.755, 'volume_ma': 6999.709580391001, 'min_atr_diff': 0.1}
[SOL-USDT] [ATR Momentum Burst] No signal fired | long_met=0, short_met=0, min_cond=2, atr=[0.8600000000000004, 0.8892857142857155], momentum=[0.012169891687970204, 0.7232164746261381]
[SOL-USDT] [Volatility Squeeze] No signal fired | long_met=1, short_met=0, min_cond=2, squeeze={'bb_width': 5.486449911515791, 'kc_width': 2.5800000000000125, 'bb_width_prev': 5.8215194254632365, 'kc_width_prev': 2.6678571428571445, 'squeeze_firing': False, 'squeeze_diff': 2.9064499115157787, 'min_squeeze_diff': 0.05}, volatility={'close': 82.18, 'close_prev': 82.17, 'volume': 1176.755, 'volume_prev': 7936.966, 'volume_ma': 6999.709580391001}
[SOL-USDT] [Diagnostic] Skipping SuperGK decision inside analyze(); main.py will perform canonical SuperGK.
[SUMMARY] Reversal decision: NONE
[SUMMARY] Market regime detected: BULL
[SUMMARY] Market regime detected: BULL
[SOL-USDT] analyze() start @ 2026-02-25T07:35:54.798544
[SUMMARY] Reversal decision: NONE
[SOL-USDT] [TREND] Signal: LONG | long_met=13, short_met=1
[SOL-USDT] [MACD] Signal: LONG | long_met=3, short_met=0
[SOL-USDT] [Momentum] Signal: LONG | long_met=3, short_met=2
[SOL-USDT] [HH/LL Trend] Function called
[SOL-USDT] [HH/LL Trend] Values | high=82.41, high_prev=81.89, low=81.5, low_prev=81.17, close=82.18, close_prev=81.56
[SOL-USDT] [HH/LL Trend] Conditions | cond1_long=True, cond2_long=True, cond3_long=True, cond1_short=False, cond2_short=False, cond3_short=False
[SOL-USDT] [HH/LL Trend] Met Counts | long_met=3, short_met=0
[SOL-USDT] [HH/LL Trend] Signal: LONG | long_met=3, short_met=0, hh=82.41, ll=81.5
[SOL-USDT] [Chop Zone Check] Signal: LONG | long_met=3, short_met=1, chop_zone=32.3969260085748, ema9=81.15743524317207, ema21=79.96132607173206, adx=32.93169073953573
[SOL-USDT] [Volatility Model] Signal: LONG | long_met=4, short_met=1, volatility={'atr': 1.0257142857142867, 'atr_prev': 1.0107142857142872, 'atr_ma': 0.905255102040818, 'close': 82.18, 'close_prev': 81.56, 'atr_vs_ma': 0.12045918367346864, 'atr_vs_prev': 0.014999999999999458, 'volume': 9113.721, 'volume_ma': 19084.102314244, 'min_atr_diff': 0.1}
[SOL-USDT] [ATR Momentum Burst] No signal fired | long_met=0, short_met=0, min_cond=2, atr=[1.0257142857142867, 1.0107142857142872], momentum=[0.7354743809757398, 0.3198031980319866]
[SOL-USDT] [Volatility Squeeze] No signal fired | long_met=1, short_met=0, min_cond=2, squeeze={'bb_width': 8.142473179180683, 'kc_width': 3.07714285714286, 'bb_width_prev': 8.013278191128364, 'kc_width_prev': 3.0321428571428726, 'squeeze_firing': False, 'squeeze_diff': 5.065330322037823, 'min_squeeze_diff': 0.05}, volatility={'close': 82.18, 'close_prev': 81.56, 'volume': 9113.721, 'volume_prev': 12252.954, 'volume_ma': 19084.102314244}
[SOL-USDT] [Diagnostic] Skipping SuperGK decision inside analyze(); main.py will perform canonical SuperGK.
[SUMMARY] Reversal decision: NONE
[SUMMARY] Market regime detected: BULL
[SUMMARY] Market regime detected: BULL
[XRP-USDT] analyze() start @ 2026-02-25T07:35:55.581600
[SUMMARY] Reversal decision: NONE
[XRP-USDT] [TREND] Signal: LONG | long_met=8, short_met=2
[XRP-USDT] [MACD] Signal: LONG | long_met=2, short_met=1
[XRP-USDT] [Momentum] Signal: LONG | long_met=2, short_met=1
[XRP-USDT] [HH/LL Trend] Function called
[XRP-USDT] [HH/LL Trend] Values | high=1.36811, high_prev=1.36648, low=1.36574, low_prev=1.36264, close=1.3661, close_prev=1.36609
[XRP-USDT] [HH/LL Trend] Conditions | cond1_long=True, cond2_long=True, cond3_long=True, cond1_short=False, cond2_short=False, cond3_short=False
[XRP-USDT] [HH/LL Trend] Met Counts | long_met=3, short_met=0
[XRP-USDT] [HH/LL Trend] Signal: LONG | long_met=3, short_met=0, hh=1.36811, ll=1.36574
[XRP-USDT] [Chop Zone Check] Market too choppy (chop_zone=57.11 >= 40)
[XRP-USDT] [Volatility Model] No signal fired | long_met=2, short_met=2, volatility={'atr': 0.005514285714285678, 'atr_prev': 0.0060907142857142505, 'atr_ma': 0.007031734693877528, 'close': 1.3661, 'close_prev': 1.36609, 'atr_vs_ma': -0.0015174489795918497, 'atr_vs_prev': -0.0005764285714285724, 'volume': 134026.2189, 'volume_ma': 284154.18295, 'min_atr_diff': 0.1}
[XRP-USDT] [ATR Momentum Burst] No signal fired | long_met=0, short_met=0, min_cond=2, atr=[0.005514285714285678, 0.0060907142857142505], momentum=[0.026359336330497606, 0.2031804712026479]
[XRP-USDT] [Volatility Squeeze] No signal fired | long_met=1, short_met=0, min_cond=2, squeeze={'bb_width': 0.02301015711650578, 'kc_width': 0.01654285714285697, 'bb_width_prev': 0.027297865426477497, 'kc_width_prev': 0.018272142857142626, 'squeeze_firing': False, 'squeeze_diff': 0.00646729997364881, 'min_squeeze_diff': 0.05}, volatility={'close': 1.3661, 'close_prev': 1.36609, 'volume': 134026.2189, 'volume_prev': 322733.033, 'volume_ma': 284154.18295}
[XRP-USDT] [Diagnostic] Skipping SuperGK decision inside analyze(); main.py will perform canonical SuperGK.
[SUMMARY] Reversal decision: NONE
[SUMMARY] Market regime detected: BULL
[SUMMARY] Market regime detected: RANGE
[XRP-USDT] analyze() start @ 2026-02-25T07:35:55.615043
[SUMMARY] Reversal decision: NONE
[XRP-USDT] [TREND] Signal: LONG | long_met=11, short_met=1
[XRP-USDT] [MACD] Signal: SHORT | long_met=1, short_met=3
[XRP-USDT] [Momentum] Signal: LONG | long_met=2, short_met=1
[XRP-USDT] [HH/LL Trend] Function called
[XRP-USDT] [HH/LL Trend] Values | high=1.36811, high_prev=1.36648, low=1.36574, low_prev=1.35859, close=1.3661, close_prev=1.36609
[XRP-USDT] [HH/LL Trend] Conditions | cond1_long=True, cond2_long=True, cond3_long=True, cond1_short=False, cond2_short=False, cond3_short=False
[XRP-USDT] [HH/LL Trend] Met Counts | long_met=3, short_met=0
[XRP-USDT] [HH/LL Trend] Signal: LONG | long_met=3, short_met=0, hh=1.36811, ll=1.36574
[XRP-USDT] [Chop Zone Check] Market too choppy (chop_zone=44.80 >= 40)
[XRP-USDT] [Volatility Model] No signal fired | long_met=2, short_met=2, volatility={'atr': 0.012478571428571434, 'atr_prev': 0.013030000000000002, 'atr_ma': 0.012434336734693885, 'close': 1.3661, 'close_prev': 1.36609, 'atr_vs_ma': 4.42346938775498e-05, 'atr_vs_prev': -0.0005514285714285673, 'volume': 134026.2189, 'volume_ma': 662751.437995177, 'min_atr_diff': 0.1}
[XRP-USDT] [ATR Momentum Burst] No signal fired | long_met=0, short_met=0, min_cond=2, atr=[0.012478571428571434, 0.013030000000000002], momentum=[0.026359336330497606, 0.4094022873607206]
[XRP-USDT] [Volatility Squeeze] No signal fired | long_met=1, short_met=0, min_cond=2, squeeze={'bb_width': 0.055008771128359335, 'kc_width': 0.03743571428571446, 'bb_width_prev': 0.05616643669065979, 'kc_width_prev': 0.03908999999999985, 'squeeze_firing': False, 'squeeze_diff': 0.017573056842644874, 'min_squeeze_diff': 0.05}, volatility={'close': 1.3661, 'close_prev': 1.36609, 'volume': 134026.2189, 'volume_prev': 672346.1165, 'volume_ma': 662751.437995177}
[XRP-USDT] [Diagnostic] Skipping SuperGK decision inside analyze(); main.py will perform canonical SuperGK.
[SUMMARY] Reversal decision: NONE
[SUMMARY] Market regime detected: RANGE
[SUMMARY] Market regime detected: BEAR
[XRP-USDT] analyze() start @ 2026-02-25T07:35:55.641186
[SUMMARY] Reversal decision: NONE
[XRP-USDT] [TREND] Signal: LONG | long_met=9, short_met=1
[XRP-USDT] [MACD] Signal: LONG | long_met=3, short_met=0
[XRP-USDT] [Momentum] Signal: LONG | long_met=3, short_met=0
[XRP-USDT] [HH/LL Trend] Function called
[XRP-USDT] [HH/LL Trend] Values | high=1.36811, high_prev=1.36665, low=1.35859, low_prev=1.35713, close=1.3661, close_prev=1.3602
[XRP-USDT] [HH/LL Trend] Conditions | cond1_long=True, cond2_long=True, cond3_long=True, cond1_short=False, cond2_short=False, cond3_short=False
[XRP-USDT] [HH/LL Trend] Met Counts | long_met=3, short_met=0
[XRP-USDT] [HH/LL Trend] Signal: LONG | long_met=3, short_met=0, hh=1.36811, ll=1.35859
[XRP-USDT] [Chop Zone Check] Market too choppy (chop_zone=48.00 >= 40)
[XRP-USDT] [Volatility Model] Signal: LONG | long_met=3, short_met=1, volatility={'atr': 0.015327857142857131, 'atr_prev': 0.015175714285714277, 'atr_ma': 0.0148684693877551, 'close': 1.3661, 'close_prev': 1.3602, 'atr_vs_ma': 0.0004593877551020316, 'atr_vs_prev': 0.00015214285714285417, 'volume': 806372.3354, 'volume_ma': 1478190.999119546, 'min_atr_diff': 0.1}
[XRP-USDT] [ATR Momentum Burst] No signal fired | long_met=0, short_met=0, min_cond=2, atr=[0.015327857142857131, 0.015175714285714277], momentum=[0.41013730044395824, 0.11776829088768187]
[XRP-USDT] [Volatility Squeeze] No signal fired | long_met=1, short_met=0, min_cond=2, squeeze={'bb_width': 0.056620902816809426, 'kc_width': 0.045983571428571235, 'bb_width_prev': 0.05942556189315251, 'kc_width_prev': 0.04552714285714288, 'squeeze_firing': False, 'squeeze_diff': 0.010637331388238191, 'min_squeeze_diff': 0.05}, volatility={'close': 1.3661, 'close_prev': 1.3602, 'volume': 806372.3354, 'volume_prev': 1036567.435, 'volume_ma': 1478190.999119546}
[XRP-USDT] [Diagnostic] Skipping SuperGK decision inside analyze(); main.py will perform canonical SuperGK.
[SUMMARY] Reversal decision: NONE
[SUMMARY] Market regime detected: BEAR
[SUMMARY] Market regime detected: BULL
[ADA-USDT] analyze() start @ 2026-02-25T07:35:56.377467
[SUMMARY] Reversal decision: NONE
[ADA-USDT] [TREND] Signal: LONG | long_met=12, short_met=0
[ADA-USDT] [MACD] Signal: LONG | long_met=2, short_met=1
[ADA-USDT] [Momentum] Signal: LONG | long_met=3, short_met=1
[ADA-USDT] [HH/LL Trend] Function called
[ADA-USDT] [HH/LL Trend] Values | high=0.2664, high_prev=0.2658, low=0.2654, low_prev=0.2651, close=0.2659, close_prev=0.2655
[ADA-USDT] [HH/LL Trend] Conditions | cond1_long=True, cond2_long=True, cond3_long=True, cond1_short=False, cond2_short=False, cond3_short=False
[ADA-USDT] [HH/LL Trend] Met Counts | long_met=3, short_met=0
[ADA-USDT] [HH/LL Trend] Signal: LONG | long_met=3, short_met=0, hh=0.2664, ll=0.2654
[ADA-USDT] [Chop Zone Check] Market too choppy (chop_zone=54.93 >= 40)
[ADA-USDT] [Volatility Model] No signal fired | long_met=2, short_met=2, volatility={'atr': 0.0011285714285714152, 'atr_prev': 0.0011999999999999869, 'atr_ma': 0.001430612244897952, 'close': 0.2659, 'close_prev': 0.2655, 'atr_vs_ma': -0.0003020408163265367, 'atr_vs_prev': -7.142857142857168e-05, 'volume': 37957.88, 'volume_ma': 85760.99799999999, 'min_atr_diff': 0.1}
[ADA-USDT] [ATR Momentum Burst] No signal fired | long_met=0, short_met=0, min_cond=2, atr=[0.0011285714285714152, 0.0011999999999999869], momentum=[0.11295180722892412, 0.03767897513187226]
[ADA-USDT] [Volatility Squeeze] No signal fired | long_met=1, short_met=0, min_cond=2, squeeze={'bb_width': 0.005613367504165634, 'kc_width': 0.003385714285714214, 'bb_width_prev': 0.0067124707193308986, 'kc_width_prev': 0.0035999999999999366, 'squeeze_firing': False, 'squeeze_diff': 0.0022276532184514197, 'min_squeeze_diff': 0.05}, volatility={'close': 0.2659, 'close_prev': 0.2655, 'volume': 37957.88, 'volume_prev': 41850.07, 'volume_ma': 85760.99799999999}
[ADA-USDT] [Diagnostic] Skipping SuperGK decision inside analyze(); main.py will perform canonical SuperGK.
[SUMMARY] Reversal decision: NONE
[SUMMARY] Market regime detected: BULL
[SUMMARY] Market regime detected: BULL
[ADA-USDT] analyze() start @ 2026-02-25T07:35:56.405849
[SUMMARY] Reversal decision: NONE
[ADA-USDT] [TREND] Signal: LONG | long_met=13, short_met=1
[ADA-USDT] [MACD] Signal: SHORT | long_met=1, short_met=3
[ADA-USDT] [Momentum] Signal: LONG | long_met=2, short_met=1
[ADA-USDT] [HH/LL Trend] Function called
[ADA-USDT] [HH/LL Trend] Values | high=0.2664, high_prev=0.2658, low=0.2654, low_prev=0.2644, close=0.2659, close_prev=0.2655
[ADA-USDT] [HH/LL Trend] Conditions | cond1_long=True, cond2_long=True, cond3_long=True, cond1_short=False, cond2_short=False, cond3_short=False
[ADA-USDT] [HH/LL Trend] Met Counts | long_met=3, short_met=0
[ADA-USDT] [HH/LL Trend] Signal: LONG | long_met=3, short_met=0, hh=0.2664, ll=0.2654
[ADA-USDT] [Chop Zone Check] Signal: LONG | long_met=2, short_met=0, chop_zone=38.077057293467305, ema9=0.2651921286172799, ema21=0.2641491662422676, adx=20.109599879332716
[ADA-USDT] [Volatility Model] No signal fired | long_met=2, short_met=2, volatility={'atr': 0.0026071428571428517, 'atr_prev': 0.0026428571428571373, 'atr_ma': 0.002419387755102033, 'close': 0.2659, 'close_prev': 0.2655, 'atr_vs_ma': 0.0001877551020408189, 'atr_vs_prev': -3.571428571428562e-05, 'volume': 37957.88, 'volume_ma': 167456.51499999998, 'min_atr_diff': 0.1}
[ADA-USDT] [ATR Momentum Burst] No signal fired | long_met=0, short_met=0, min_cond=2, atr=[0.0026071428571428517, 0.0026428571428571373], momentum=[0.11295180722892412, 0.4160363086232942]
[ADA-USDT] [Volatility Squeeze] No signal fired | long_met=1, short_met=0, min_cond=2, squeeze={'bb_width': 0.015077553899058738, 'kc_width': 0.007821428571428535, 'bb_width_prev': 0.015570809396535101, 'kc_width_prev': 0.007928571428571396, 'squeeze_firing': False, 'squeeze_diff': 0.007256125327630203, 'min_squeeze_diff': 0.05}, volatility={'close': 0.2659, 'close_prev': 0.2655, 'volume': 37957.88, 'volume_prev': 66152.61, 'volume_ma': 167456.51499999998}
[ADA-USDT] [Diagnostic] Skipping SuperGK decision inside analyze(); main.py will perform canonical SuperGK.
[SUMMARY] Reversal decision: NONE
[SUMMARY] Market regime detected: BULL
[SUMMARY] Market regime detected: BEAR
[ADA-USDT] analyze() start @ 2026-02-25T07:35:56.433916
[SUMMARY] Reversal decision: NONE
[ADA-USDT] [TREND] Signal: LONG | long_met=10, short_met=2
[ADA-USDT] [MACD] Signal: LONG | long_met=3, short_met=0
[ADA-USDT] [Momentum] Signal: LONG | long_met=3, short_met=0
[ADA-USDT] [HH/LL Trend] Function called
[ADA-USDT] [HH/LL Trend] Values | high=0.2664, high_prev=0.2654, low=0.2644, low_prev=0.2639, close=0.2659, close_prev=0.2644
[ADA-USDT] [HH/LL Trend] Conditions | cond1_long=True, cond2_long=True, cond3_long=True, cond1_short=False, cond2_short=False, cond3_short=False
[ADA-USDT] [HH/LL Trend] Met Counts | long_met=3, short_met=0
[ADA-USDT] [HH/LL Trend] Signal: LONG | long_met=3, short_met=0, hh=0.2664, ll=0.2644
[ADA-USDT] [Chop Zone Check] Signal: LONG | long_met=2, short_met=0, chop_zone=38.610563752105605, ema9=0.2643442392308063, ema21=0.26279275819160997, adx=24.75242314018363
[ADA-USDT] [Volatility Model] Signal: LONG | long_met=3, short_met=1, volatility={'atr': 0.0030499999999999933, 'atr_prev': 0.0030357142857142766, 'atr_ma': 0.002750510204081628, 'close': 0.2659, 'close_prev': 0.2644, 'atr_vs_ma': 0.0002994897959183651, 'atr_vs_prev': 1.4285714285716677e-05, 'volume': 104110.49, 'volume_ma': 544215.232, 'min_atr_diff': 0.1}
[ADA-USDT] [ATR Momentum Burst] No signal fired | long_met=0, short_met=0, min_cond=2, atr=[0.0030499999999999933, 0.0030357142857142766], momentum=[0.5673222390317705, 0.15151515151515585]
[ADA-USDT] [Volatility Squeeze] No signal fired | long_met=1, short_met=0, min_cond=2, squeeze={'bb_width': 0.014673714415133432, 'kc_width': 0.009149999999999991, 'bb_width_prev': 0.014618733475274315, 'kc_width_prev': 0.00910714285714287, 'squeeze_firing': False, 'squeeze_diff': 0.0055237144151334405, 'min_squeeze_diff': 0.05}, volatility={'close': 0.2659, 'close_prev': 0.2644, 'volume': 104110.49, 'volume_prev': 431435.4, 'volume_ma': 544215.232}
[ADA-USDT] [Diagnostic] Skipping SuperGK decision inside analyze(); main.py will perform canonical SuperGK.
[SUMMARY] Reversal decision: NONE
[SUMMARY] Market regime detected: BEAR
[SUMMARY] Market regime detected: BULL
[AVAX-USDT] analyze() start @ 2026-02-25T07:35:57.152920
[SUMMARY] Reversal decision: NONE
[AVAX-USDT] [TREND] Signal: LONG | long_met=12, short_met=0
[AVAX-USDT] [MACD] Signal: LONG | long_met=2, short_met=1
[AVAX-USDT] [Momentum] Signal: LONG | long_met=3, short_met=2
[AVAX-USDT] [HH/LL Trend] Function called
[AVAX-USDT] [HH/LL Trend] Values | high=8.581, high_prev=8.567, low=8.553, low_prev=8.541, close=8.565, close_prev=8.555
[AVAX-USDT] [HH/LL Trend] Conditions | cond1_long=True, cond2_long=True, cond3_long=True, cond1_short=False, cond2_short=False, cond3_short=False
[AVAX-USDT] [HH/LL Trend] Met Counts | long_met=3, short_met=0
[AVAX-USDT] [HH/LL Trend] Signal: LONG | long_met=3, short_met=0, hh=8.581, ll=8.553
[AVAX-USDT] [Chop Zone Check] Market too choppy (chop_zone=54.67 >= 40)
[AVAX-USDT] [Volatility Model] No signal fired | long_met=2, short_met=2, volatility={'atr': 0.04257142857142858, 'atr_prev': 0.04600000000000014, 'atr_ma': 0.05018877551020389, 'close': 8.565, 'close_prev': 8.555, 'atr_vs_ma': -0.0076173469387753115, 'atr_vs_prev': -0.0034285714285715585, 'volume': 4259.0889, 'volume_ma': 13178.777360000002, 'min_atr_diff': 0.1}
[AVAX-USDT] [ATR Momentum Burst] No signal fired | long_met=0, short_met=0, min_cond=2, atr=[0.04257142857142858, 0.04600000000000014], momentum=[0.1285948094458643, 0.023383608090715435]
[AVAX-USDT] [Volatility Squeeze] No signal fired | long_met=1, short_met=0, min_cond=2, squeeze={'bb_width': 0.16674771362754015, 'kc_width': 0.127714285714287, 'bb_width_prev': 0.1988297340890135, 'kc_width_prev': 0.13800000000000168, 'squeeze_firing': False, 'squeeze_diff': 0.03903342791325315, 'min_squeeze_diff': 0.05}, volatility={'close': 8.565, 'close_prev': 8.555, 'volume': 4259.0889, 'volume_prev': 10145.2543, 'volume_ma': 13178.777360000002}
[AVAX-USDT] [Diagnostic] Skipping SuperGK decision inside analyze(); main.py will perform canonical SuperGK.
[SUMMARY] Reversal decision: NONE
[SUMMARY] Market regime detected: BULL
[SUMMARY] Market regime detected: BULL
[AVAX-USDT] analyze() start @ 2026-02-25T07:35:57.182350
[SUMMARY] Reversal decision: NONE
[AVAX-USDT] [TREND] Signal: LONG | long_met=12, short_met=0
[AVAX-USDT] [MACD] Signal: LONG | long_met=2, short_met=1
[AVAX-USDT] [Momentum] Signal: LONG | long_met=2, short_met=1
[AVAX-USDT] [HH/LL Trend] Function called
[AVAX-USDT] [HH/LL Trend] Values | high=8.581, high_prev=8.569, low=8.553, low_prev=8.503, close=8.565, close_prev=8.555
[AVAX-USDT] [HH/LL Trend] Conditions | cond1_long=True, cond2_long=True, cond3_long=True, cond1_short=False, cond2_short=False, cond3_short=False
[AVAX-USDT] [HH/LL Trend] Met Counts | long_met=3, short_met=0
[AVAX-USDT] [HH/LL Trend] Signal: LONG | long_met=3, short_met=0, hh=8.581, ll=8.553
[AVAX-USDT] [Chop Zone Check] Market too choppy (chop_zone=40.40 >= 40)
[AVAX-USDT] [Volatility Model] No signal fired | long_met=2, short_met=2, volatility={'atr': 0.0873571428571424, 'atr_prev': 0.0885714285714282, 'atr_ma': 0.08048979591836707, 'close': 8.565, 'close_prev': 8.555, 'atr_vs_ma': 0.006867346938775332, 'atr_vs_prev': -0.0012142857142858066, 'volume': 4259.0889, 'volume_ma': 26967.074080000002, 'min_atr_diff': 0.1}
[AVAX-USDT] [ATR Momentum Burst] No signal fired | long_met=0, short_met=0, min_cond=2, atr=[0.0873571428571424, 0.0885714285714282], momentum=[0.1285948094458643, 0.5997177798682991]
[AVAX-USDT] [Volatility Squeeze] No signal fired | long_met=1, short_met=0, min_cond=2, squeeze={'bb_width': 0.5115335045877281, 'kc_width': 0.26207142857142784, 'bb_width_prev': 0.5270348435500267, 'kc_width_prev': 0.2657142857142851, 'squeeze_firing': False, 'squeeze_diff': 0.24946207601630022, 'min_squeeze_diff': 0.05}, volatility={'close': 8.565, 'close_prev': 8.555, 'volume': 4259.0889, 'volume_prev': 32141.227, 'volume_ma': 26967.074080000002}
[AVAX-USDT] [Diagnostic] Skipping SuperGK decision inside analyze(); main.py will perform canonical SuperGK.
[SUMMARY] Reversal decision: NONE
[SUMMARY] Market regime detected: BULL
[SUMMARY] Market regime detected: BEAR
[AVAX-USDT] analyze() start @ 2026-02-25T07:35:57.211658
[SUMMARY] Reversal decision: NONE
[AVAX-USDT] [TREND] Signal: LONG | long_met=10, short_met=2
[AVAX-USDT] [MACD] Signal: LONG | long_met=4, short_met=0
[AVAX-USDT] [Momentum] Signal: LONG | long_met=3, short_met=1
[AVAX-USDT] [HH/LL Trend] Function called
[AVAX-USDT] [HH/LL Trend] Values | high=8.581, high_prev=8.54, low=8.503, low_prev=8.474, close=8.565, close_prev=8.502
[AVAX-USDT] [HH/LL Trend] Conditions | cond1_long=True, cond2_long=True, cond3_long=True, cond1_short=False, cond2_short=False, cond3_short=False
[AVAX-USDT] [HH/LL Trend] Met Counts | long_met=3, short_met=0
[AVAX-USDT] [HH/LL Trend] Signal: LONG | long_met=3, short_met=0, hh=8.581, ll=8.503
[AVAX-USDT] [Chop Zone Check] Market too choppy (chop_zone=40.16 >= 40)
[AVAX-USDT] [Volatility Model] Signal: LONG | long_met=3, short_met=1, volatility={'atr': 0.10599999999999987, 'atr_prev': 0.10399999999999997, 'atr_ma': 0.09318367346938765, 'close': 8.565, 'close_prev': 8.502, 'atr_vs_ma': 0.012816326530612224, 'atr_vs_prev': 0.0019999999999999046, 'volume': 36400.3159, 'volume_ma': 63790.179489999995, 'min_atr_diff': 0.1}
[AVAX-USDT] [ATR Momentum Burst] No signal fired | long_met=0, short_met=0, min_cond=2, atr=[0.10599999999999987, 0.10399999999999997], momentum=[0.7173095014111001, 0.330422468727879]
[AVAX-USDT] [Volatility Squeeze] No signal fired | long_met=1, short_met=0, min_cond=2, squeeze={'bb_width': 0.45957160830274546, 'kc_width': 0.31799999999999784, 'bb_width_prev': 0.4414361252000738, 'kc_width_prev': 0.31200000000000117, 'squeeze_firing': False, 'squeeze_diff': 0.14157160830274762, 'min_squeeze_diff': 0.05}, volatility={'close': 8.565, 'close_prev': 8.502, 'volume': 36400.3159, 'volume_prev': 47617.5602, 'volume_ma': 63790.179489999995}
[AVAX-USDT] [Diagnostic] Skipping SuperGK decision inside analyze(); main.py will perform canonical SuperGK.
