[2026-03-27 21:07:48 GMT+7] [SYNC] Starting tier pattern synchronization...
[2026-03-27 21:07:48 GMT+7] [SYNC] Tier patterns diverged - syncing:
[2026-03-27 21:07:48 GMT+7] [SYNC]   Tier-1: 0 → 0 combos
[2026-03-27 21:07:48 GMT+7] [SYNC]   Tier-2: 2 → 3 combos
[2026-03-27 21:07:48 GMT+7] [SYNC]   Tier-3: 8 → 4 combos
[2026-03-27 21:07:48 GMT+7] [SYNC] ✅ SIGNAL_TIERS.json updated with proven patterns
[2026-03-27 21:07:48 GMT+7] [SYNC] New tier composition:
[2026-03-27 21:07:48 GMT+7] [SYNC]   Tier-1: 0 combos
[2026-03-27 21:07:48 GMT+7] [SYNC]   Tier-2: 3 combos
[2026-03-27 21:07:48 GMT+7] [SYNC]   Tier-3: 4 combos
[2026-03-27 21:09:03 GMT+7] [SYNC] Starting tier pattern synchronization...
[2026-03-27 21:09:03 GMT+7] [SYNC] No tier pattern changes - already in sync ✓
[2026-03-27 21:14:05 GMT+7] [SYNC] Starting tier pattern synchronization...
[2026-03-27 21:14:05 GMT+7] [SYNC] No tier pattern changes - already in sync ✓
[2026-03-27 21:19:07 GMT+7] [SYNC] Starting tier pattern synchronization...
[2026-03-27 23:03:21 GMT+7] [SYNC] Starting tier pattern synchronization...
[2026-03-27 23:03:21 GMT+7] [SYNC] ✓ Extraction validated: 0 tier1, 3 tier2, 4 tier3
[2026-03-27 23:03:21 GMT+7] [SYNC] Tier patterns diverged - syncing:
[2026-03-27 23:03:21 GMT+7] [SYNC]   Tier-1: 0 → 0 combos
[2026-03-27 23:03:21 GMT+7] [SYNC]   Tier-2: 2 → 3 combos
[2026-03-27 23:03:21 GMT+7] [SYNC]   Tier-3: 8 → 4 combos
[2026-03-27 23:03:21 GMT+7] [SYNC] ✓ Audit passed: Written data verified
[2026-03-27 23:03:21 GMT+7] [SYNC] ✅ SIGNAL_TIERS.json updated with proven patterns (validated)
[2026-03-27 23:03:21 GMT+7] [SYNC] New tier composition (VERIFIED):
[2026-03-27 23:03:21 GMT+7] [SYNC]   Tier-1: 0 combos
[2026-03-27 23:03:21 GMT+7] [SYNC]   Tier-2: 3 combos
[2026-03-27 23:03:21 GMT+7] [SYNC]   Tier-3: 4 combos
