[2026-03-09 01:06:15] 🔄 Watchdog started - monitoring critical processes every 60s
[2026-03-09 01:06:15] ⚠️  DAEMON NOT RUNNING - Restarting...
[2026-03-09 01:06:18] ❌ Failed to restart daemon!
[2026-03-09 01:06:18] ⚠️  EXECUTOR NOT RUNNING - Restarting...
[2026-03-09 01:06:21] ❌ Failed to restart executor!
/Users/geniustarigan/.openclaw/workspace/monitor_critical_processes.sh: line 53:  5999 Terminated: 15          nohup python3 main.py > "$MAIN_LOG" 2>&1
[2026-03-09 01:07:21] ⚠️  DAEMON NOT RUNNING - Restarting...
[2026-03-09 01:07:24] ❌ Failed to restart daemon!
[2026-03-09 01:07:24] ⚠️  EXECUTOR NOT RUNNING - Restarting...
[2026-03-09 01:07:27] ❌ Failed to restart executor!
[2026-03-09 01:08:27] ⚠️  DAEMON NOT RUNNING - Restarting...
[2026-03-09 01:08:30] ❌ Failed to restart daemon!
[2026-03-09 01:08:30] ⚠️  EXECUTOR NOT RUNNING - Restarting...
[2026-03-09 01:08:33] ❌ Failed to restart executor!
[2026-03-09 01:09:33] ⚠️  DAEMON NOT RUNNING - Restarting...
[2026-03-09 01:09:37] ❌ Failed to restart daemon!
[2026-03-09 01:09:37] ⚠️  EXECUTOR NOT RUNNING - Restarting...
[2026-03-09 01:09:40] ❌ Failed to restart executor!
[2026-03-09 01:10:40] ⚠️  DAEMON NOT RUNNING - Restarting...
[2026-03-09 01:10:43] ❌ Failed to restart daemon!
[2026-03-09 01:10:43] ⚠️  EXECUTOR NOT RUNNING - Restarting...
[2026-03-09 01:10:46] ❌ Failed to restart executor!
[2026-03-09 01:11:46] ⚠️  DAEMON NOT RUNNING - Restarting...
[2026-03-09 01:11:49] ❌ Failed to restart daemon!
[2026-03-09 01:11:49] ⚠️  EXECUTOR NOT RUNNING - Restarting...
[2026-03-09 01:11:52] ❌ Failed to restart executor!
[2026-03-09 01:12:52] ⚠️  DAEMON NOT RUNNING - Restarting...
[2026-03-09 01:12:55] ❌ Failed to restart daemon!
[2026-03-09 01:12:55] ⚠️  EXECUTOR NOT RUNNING - Restarting...
[2026-03-09 01:12:58] ❌ Failed to restart executor!
[2026-03-09 01:13:58] ⚠️  DAEMON NOT RUNNING - Restarting...
[2026-03-09 01:14:01] ❌ Failed to restart daemon!
[2026-03-09 01:14:02] ⚠️  EXECUTOR NOT RUNNING - Restarting...
[2026-03-09 01:14:05] ❌ Failed to restart executor!
/Users/geniustarigan/.openclaw/workspace/monitor_critical_processes.sh: line 53:  6145 Terminated: 15          nohup python3 main.py > "$MAIN_LOG" 2>&1
/Users/geniustarigan/.openclaw/workspace/monitor_critical_processes.sh: line 53:  6282 Terminated: 15          nohup python3 main.py > "$MAIN_LOG" 2>&1
/Users/geniustarigan/.openclaw/workspace/monitor_critical_processes.sh: line 53:  6415 Terminated: 15          nohup python3 main.py > "$MAIN_LOG" 2>&1
/Users/geniustarigan/.openclaw/workspace/monitor_critical_processes.sh: line 53:  6545 Terminated: 15          nohup python3 main.py > "$MAIN_LOG" 2>&1
/Users/geniustarigan/.openclaw/workspace/monitor_critical_processes.sh: line 53:  6673 Terminated: 15          nohup python3 main.py > "$MAIN_LOG" 2>&1
/Users/geniustarigan/.openclaw/workspace/monitor_critical_processes.sh: line 53:  6804 Terminated: 15          nohup python3 main.py > "$MAIN_LOG" 2>&1
/Users/geniustarigan/.openclaw/workspace/monitor_critical_processes.sh: line 53:  6960 Terminated: 15          nohup python3 main.py > "$MAIN_LOG" 2>&1
[2026-03-09 01:15:05] ⚠️  DAEMON NOT RUNNING - Restarting...
[2026-03-09 01:15:08] ❌ Failed to restart daemon!
[2026-03-09 01:15:08] ⚠️  EXECUTOR NOT RUNNING - Restarting...
[2026-03-09 01:15:11] ❌ Failed to restart executor!
[2026-03-09 01:16:11] ⚠️  DAEMON NOT RUNNING - Restarting...
[2026-03-09 01:16:14] ❌ Failed to restart daemon!
[2026-03-09 01:16:14] ⚠️  EXECUTOR NOT RUNNING - Restarting...
[2026-03-09 01:16:17] ❌ Failed to restart executor!
[2026-03-09 01:17:17] ⚠️  DAEMON NOT RUNNING - Restarting...
[2026-03-09 01:17:21] ❌ Failed to restart daemon!
[2026-03-09 01:17:21] ⚠️  EXECUTOR NOT RUNNING - Restarting...
[2026-03-09 01:17:24] ❌ Failed to restart executor!
[2026-03-09 01:18:24] ⚠️  DAEMON NOT RUNNING - Restarting...
[2026-03-09 01:18:27] ❌ Failed to restart daemon!
[2026-03-09 01:18:27] ⚠️  EXECUTOR NOT RUNNING - Restarting...
[2026-03-09 01:18:30] ❌ Failed to restart executor!
[2026-03-09 01:19:30] ⚠️  DAEMON NOT RUNNING - Restarting...
[2026-03-09 01:19:33] ❌ Failed to restart daemon!
[2026-03-09 01:19:33] ⚠️  EXECUTOR NOT RUNNING - Restarting...
[2026-03-09 01:19:36] ❌ Failed to restart executor!
[2026-03-09 01:20:36] ⚠️  DAEMON NOT RUNNING - Restarting...
[2026-03-09 01:20:39] ❌ Failed to restart daemon!
[2026-03-09 01:20:39] ⚠️  EXECUTOR NOT RUNNING - Restarting...
[2026-03-09 01:20:42] ❌ Failed to restart executor!
[2026-03-09 01:21:42] ⚠️  DAEMON NOT RUNNING - Restarting...
[2026-03-09 01:21:45] ❌ Failed to restart daemon!
[2026-03-09 01:21:45] ⚠️  EXECUTOR NOT RUNNING - Restarting...
[2026-03-09 01:21:49] ❌ Failed to restart executor!
[2026-03-09 01:22:49] ⚠️  DAEMON NOT RUNNING - Restarting...
[2026-03-09 01:22:52] ❌ Failed to restart daemon!
[2026-03-09 01:22:52] ⚠️  EXECUTOR NOT RUNNING - Restarting...
[2026-03-09 01:22:55] ❌ Failed to restart executor!
[2026-03-09 01:23:55] ⚠️  DAEMON NOT RUNNING - Restarting...
[2026-03-09 01:23:58] ❌ Failed to restart daemon!
[2026-03-09 01:23:58] ⚠️  EXECUTOR NOT RUNNING - Restarting...
[2026-03-09 01:24:01] ❌ Failed to restart executor!
[2026-03-09 01:25:01] ⚠️  DAEMON NOT RUNNING - Restarting...
[2026-03-09 01:25:04] ❌ Failed to restart daemon!
[2026-03-09 01:25:04] ⚠️  EXECUTOR NOT RUNNING - Restarting...
[2026-03-09 01:25:07] ❌ Failed to restart executor!
